================================================================================
SIMULATION LOG - 2025-11-16 17:58:14
Log file: /home/kishi/ResQoUnity/logs/simulation/drone_sim_20251116_175814.log
================================================================================

[INFO] Creating environment: Isaac-Velocity-Rough-Unitree-Go2-v0
[INFO] Robot: go2, Amount: 1, Terrain: flat
[INFO]: Base environment:
	Environment device    : cuda:0
	Physics step-size     : 0.005
	Rendering step-size   : 0.005
	Environment step-size : 0.02
	Physics GPU pipeline  : True
	Physics GPU simulation: True
[INFO]: Time taken for scene creation : 1.962756 seconds
[INFO]: Scene manager:  <class InteractiveScene>
	Number of environments: 1
	Environment spacing   : 2.5
	Source prim name      : /World/envs/env_0
	Global prim paths     : ['/World/ground']
	Replicate physics     : True
[INFO]: Starting the simulation. This may take a few seconds. Please wait...
[INFO]: Time taken for simulation start : 1.941901 seconds
[INFO] Command Manager:  <CommandManager> contains 1 active terms.
+------------------------------------------------+
|              Active Command Terms              |
+-------+---------------+------------------------+
| Index | Name          |          Type          |
+-------+---------------+------------------------+
|   0   | base_velocity | UniformVelocityCommand |
+-------+---------------+------------------------+

[INFO] Action Manager:  <ActionManager> contains 1 active terms.
+------------------------------------+
|  Active Action Terms (shape: 12)   |
+--------+-------------+-------------+
| Index  | Name        |   Dimension |
+--------+-------------+-------------+
|   0    | joint_pos   |          12 |
+--------+-------------+-------------+

Module omni.isaac.orbit.utils.warp.kernels load on device 'cuda:0' took 1.30 ms
[INFO] Observation Manager: <ObservationManager> contains 1 groups.
+----------------------------------------------------------+
| Active Observation Terms in Group: 'policy' (shape: (235,)) |
+-----------+--------------------------------+-------------+
|   Index   | Name                           |    Shape    |
+-----------+--------------------------------+-------------+
|     0     | base_lin_vel                   |     (3,)    |
|     1     | base_ang_vel                   |     (3,)    |
|     2     | projected_gravity              |     (3,)    |
|     3     | velocity_commands              |     (3,)    |
|     4     | joint_pos                      |    (12,)    |
|     5     | joint_vel                      |    (12,)    |
|     6     | actions                        |    (12,)    |
|     7     | height_scan                    |    (187,)   |
+-----------+--------------------------------+-------------+

[INFO] Event Manager:  <EventManager> contains 1 active terms.
+--------------------------------------+
| Active Event Terms in Mode: 'startup' |
+----------+---------------------------+
|  Index   | Name                      |
+----------+---------------------------+
|    0     | physics_material          |
+----------+---------------------------+

[INFO] Termination Manager:  <TerminationManager> contains 2 active terms.
+---------------------------------+
|     Active Termination Terms    |
+-------+--------------+----------+
| Index | Name         | Time Out |
+-------+--------------+----------+
|   0   | time_out     |   True   |
|   1   | base_contact |  False   |
+-------+--------------+----------+

[INFO] Reward Manager:  <RewardManager> contains 10 active terms.
+-----------------------------------------+
|           Active Reward Terms           |
+-------+----------------------+----------+
| Index | Name                 |   Weight |
+-------+----------------------+----------+
|   0   | track_lin_vel_xy_exp |      1.5 |
|   1   | track_ang_vel_z_exp  |     0.75 |
|   2   | lin_vel_z_l2         |     -2.0 |
|   3   | ang_vel_xy_l2        |    -0.05 |
|   4   | dof_torques_l2       |  -0.0002 |
|   5   | dof_acc_l2           | -2.5e-07 |
|   6   | action_rate_l2       |    -0.01 |
|   7   | feet_air_time        |     0.01 |
|   8   | flat_orientation_l2  |      0.0 |
|   9   | dof_pos_limits       |      0.0 |
+-------+----------------------+----------+

[INFO] Curriculum Manager:  <CurriculumManager> contains 0 active terms.
+----------------------+
| Active Curriculum Terms |
+-----------+----------+
|   Index   | Name     |
+-----------+----------+
+-----------+----------+

Creating window for environment.
[INFO]: Completed setting up the environment...
[INFO] Environment created successfully!
[INFO] Environment wrapped for RSL-RL
[INFO] Loading experiment from directory: /home/kishi/ResQoUnity/logs/rsl_rl/unitree_go2_rough
[INFO]: Loading model checkpoint from: /home/kishi/ResQoUnity/logs/rsl_rl/unitree_go2_rough/2024-04-06_02-37-07/model_7850.pt
--------------------------------------------------------------------------------
Resolved observation sets: 
	 policy :  ['policy']
	 critic :  ['policy']
--------------------------------------------------------------------------------
Actor MLP: MLP(
  (0): Linear(in_features=235, out_features=512, bias=True)
  (1): ELU(alpha=1.0)
  (2): Linear(in_features=512, out_features=256, bias=True)
  (3): ELU(alpha=1.0)
  (4): Linear(in_features=256, out_features=128, bias=True)
  (5): ELU(alpha=1.0)
  (6): Linear(in_features=128, out_features=12, bias=True)
)
Critic MLP: MLP(
  (0): Linear(in_features=235, out_features=512, bias=True)
  (1): ELU(alpha=1.0)
  (2): Linear(in_features=512, out_features=256, bias=True)
  (3): ELU(alpha=1.0)
  (4): Linear(in_features=256, out_features=128, bias=True)
  (5): ELU(alpha=1.0)
  (6): Linear(in_features=128, out_features=1, bias=True)
)
[INFO]: Checkpoint loaded successfully
[INFO] Resetting environment and getting initial observations...
[INFO] Environment reset complete, starting simulation loop...
[INFO] Spawning world-level drone at /World/Drone...
[INFO] Drone USD loaded at /World/Drone
[INFO] Drone spawned at position (0.0, 0.0, 2.5)
[INFO] ArticulationView will be initialized after first physics step
[Drone drone] Mode: DISARMED → LOITER

================================================================================
DRONE DEBUG LOGGER INITIALIZED FOR world_drone
================================================================================

[INFO] Drone controller initialized in ARMED mode (auto-armed)
[INFO] Mode set to LOITER - will hold spawn position
[INFO] Debug logger enabled - verbose output active
[INFO] Drone bottom camera initialized
[INFO] Drone ROS2 publishers initialized on /drone namespace
[INFO] Adding /drone namespace ROS2 interface
[INFO] Drone topics created: cmd_vel, cmd_position, cmd_altitude
[INFO] Drone services created:
  - /drone/arm: True
  - /drone/takeoff: True
  - /drone/land: True
  - /drone/emergency_stop: True
[INFO] Drone control interface ready on /drone namespace
Error loading custom environment. You should download custom envs folder from: https://drive.google.com/drive/folders/1vVGuO1KIX1K6mD6mBHDZGm9nk2vaRyj3?usp=sharing
[INFO] Setting up viewport camera...
[INFO] Camera positioned to view robot
[INFO] Robot(s) should now be visible in the viewport!
[INFO] Use these controls to navigate:
  - Press 'F' to focus on robot
  - Mouse wheel: Zoom in/out
  - Middle mouse: Pan camera
  - Alt+Left mouse: Orbit view
  - WASD keys: Move robot (forward/back/left/right)
  - Q/E keys: Rotate left/right
[INFO] Initializing ArticulationView after physics step...
[INFO] Drone mass set to: 0.5 kg (Crazyflie scaled estimate)
[INFO] Using Hybrid Physics-Velocity Control (GPU PhysX compatible)
[INFO] Forces → Acceleration → Velocity integration (F=ma)
[INFO] LOITER target set to spawn position: (-0.00, -0.00, 2.50)
[SAFETY] World drone initialized:
  Current pos: (-0.000, -0.000, 2.498)
  Target pos:  (-0.000, -0.000, 2.498)
  Mode: LOITER, Armed: True
[INIT] Drone spawned at position: (-0.000, -0.000, 2.498)
[INIT] Initial velocity: (0.000, 0.000, -0.196)
[INIT] Initial mode: LOITER
[INIT] Ready for control


********************************************************************************
[ARM EVENT] Drone ARMED
********************************************************************************

[INFO] ArticulationView ready - found 1 drone(s)
[DEBUG] ArticulationView prim paths: ['/World/Drone']
[DEBUG] Controller initialized at position: (-0.00, -0.00, 2.50)
[DEBUG] Drone has 4 DOFs: ['m1_joint', 'm2_joint', 'm3_joint', 'm4_joint']
[DEBUG] Prim at /World/Drone exists: True
[DEBUG] Found root body (fallback) at: /World/Drone/body
[DEBUG] Found articulation root at: /World/Drone
[DBG RENDER] Viewport sync triggered at pos (-0.000, -0.000, 2.498)

────────────────────────────────────────────────────────────────────────────────
[FRAME 1] Δt = 1.00s
────────────────────────────────────────────────────────────────────────────────
  State      : Armed=True, Mode=LOITER
  Position   : ( -0.000,  -0.000,   2.498)
  Velocity   : (  0.000,   0.000,  -0.196)
  Target Pos : ( -0.000,  -0.000,   2.498)
  Error      : (  0.000,   0.000,   0.000) = 0.000m
  PID Output : (  0.000,   0.000,   0.000) m/s
  Applied Force: (  -0.00,    0.00,    5.69) N (|F|=5.69N)
  ✅ Gravity compensation active (Fz > 0)
  Actual Vel: (  0.000,   0.000,  -0.007) m/s
  ✅ Velocity matches PID output
────────────────────────────────────────────────────────────────────────────────


────────────────────────────────────────────────────────────────────────────────
[FRAME 11] Δt = 1.00s
────────────────────────────────────────────────────────────────────────────────
  State      : Armed=True, Mode=LOITER
  Position   : ( -0.000,  -0.000,   2.470)
  Velocity   : (  0.000,  -0.000,  -0.210)
  Target Pos : ( -0.000,  -0.000,   2.498)
  Error      : (  0.000,   0.000,   0.028) = 0.028m
  PID Output : (  0.000,   0.000,   0.056) m/s
  Applied Force: (  -0.00,    0.00,    5.97) N (|F|=5.97N)
  ✅ Gravity compensation active (Fz > 0)
  Actual Vel: (  0.000,  -0.000,  -0.011) m/s
  ℹ️  Velocity differs from PID (hybrid physics integration active)
────────────────────────────────────────────────────────────────────────────────

[DBG RENDER] Viewport sync triggered at pos (-0.000, -0.000, 2.447)

────────────────────────────────────────────────────────────────────────────────
[FRAME 24] Δt = 1.00s
────────────────────────────────────────────────────────────────────────────────
  State      : Armed=True, Mode=LOITER
  Position   : ( -0.000,  -0.000,   2.441)
  Velocity   : ( -0.000,   0.000,  -0.159)
  Target Pos : ( -0.000,  -0.000,   2.498)
  Error      : (  0.000,   0.000,   0.056) = 0.056m
  PID Output : (  0.000,   0.000,   0.117) m/s
  Applied Force: (   0.00,   -0.00,    6.01) N (|F|=6.01N)
  ✅ Gravity compensation active (Fz > 0)
  Actual Vel: ( -0.000,   0.000,   0.041) m/s
  ℹ️  Velocity differs from PID (hybrid physics integration active)
────────────────────────────────────────────────────────────────────────────────


────────────────────────────────────────────────────────────────────────────────
[FRAME 37] Δt = 1.00s
────────────────────────────────────────────────────────────────────────────────
  State      : Armed=True, Mode=LOITER
  Position   : ( -0.000,  -0.000,   2.426)
  Velocity   : ( -0.000,  -0.000,  -0.114)
  Target Pos : ( -0.000,  -0.000,   2.498)
  Error      : ( -0.000,   0.000,   0.072) = 0.072m
  PID Output : ( -0.000,   0.000,   0.152) m/s
  Applied Force: (   0.00,    0.00,    5.97) N (|F|=5.97N)
  ✅ Gravity compensation active (Fz > 0)
  Actual Vel: ( -0.000,  -0.000,   0.085) m/s
  ℹ️  Velocity differs from PID (hybrid physics integration active)
────────────────────────────────────────────────────────────────────────────────

[DBG RENDER] Viewport sync triggered at pos (-0.000, -0.000, 2.423)

────────────────────────────────────────────────────────────────────────────────
[FRAME 50] Δt = 1.00s
────────────────────────────────────────────────────────────────────────────────
  State      : Armed=True, Mode=LOITER
  Position   : ( -0.000,  -0.000,   2.419)
  Velocity   : ( -0.000,   0.000,  -0.086)
  Target Pos : ( -0.000,  -0.000,   2.498)
  Error      : ( -0.000,   0.000,   0.078) = 0.078m
  PID Output : ( -0.000,   0.000,   0.170) m/s
  Applied Force: (   0.00,   -0.00,    5.93) N (|F|=5.93N)
  ✅ Gravity compensation active (Fz > 0)
  Actual Vel: ( -0.000,   0.000,   0.112) m/s
  ℹ️  Velocity differs from PID (hybrid physics integration active)
────────────────────────────────────────────────────────────────────────────────

[DBG CACHE] Frame 60: Updating cache with pos=(-0.000,-0.000,2.418)
[DBG ROS2] Publishing to /drone/odom: pos=(-0.000,-0.000,2.418)
[DBG RENDER] Viewport sync triggered at pos (-0.000, -0.000, 2.418)

────────────────────────────────────────────────────────────────────────────────
[FRAME 64] Δt = 1.00s
────────────────────────────────────────────────────────────────────────────────
  State      : Armed=True, Mode=LOITER
  Position   : ( -0.000,  -0.000,   2.418)
  Velocity   : (  0.000,   0.000,  -0.072)
  Target Pos : ( -0.000,  -0.000,   2.498)
  Error      : (  0.000,   0.000,   0.079) = 0.079m
  PID Output : (  0.000,   0.000,   0.178) m/s
  Applied Force: (   0.00,   -0.00,    5.90) N (|F|=5.90N)
  ✅ Gravity compensation active (Fz > 0)
  Actual Vel: (  0.000,   0.000,   0.125) m/s
  ℹ️  Velocity differs from PID (hybrid physics integration active)
────────────────────────────────────────────────────────────────────────────────


────────────────────────────────────────────────────────────────────────────────
[FRAME 77] Δt = 1.00s
────────────────────────────────────────────────────────────────────────────────
  State      : Armed=True, Mode=LOITER
  Position   : ( -0.000,  -0.000,   2.420)
  Velocity   : (  0.000,  -0.000,  -0.066)
  Target Pos : ( -0.000,  -0.000,   2.498)
  Error      : (  0.000,   0.000,   0.078) = 0.078m
  PID Output : (  0.000,   0.000,   0.181) m/s
  Applied Force: (   0.00,    0.00,    5.89) N (|F|=5.89N)
  ✅ Gravity compensation active (Fz > 0)
  Actual Vel: (  0.000,  -0.000,   0.130) m/s
  ℹ️  Velocity differs from PID (hybrid physics integration active)
────────────────────────────────────────────────────────────────────────────────

[DBG RENDER] Viewport sync triggered at pos (-0.000, -0.000, 2.420)

────────────────────────────────────────────────────────────────────────────────
[FRAME 90] Δt = 1.00s
────────────────────────────────────────────────────────────────────────────────
  State      : Armed=True, Mode=LOITER
  Position   : ( -0.000,  -0.000,   2.422)
  Velocity   : (  0.000,  -0.000,  -0.064)
  Target Pos : ( -0.000,  -0.000,   2.498)
  Error      : (  0.000,   0.000,   0.076) = 0.076m
  PID Output : (  0.000,   0.000,   0.182) m/s
  Applied Force: (   0.00,    0.00,    5.89) N (|F|=5.89N)
  ✅ Gravity compensation active (Fz > 0)
  Actual Vel: (  0.000,  -0.000,   0.132) m/s
  ℹ️  Velocity differs from PID (hybrid physics integration active)
────────────────────────────────────────────────────────────────────────────────


********************************************************************************
[ARM EVENT] Drone ARMED
********************************************************************************

[DBG RENDER] Viewport sync triggered at pos (-0.000, -0.000, 2.424)

────────────────────────────────────────────────────────────────────────────────
[FRAME 103] Δt = 1.00s
────────────────────────────────────────────────────────────────────────────────
  State      : Armed=True, Mode=LOITER
  Position   : ( -0.000,  -0.000,   2.425)
  Velocity   : (  0.000,   0.000,  -0.063)
  Target Pos : ( -0.000,  -0.000,   2.498)
  Error      : (  0.000,   0.000,   0.073) = 0.073m
  PID Output : (  0.000,   0.000,   0.182) m/s
  Applied Force: (  -0.00,   -0.00,    5.89) N (|F|=5.89N)
  ✅ Gravity compensation active (Fz > 0)
  Actual Vel: (  0.000,   0.000,   0.133) m/s
  ℹ️  Velocity differs from PID (hybrid physics integration active)
────────────────────────────────────────────────────────────────────────────────


────────────────────────────────────────────────────────────────────────────────
[FRAME 116] Δt = 1.00s
────────────────────────────────────────────────────────────────────────────────
  State      : Armed=True, Mode=LOITER
  Position   : ( -0.000,  -0.000,   2.427)
  Velocity   : (  0.000,  -0.000,  -0.064)
  Target Pos : ( -0.000,  -0.000,   2.498)
  Error      : (  0.000,   0.000,   0.070) = 0.070m
  PID Output : (  0.000,   0.000,   0.182) m/s
  Applied Force: (  -0.00,    0.00,    5.89) N (|F|=5.89N)
  ✅ Gravity compensation active (Fz > 0)
  Actual Vel: (  0.000,  -0.000,   0.133) m/s
  ℹ️  Velocity differs from PID (hybrid physics integration active)
────────────────────────────────────────────────────────────────────────────────

[DBG CACHE] Frame 120: Updating cache with pos=(-0.000,-0.000,2.428)
[DBG ROS2] Publishing to /drone/odom: pos=(-0.000,-0.000,2.428)
[DBG RENDER] Viewport sync triggered at pos (-0.000, -0.000, 2.428)

────────────────────────────────────────────────────────────────────────────────
[FRAME 129] Δt = 1.00s
────────────────────────────────────────────────────────────────────────────────
  State      : Armed=True, Mode=LOITER
  Position   : ( -0.000,  -0.000,   2.430)
  Velocity   : (  0.000,   0.000,  -0.064)
  Target Pos : ( -0.000,  -0.000,   2.498)
  Error      : (  0.000,   0.000,   0.068) = 0.068m
  PID Output : (  0.000,   0.000,   0.181) m/s
  Applied Force: (   0.00,   -0.00,    5.89) N (|F|=5.89N)
  ✅ Gravity compensation active (Fz > 0)
  Actual Vel: (  0.000,   0.000,   0.132) m/s
  ℹ️  Velocity differs from PID (hybrid physics integration active)
────────────────────────────────────────────────────────────────────────────────

[DBG RENDER] Viewport sync triggered at pos (-0.000, -0.000, 2.432)

────────────────────────────────────────────────────────────────────────────────
[FRAME 142] Δt = 1.00s
────────────────────────────────────────────────────────────────────────────────
  State      : Armed=True, Mode=LOITER
  Position   : ( -0.000,  -0.000,   2.432)
  Velocity   : (  0.000,  -0.000,  -0.064)
  Target Pos : ( -0.000,  -0.000,   2.498)
  Error      : (  0.000,   0.000,   0.065) = 0.065m
  PID Output : (  0.000,   0.000,   0.181) m/s
  Applied Force: (  -0.00,    0.00,    5.89) N (|F|=5.89N)
  ✅ Gravity compensation active (Fz > 0)
  Actual Vel: (  0.000,  -0.000,   0.132) m/s
  ℹ️  Velocity differs from PID (hybrid physics integration active)
────────────────────────────────────────────────────────────────────────────────


────────────────────────────────────────────────────────────────────────────────
[FRAME 156] Δt = 1.00s
────────────────────────────────────────────────────────────────────────────────
  State      : Armed=True, Mode=LOITER
  Position   : ( -0.000,  -0.000,   2.435)
  Velocity   : (  0.000,   0.000,  -0.064)
  Target Pos : ( -0.000,  -0.000,   2.498)
  Error      : (  0.000,   0.000,   0.063) = 0.063m
  PID Output : (  0.000,   0.000,   0.181) m/s
  Applied Force: (  -0.00,   -0.00,    5.89) N (|F|=5.89N)
  ✅ Gravity compensation active (Fz > 0)
  Actual Vel: (  0.000,   0.000,   0.132) m/s
  ℹ️  Velocity differs from PID (hybrid physics integration active)
────────────────────────────────────────────────────────────────────────────────

[DBG RENDER] Viewport sync triggered at pos (-0.000, -0.000, 2.436)

────────────────────────────────────────────────────────────────────────────────
[FRAME 170] Δt = 1.00s
────────────────────────────────────────────────────────────────────────────────
  State      : Armed=True, Mode=LOITER
  Position   : ( -0.000,  -0.000,   2.437)
  Velocity   : (  0.000,   0.000,  -0.065)
  Target Pos : ( -0.000,  -0.000,   2.498)
  Error      : (  0.000,   0.000,   0.060) = 0.060m
  PID Output : (  0.000,   0.000,   0.180) m/s
  Applied Force: (  -0.00,   -0.00,    5.89) N (|F|=5.89N)
  ✅ Gravity compensation active (Fz > 0)
  Actual Vel: (  0.000,   0.000,   0.131) m/s
  ℹ️  Velocity differs from PID (hybrid physics integration active)
────────────────────────────────────────────────────────────────────────────────

[Drone drone] Target position: (-0.00, -0.00, 1.50)
[Drone drone] Mode: LOITER → POSITION
[SAFETY] Takeoff service executed:
  Mode: POSITION
  Target: (-0.000, -0.000, 1.500)
  Current: (-0.000, -0.000, 2.438)
[DBG CACHE] Frame 180: Updating cache with pos=(-0.000,-0.000,2.383)
[DBG ROS2] Publishing to /drone/odom: pos=(-0.000,-0.000,2.383)
[DBG RENDER] Viewport sync triggered at pos (-0.000, -0.000, 2.364)

────────────────────────────────────────────────────────────────────────────────
[FRAME 183] Δt = 1.00s
────────────────────────────────────────────────────────────────────────────────
  State      : Armed=True, Mode=POSITION
  Position   : ( -0.000,  -0.000,   2.320)
  Velocity   : (  0.000,   0.000,  -1.210)
  Target Pos : ( -0.000,  -0.000,   1.500)
  Error      : (  0.000,   0.000,  -0.820) = 0.820m
  PID Output : (  0.000,   0.000,  -1.500) m/s
  Applied Force: (  -0.00,   -0.00,    3.75) N (|F|=3.75N)
  ✅ Gravity compensation active (Fz > 0)
  Actual Vel: (  0.000,   0.000,  -1.086) m/s
  ℹ️  Velocity differs from PID (hybrid physics integration active)
  ⚠️  WARNING: Large altitude error (0.82m)
────────────────────────────────────────────────────────────────────────────────


────────────────────────────────────────────────────────────────────────────────
[FRAME 197] Δt = 1.00s
────────────────────────────────────────────────────────────────────────────────
  State      : Armed=True, Mode=POSITION
  Position   : ( -0.000,  -0.000,   1.931)
  Velocity   : (  0.000,   0.000,  -1.434)
  Target Pos : ( -0.000,  -0.000,   1.500)
  Error      : (  0.000,   0.000,  -0.431) = 0.431m
  PID Output : (  0.000,   0.000,  -0.952) m/s
  Applied Force: (   0.00,   -0.00,    6.83) N (|F|=6.83N)
  ✅ Gravity compensation active (Fz > 0)
  Actual Vel: (  0.000,   0.000,  -1.206) m/s
  ℹ️  Velocity differs from PID (hybrid physics integration active)
────────────────────────────────────────────────────────────────────────────────

[DBG RENDER] Viewport sync triggered at pos (-0.000, -0.000, 1.829)

────────────────────────────────────────────────────────────────────────────────
[FRAME 211] Δt = 1.00s
────────────────────────────────────────────────────────────────────────────────
  State      : Armed=True, Mode=POSITION
  Position   : ( -0.000,  -0.000,   1.629)
  Velocity   : (  0.000,   0.000,  -0.894)
  Target Pos : ( -0.000,  -0.000,   1.500)
  Error      : (  0.000,   0.000,  -0.129) = 0.129m
  PID Output : (  0.000,   0.000,  -0.367) m/s
  Applied Force: (   0.00,   -0.00,    7.01) N (|F|=7.01N)
  ✅ Gravity compensation active (Fz > 0)
  Actual Vel: (  0.000,   0.000,  -0.661) m/s
  ℹ️  Velocity differs from PID (hybrid physics integration active)
────────────────────────────────────────────────────────────────────────────────

[DBG RENDER] Viewport sync triggered at pos (-0.000, -0.000, 1.503)

────────────────────────────────────────────────────────────────────────────────
[FRAME 225] Δt = 1.00s
────────────────────────────────────────────────────────────────────────────────
  State      : Armed=True, Mode=POSITION
  Position   : ( -0.000,  -0.000,   1.469)
  Velocity   : (  0.000,   0.000,  -0.464)
  Target Pos : ( -0.000,  -0.000,   1.500)
  Error      : (  0.000,   0.000,   0.031) = 0.031m
  PID Output : (  0.000,   0.000,  -0.049) m/s
  Applied Force: (  -0.00,   -0.00,    6.56) N (|F|=6.56N)
  ✅ Gravity compensation active (Fz > 0)
  Actual Vel: (  0.000,   0.000,  -0.245) m/s
  ℹ️  Velocity differs from PID (hybrid physics integration active)
────────────────────────────────────────────────────────────────────────────────


────────────────────────────────────────────────────────────────────────────────
[FRAME 238] Δt = 1.00s
────────────────────────────────────────────────────────────────────────────────
  State      : Armed=True, Mode=POSITION
  Position   : ( -0.000,  -0.000,   1.401)
  Velocity   : (  0.000,  -0.000,  -0.242)
  Target Pos : ( -0.000,  -0.000,   1.500)
  Error      : (  0.000,   0.000,   0.099) = 0.099m
  PID Output : (  0.000,   0.000,   0.090) m/s
  Applied Force: (  -0.00,    0.00,    6.23) N (|F|=6.23N)
  ✅ Gravity compensation active (Fz > 0)
  Actual Vel: (  0.000,  -0.000,  -0.034) m/s
  ℹ️  Velocity differs from PID (hybrid physics integration active)
────────────────────────────────────────────────────────────────────────────────

[DBG CACHE] Frame 240: Updating cache with pos=(-0.000,-0.000,1.395)
[DBG ROS2] Publishing to /drone/odom: pos=(-0.000,-0.000,1.395)
[DBG RENDER] Viewport sync triggered at pos (-0.000, -0.000, 1.393)

────────────────────────────────────────────────────────────────────────────────
[FRAME 251] Δt = 1.00s
────────────────────────────────────────────────────────────────────────────────
  State      : Armed=True, Mode=POSITION
  Position   : ( -0.000,  -0.000,   1.375)
  Velocity   : (  0.000,  -0.000,  -0.133)
  Target Pos : ( -0.000,  -0.000,   1.500)
  Error      : (  0.000,   0.000,   0.125) = 0.125m
  PID Output : (  0.000,   0.000,   0.152) m/s
  Applied Force: (  -0.00,    0.00,    6.05) N (|F|=6.05N)
  ✅ Gravity compensation active (Fz > 0)
  Actual Vel: (  0.000,  -0.000,   0.068) m/s
  ℹ️  Velocity differs from PID (hybrid physics integration active)
────────────────────────────────────────────────────────────────────────────────

[DBG RENDER] Viewport sync triggered at pos (-0.000, -0.000, 1.368)

────────────────────────────────────────────────────────────────────────────────
[FRAME 264] Δt = 1.00s
────────────────────────────────────────────────────────────────────────────────
  State      : Armed=True, Mode=POSITION
  Position   : ( -0.000,  -0.000,   1.367)
  Velocity   : (  0.000,  -0.000,  -0.085)
  Target Pos : ( -0.000,  -0.000,   1.500)
  Error      : (  0.000,   0.000,   0.133) = 0.133m
  PID Output : (  0.000,   0.000,   0.177) m/s
  Applied Force: (   0.00,    0.00,    5.95) N (|F|=5.95N)
  ✅ Gravity compensation active (Fz > 0)
  Actual Vel: (  0.000,  -0.000,   0.113) m/s
  ℹ️  Velocity differs from PID (hybrid physics integration active)
────────────────────────────────────────────────────────────────────────────────


────────────────────────────────────────────────────────────────────────────────
[FRAME 278] Δt = 1.00s
────────────────────────────────────────────────────────────────────────────────
  State      : Armed=True, Mode=POSITION
  Position   : ( -0.000,  -0.000,   1.367)
  Velocity   : (  0.000,  -0.000,  -0.065)
  Target Pos : ( -0.000,  -0.000,   1.500)
  Error      : (  0.000,   0.000,   0.133) = 0.133m
  PID Output : (  0.000,   0.000,   0.186) m/s
  Applied Force: (  -0.00,    0.00,    5.91) N (|F|=5.91N)
  ✅ Gravity compensation active (Fz > 0)
  Actual Vel: (  0.000,  -0.000,   0.132) m/s
  ℹ️  Velocity differs from PID (hybrid physics integration active)
────────────────────────────────────────────────────────────────────────────────

[DBG RENDER] Viewport sync triggered at pos (-0.000, -0.000, 1.368)

────────────────────────────────────────────────────────────────────────────────
[FRAME 292] Δt = 1.00s
────────────────────────────────────────────────────────────────────────────────
  State      : Armed=True, Mode=POSITION
  Position   : ( -0.000,  -0.000,   1.371)
  Velocity   : (  0.000,  -0.000,  -0.058)
  Target Pos : ( -0.000,  -0.000,   1.500)
  Error      : (  0.000,   0.000,   0.129) = 0.129m
  PID Output : (  0.000,   0.000,   0.189) m/s
  Applied Force: (  -0.00,    0.00,    5.89) N (|F|=5.89N)
  ✅ Gravity compensation active (Fz > 0)
  Actual Vel: (  0.000,  -0.000,   0.138) m/s
  ℹ️  Velocity differs from PID (hybrid physics integration active)
────────────────────────────────────────────────────────────────────────────────

[DBG CACHE] Frame 300: Updating cache with pos=(-0.000,-0.000,1.373)
[DBG ROS2] Publishing to /drone/odom: pos=(-0.000,-0.000,1.373)
[DBG RENDER] Viewport sync triggered at pos (-0.000, -0.000, 1.374)

────────────────────────────────────────────────────────────────────────────────
[FRAME 305] Δt = 1.00s
────────────────────────────────────────────────────────────────────────────────
  State      : Armed=True, Mode=POSITION
  Position   : ( -0.000,  -0.000,   1.375)
  Velocity   : (  0.000,  -0.000,  -0.056)
  Target Pos : ( -0.000,  -0.000,   1.500)
  Error      : (  0.000,   0.000,   0.125) = 0.125m
  PID Output : (  0.000,   0.000,   0.189) m/s
  Applied Force: (   0.00,    0.00,    5.89) N (|F|=5.89N)
  ✅ Gravity compensation active (Fz > 0)
  Actual Vel: (  0.000,  -0.000,   0.140) m/s
  ℹ️  Velocity differs from PID (hybrid physics integration active)
────────────────────────────────────────────────────────────────────────────────

[Drone drone] Target position: (1.00, 0.50, 1.88)

────────────────────────────────────────────────────────────────────────────────
[FRAME 318] Δt = 1.00s
────────────────────────────────────────────────────────────────────────────────
  State      : Armed=True, Mode=POSITION
  Position   : (  0.137,   0.068,   1.464)
  Velocity   : (  0.900,   0.450,   0.486)
  Target Pos : (  1.000,   0.500,   1.875)
  Error      : (  0.863,   0.432,   0.411) = 1.049m
  PID Output : (  1.056,   0.528,   0.793) m/s
  Applied Force: (   0.63,    0.31,    6.13) N (|F|=6.17N)
  ✅ Gravity compensation active (Fz > 0)
  Actual Vel: (  0.921,   0.460,   0.690) m/s
  ℹ️  Velocity differs from PID (hybrid physics integration active)
────────────────────────────────────────────────────────────────────────────────

[DBG RENDER] Viewport sync triggered at pos (0.193, 0.096, 1.498)

────────────────────────────────────────────────────────────────────────────────
[FRAME 331] Δt = 1.00s
────────────────────────────────────────────────────────────────────────────────
  State      : Armed=True, Mode=POSITION
  Position   : (  0.380,   0.190,   1.604)
  Velocity   : (  0.891,   0.445,   0.402)
  Target Pos : (  1.000,   0.500,   1.875)
  Error      : (  0.620,   0.310,   0.271) = 0.745m
  PID Output : (  0.782,   0.391,   0.535) m/s
  Applied Force: (  -0.43,   -0.22,    5.44) N (|F|=5.46N)
  ✅ Gravity compensation active (Fz > 0)
  Actual Vel: (  0.876,   0.438,   0.584) m/s
  ℹ️  Velocity differs from PID (hybrid physics integration active)
────────────────────────────────────────────────────────────────────────────────

[DBG RENDER] Viewport sync triggered at pos (0.540, 0.270, 1.683)

────────────────────────────────────────────────────────────────────────────────
[FRAME 344] Δt = 1.00s
────────────────────────────────────────────────────────────────────────────────
  State      : Armed=True, Mode=POSITION
  Position   : (  0.582,   0.291,   1.701)
  Velocity   : (  0.676,   0.338,   0.210)
  Target Pos : (  1.000,   0.500,   1.875)
  Error      : (  0.418,   0.209,   0.175) = 0.499m
  PID Output : (  0.551,   0.276,   0.358) m/s
  Applied Force: (  -0.50,   -0.25,    5.50) N (|F|=5.53N)
  ✅ Gravity compensation active (Fz > 0)
  Actual Vel: (  0.659,   0.330,   0.393) m/s
  ℹ️  Velocity differs from PID (hybrid physics integration active)
────────────────────────────────────────────────────────────────────────────────


────────────────────────────────────────────────────────────────────────────────
[FRAME 357] Δt = 1.00s
────────────────────────────────────────────────────────────────────────────────
  State      : Armed=True, Mode=POSITION
  Position   : (  0.729,   0.365,   1.754)
  Velocity   : (  0.480,   0.240,   0.074)
  Target Pos : (  1.000,   0.500,   1.875)
  Error      : (  0.271,   0.135,   0.121) = 0.326m
  PID Output : (  0.382,   0.191,   0.262) m/s
  Applied Force: (  -0.39,   -0.20,    5.66) N (|F|=5.67N)
  ✅ Gravity compensation active (Fz > 0)
  Actual Vel: (  0.467,   0.234,   0.262) m/s
  ℹ️  Velocity differs from PID (hybrid physics integration active)
────────────────────────────────────────────────────────────────────────────────

[DBG CACHE] Frame 360: Updating cache with pos=(0.756,0.378,1.762)
[DBG ROS2] Publishing to /drone/odom: pos=(0.756,0.378,1.762)
[DBG RENDER] Viewport sync triggered at pos (0.765, 0.382, 1.764)

────────────────────────────────────────────────────────────────────────────────
[FRAME 371] Δt = 1.00s
────────────────────────────────────────────────────────────────────────────────
  State      : Armed=True, Mode=POSITION
  Position   : (  0.839,   0.419,   1.782)
  Velocity   : (  0.324,   0.162,  -0.005)
  Target Pos : (  1.000,   0.500,   1.875)
  Error      : (  0.161,   0.081,   0.093) = 0.203m
  PID Output : (  0.256,   0.128,   0.213) m/s
  Applied Force: (  -0.27,   -0.14,    5.78) N (|F|=5.78N)
  ✅ Gravity compensation active (Fz > 0)
  Actual Vel: (  0.315,   0.158,   0.188) m/s
  ℹ️  Velocity differs from PID (hybrid physics integration active)
────────────────────────────────────────────────────────────────────────────────

[DBG RENDER] Viewport sync triggered at pos (0.894, 0.447, 1.792)

────────────────────────────────────────────────────────────────────────────────
[FRAME 385] Δt = 1.00s
────────────────────────────────────────────────────────────────────────────────
  State      : Armed=True, Mode=POSITION
  Position   : (  0.913,   0.456,   1.795)
  Velocity   : (  0.217,   0.108,  -0.040)
  Target Pos : (  1.000,   0.500,   1.875)
  Error      : (  0.087,   0.044,   0.080) = 0.126m
  PID Output : (  0.170,   0.085,   0.193) m/s
  Applied Force: (  -0.19,   -0.09,    5.84) N (|F|=5.84N)
  ✅ Gravity compensation active (Fz > 0)
  Actual Vel: (  0.211,   0.105,   0.154) m/s
  ℹ️  Velocity differs from PID (hybrid physics integration active)
────────────────────────────────────────────────────────────────────────────────


────────────────────────────────────────────────────────────────────────────────
[FRAME 399] Δt = 1.00s
────────────────────────────────────────────────────────────────────────────────
  State      : Armed=True, Mode=POSITION
  Position   : (  0.962,   0.481,   1.802)
  Velocity   : (  0.144,   0.072,  -0.055)
  Target Pos : (  1.000,   0.500,   1.875)
  Error      : (  0.038,   0.019,   0.073) = 0.085m
  PID Output : (  0.113,   0.056,   0.185) m/s
  Applied Force: (  -0.13,   -0.06,    5.87) N (|F|=5.87N)
  ✅ Gravity compensation active (Fz > 0)
  Actual Vel: (  0.140,   0.070,   0.140) m/s
  ℹ️  Velocity differs from PID (hybrid physics integration active)
────────────────────────────────────────────────────────────────────────────────

[DBG RENDER] Viewport sync triggered at pos (0.967, 0.484, 1.803)

────────────────────────────────────────────────────────────────────────────────
[FRAME 413] Δt = 1.00s
────────────────────────────────────────────────────────────────────────────────
  State      : Armed=True, Mode=POSITION
  Position   : (  0.994,   0.497,   1.806)
  Velocity   : (  0.095,   0.048,  -0.061)
  Target Pos : (  1.000,   0.500,   1.875)
  Error      : (  0.006,   0.003,   0.069) = 0.069m
  PID Output : (  0.074,   0.037,   0.182) m/s
  Applied Force: (  -0.08,   -0.04,    5.88) N (|F|=5.88N)
  ✅ Gravity compensation active (Fz > 0)
  Actual Vel: (  0.093,   0.046,   0.135) m/s
  ℹ️  Velocity differs from PID (hybrid physics integration active)
────────────────────────────────────────────────────────────────────────────────

[DBG CACHE] Frame 420: Updating cache with pos=(1.006,0.503,1.808)
[DBG ROS2] Publishing to /drone/odom: pos=(1.006,0.503,1.808)
[DBG RENDER] Viewport sync triggered at pos (1.008, 0.504, 1.808)

────────────────────────────────────────────────────────────────────────────────
[FRAME 427] Δt = 1.00s
────────────────────────────────────────────────────────────────────────────────
  State      : Armed=True, Mode=POSITION
  Position   : (  1.016,   0.508,   1.809)
  Velocity   : (  0.063,   0.031,  -0.063)
  Target Pos : (  1.000,   0.500,   1.875)
  Error      : ( -0.016,  -0.008,   0.066) = 0.068m
  PID Output : (  0.048,   0.024,   0.181) m/s
  Applied Force: (  -0.06,   -0.03,    5.88) N (|F|=5.88N)
  ✅ Gravity compensation active (Fz > 0)
  Actual Vel: (  0.061,   0.030,   0.133) m/s
  ℹ️  Velocity differs from PID (hybrid physics integration active)
────────────────────────────────────────────────────────────────────────────────

[DBG RENDER] Viewport sync triggered at pos (1.030, 0.515, 1.812)

────────────────────────────────────────────────────────────────────────────────
[FRAME 441] Δt = 1.00s
────────────────────────────────────────────────────────────────────────────────
  State      : Armed=True, Mode=POSITION
  Position   : (  1.030,   0.515,   1.812)
  Velocity   : (  0.040,   0.020,  -0.064)
  Target Pos : (  1.000,   0.500,   1.875)
  Error      : ( -0.030,  -0.015,   0.063) = 0.071m
  PID Output : (  0.031,   0.016,   0.181) m/s
  Applied Force: (  -0.04,   -0.02,    5.88) N (|F|=5.88N)
  ✅ Gravity compensation active (Fz > 0)
  Actual Vel: (  0.039,   0.020,   0.132) m/s
  ℹ️  Velocity differs from PID (hybrid physics integration active)
────────────────────────────────────────────────────────────────────────────────


────────────────────────────────────────────────────────────────────────────────
[FRAME 454] Δt = 1.00s
────────────────────────────────────────────────────────────────────────────────
  State      : Armed=True, Mode=POSITION
  Position   : (  1.038,   0.519,   1.814)
  Velocity   : (  0.027,   0.013,  -0.065)
  Target Pos : (  1.000,   0.500,   1.875)
  Error      : ( -0.038,  -0.019,   0.061) = 0.074m
  PID Output : (  0.020,   0.010,   0.180) m/s
  Applied Force: (  -0.03,   -0.01,    5.89) N (|F|=5.89N)
  ✅ Gravity compensation active (Fz > 0)
  Actual Vel: (  0.026,   0.013,   0.131) m/s
  ℹ️  Velocity differs from PID (hybrid physics integration active)
────────────────────────────────────────────────────────────────────────────────

[DBG RENDER] Viewport sync triggered at pos (1.041, 0.521, 1.815)

────────────────────────────────────────────────────────────────────────────────
[FRAME 468] Δt = 1.00s
────────────────────────────────────────────────────────────────────────────────
  State      : Armed=True, Mode=POSITION
  Position   : (  1.044,   0.522,   1.817)
  Velocity   : (  0.016,   0.008,  -0.065)
  Target Pos : (  1.000,   0.500,   1.875)
  Error      : ( -0.044,  -0.022,   0.058) = 0.076m
  PID Output : (  0.012,   0.006,   0.180) m/s
  Applied Force: (  -0.02,   -0.01,    5.89) N (|F|=5.89N)
  ✅ Gravity compensation active (Fz > 0)
  Actual Vel: (  0.016,   0.008,   0.131) m/s
  ℹ️  Velocity differs from PID (hybrid physics integration active)
────────────────────────────────────────────────────────────────────────────────

[DBG CACHE] Frame 480: Updating cache with pos=(1.047,0.524,1.819)
[DBG ROS2] Publishing to /drone/odom: pos=(1.047,0.524,1.819)
[DBG RENDER] Viewport sync triggered at pos (1.047, 0.524, 1.819)

────────────────────────────────────────────────────────────────────────────────
[FRAME 481] Δt = 1.00s
────────────────────────────────────────────────────────────────────────────────
  State      : Armed=True, Mode=POSITION
  Position   : (  1.047,   0.524,   1.819)
  Velocity   : (  0.010,   0.005,  -0.065)
  Target Pos : (  1.000,   0.500,   1.875)
  Error      : ( -0.047,  -0.024,   0.056) = 0.077m
  PID Output : (  0.007,   0.003,   0.180) m/s
  Applied Force: (  -0.01,   -0.01,    5.89) N (|F|=5.89N)
  ✅ Gravity compensation active (Fz > 0)
  Actual Vel: (  0.010,   0.005,   0.131) m/s
  ℹ️  Velocity differs from PID (hybrid physics integration active)
────────────────────────────────────────────────────────────────────────────────


────────────────────────────────────────────────────────────────────────────────
[FRAME 494] Δt = 1.00s
────────────────────────────────────────────────────────────────────────────────
  State      : Armed=True, Mode=POSITION
  Position   : (  1.049,   0.525,   1.821)
  Velocity   : (  0.006,   0.003,  -0.066)
  Target Pos : (  1.000,   0.500,   1.875)
  Error      : ( -0.049,  -0.025,   0.054) = 0.077m
  PID Output : (  0.004,   0.002,   0.179) m/s
  Applied Force: (  -0.01,   -0.00,    5.89) N (|F|=5.89N)
  ✅ Gravity compensation active (Fz > 0)
  Actual Vel: (  0.005,   0.003,   0.130) m/s
  ℹ️  Velocity differs from PID (hybrid physics integration active)
────────────────────────────────────────────────────────────────────────────────

[DBG RENDER] Viewport sync triggered at pos (1.050, 0.525, 1.822)
[Drone drone] Mode: POSITION → LANDING

────────────────────────────────────────────────────────────────────────────────
[FRAME 507] Δt = 1.00s
────────────────────────────────────────────────────────────────────────────────
  State      : Armed=True, Mode=LANDING
  Position   : (  1.050,   0.525,   1.807)
  Velocity   : (  0.002,   0.001,  -0.311)
  Target Pos : (  1.000,   0.500,   1.875)
  Error      : ( -0.050,  -0.025,   0.068) = 0.088m
  PID Output : (  0.000,   0.000,  -0.300) m/s
  Applied Force: (  -0.01,   -0.00,    4.95) N (|F|=4.95N)
  Actual Vel: (  0.002,   0.001,  -0.146) m/s
  ℹ️  Velocity differs from PID (hybrid physics integration active)
────────────────────────────────────────────────────────────────────────────────


────────────────────────────────────────────────────────────────────────────────
[FRAME 520] Δt = 1.00s
────────────────────────────────────────────────────────────────────────────────
  State      : Armed=True, Mode=LANDING
  Position   : (  1.050,   0.525,   1.710)
  Velocity   : (  0.000,   0.000,  -0.509)
  Target Pos : (  1.000,   0.500,   1.875)
  Error      : ( -0.050,  -0.025,   0.165) = 0.175m
  PID Output : (  0.000,   0.000,  -0.300) m/s
  Applied Force: (  -0.00,   -0.00,    5.74) N (|F|=5.74N)
  Actual Vel: (  0.000,   0.000,  -0.317) m/s
  ℹ️  Velocity differs from PID (hybrid physics integration active)
────────────────────────────────────────────────────────────────────────────────

[DBG RENDER] Viewport sync triggered at pos (1.050, 0.525, 1.701)

────────────────────────────────────────────────────────────────────────────────
[FRAME 533] Δt = 1.00s
────────────────────────────────────────────────────────────────────────────────
  State      : Armed=True, Mode=LANDING
  Position   : (  1.050,   0.525,   1.591)
  Velocity   : (  0.000,   0.000,  -0.540)
  Target Pos : (  1.000,   0.500,   1.875)
  Error      : ( -0.050,  -0.025,   0.284) = 0.289m
  PID Output : (  0.000,   0.000,  -0.300) m/s
  Applied Force: (  -0.00,   -0.00,    5.86) N (|F|=5.86N)
  Actual Vel: (  0.000,   0.000,  -0.344) m/s
  ℹ️  Velocity differs from PID (hybrid physics integration active)
────────────────────────────────────────────────────────────────────────────────

[DBG CACHE] Frame 540: Updating cache with pos=(1.050,0.525,1.526)
[DBG ROS2] Publishing to /drone/odom: pos=(1.050,0.525,1.526)
[DBG RENDER] Viewport sync triggered at pos (1.050, 0.525, 1.516)

────────────────────────────────────────────────────────────────────────────────
[FRAME 546] Δt = 1.00s
────────────────────────────────────────────────────────────────────────────────
  State      : Armed=True, Mode=LANDING
  Position   : (  1.050,   0.525,   1.469)
  Velocity   : (  0.000,   0.000,  -0.544)
  Target Pos : (  1.000,   0.500,   1.875)
  Error      : ( -0.050,  -0.025,   0.406) = 0.410m
  PID Output : (  0.000,   0.000,  -0.300) m/s
  Applied Force: (  -0.00,   -0.00,    5.88) N (|F|=5.88N)
  Actual Vel: (  0.000,   0.000,  -0.348) m/s
  ℹ️  Velocity differs from PID (hybrid physics integration active)
────────────────────────────────────────────────────────────────────────────────


────────────────────────────────────────────────────────────────────────────────
[FRAME 560] Δt = 1.00s
────────────────────────────────────────────────────────────────────────────────
  State      : Armed=True, Mode=LANDING
  Position   : (  1.050,   0.525,   1.337)
  Velocity   : (  0.000,   0.000,  -0.545)
  Target Pos : (  1.000,   0.500,   1.875)
  Error      : ( -0.050,  -0.025,   0.538) = 0.541m
  PID Output : (  0.000,   0.000,  -0.300) m/s
  Applied Force: (  -0.00,   -0.00,    5.89) N (|F|=5.89N)
  Actual Vel: (  0.000,   0.000,  -0.349) m/s
  ℹ️  Velocity differs from PID (hybrid physics integration active)
────────────────────────────────────────────────────────────────────────────────

[DBG RENDER] Viewport sync triggered at pos (1.050, 0.525, 1.328)

────────────────────────────────────────────────────────────────────────────────
[FRAME 574] Δt = 1.00s
────────────────────────────────────────────────────────────────────────────────
  State      : Armed=True, Mode=LANDING
  Position   : (  1.050,   0.525,   1.205)
  Velocity   : (  0.000,   0.000,  -0.545)
  Target Pos : (  1.000,   0.500,   1.875)
  Error      : ( -0.050,  -0.025,   0.670) = 0.672m
  PID Output : (  0.000,   0.000,  -0.300) m/s
  Applied Force: (  -0.00,   -0.00,    5.89) N (|F|=5.89N)
  Actual Vel: (  0.000,   0.000,  -0.349) m/s
  ℹ️  Velocity differs from PID (hybrid physics integration active)
────────────────────────────────────────────────────────────────────────────────

[DBG RENDER] Viewport sync triggered at pos (1.050, 0.525, 1.139)

────────────────────────────────────────────────────────────────────────────────
[FRAME 587] Δt = 1.00s
────────────────────────────────────────────────────────────────────────────────
  State      : Armed=True, Mode=LANDING
  Position   : (  1.050,   0.525,   1.083)
  Velocity   : (  0.000,   0.000,  -0.545)
  Target Pos : (  1.000,   0.500,   1.875)
  Error      : ( -0.050,  -0.025,   0.793) = 0.795m
  PID Output : (  0.000,   0.000,  -0.300) m/s
  Applied Force: (  -0.00,   -0.00,    5.89) N (|F|=5.89N)
  Actual Vel: (  0.000,   0.000,  -0.349) m/s
  ℹ️  Velocity differs from PID (hybrid physics integration active)
────────────────────────────────────────────────────────────────────────────────

