================================================================================
SIMULATION LOG - 2025-11-16 16:30:59
Log file: /home/kishi/ResQoUnity/logs/simulation/drone_sim_20251116_163059.log
================================================================================

[INFO] Creating environment: Isaac-Velocity-Rough-Unitree-Go2-v0
[INFO] Robot: go2, Amount: 1, Terrain: flat
[INFO]: Base environment:
	Environment device    : cuda:0
	Physics step-size     : 0.005
	Rendering step-size   : 0.005
	Environment step-size : 0.02
	Physics GPU pipeline  : True
	Physics GPU simulation: True
[INFO]: Time taken for scene creation : 3.069847 seconds
[INFO]: Scene manager:  <class InteractiveScene>
	Number of environments: 1
	Environment spacing   : 2.5
	Source prim name      : /World/envs/env_0
	Global prim paths     : ['/World/ground']
	Replicate physics     : True
[INFO]: Starting the simulation. This may take a few seconds. Please wait...
[INFO]: Time taken for simulation start : 1.235071 seconds
[INFO] Command Manager:  <CommandManager> contains 1 active terms.
+------------------------------------------------+
|              Active Command Terms              |
+-------+---------------+------------------------+
| Index | Name          |          Type          |
+-------+---------------+------------------------+
|   0   | base_velocity | UniformVelocityCommand |
+-------+---------------+------------------------+

[INFO] Action Manager:  <ActionManager> contains 1 active terms.
+------------------------------------+
|  Active Action Terms (shape: 12)   |
+--------+-------------+-------------+
| Index  | Name        |   Dimension |
+--------+-------------+-------------+
|   0    | joint_pos   |          12 |
+--------+-------------+-------------+

Module omni.isaac.orbit.utils.warp.kernels load on device 'cuda:0' took 1.25 ms
[INFO] Observation Manager: <ObservationManager> contains 1 groups.
+----------------------------------------------------------+
| Active Observation Terms in Group: 'policy' (shape: (235,)) |
+-----------+--------------------------------+-------------+
|   Index   | Name                           |    Shape    |
+-----------+--------------------------------+-------------+
|     0     | base_lin_vel                   |     (3,)    |
|     1     | base_ang_vel                   |     (3,)    |
|     2     | projected_gravity              |     (3,)    |
|     3     | velocity_commands              |     (3,)    |
|     4     | joint_pos                      |    (12,)    |
|     5     | joint_vel                      |    (12,)    |
|     6     | actions                        |    (12,)    |
|     7     | height_scan                    |    (187,)   |
+-----------+--------------------------------+-------------+

[INFO] Event Manager:  <EventManager> contains 1 active terms.
+--------------------------------------+
| Active Event Terms in Mode: 'startup' |
+----------+---------------------------+
|  Index   | Name                      |
+----------+---------------------------+
|    0     | physics_material          |
+----------+---------------------------+

[INFO] Termination Manager:  <TerminationManager> contains 2 active terms.
+---------------------------------+
|     Active Termination Terms    |
+-------+--------------+----------+
| Index | Name         | Time Out |
+-------+--------------+----------+
|   0   | time_out     |   True   |
|   1   | base_contact |  False   |
+-------+--------------+----------+

[INFO] Reward Manager:  <RewardManager> contains 10 active terms.
+-----------------------------------------+
|           Active Reward Terms           |
+-------+----------------------+----------+
| Index | Name                 |   Weight |
+-------+----------------------+----------+
|   0   | track_lin_vel_xy_exp |      1.5 |
|   1   | track_ang_vel_z_exp  |     0.75 |
|   2   | lin_vel_z_l2         |     -2.0 |
|   3   | ang_vel_xy_l2        |    -0.05 |
|   4   | dof_torques_l2       |  -0.0002 |
|   5   | dof_acc_l2           | -2.5e-07 |
|   6   | action_rate_l2       |    -0.01 |
|   7   | feet_air_time        |     0.01 |
|   8   | flat_orientation_l2  |      0.0 |
|   9   | dof_pos_limits       |      0.0 |
+-------+----------------------+----------+

[INFO] Curriculum Manager:  <CurriculumManager> contains 0 active terms.
+----------------------+
| Active Curriculum Terms |
+-----------+----------+
|   Index   | Name     |
+-----------+----------+
+-----------+----------+

Creating window for environment.
[INFO]: Completed setting up the environment...
[INFO] Environment created successfully!
[INFO] Environment wrapped for RSL-RL
[INFO] Loading experiment from directory: /home/kishi/ResQoUnity/logs/rsl_rl/unitree_go2_rough
[INFO]: Loading model checkpoint from: /home/kishi/ResQoUnity/logs/rsl_rl/unitree_go2_rough/2024-04-06_02-37-07/model_7850.pt
--------------------------------------------------------------------------------
Resolved observation sets: 
	 policy :  ['policy']
	 critic :  ['policy']
--------------------------------------------------------------------------------
Actor MLP: MLP(
  (0): Linear(in_features=235, out_features=512, bias=True)
  (1): ELU(alpha=1.0)
  (2): Linear(in_features=512, out_features=256, bias=True)
  (3): ELU(alpha=1.0)
  (4): Linear(in_features=256, out_features=128, bias=True)
  (5): ELU(alpha=1.0)
  (6): Linear(in_features=128, out_features=12, bias=True)
)
Critic MLP: MLP(
  (0): Linear(in_features=235, out_features=512, bias=True)
  (1): ELU(alpha=1.0)
  (2): Linear(in_features=512, out_features=256, bias=True)
  (3): ELU(alpha=1.0)
  (4): Linear(in_features=256, out_features=128, bias=True)
  (5): ELU(alpha=1.0)
  (6): Linear(in_features=128, out_features=1, bias=True)
)
[INFO]: Checkpoint loaded successfully
[INFO] Resetting environment and getting initial observations...
[INFO] Environment reset complete, starting simulation loop...
[INFO] Spawning world-level drone at /World/Drone...
[INFO] Drone USD loaded at /World/Drone
[INFO] Drone spawned at position (0.0, 0.0, 2.5)
[INFO] ArticulationView will be initialized after first physics step
[Drone drone] Mode: DISARMED → LOITER

================================================================================
DRONE DEBUG LOGGER INITIALIZED FOR world_drone
================================================================================

[INFO] Drone controller initialized in ARMED mode (auto-armed)
[INFO] Mode set to LOITER - will hold spawn position
[INFO] Debug logger enabled - verbose output active
[INFO] Drone bottom camera initialized
[INFO] Drone ROS2 publishers initialized on /drone namespace
[INFO] Adding /drone namespace ROS2 interface
[INFO] Drone topics created: cmd_vel, cmd_position, cmd_altitude
[INFO] Drone services created:
  - /drone/arm: True
  - /drone/takeoff: True
  - /drone/land: True
  - /drone/emergency_stop: True
[INFO] Drone control interface ready on /drone namespace
Error loading custom environment. You should download custom envs folder from: https://drive.google.com/drive/folders/1vVGuO1KIX1K6mD6mBHDZGm9nk2vaRyj3?usp=sharing
[INFO] Setting up viewport camera...
[INFO] Camera positioned to view robot
[INFO] Robot(s) should now be visible in the viewport!
[INFO] Use these controls to navigate:
  - Press 'F' to focus on robot
  - Mouse wheel: Zoom in/out
  - Middle mouse: Pan camera
  - Alt+Left mouse: Orbit view
  - WASD keys: Move robot (forward/back/left/right)
  - Q/E keys: Rotate left/right
[INFO] Initializing ArticulationView after physics step...
[INFO] Drone mass set to: 0.5 kg (Crazyflie scaled estimate)
[INFO] Using Hybrid Physics-Velocity Control (GPU PhysX compatible)
[INFO] Forces → Acceleration → Velocity integration (F=ma)
[INFO] LOITER target set to spawn position: (-0.00, -0.00, 2.50)
[SAFETY] World drone initialized:
  Current pos: (-0.000, -0.000, 2.498)
  Target pos:  (-0.000, -0.000, 2.498)
  Mode: LOITER, Armed: True
[INIT] Drone spawned at position: (-0.000, -0.000, 2.498)
[INIT] Initial velocity: (0.000, 0.000, -0.196)
[INIT] Initial mode: LOITER
[INIT] Ready for control


********************************************************************************
[ARM EVENT] Drone ARMED
********************************************************************************

[INFO] ArticulationView ready - found 1 drone(s)
[DEBUG] ArticulationView prim paths: ['/World/Drone']
[DEBUG] Controller initialized at position: (-0.00, -0.00, 2.50)
[DEBUG] Drone has 4 DOFs: ['m1_joint', 'm2_joint', 'm3_joint', 'm4_joint']
[DEBUG] Prim at /World/Drone exists: True
[DEBUG] Found root body (fallback) at: /World/Drone/body
[DEBUG] Found articulation root at: /World/Drone

────────────────────────────────────────────────────────────────────────────────
[FRAME 4] Δt = 1.00s
────────────────────────────────────────────────────────────────────────────────
  State      : Armed=True, Mode=LOITER
  Position   : ( -0.000,  -0.000,   2.490)
  Velocity   : (  0.000,  -0.000,  -0.210)
  Target Pos : ( -0.000,  -0.000,   2.498)
  Error      : ( -0.000,   0.000,   0.008) = 0.008m
  PID Output : ( -0.000,   0.000,   0.016) m/s
  Applied Force: (  -0.00,    0.00,    5.81) N (|F|=5.81N)
  ✅ Gravity compensation active (Fz > 0)
  Actual Vel: (  0.000,  -0.000,  -0.015) m/s
  ℹ️  Velocity differs from PID (hybrid physics integration active)
────────────────────────────────────────────────────────────────────────────────


────────────────────────────────────────────────────────────────────────────────
[FRAME 20] Δt = 1.00s
────────────────────────────────────────────────────────────────────────────────
  State      : Armed=True, Mode=LOITER
  Position   : ( -0.000,  -0.000,   2.449)
  Velocity   : ( -0.000,  -0.000,  -0.179)
  Target Pos : ( -0.000,  -0.000,   2.498)
  Error      : (  0.000,   0.000,   0.048) = 0.048m
  PID Output : (  0.000,   0.000,   0.099) m/s
  Applied Force: (   0.00,    0.00,    6.02) N (|F|=6.02N)
  ✅ Gravity compensation active (Fz > 0)
  Actual Vel: ( -0.000,  -0.000,   0.021) m/s
  ℹ️  Velocity differs from PID (hybrid physics integration active)
────────────────────────────────────────────────────────────────────────────────


────────────────────────────────────────────────────────────────────────────────
[FRAME 39] Δt = 1.00s
────────────────────────────────────────────────────────────────────────────────
  State      : Armed=True, Mode=LOITER
  Position   : ( -0.000,  -0.000,   2.420)
  Velocity   : (  0.000,   0.000,  -0.126)
  Target Pos : ( -0.000,  -0.000,   2.498)
  Error      : (  0.000,   0.000,   0.077) = 0.077m
  PID Output : (  0.000,   0.000,   0.163) m/s
  Applied Force: (  -0.00,   -0.00,    6.06) N (|F|=6.06N)
  ✅ Gravity compensation active (Fz > 0)
  Actual Vel: (  0.000,   0.000,   0.072) m/s
  ℹ️  Velocity differs from PID (hybrid physics integration active)
────────────────────────────────────────────────────────────────────────────────


────────────────────────────────────────────────────────────────────────────────
[FRAME 58] Δt = 1.00s
────────────────────────────────────────────────────────────────────────────────
  State      : Armed=True, Mode=LOITER
  Position   : ( -0.000,  -0.000,   2.407)
  Velocity   : (  0.000,   0.000,  -0.096)
  Target Pos : ( -0.000,  -0.000,   2.498)
  Error      : (  0.000,   0.000,   0.091) = 0.091m
  PID Output : (  0.000,   0.000,   0.198) m/s
  Applied Force: (   0.00,   -0.00,    6.08) N (|F|=6.08N)
  ✅ Gravity compensation active (Fz > 0)
  Actual Vel: (  0.000,   0.000,   0.101) m/s
  ℹ️  Velocity differs from PID (hybrid physics integration active)
────────────────────────────────────────────────────────────────────────────────

[DBG CACHE] Frame 60: Updating cache with pos=(-0.000,-0.000,2.406)
[DBG ROS2] Publishing to /drone/odom: pos=(-0.000,-0.000,2.406)

────────────────────────────────────────────────────────────────────────────────
[FRAME 77] Δt = 1.00s
────────────────────────────────────────────────────────────────────────────────
  State      : Armed=True, Mode=LOITER
  Position   : ( -0.000,  -0.000,   2.402)
  Velocity   : (  0.000,   0.000,  -0.080)
  Target Pos : ( -0.000,  -0.000,   2.498)
  Error      : (  0.000,   0.000,   0.096) = 0.096m
  PID Output : (  0.000,   0.000,   0.216) m/s
  Applied Force: (  -0.00,   -0.00,    6.09) N (|F|=6.09N)
  ✅ Gravity compensation active (Fz > 0)
  Actual Vel: (  0.000,   0.000,   0.117) m/s
  ℹ️  Velocity differs from PID (hybrid physics integration active)
────────────────────────────────────────────────────────────────────────────────


────────────────────────────────────────────────────────────────────────────────
[FRAME 95] Δt = 1.00s
────────────────────────────────────────────────────────────────────────────────
  State      : Armed=True, Mode=LOITER
  Position   : ( -0.000,  -0.000,   2.402)
  Velocity   : (  0.000,  -0.000,  -0.071)
  Target Pos : ( -0.000,  -0.000,   2.498)
  Error      : (  0.000,   0.000,   0.096) = 0.096m
  PID Output : (  0.000,   0.000,   0.226) m/s
  Applied Force: (   0.00,    0.00,    6.09) N (|F|=6.09N)
  ✅ Gravity compensation active (Fz > 0)
  Actual Vel: (  0.000,  -0.000,   0.125) m/s
  ℹ️  Velocity differs from PID (hybrid physics integration active)
────────────────────────────────────────────────────────────────────────────────


────────────────────────────────────────────────────────────────────────────────
[FRAME 113] Δt = 1.00s
────────────────────────────────────────────────────────────────────────────────
  State      : Armed=True, Mode=LOITER
  Position   : ( -0.000,  -0.000,   2.403)
  Velocity   : (  0.000,  -0.000,  -0.067)
  Target Pos : ( -0.000,  -0.000,   2.498)
  Error      : (  0.000,   0.000,   0.094) = 0.094m
  PID Output : (  0.000,   0.000,   0.231) m/s
  Applied Force: (   0.00,    0.00,    6.10) N (|F|=6.10N)
  ✅ Gravity compensation active (Fz > 0)
  Actual Vel: (  0.000,  -0.000,   0.129) m/s
  ℹ️  Velocity differs from PID (hybrid physics integration active)
────────────────────────────────────────────────────────────────────────────────

[DBG CACHE] Frame 120: Updating cache with pos=(-0.000,-0.000,2.404)
[DBG ROS2] Publishing to /drone/odom: pos=(-0.000,-0.000,2.404)

────────────────────────────────────────────────────────────────────────────────
[FRAME 132] Δt = 1.00s
────────────────────────────────────────────────────────────────────────────────
  State      : Armed=True, Mode=LOITER
  Position   : ( -0.000,  -0.000,   2.406)
  Velocity   : (  0.000,  -0.000,  -0.065)
  Target Pos : ( -0.000,  -0.000,   2.498)
  Error      : (  0.000,   0.000,   0.091) = 0.091m
  PID Output : (  0.000,   0.000,   0.233) m/s
  Applied Force: (   0.00,    0.00,    6.10) N (|F|=6.10N)
  ✅ Gravity compensation active (Fz > 0)
  Actual Vel: (  0.000,  -0.000,   0.132) m/s
  ℹ️  Velocity differs from PID (hybrid physics integration active)
────────────────────────────────────────────────────────────────────────────────


────────────────────────────────────────────────────────────────────────────────
[FRAME 151] Δt = 1.00s
────────────────────────────────────────────────────────────────────────────────
  State      : Armed=True, Mode=LOITER
  Position   : ( -0.000,  -0.000,   2.410)
  Velocity   : (  0.000,  -0.000,  -0.064)
  Target Pos : ( -0.000,  -0.000,   2.498)
  Error      : (  0.000,   0.000,   0.088) = 0.088m
  PID Output : (  0.000,   0.000,   0.234) m/s
  Applied Force: (   0.00,    0.00,    6.10) N (|F|=6.10N)
  ✅ Gravity compensation active (Fz > 0)
  Actual Vel: (  0.000,  -0.000,   0.133) m/s
  ℹ️  Velocity differs from PID (hybrid physics integration active)
────────────────────────────────────────────────────────────────────────────────


────────────────────────────────────────────────────────────────────────────────
[FRAME 169] Δt = 1.00s
────────────────────────────────────────────────────────────────────────────────
  State      : Armed=True, Mode=LOITER
  Position   : ( -0.000,  -0.000,   2.414)
  Velocity   : (  0.000,  -0.000,  -0.063)
  Target Pos : ( -0.000,  -0.000,   2.498)
  Error      : (  0.000,   0.000,   0.084) = 0.084m
  PID Output : (  0.000,   0.000,   0.234) m/s
  Applied Force: (   0.00,    0.00,    6.10) N (|F|=6.10N)
  ✅ Gravity compensation active (Fz > 0)
  Actual Vel: (  0.000,  -0.000,   0.133) m/s
  ℹ️  Velocity differs from PID (hybrid physics integration active)
────────────────────────────────────────────────────────────────────────────────

[DBG CACHE] Frame 180: Updating cache with pos=(-0.000,-0.000,2.416)
[DBG ROS2] Publishing to /drone/odom: pos=(-0.000,-0.000,2.416)

────────────────────────────────────────────────────────────────────────────────
[FRAME 187] Δt = 1.00s
────────────────────────────────────────────────────────────────────────────────
  State      : Armed=True, Mode=LOITER
  Position   : ( -0.000,  -0.000,   2.417)
  Velocity   : (  0.000,  -0.000,  -0.063)
  Target Pos : ( -0.000,  -0.000,   2.498)
  Error      : (  0.000,   0.000,   0.080) = 0.080m
  PID Output : (  0.000,   0.000,   0.234) m/s
  Applied Force: (   0.00,    0.00,    6.10) N (|F|=6.10N)
  ✅ Gravity compensation active (Fz > 0)
  Actual Vel: (  0.000,  -0.000,   0.133) m/s
  ℹ️  Velocity differs from PID (hybrid physics integration active)
────────────────────────────────────────────────────────────────────────────────


────────────────────────────────────────────────────────────────────────────────
[FRAME 205] Δt = 1.00s
────────────────────────────────────────────────────────────────────────────────
  State      : Armed=True, Mode=LOITER
  Position   : ( -0.000,  -0.000,   2.421)
  Velocity   : (  0.000,  -0.000,  -0.064)
  Target Pos : ( -0.000,  -0.000,   2.498)
  Error      : (  0.000,   0.000,   0.077) = 0.077m
  PID Output : (  0.000,   0.000,   0.234) m/s
  Applied Force: (   0.00,    0.00,    6.09) N (|F|=6.09N)
  ✅ Gravity compensation active (Fz > 0)
  Actual Vel: (  0.000,  -0.000,   0.133) m/s
  ℹ️  Velocity differs from PID (hybrid physics integration active)
────────────────────────────────────────────────────────────────────────────────


────────────────────────────────────────────────────────────────────────────────
[FRAME 223] Δt = 1.00s
────────────────────────────────────────────────────────────────────────────────
  State      : Armed=True, Mode=LOITER
  Position   : ( -0.000,  -0.000,   2.424)
  Velocity   : (  0.000,  -0.000,  -0.064)
  Target Pos : ( -0.000,  -0.000,   2.498)
  Error      : (  0.000,   0.000,   0.073) = 0.073m
  PID Output : (  0.000,   0.000,   0.233) m/s
  Applied Force: (   0.00,    0.00,    6.09) N (|F|=6.09N)
  ✅ Gravity compensation active (Fz > 0)
  Actual Vel: (  0.000,  -0.000,   0.132) m/s
  ℹ️  Velocity differs from PID (hybrid physics integration active)
────────────────────────────────────────────────────────────────────────────────

[DBG CACHE] Frame 240: Updating cache with pos=(-0.000,-0.000,2.428)
[DBG ROS2] Publishing to /drone/odom: pos=(-0.000,-0.000,2.428)

────────────────────────────────────────────────────────────────────────────────
[FRAME 242] Δt = 1.00s
────────────────────────────────────────────────────────────────────────────────
  State      : Armed=True, Mode=LOITER
  Position   : ( -0.000,  -0.000,   2.428)
  Velocity   : (  0.000,  -0.000,  -0.064)
  Target Pos : ( -0.000,  -0.000,   2.498)
  Error      : (  0.000,   0.000,   0.069) = 0.069m
  PID Output : (  0.000,   0.000,   0.233) m/s
  Applied Force: (   0.00,    0.00,    6.09) N (|F|=6.09N)
  ✅ Gravity compensation active (Fz > 0)
  Actual Vel: (  0.000,  -0.000,   0.132) m/s
  ℹ️  Velocity differs from PID (hybrid physics integration active)
────────────────────────────────────────────────────────────────────────────────


────────────────────────────────────────────────────────────────────────────────
[FRAME 261] Δt = 1.00s
────────────────────────────────────────────────────────────────────────────────
  State      : Armed=True, Mode=LOITER
  Position   : ( -0.000,  -0.000,   2.432)
  Velocity   : (  0.000,  -0.000,  -0.065)
  Target Pos : ( -0.000,  -0.000,   2.498)
  Error      : (  0.000,   0.000,   0.066) = 0.066m
  PID Output : (  0.000,   0.000,   0.232) m/s
  Applied Force: (   0.00,    0.00,    6.09) N (|F|=6.09N)
  ✅ Gravity compensation active (Fz > 0)
  Actual Vel: (  0.000,  -0.000,   0.131) m/s
  ℹ️  Velocity differs from PID (hybrid physics integration active)
────────────────────────────────────────────────────────────────────────────────


────────────────────────────────────────────────────────────────────────────────
[FRAME 279] Δt = 1.00s
────────────────────────────────────────────────────────────────────────────────
  State      : Armed=True, Mode=LOITER
  Position   : ( -0.000,  -0.000,   2.435)
  Velocity   : (  0.000,  -0.000,  -0.065)
  Target Pos : ( -0.000,  -0.000,   2.498)
  Error      : (  0.000,   0.000,   0.063) = 0.063m
  PID Output : (  0.000,   0.000,   0.232) m/s
  Applied Force: (   0.00,    0.00,    6.09) N (|F|=6.09N)
  ✅ Gravity compensation active (Fz > 0)
  Actual Vel: (  0.000,  -0.000,   0.131) m/s
  ℹ️  Velocity differs from PID (hybrid physics integration active)
────────────────────────────────────────────────────────────────────────────────


────────────────────────────────────────────────────────────────────────────────
[FRAME 297] Δt = 1.00s
────────────────────────────────────────────────────────────────────────────────
  State      : Armed=True, Mode=LOITER
  Position   : ( -0.000,  -0.000,   2.438)
  Velocity   : (  0.000,   0.000,  -0.066)
  Target Pos : ( -0.000,  -0.000,   2.498)
  Error      : (  0.000,   0.000,   0.060) = 0.060m
  PID Output : (  0.000,   0.000,   0.231) m/s
  Applied Force: (   0.00,   -0.00,    6.09) N (|F|=6.09N)
  ✅ Gravity compensation active (Fz > 0)
  Actual Vel: (  0.000,   0.000,   0.131) m/s
  ℹ️  Velocity differs from PID (hybrid physics integration active)
────────────────────────────────────────────────────────────────────────────────

[DBG CACHE] Frame 300: Updating cache with pos=(-0.000,-0.000,2.438)
[DBG ROS2] Publishing to /drone/odom: pos=(-0.000,-0.000,2.438)

────────────────────────────────────────────────────────────────────────────────
[FRAME 316] Δt = 1.00s
────────────────────────────────────────────────────────────────────────────────
  State      : Armed=True, Mode=LOITER
  Position   : ( -0.000,  -0.000,   2.441)
  Velocity   : (  0.000,   0.000,  -0.066)
  Target Pos : ( -0.000,  -0.000,   2.498)
  Error      : (  0.000,   0.000,   0.057) = 0.057m
  PID Output : (  0.000,   0.000,   0.231) m/s
  Applied Force: (   0.00,   -0.00,    6.09) N (|F|=6.09N)
  ✅ Gravity compensation active (Fz > 0)
  Actual Vel: (  0.000,   0.000,   0.130) m/s
  ℹ️  Velocity differs from PID (hybrid physics integration active)
────────────────────────────────────────────────────────────────────────────────


────────────────────────────────────────────────────────────────────────────────
[FRAME 334] Δt = 1.00s
────────────────────────────────────────────────────────────────────────────────
  State      : Armed=True, Mode=LOITER
  Position   : ( -0.000,  -0.000,   2.443)
  Velocity   : (  0.000,  -0.000,  -0.066)
  Target Pos : ( -0.000,  -0.000,   2.498)
  Error      : (  0.000,   0.000,   0.054) = 0.054m
  PID Output : (  0.000,   0.000,   0.230) m/s
  Applied Force: (   0.00,    0.00,    6.09) N (|F|=6.09N)
  ✅ Gravity compensation active (Fz > 0)
  Actual Vel: (  0.000,  -0.000,   0.130) m/s
  ℹ️  Velocity differs from PID (hybrid physics integration active)
────────────────────────────────────────────────────────────────────────────────


────────────────────────────────────────────────────────────────────────────────
[FRAME 352] Δt = 1.00s
────────────────────────────────────────────────────────────────────────────────
  State      : Armed=True, Mode=LOITER
  Position   : ( -0.000,  -0.000,   2.446)
  Velocity   : (  0.000,  -0.000,  -0.067)
  Target Pos : ( -0.000,  -0.000,   2.498)
  Error      : (  0.000,   0.000,   0.052) = 0.052m
  PID Output : (  0.000,   0.000,   0.230) m/s
  Applied Force: (   0.00,    0.00,    6.09) N (|F|=6.09N)
  ✅ Gravity compensation active (Fz > 0)
  Actual Vel: (  0.000,  -0.000,   0.130) m/s
  ℹ️  Velocity differs from PID (hybrid physics integration active)
────────────────────────────────────────────────────────────────────────────────

[DBG CACHE] Frame 360: Updating cache with pos=(-0.000,-0.000,2.447)
[DBG ROS2] Publishing to /drone/odom: pos=(-0.000,-0.000,2.447)

────────────────────────────────────────────────────────────────────────────────
[FRAME 370] Δt = 1.00s
────────────────────────────────────────────────────────────────────────────────
  State      : Armed=True, Mode=LOITER
  Position   : ( -0.000,  -0.000,   2.448)
  Velocity   : (  0.000,   0.000,  -0.067)
  Target Pos : ( -0.000,  -0.000,   2.498)
  Error      : (  0.000,   0.000,   0.049) = 0.049m
  PID Output : (  0.000,   0.000,   0.229) m/s
  Applied Force: (   0.00,   -0.00,    6.09) N (|F|=6.09N)
  ✅ Gravity compensation active (Fz > 0)
  Actual Vel: (  0.000,   0.000,   0.129) m/s
  ℹ️  Velocity differs from PID (hybrid physics integration active)
────────────────────────────────────────────────────────────────────────────────


────────────────────────────────────────────────────────────────────────────────
[FRAME 388] Δt = 1.00s
────────────────────────────────────────────────────────────────────────────────
  State      : Armed=True, Mode=LOITER
  Position   : ( -0.000,  -0.000,   2.451)
  Velocity   : (  0.000,   0.000,  -0.067)
  Target Pos : ( -0.000,  -0.000,   2.498)
  Error      : (  0.000,   0.000,   0.047) = 0.047m
  PID Output : (  0.000,   0.000,   0.229) m/s
  Applied Force: (   0.00,   -0.00,    6.09) N (|F|=6.09N)
  ✅ Gravity compensation active (Fz > 0)
  Actual Vel: (  0.000,   0.000,   0.129) m/s
  ℹ️  Velocity differs from PID (hybrid physics integration active)
────────────────────────────────────────────────────────────────────────────────


────────────────────────────────────────────────────────────────────────────────
[FRAME 406] Δt = 1.00s
────────────────────────────────────────────────────────────────────────────────
  State      : Armed=True, Mode=LOITER
  Position   : ( -0.000,  -0.000,   2.453)
  Velocity   : (  0.000,   0.000,  -0.068)
  Target Pos : ( -0.000,  -0.000,   2.498)
  Error      : (  0.000,   0.000,   0.045) = 0.045m
  PID Output : (  0.000,   0.000,   0.228) m/s
  Applied Force: (   0.00,   -0.00,    6.09) N (|F|=6.09N)
  ✅ Gravity compensation active (Fz > 0)
  Actual Vel: (  0.000,   0.000,   0.129) m/s
  ℹ️  Velocity differs from PID (hybrid physics integration active)
────────────────────────────────────────────────────────────────────────────────

[DBG CACHE] Frame 420: Updating cache with pos=(-0.000,-0.000,2.455)
[DBG ROS2] Publishing to /drone/odom: pos=(-0.000,-0.000,2.455)

────────────────────────────────────────────────────────────────────────────────
[FRAME 425] Δt = 1.00s
────────────────────────────────────────────────────────────────────────────────
  State      : Armed=True, Mode=LOITER
  Position   : ( -0.000,  -0.000,   2.455)
  Velocity   : (  0.000,   0.000,  -0.068)
  Target Pos : ( -0.000,  -0.000,   2.498)
  Error      : (  0.000,   0.000,   0.042) = 0.042m
  PID Output : (  0.000,   0.000,   0.228) m/s
  Applied Force: (   0.00,   -0.00,    6.09) N (|F|=6.09N)
  ✅ Gravity compensation active (Fz > 0)
  Actual Vel: (  0.000,   0.000,   0.128) m/s
  ℹ️  Velocity differs from PID (hybrid physics integration active)
────────────────────────────────────────────────────────────────────────────────


────────────────────────────────────────────────────────────────────────────────
[FRAME 443] Δt = 1.00s
────────────────────────────────────────────────────────────────────────────────
  State      : Armed=True, Mode=LOITER
  Position   : ( -0.000,  -0.000,   2.457)
  Velocity   : (  0.000,  -0.000,  -0.068)
  Target Pos : ( -0.000,  -0.000,   2.498)
  Error      : (  0.000,   0.000,   0.040) = 0.040m
  PID Output : (  0.000,   0.000,   0.228) m/s
  Applied Force: (   0.00,    0.00,    6.09) N (|F|=6.09N)
  ✅ Gravity compensation active (Fz > 0)
  Actual Vel: (  0.000,  -0.000,   0.128) m/s
  ℹ️  Velocity differs from PID (hybrid physics integration active)
────────────────────────────────────────────────────────────────────────────────


────────────────────────────────────────────────────────────────────────────────
[FRAME 462] Δt = 1.00s
────────────────────────────────────────────────────────────────────────────────
  State      : Armed=True, Mode=LOITER
  Position   : ( -0.000,  -0.000,   2.459)
  Velocity   : (  0.000,  -0.000,  -0.068)
  Target Pos : ( -0.000,  -0.000,   2.498)
  Error      : (  0.000,   0.000,   0.038) = 0.038m
  PID Output : (  0.000,   0.000,   0.227) m/s
  Applied Force: (   0.00,    0.00,    6.09) N (|F|=6.09N)
  ✅ Gravity compensation active (Fz > 0)
  Actual Vel: (  0.000,  -0.000,   0.128) m/s
  ℹ️  Velocity differs from PID (hybrid physics integration active)
────────────────────────────────────────────────────────────────────────────────

[DBG CACHE] Frame 480: Updating cache with pos=(-0.000,-0.000,2.461)
[DBG ROS2] Publishing to /drone/odom: pos=(-0.000,-0.000,2.461)

────────────────────────────────────────────────────────────────────────────────
[FRAME 481] Δt = 1.00s
────────────────────────────────────────────────────────────────────────────────
  State      : Armed=True, Mode=LOITER
  Position   : ( -0.000,  -0.000,   2.461)
  Velocity   : (  0.000,  -0.000,  -0.069)
  Target Pos : ( -0.000,  -0.000,   2.498)
  Error      : (  0.000,   0.000,   0.036) = 0.036m
  PID Output : (  0.000,   0.000,   0.227) m/s
  Applied Force: (   0.00,    0.00,    6.09) N (|F|=6.09N)
  ✅ Gravity compensation active (Fz > 0)
  Actual Vel: (  0.000,  -0.000,   0.128) m/s
  ℹ️  Velocity differs from PID (hybrid physics integration active)
────────────────────────────────────────────────────────────────────────────────


────────────────────────────────────────────────────────────────────────────────
[FRAME 500] Δt = 1.00s
────────────────────────────────────────────────────────────────────────────────
  State      : Armed=True, Mode=LOITER
  Position   : ( -0.000,  -0.000,   2.463)
  Velocity   : (  0.000,  -0.000,  -0.069)
  Target Pos : ( -0.000,  -0.000,   2.498)
  Error      : (  0.000,   0.000,   0.035) = 0.035m
  PID Output : (  0.000,   0.000,   0.227) m/s
  Applied Force: (   0.00,    0.00,    6.09) N (|F|=6.09N)
  ✅ Gravity compensation active (Fz > 0)
  Actual Vel: (  0.000,  -0.000,   0.127) m/s
  ℹ️  Velocity differs from PID (hybrid physics integration active)
────────────────────────────────────────────────────────────────────────────────


────────────────────────────────────────────────────────────────────────────────
[FRAME 518] Δt = 1.00s
────────────────────────────────────────────────────────────────────────────────
  State      : Armed=True, Mode=LOITER
  Position   : ( -0.000,  -0.000,   2.465)
  Velocity   : (  0.000,   0.000,  -0.069)
  Target Pos : ( -0.000,  -0.000,   2.498)
  Error      : (  0.000,   0.000,   0.033) = 0.033m
  PID Output : (  0.000,   0.000,   0.226) m/s
  Applied Force: (   0.00,   -0.00,    6.09) N (|F|=6.09N)
  ✅ Gravity compensation active (Fz > 0)
  Actual Vel: (  0.000,   0.000,   0.127) m/s
  ℹ️  Velocity differs from PID (hybrid physics integration active)
────────────────────────────────────────────────────────────────────────────────


********************************************************************************
[ARM EVENT] Drone ARMED
********************************************************************************


────────────────────────────────────────────────────────────────────────────────
[FRAME 536] Δt = 1.00s
────────────────────────────────────────────────────────────────────────────────
  State      : Armed=True, Mode=LOITER
  Position   : ( -0.000,  -0.000,   2.466)
  Velocity   : (  0.000,   0.000,  -0.069)
  Target Pos : ( -0.000,  -0.000,   2.498)
  Error      : (  0.000,   0.000,   0.031) = 0.031m
  PID Output : (  0.000,   0.000,   0.226) m/s
  Applied Force: (   0.00,   -0.00,    6.09) N (|F|=6.09N)
  ✅ Gravity compensation active (Fz > 0)
  Actual Vel: (  0.000,   0.000,   0.127) m/s
  ℹ️  Velocity differs from PID (hybrid physics integration active)
────────────────────────────────────────────────────────────────────────────────

[DBG CACHE] Frame 540: Updating cache with pos=(-0.000,-0.000,2.466)
[DBG ROS2] Publishing to /drone/odom: pos=(-0.000,-0.000,2.466)

────────────────────────────────────────────────────────────────────────────────
[FRAME 554] Δt = 1.00s
────────────────────────────────────────────────────────────────────────────────
  State      : Armed=True, Mode=LOITER
  Position   : ( -0.000,  -0.000,   2.468)
  Velocity   : (  0.000,   0.000,  -0.070)
  Target Pos : ( -0.000,  -0.000,   2.498)
  Error      : (  0.000,   0.000,   0.030) = 0.030m
  PID Output : (  0.000,   0.000,   0.226) m/s
  Applied Force: (   0.00,   -0.00,    6.09) N (|F|=6.09N)
  ✅ Gravity compensation active (Fz > 0)
  Actual Vel: (  0.000,   0.000,   0.127) m/s
  ℹ️  Velocity differs from PID (hybrid physics integration active)
────────────────────────────────────────────────────────────────────────────────


────────────────────────────────────────────────────────────────────────────────
[FRAME 572] Δt = 1.00s
────────────────────────────────────────────────────────────────────────────────
  State      : Armed=True, Mode=LOITER
  Position   : ( -0.000,  -0.000,   2.469)
  Velocity   : (  0.000,   0.000,  -0.070)
  Target Pos : ( -0.000,  -0.000,   2.498)
  Error      : (  0.000,   0.000,   0.029) = 0.029m
  PID Output : (  0.000,   0.000,   0.225) m/s
  Applied Force: (   0.00,   -0.00,    6.09) N (|F|=6.09N)
  ✅ Gravity compensation active (Fz > 0)
  Actual Vel: (  0.000,   0.000,   0.126) m/s
  ℹ️  Velocity differs from PID (hybrid physics integration active)
────────────────────────────────────────────────────────────────────────────────


────────────────────────────────────────────────────────────────────────────────
[FRAME 590] Δt = 1.00s
────────────────────────────────────────────────────────────────────────────────
  State      : Armed=True, Mode=LOITER
  Position   : ( -0.000,  -0.000,   2.470)
  Velocity   : (  0.000,  -0.000,  -0.070)
  Target Pos : ( -0.000,  -0.000,   2.498)
  Error      : (  0.000,   0.000,   0.027) = 0.027m
  PID Output : (  0.000,   0.000,   0.225) m/s
  Applied Force: (   0.00,    0.00,    6.09) N (|F|=6.09N)
  ✅ Gravity compensation active (Fz > 0)
  Actual Vel: (  0.000,  -0.000,   0.126) m/s
  ℹ️  Velocity differs from PID (hybrid physics integration active)
────────────────────────────────────────────────────────────────────────────────

[DBG CACHE] Frame 600: Updating cache with pos=(-0.000,-0.000,2.471)
[DBG ROS2] Publishing to /drone/odom: pos=(-0.000,-0.000,2.471)

────────────────────────────────────────────────────────────────────────────────
[FRAME 608] Δt = 1.00s
────────────────────────────────────────────────────────────────────────────────
  State      : Armed=True, Mode=LOITER
  Position   : ( -0.000,  -0.000,   2.472)
  Velocity   : (  0.000,  -0.000,  -0.070)
  Target Pos : ( -0.000,  -0.000,   2.498)
  Error      : (  0.000,   0.000,   0.026) = 0.026m
  PID Output : (  0.000,   0.000,   0.225) m/s
  Applied Force: (   0.00,    0.00,    6.08) N (|F|=6.08N)
  ✅ Gravity compensation active (Fz > 0)
  Actual Vel: (  0.000,  -0.000,   0.126) m/s
  ℹ️  Velocity differs from PID (hybrid physics integration active)
────────────────────────────────────────────────────────────────────────────────


────────────────────────────────────────────────────────────────────────────────
[FRAME 626] Δt = 1.00s
────────────────────────────────────────────────────────────────────────────────
  State      : Armed=True, Mode=LOITER
  Position   : ( -0.000,  -0.000,   2.473)
  Velocity   : (  0.000,  -0.000,  -0.070)
  Target Pos : ( -0.000,  -0.000,   2.498)
  Error      : (  0.000,   0.000,   0.025) = 0.025m
  PID Output : (  0.000,   0.000,   0.225) m/s
  Applied Force: (   0.00,    0.00,    6.08) N (|F|=6.08N)
  ✅ Gravity compensation active (Fz > 0)
  Actual Vel: (  0.000,  -0.000,   0.126) m/s
  ℹ️  Velocity differs from PID (hybrid physics integration active)
────────────────────────────────────────────────────────────────────────────────

[Drone drone] Target position: (-0.00, -0.00, 1.50)
[Drone drone] Mode: LOITER → POSITION
[SAFETY] Takeoff service executed:
  Mode: POSITION
  Target: (-0.000, -0.000, 1.500)
  Current: (-0.000, -0.000, 2.473)

────────────────────────────────────────────────────────────────────────────────
[FRAME 644] Δt = 1.00s
────────────────────────────────────────────────────────────────────────────────
  State      : Armed=True, Mode=POSITION
  Position   : ( -0.000,  -0.000,   2.165)
  Velocity   : (  0.000,   0.000,  -1.254)
  Target Pos : ( -0.000,  -0.000,   1.500)
  Error      : (  0.000,   0.000,  -0.665) = 0.665m
  PID Output : (  0.000,   0.000,  -1.404) m/s
  Applied Force: (   0.00,   -0.00,    4.30) N (|F|=4.30N)
  ✅ Gravity compensation active (Fz > 0)
  Actual Vel: (  0.000,   0.000,  -1.055) m/s
  ℹ️  Velocity differs from PID (hybrid physics integration active)
  ⚠️  WARNING: Large altitude error (0.66m)
────────────────────────────────────────────────────────────────────────────────

[DBG CACHE] Frame 660: Updating cache with pos=(-0.000,-0.000,1.833)
[DBG ROS2] Publishing to /drone/odom: pos=(-0.000,-0.000,1.833)

────────────────────────────────────────────────────────────────────────────────
[FRAME 662] Δt = 1.00s
────────────────────────────────────────────────────────────────────────────────
  State      : Armed=True, Mode=POSITION
  Position   : ( -0.000,  -0.000,   1.800)
  Velocity   : (  0.000,   0.000,  -0.881)
  Target Pos : ( -0.000,  -0.000,   1.500)
  Error      : (  0.000,   0.000,  -0.300) = 0.300m
  PID Output : (  0.000,   0.000,  -0.716) m/s
  Applied Force: (   0.00,   -0.00,    5.57) N (|F|=5.57N)
  ✅ Gravity compensation active (Fz > 0)
  Actual Vel: (  0.000,   0.000,  -0.661) m/s
  ℹ️  Velocity differs from PID (hybrid physics integration active)
────────────────────────────────────────────────────────────────────────────────


────────────────────────────────────────────────────────────────────────────────
[FRAME 681] Δt = 1.00s
────────────────────────────────────────────────────────────────────────────────
  State      : Armed=True, Mode=POSITION
  Position   : ( -0.000,  -0.000,   1.573)
  Velocity   : (  0.000,  -0.000,  -0.512)
  Target Pos : ( -0.000,  -0.000,   1.500)
  Error      : (  0.000,   0.000,  -0.073) = 0.073m
  PID Output : (  0.000,   0.000,  -0.278) m/s
  Applied Force: (   0.00,    0.00,    5.84) N (|F|=5.84N)
  ✅ Gravity compensation active (Fz > 0)
  Actual Vel: (  0.000,  -0.000,  -0.301) m/s
  ℹ️  Velocity differs from PID (hybrid physics integration active)
────────────────────────────────────────────────────────────────────────────────


────────────────────────────────────────────────────────────────────────────────
[FRAME 700] Δt = 1.00s
────────────────────────────────────────────────────────────────────────────────
  State      : Armed=True, Mode=POSITION
  Position   : ( -0.000,  -0.000,   1.453)
  Velocity   : (  0.000,  -0.000,  -0.302)
  Target Pos : ( -0.000,  -0.000,   1.500)
  Error      : (  0.000,   0.000,   0.047) = 0.047m
  PID Output : (  0.000,   0.000,  -0.036) m/s
  Applied Force: (   0.00,    0.00,    5.97) N (|F|=5.97N)
  ✅ Gravity compensation active (Fz > 0)
  Actual Vel: (  0.000,  -0.000,  -0.098) m/s
  ℹ️  Velocity differs from PID (hybrid physics integration active)
────────────────────────────────────────────────────────────────────────────────


────────────────────────────────────────────────────────────────────────────────
[FRAME 718] Δt = 1.00s
────────────────────────────────────────────────────────────────────────────────
  State      : Armed=True, Mode=POSITION
  Position   : ( -0.000,  -0.000,   1.393)
  Velocity   : (  0.000,  -0.000,  -0.192)
  Target Pos : ( -0.000,  -0.000,   1.500)
  Error      : (  0.000,   0.000,   0.107) = 0.107m
  PID Output : (  0.000,   0.000,   0.090) m/s
  Applied Force: (   0.00,    0.00,    6.03) N (|F|=6.03N)
  ✅ Gravity compensation active (Fz > 0)
  Actual Vel: (  0.000,  -0.000,   0.009) m/s
  ℹ️  Velocity differs from PID (hybrid physics integration active)
────────────────────────────────────────────────────────────────────────────────

[DBG CACHE] Frame 720: Updating cache with pos=(-0.000,-0.000,1.389)
[DBG ROS2] Publishing to /drone/odom: pos=(-0.000,-0.000,1.389)

────────────────────────────────────────────────────────────────────────────────
[FRAME 736] Δt = 1.00s
────────────────────────────────────────────────────────────────────────────────
  State      : Armed=True, Mode=POSITION
  Position   : ( -0.000,  -0.000,   1.363)
  Velocity   : (  0.000,  -0.000,  -0.130)
  Target Pos : ( -0.000,  -0.000,   1.500)
  Error      : (  0.000,   0.000,   0.137) = 0.137m
  PID Output : (  0.000,   0.000,   0.161) m/s
  Applied Force: (   0.00,    0.00,    6.07) N (|F|=6.07N)
  ✅ Gravity compensation active (Fz > 0)
  Actual Vel: (  0.000,  -0.000,   0.068) m/s
  ℹ️  Velocity differs from PID (hybrid physics integration active)
────────────────────────────────────────────────────────────────────────────────


────────────────────────────────────────────────────────────────────────────────
[FRAME 755] Δt = 1.00s
────────────────────────────────────────────────────────────────────────────────
  State      : Armed=True, Mode=POSITION
  Position   : ( -0.000,  -0.000,   1.350)
  Velocity   : (  0.000,  -0.000,  -0.094)
  Target Pos : ( -0.000,  -0.000,   1.500)
  Error      : (  0.000,   0.000,   0.150) = 0.150m
  PID Output : (  0.000,   0.000,   0.201) m/s
  Applied Force: (   0.00,    0.00,    6.09) N (|F|=6.09N)
  ✅ Gravity compensation active (Fz > 0)
  Actual Vel: (  0.000,  -0.000,   0.103) m/s
  ℹ️  Velocity differs from PID (hybrid physics integration active)
────────────────────────────────────────────────────────────────────────────────


────────────────────────────────────────────────────────────────────────────────
[FRAME 774] Δt = 1.00s
────────────────────────────────────────────────────────────────────────────────
  State      : Armed=True, Mode=POSITION
  Position   : ( -0.000,  -0.000,   1.346)
  Velocity   : (  0.000,  -0.000,  -0.075)
  Target Pos : ( -0.000,  -0.000,   1.500)
  Error      : (  0.000,   0.000,   0.154) = 0.154m
  PID Output : (  0.000,   0.000,   0.223) m/s
  Applied Force: (   0.00,    0.00,    6.10) N (|F|=6.10N)
  ✅ Gravity compensation active (Fz > 0)
  Actual Vel: (  0.000,  -0.000,   0.122) m/s
  ℹ️  Velocity differs from PID (hybrid physics integration active)
────────────────────────────────────────────────────────────────────────────────

[DBG CACHE] Frame 780: Updating cache with pos=(-0.000,-0.000,1.346)
[DBG ROS2] Publishing to /drone/odom: pos=(-0.000,-0.000,1.346)

────────────────────────────────────────────────────────────────────────────────
[FRAME 793] Δt = 1.00s
────────────────────────────────────────────────────────────────────────────────
  State      : Armed=True, Mode=POSITION
  Position   : ( -0.000,  -0.000,   1.347)
  Velocity   : (  0.000,  -0.000,  -0.065)
  Target Pos : ( -0.000,  -0.000,   1.500)
  Error      : (  0.000,   0.000,   0.153) = 0.153m
  PID Output : (  0.000,   0.000,   0.234) m/s
  Applied Force: (   0.00,    0.00,    6.10) N (|F|=6.10N)
  ✅ Gravity compensation active (Fz > 0)
  Actual Vel: (  0.000,  -0.000,   0.131) m/s
  ℹ️  Velocity differs from PID (hybrid physics integration active)
────────────────────────────────────────────────────────────────────────────────

[Drone drone] Target position: (1.00, 0.50, 1.85)

────────────────────────────────────────────────────────────────────────────────
[FRAME 811] Δt = 1.00s
────────────────────────────────────────────────────────────────────────────────
  State      : Armed=True, Mode=POSITION
  Position   : (  0.003,   0.002,   1.353)
  Velocity   : (  0.152,   0.076,   0.029)
  Target Pos : (  1.000,   0.500,   1.851)
  Error      : (  0.997,   0.498,   0.498) = 1.221m
  PID Output : (  1.200,   0.600,   0.941) m/s
  Applied Force: (   4.19,    2.09,    8.56) N (|F|=9.75N)
  ✅ Gravity compensation active (Fz > 0)
  Actual Vel: (  0.277,   0.139,   0.298) m/s
  ℹ️  Velocity differs from PID (hybrid physics integration active)
────────────────────────────────────────────────────────────────────────────────


────────────────────────────────────────────────────────────────────────────────
[FRAME 829] Δt = 1.00s
────────────────────────────────────────────────────────────────────────────────
  State      : Armed=True, Mode=POSITION
  Position   : (  0.233,   0.116,   1.487)
  Velocity   : (  0.722,   0.361,   0.322)
  Target Pos : (  1.000,   0.500,   1.851)
  Error      : (  0.767,   0.384,   0.364) = 0.932m
  PID Output : (  0.950,   0.475,   0.712) m/s
  Applied Force: (   0.91,    0.46,    6.46) N (|F|=6.54N)
  ✅ Gravity compensation active (Fz > 0)
  Actual Vel: (  0.714,   0.357,   0.511) m/s
  ℹ️  Velocity differs from PID (hybrid physics integration active)
────────────────────────────────────────────────────────────────────────────────

[DBG CACHE] Frame 840: Updating cache with pos=(0.380,0.190,1.563)
[DBG ROS2] Publishing to /drone/odom: pos=(0.380,0.190,1.563)

────────────────────────────────────────────────────────────────────────────────
[FRAME 847] Δt = 1.00s
────────────────────────────────────────────────────────────────────────────────
  State      : Armed=True, Mode=POSITION
  Position   : (  0.461,   0.231,   1.601)
  Velocity   : (  0.551,   0.276,   0.174)
  Target Pos : (  1.000,   0.500,   1.851)
  Error      : (  0.539,   0.269,   0.250) = 0.652m
  PID Output : (  0.695,   0.347,   0.510) m/s
  Applied Force: (   0.57,    0.29,    6.25) N (|F|=6.28N)
  ✅ Gravity compensation active (Fz > 0)
  Actual Vel: (  0.542,   0.271,   0.364) m/s
  ℹ️  Velocity differs from PID (hybrid physics integration active)
────────────────────────────────────────────────────────────────────────────────


────────────────────────────────────────────────────────────────────────────────
[FRAME 865] Δt = 1.00s
────────────────────────────────────────────────────────────────────────────────
  State      : Armed=True, Mode=POSITION
  Position   : (  0.630,   0.315,   1.669)
  Velocity   : (  0.402,   0.201,   0.073)
  Target Pos : (  1.000,   0.500,   1.851)
  Error      : (  0.370,   0.185,   0.181) = 0.451m
  PID Output : (  0.505,   0.253,   0.392) m/s
  Applied Force: (   0.41,    0.21,    6.18) N (|F|=6.20N)
  ✅ Gravity compensation active (Fz > 0)
  Actual Vel: (  0.395,   0.197,   0.265) m/s
  ℹ️  Velocity differs from PID (hybrid physics integration active)
────────────────────────────────────────────────────────────────────────────────


────────────────────────────────────────────────────────────────────────────────
[FRAME 883] Δt = 1.00s
────────────────────────────────────────────────────────────────────────────────
  State      : Armed=True, Mode=POSITION
  Position   : (  0.753,   0.377,   1.710)
  Velocity   : (  0.292,   0.146,   0.015)
  Target Pos : (  1.000,   0.500,   1.851)
  Error      : (  0.247,   0.123,   0.141) = 0.310m
  PID Output : (  0.367,   0.183,   0.324) m/s
  Applied Force: (   0.30,    0.15,    6.14) N (|F|=6.15N)
  ✅ Gravity compensation active (Fz > 0)
  Actual Vel: (  0.287,   0.143,   0.208) m/s
  ℹ️  Velocity differs from PID (hybrid physics integration active)
────────────────────────────────────────────────────────────────────────────────

[DBG CACHE] Frame 900: Updating cache with pos=(0.838,0.419,1.734)
[DBG ROS2] Publishing to /drone/odom: pos=(0.838,0.419,1.734)

────────────────────────────────────────────────────────────────────────────────
[FRAME 901] Δt = 1.00s
────────────────────────────────────────────────────────────────────────────────
  State      : Armed=True, Mode=POSITION
  Position   : (  0.842,   0.421,   1.735)
  Velocity   : (  0.212,   0.106,  -0.019)
  Target Pos : (  1.000,   0.500,   1.851)
  Error      : (  0.158,   0.079,   0.116) = 0.211m
  PID Output : (  0.265,   0.133,   0.286) m/s
  Applied Force: (   0.22,    0.11,    6.12) N (|F|=6.13N)
  ✅ Gravity compensation active (Fz > 0)
  Actual Vel: (  0.208,   0.104,   0.176) m/s
  ℹ️  Velocity differs from PID (hybrid physics integration active)
────────────────────────────────────────────────────────────────────────────────


────────────────────────────────────────────────────────────────────────────────
[FRAME 920] Δt = 1.00s
────────────────────────────────────────────────────────────────────────────────
  State      : Armed=True, Mode=POSITION
  Position   : (  0.910,   0.455,   1.752)
  Velocity   : (  0.150,   0.075,  -0.039)
  Target Pos : (  1.000,   0.500,   1.851)
  Error      : (  0.090,   0.045,   0.099) = 0.142m
  PID Output : (  0.188,   0.094,   0.263) m/s
  Applied Force: (   0.15,    0.08,    6.11) N (|F|=6.11N)
  ✅ Gravity compensation active (Fz > 0)
  Actual Vel: (  0.148,   0.074,   0.157) m/s
  ℹ️  Velocity differs from PID (hybrid physics integration active)
────────────────────────────────────────────────────────────────────────────────


────────────────────────────────────────────────────────────────────────────────
[FRAME 938] Δt = 1.00s
────────────────────────────────────────────────────────────────────────────────
  State      : Armed=True, Mode=POSITION
  Position   : (  0.955,   0.478,   1.762)
  Velocity   : (  0.108,   0.054,  -0.049)
  Target Pos : (  1.000,   0.500,   1.851)
  Error      : (  0.045,   0.022,   0.089) = 0.102m
  PID Output : (  0.135,   0.068,   0.250) m/s
  Applied Force: (   0.11,    0.05,    6.10) N (|F|=6.10N)
  ✅ Gravity compensation active (Fz > 0)
  Actual Vel: (  0.106,   0.053,   0.146) m/s
  ℹ️  Velocity differs from PID (hybrid physics integration active)
────────────────────────────────────────────────────────────────────────────────


────────────────────────────────────────────────────────────────────────────────
[FRAME 956] Δt = 1.00s
────────────────────────────────────────────────────────────────────────────────
  State      : Armed=True, Mode=POSITION
  Position   : (  0.988,   0.494,   1.769)
  Velocity   : (  0.077,   0.039,  -0.056)
  Target Pos : (  1.000,   0.500,   1.851)
  Error      : (  0.012,   0.006,   0.082) = 0.083m
  PID Output : (  0.097,   0.048,   0.243) m/s
  Applied Force: (   0.08,    0.04,    6.10) N (|F|=6.10N)
  ✅ Gravity compensation active (Fz > 0)
  Actual Vel: (  0.076,   0.038,   0.140) m/s
  ℹ️  Velocity differs from PID (hybrid physics integration active)
────────────────────────────────────────────────────────────────────────────────

[DBG CACHE] Frame 960: Updating cache with pos=(0.994,0.497,1.771)
[DBG ROS2] Publishing to /drone/odom: pos=(0.994,0.497,1.771)

────────────────────────────────────────────────────────────────────────────────
[FRAME 974] Δt = 1.00s
────────────────────────────────────────────────────────────────────────────────
  State      : Armed=True, Mode=POSITION
  Position   : (  1.012,   0.506,   1.775)
  Velocity   : (  0.055,   0.028,  -0.059)
  Target Pos : (  1.000,   0.500,   1.851)
  Error      : ( -0.012,  -0.006,   0.076) = 0.077m
  PID Output : (  0.069,   0.034,   0.239) m/s
  Applied Force: (   0.05,    0.03,    6.10) N (|F|=6.10N)
  ✅ Gravity compensation active (Fz > 0)
  Actual Vel: (  0.054,   0.027,   0.137) m/s
  ℹ️  Velocity differs from PID (hybrid physics integration active)
────────────────────────────────────────────────────────────────────────────────


────────────────────────────────────────────────────────────────────────────────
[FRAME 993] Δt = 1.00s
────────────────────────────────────────────────────────────────────────────────
  State      : Armed=True, Mode=POSITION
  Position   : (  1.029,   0.514,   1.780)
  Velocity   : (  0.038,   0.019,  -0.062)
  Target Pos : (  1.000,   0.500,   1.851)
  Error      : ( -0.029,  -0.014,   0.071) = 0.078m
  PID Output : (  0.047,   0.024,   0.236) m/s
  Applied Force: (   0.04,    0.02,    6.10) N (|F|=6.10N)
  ✅ Gravity compensation active (Fz > 0)
  Actual Vel: (  0.037,   0.019,   0.134) m/s
  ℹ️  Velocity differs from PID (hybrid physics integration active)
────────────────────────────────────────────────────────────────────────────────


────────────────────────────────────────────────────────────────────────────────
[FRAME 1012] Δt = 1.00s
────────────────────────────────────────────────────────────────────────────────
  State      : Armed=True, Mode=POSITION
  Position   : (  1.041,   0.520,   1.784)
  Velocity   : (  0.026,   0.013,  -0.063)
  Target Pos : (  1.000,   0.500,   1.851)
  Error      : ( -0.041,  -0.020,   0.067) = 0.081m
  PID Output : (  0.032,   0.016,   0.234) m/s
  Applied Force: (   0.02,    0.01,    6.09) N (|F|=6.09N)
  ✅ Gravity compensation active (Fz > 0)
  Actual Vel: (  0.025,   0.013,   0.133) m/s
  ℹ️  Velocity differs from PID (hybrid physics integration active)
────────────────────────────────────────────────────────────────────────────────

[DBG CACHE] Frame 1020: Updating cache with pos=(1.044,0.522,1.786)
[DBG ROS2] Publishing to /drone/odom: pos=(1.044,0.522,1.786)

────────────────────────────────────────────────────────────────────────────────
[FRAME 1031] Δt = 1.00s
────────────────────────────────────────────────────────────────────────────────
  State      : Armed=True, Mode=POSITION
  Position   : (  1.049,   0.524,   1.788)
  Velocity   : (  0.017,   0.009,  -0.064)
  Target Pos : (  1.000,   0.500,   1.851)
  Error      : ( -0.049,  -0.024,   0.063) = 0.083m
  PID Output : (  0.021,   0.010,   0.233) m/s
  Applied Force: (   0.01,    0.01,    6.09) N (|F|=6.09N)
  ✅ Gravity compensation active (Fz > 0)
  Actual Vel: (  0.017,   0.008,   0.132) m/s
  ℹ️  Velocity differs from PID (hybrid physics integration active)
────────────────────────────────────────────────────────────────────────────────


────────────────────────────────────────────────────────────────────────────────
[FRAME 1050] Δt = 1.00s
────────────────────────────────────────────────────────────────────────────────
  State      : Armed=True, Mode=POSITION
  Position   : (  1.054,   0.527,   1.791)
  Velocity   : (  0.011,   0.005,  -0.065)
  Target Pos : (  1.000,   0.500,   1.851)
  Error      : ( -0.054,  -0.027,   0.060) = 0.085m
  PID Output : (  0.013,   0.006,   0.232) m/s
  Applied Force: (   0.01,    0.00,    6.09) N (|F|=6.09N)
  ✅ Gravity compensation active (Fz > 0)
  Actual Vel: (  0.011,   0.005,   0.131) m/s
  ℹ️  Velocity differs from PID (hybrid physics integration active)
────────────────────────────────────────────────────────────────────────────────


────────────────────────────────────────────────────────────────────────────────
[FRAME 1069] Δt = 1.00s
────────────────────────────────────────────────────────────────────────────────
  State      : Armed=True, Mode=POSITION
  Position   : (  1.057,   0.529,   1.794)
  Velocity   : (  0.006,   0.003,  -0.066)
  Target Pos : (  1.000,   0.500,   1.851)
  Error      : ( -0.057,  -0.029,   0.057) = 0.085m
  PID Output : (  0.007,   0.004,   0.231) m/s
  Applied Force: (   0.00,    0.00,    6.09) N (|F|=6.09N)
  ✅ Gravity compensation active (Fz > 0)
  Actual Vel: (  0.006,   0.003,   0.130) m/s
  ℹ️  Velocity differs from PID (hybrid physics integration active)
────────────────────────────────────────────────────────────────────────────────

[DBG CACHE] Frame 1080: Updating cache with pos=(1.058,0.529,1.796)
[DBG ROS2] Publishing to /drone/odom: pos=(1.058,0.529,1.796)
[Drone drone] Mode: POSITION → LANDING

────────────────────────────────────────────────────────────────────────────────
[FRAME 1087] Δt = 1.00s
────────────────────────────────────────────────────────────────────────────────
  State      : Armed=True, Mode=LANDING
  Position   : (  1.059,   0.529,   1.776)
  Velocity   : (  0.001,   0.001,  -0.328)
  Target Pos : (  1.000,   0.500,   1.851)
  Error      : ( -0.059,  -0.029,   0.075) = 0.100m
  PID Output : (  0.000,   0.000,  -0.300) m/s
  Applied Force: (  -0.01,   -0.00,    5.02) N (|F|=5.02N)
  Actual Vel: (  0.001,   0.001,  -0.153) m/s
  ℹ️  Velocity differs from PID (hybrid physics integration active)
────────────────────────────────────────────────────────────────────────────────


────────────────────────────────────────────────────────────────────────────────
[FRAME 1106] Δt = 1.00s
────────────────────────────────────────────────────────────────────────────────
  State      : Armed=True, Mode=LANDING
  Position   : (  1.059,   0.529,   1.645)
  Velocity   : (  0.000,   0.000,  -0.444)
  Target Pos : (  1.000,   0.500,   1.851)
  Error      : ( -0.059,  -0.029,   0.206) = 0.216m
  PID Output : (  0.000,   0.000,  -0.300) m/s
  Applied Force: (  -0.00,   -0.00,    5.48) N (|F|=5.48N)
  Actual Vel: (  0.000,   0.000,  -0.248) m/s
  ℹ️  Velocity differs from PID (hybrid physics integration active)
────────────────────────────────────────────────────────────────────────────────


────────────────────────────────────────────────────────────────────────────────
[FRAME 1125] Δt = 1.00s
────────────────────────────────────────────────────────────────────────────────
  State      : Armed=True, Mode=LANDING
  Position   : (  1.059,   0.529,   1.503)
  Velocity   : (  0.000,   0.000,  -0.446)
  Target Pos : (  1.000,   0.500,   1.851)
  Error      : ( -0.059,  -0.029,   0.348) = 0.354m
  PID Output : (  0.000,   0.000,  -0.300) m/s
  Applied Force: (  -0.00,   -0.00,    5.49) N (|F|=5.49N)
  Actual Vel: (  0.000,   0.000,  -0.250) m/s
  ℹ️  Velocity differs from PID (hybrid physics integration active)
────────────────────────────────────────────────────────────────────────────────

[DBG CACHE] Frame 1140: Updating cache with pos=(1.059,0.529,1.391)
[DBG ROS2] Publishing to /drone/odom: pos=(1.059,0.529,1.391)

────────────────────────────────────────────────────────────────────────────────
[FRAME 1143] Δt = 1.00s
────────────────────────────────────────────────────────────────────────────────
  State      : Armed=True, Mode=LANDING
  Position   : (  1.059,   0.529,   1.369)
  Velocity   : (  0.000,   0.000,  -0.446)
  Target Pos : (  1.000,   0.500,   1.851)
  Error      : ( -0.059,  -0.029,   0.482) = 0.486m
  PID Output : (  0.000,   0.000,  -0.300) m/s
  Applied Force: (  -0.00,   -0.00,    5.49) N (|F|=5.49N)
  Actual Vel: (  0.000,   0.000,  -0.250) m/s
  ℹ️  Velocity differs from PID (hybrid physics integration active)
────────────────────────────────────────────────────────────────────────────────


────────────────────────────────────────────────────────────────────────────────
[FRAME 1161] Δt = 1.00s
────────────────────────────────────────────────────────────────────────────────
  State      : Armed=True, Mode=LANDING
  Position   : (  1.059,   0.529,   1.235)
  Velocity   : (  0.000,  -0.000,  -0.446)
  Target Pos : (  1.000,   0.500,   1.851)
  Error      : ( -0.059,  -0.029,   0.616) = 0.620m
  PID Output : (  0.000,   0.000,  -0.300) m/s
  Applied Force: (  -0.00,    0.00,    5.49) N (|F|=5.49N)
  Actual Vel: (  0.000,  -0.000,  -0.250) m/s
  ℹ️  Velocity differs from PID (hybrid physics integration active)
────────────────────────────────────────────────────────────────────────────────


────────────────────────────────────────────────────────────────────────────────
[FRAME 1179] Δt = 1.00s
────────────────────────────────────────────────────────────────────────────────
  State      : Armed=True, Mode=LANDING
  Position   : (  1.059,   0.529,   1.100)
  Velocity   : ( -0.000,   0.000,  -0.446)
  Target Pos : (  1.000,   0.500,   1.851)
  Error      : ( -0.059,  -0.029,   0.750) = 0.753m
  PID Output : (  0.000,   0.000,  -0.300) m/s
  Applied Force: (   0.00,   -0.00,    5.49) N (|F|=5.49N)
  Actual Vel: ( -0.000,   0.000,  -0.250) m/s
  ℹ️  Velocity differs from PID (hybrid physics integration active)
────────────────────────────────────────────────────────────────────────────────


────────────────────────────────────────────────────────────────────────────────
[FRAME 1197] Δt = 1.00s
────────────────────────────────────────────────────────────────────────────────
  State      : Armed=True, Mode=LANDING
  Position   : (  1.059,   0.529,   0.966)
  Velocity   : (  0.000,  -0.000,  -0.446)
  Target Pos : (  1.000,   0.500,   1.851)
  Error      : ( -0.059,  -0.029,   0.885) = 0.887m
  PID Output : (  0.000,   0.000,  -0.300) m/s
  Applied Force: (  -0.00,    0.00,    5.49) N (|F|=5.49N)
  Actual Vel: (  0.000,  -0.000,  -0.250) m/s
  ℹ️  Velocity differs from PID (hybrid physics integration active)
────────────────────────────────────────────────────────────────────────────────

[DBG CACHE] Frame 1200: Updating cache with pos=(1.059,0.529,0.944)
[DBG ROS2] Publishing to /drone/odom: pos=(1.059,0.529,0.944)

────────────────────────────────────────────────────────────────────────────────
[FRAME 1216] Δt = 1.00s
────────────────────────────────────────────────────────────────────────────────
  State      : Armed=True, Mode=LANDING
  Position   : (  1.059,   0.529,   0.825)
  Velocity   : (  0.000,  -0.000,  -0.446)
  Target Pos : (  1.000,   0.500,   1.851)
  Error      : ( -0.059,  -0.029,   1.026) = 1.028m
  PID Output : (  0.000,   0.000,  -0.300) m/s
  Applied Force: (  -0.00,    0.00,    5.49) N (|F|=5.49N)
  Actual Vel: (  0.000,  -0.000,  -0.250) m/s
  ℹ️  Velocity differs from PID (hybrid physics integration active)
────────────────────────────────────────────────────────────────────────────────


────────────────────────────────────────────────────────────────────────────────
[FRAME 1235] Δt = 1.00s
────────────────────────────────────────────────────────────────────────────────
  State      : Armed=True, Mode=LANDING
  Position   : (  1.059,   0.529,   0.683)
  Velocity   : (  0.000,  -0.000,  -0.446)
  Target Pos : (  1.000,   0.500,   1.851)
  Error      : ( -0.059,  -0.029,   1.168) = 1.170m
  PID Output : (  0.000,   0.000,  -0.300) m/s
  Applied Force: (  -0.00,    0.00,    5.49) N (|F|=5.49N)
  Actual Vel: (  0.000,  -0.000,  -0.250) m/s
  ℹ️  Velocity differs from PID (hybrid physics integration active)
────────────────────────────────────────────────────────────────────────────────


────────────────────────────────────────────────────────────────────────────────
[FRAME 1253] Δt = 1.00s
────────────────────────────────────────────────────────────────────────────────
  State      : Armed=True, Mode=LANDING
  Position   : (  1.059,   0.529,   0.549)
  Velocity   : ( -0.000,   0.000,  -0.446)
  Target Pos : (  1.000,   0.500,   1.851)
  Error      : ( -0.059,  -0.029,   1.302) = 1.304m
  PID Output : (  0.000,   0.000,  -0.300) m/s
  Applied Force: (   0.00,   -0.00,    5.49) N (|F|=5.49N)
  Actual Vel: ( -0.000,   0.000,  -0.250) m/s
  ℹ️  Velocity differs from PID (hybrid physics integration active)
────────────────────────────────────────────────────────────────────────────────

[DBG CACHE] Frame 1260: Updating cache with pos=(1.059,0.529,0.496)
[DBG ROS2] Publishing to /drone/odom: pos=(1.059,0.529,0.496)

────────────────────────────────────────────────────────────────────────────────
[FRAME 1271] Δt = 1.00s
────────────────────────────────────────────────────────────────────────────────
  State      : Armed=True, Mode=LANDING
  Position   : (  1.059,   0.529,   0.414)
  Velocity   : ( -0.000,  -0.000,  -0.446)
  Target Pos : (  1.000,   0.500,   1.851)
  Error      : ( -0.059,  -0.029,   1.436) = 1.438m
  PID Output : (  0.000,   0.000,  -0.300) m/s
  Applied Force: (   0.00,    0.00,    5.49) N (|F|=5.49N)
  Actual Vel: ( -0.000,  -0.000,  -0.250) m/s
  ℹ️  Velocity differs from PID (hybrid physics integration active)
────────────────────────────────────────────────────────────────────────────────


────────────────────────────────────────────────────────────────────────────────
[FRAME 1290] Δt = 1.00s
────────────────────────────────────────────────────────────────────────────────
  State      : Armed=True, Mode=LANDING
  Position   : (  1.059,   0.529,   0.273)
  Velocity   : (  0.000,  -0.000,  -0.446)
  Target Pos : (  1.000,   0.500,   1.851)
  Error      : ( -0.059,  -0.029,   1.578) = 1.580m
  PID Output : (  0.000,   0.000,  -0.300) m/s
  Applied Force: (  -0.00,    0.00,    5.49) N (|F|=5.49N)
  Actual Vel: (  0.000,  -0.000,  -0.250) m/s
  ℹ️  Velocity differs from PID (hybrid physics integration active)
────────────────────────────────────────────────────────────────────────────────


────────────────────────────────────────────────────────────────────────────────
[FRAME 1308] Δt = 1.00s
────────────────────────────────────────────────────────────────────────────────
  State      : Armed=True, Mode=LANDING
  Position   : (  1.059,   0.529,   0.138)
  Velocity   : ( -0.000,   0.000,  -0.446)
  Target Pos : (  1.000,   0.500,   1.851)
  Error      : ( -0.059,  -0.029,   1.712) = 1.714m
  PID Output : (  0.000,   0.000,  -0.300) m/s
  Applied Force: (   0.00,   -0.00,    5.49) N (|F|=5.49N)
  Actual Vel: ( -0.000,   0.000,  -0.250) m/s
  ℹ️  Velocity differs from PID (hybrid physics integration active)
────────────────────────────────────────────────────────────────────────────────

[Drone drone] Mode: LANDING → DISARMED
[Drone drone] Landed and disarmed
[DBG CACHE] Frame 1320: Updating cache with pos=(1.059,0.529,0.075)
[DBG ROS2] Publishing to /drone/odom: pos=(1.059,0.529,0.075)
[DBG CACHE] Frame 1380: Updating cache with pos=(1.059,0.529,0.075)
[DBG ROS2] Publishing to /drone/odom: pos=(1.059,0.529,0.075)
[DBG CACHE] Frame 1440: Updating cache with pos=(1.059,0.529,0.075)
[DBG ROS2] Publishing to /drone/odom: pos=(1.059,0.529,0.075)
[DBG CACHE] Frame 1500: Updating cache with pos=(1.059,0.529,0.075)
[DBG ROS2] Publishing to /drone/odom: pos=(1.059,0.529,0.075)
[DBG CACHE] Frame 1560: Updating cache with pos=(1.059,0.529,0.075)
[DBG ROS2] Publishing to /drone/odom: pos=(1.059,0.529,0.075)
[DBG CACHE] Frame 1620: Updating cache with pos=(1.059,0.529,0.075)
[DBG ROS2] Publishing to /drone/odom: pos=(1.059,0.529,0.075)
[DBG CACHE] Frame 1680: Updating cache with pos=(1.059,0.529,0.075)
[DBG ROS2] Publishing to /drone/odom: pos=(1.059,0.529,0.075)
[DBG CACHE] Frame 1740: Updating cache with pos=(1.059,0.529,0.075)
[DBG ROS2] Publishing to /drone/odom: pos=(1.059,0.529,0.075)
[DBG CACHE] Frame 1800: Updating cache with pos=(1.059,0.529,0.075)
[DBG ROS2] Publishing to /drone/odom: pos=(1.059,0.529,0.075)
[DBG CACHE] Frame 1860: Updating cache with pos=(1.059,0.529,0.075)
[DBG ROS2] Publishing to /drone/odom: pos=(1.059,0.529,0.075)
[DBG CACHE] Frame 1920: Updating cache with pos=(1.059,0.529,0.075)
[DBG ROS2] Publishing to /drone/odom: pos=(1.059,0.529,0.075)
[DBG CACHE] Frame 1980: Updating cache with pos=(1.059,0.529,0.075)
[DBG ROS2] Publishing to /drone/odom: pos=(1.059,0.529,0.075)
[DBG CACHE] Frame 2040: Updating cache with pos=(1.059,0.529,0.075)
[DBG ROS2] Publishing to /drone/odom: pos=(1.059,0.529,0.075)
[DBG CACHE] Frame 2100: Updating cache with pos=(1.059,0.529,0.075)
[DBG ROS2] Publishing to /drone/odom: pos=(1.059,0.529,0.075)
[DBG CACHE] Frame 2160: Updating cache with pos=(1.059,0.529,0.075)
[DBG ROS2] Publishing to /drone/odom: pos=(1.059,0.529,0.075)
[DBG CACHE] Frame 2220: Updating cache with pos=(1.059,0.529,0.075)
[DBG ROS2] Publishing to /drone/odom: pos=(1.059,0.529,0.075)
[DBG CACHE] Frame 2280: Updating cache with pos=(1.059,0.529,0.075)
[DBG ROS2] Publishing to /drone/odom: pos=(1.059,0.529,0.075)
[DBG CACHE] Frame 2340: Updating cache with pos=(1.059,0.529,0.075)
[DBG ROS2] Publishing to /drone/odom: pos=(1.059,0.529,0.075)
[DBG CACHE] Frame 2400: Updating cache with pos=(1.059,0.529,0.075)
[DBG ROS2] Publishing to /drone/odom: pos=(1.059,0.529,0.075)
[DBG CACHE] Frame 2460: Updating cache with pos=(1.059,0.529,0.075)
[DBG ROS2] Publishing to /drone/odom: pos=(1.059,0.529,0.075)
[DBG CACHE] Frame 2520: Updating cache with pos=(1.059,0.529,0.075)
[DBG ROS2] Publishing to /drone/odom: pos=(1.059,0.529,0.075)
[DBG CACHE] Frame 2580: Updating cache with pos=(1.059,0.529,0.075)
[DBG ROS2] Publishing to /drone/odom: pos=(1.059,0.529,0.075)
[DBG CACHE] Frame 2640: Updating cache with pos=(1.059,0.529,0.075)
[DBG ROS2] Publishing to /drone/odom: pos=(1.059,0.529,0.075)
[DBG CACHE] Frame 2700: Updating cache with pos=(1.059,0.529,0.075)
[DBG ROS2] Publishing to /drone/odom: pos=(1.059,0.529,0.075)
[DBG CACHE] Frame 2760: Updating cache with pos=(1.059,0.529,0.075)
[DBG ROS2] Publishing to /drone/odom: pos=(1.059,0.529,0.075)
[DBG CACHE] Frame 2820: Updating cache with pos=(1.059,0.529,0.075)
[DBG ROS2] Publishing to /drone/odom: pos=(1.059,0.529,0.075)
[DBG CACHE] Frame 2880: Updating cache with pos=(1.059,0.529,0.075)
[DBG ROS2] Publishing to /drone/odom: pos=(1.059,0.529,0.075)
