================================================================================
SIMULATION LOG - 2025-11-16 20:48:31
Log file: /home/kishi/ResQoUnity/logs/simulation/drone_sim_20251116_204831.log
================================================================================

[INFO] Creating environment: Isaac-Velocity-Rough-Unitree-Go2-v0
[INFO] Robot: go2, Amount: 1, Terrain: flat
[INFO]: Base environment:
	Environment device    : cuda:0
	Physics step-size     : 0.005
	Rendering step-size   : 0.005
	Environment step-size : 0.02
	Physics GPU pipeline  : True
	Physics GPU simulation: True
[INFO]: Time taken for scene creation : 1.078412 seconds
[INFO]: Scene manager:  <class InteractiveScene>
	Number of environments: 1
	Environment spacing   : 2.5
	Source prim name      : /World/envs/env_0
	Global prim paths     : ['/World/ground']
	Replicate physics     : True
[INFO]: Starting the simulation. This may take a few seconds. Please wait...
[INFO]: Time taken for simulation start : 0.978641 seconds
[INFO] Command Manager:  <CommandManager> contains 1 active terms.
+------------------------------------------------+
|              Active Command Terms              |
+-------+---------------+------------------------+
| Index | Name          |          Type          |
+-------+---------------+------------------------+
|   0   | base_velocity | UniformVelocityCommand |
+-------+---------------+------------------------+

[INFO] Action Manager:  <ActionManager> contains 1 active terms.
+------------------------------------+
|  Active Action Terms (shape: 12)   |
+--------+-------------+-------------+
| Index  | Name        |   Dimension |
+--------+-------------+-------------+
|   0    | joint_pos   |          12 |
+--------+-------------+-------------+

Module omni.isaac.orbit.utils.warp.kernels load on device 'cuda:0' took 1.33 ms
[INFO] Observation Manager: <ObservationManager> contains 1 groups.
+----------------------------------------------------------+
| Active Observation Terms in Group: 'policy' (shape: (235,)) |
+-----------+--------------------------------+-------------+
|   Index   | Name                           |    Shape    |
+-----------+--------------------------------+-------------+
|     0     | base_lin_vel                   |     (3,)    |
|     1     | base_ang_vel                   |     (3,)    |
|     2     | projected_gravity              |     (3,)    |
|     3     | velocity_commands              |     (3,)    |
|     4     | joint_pos                      |    (12,)    |
|     5     | joint_vel                      |    (12,)    |
|     6     | actions                        |    (12,)    |
|     7     | height_scan                    |    (187,)   |
+-----------+--------------------------------+-------------+

[INFO] Event Manager:  <EventManager> contains 1 active terms.
+--------------------------------------+
| Active Event Terms in Mode: 'startup' |
+----------+---------------------------+
|  Index   | Name                      |
+----------+---------------------------+
|    0     | physics_material          |
+----------+---------------------------+

[INFO] Termination Manager:  <TerminationManager> contains 2 active terms.
+---------------------------------+
|     Active Termination Terms    |
+-------+--------------+----------+
| Index | Name         | Time Out |
+-------+--------------+----------+
|   0   | time_out     |   True   |
|   1   | base_contact |  False   |
+-------+--------------+----------+

[INFO] Reward Manager:  <RewardManager> contains 10 active terms.
+-----------------------------------------+
|           Active Reward Terms           |
+-------+----------------------+----------+
| Index | Name                 |   Weight |
+-------+----------------------+----------+
|   0   | track_lin_vel_xy_exp |      1.5 |
|   1   | track_ang_vel_z_exp  |     0.75 |
|   2   | lin_vel_z_l2         |     -2.0 |
|   3   | ang_vel_xy_l2        |    -0.05 |
|   4   | dof_torques_l2       |  -0.0002 |
|   5   | dof_acc_l2           | -2.5e-07 |
|   6   | action_rate_l2       |    -0.01 |
|   7   | feet_air_time        |     0.01 |
|   8   | flat_orientation_l2  |      0.0 |
|   9   | dof_pos_limits       |      0.0 |
+-------+----------------------+----------+

[INFO] Curriculum Manager:  <CurriculumManager> contains 0 active terms.
+----------------------+
| Active Curriculum Terms |
+-----------+----------+
|   Index   | Name     |
+-----------+----------+
+-----------+----------+

Creating window for environment.
[INFO]: Completed setting up the environment...
[INFO] Environment created successfully!
[INFO] Environment wrapped for RSL-RL
[INFO] Loading experiment from directory: /home/kishi/ResQoUnity/logs/rsl_rl/unitree_go2_rough
[INFO]: Loading model checkpoint from: /home/kishi/ResQoUnity/logs/rsl_rl/unitree_go2_rough/2024-04-06_02-37-07/model_7850.pt
--------------------------------------------------------------------------------
Resolved observation sets: 
	 policy :  ['policy']
	 critic :  ['policy']
--------------------------------------------------------------------------------
Actor MLP: MLP(
  (0): Linear(in_features=235, out_features=512, bias=True)
  (1): ELU(alpha=1.0)
  (2): Linear(in_features=512, out_features=256, bias=True)
  (3): ELU(alpha=1.0)
  (4): Linear(in_features=256, out_features=128, bias=True)
  (5): ELU(alpha=1.0)
  (6): Linear(in_features=128, out_features=12, bias=True)
)
Critic MLP: MLP(
  (0): Linear(in_features=235, out_features=512, bias=True)
  (1): ELU(alpha=1.0)
  (2): Linear(in_features=512, out_features=256, bias=True)
  (3): ELU(alpha=1.0)
  (4): Linear(in_features=256, out_features=128, bias=True)
  (5): ELU(alpha=1.0)
  (6): Linear(in_features=128, out_features=1, bias=True)
)
[INFO]: Checkpoint loaded successfully
[INFO] Resetting environment and getting initial observations...
[INFO] Environment reset complete, starting simulation loop...
[INFO] Spawning world-level drone alongside environment robots...
[INFO] Spawning drone at /World/envs/env_0/Drone (inside env for physics stepping)
[INFO] Drone USD loaded at /World/envs/env_0/Drone
[INFO] Drone spawned at position (0.0, 0.0, 2.5)
[INFO] ArticulationView will be initialized after first physics step
[Drone drone] Mode: DISARMED → IDLE

================================================================================
DRONE DEBUG LOGGER INITIALIZED FOR world_drone
================================================================================

[INFO] Drone controller initialized in ARMED mode (auto-armed)
[INFO] Mode set to IDLE - will switch to LOITER after spawn
[INFO] Debug logger enabled - verbose output active
[INFO] Drone bottom camera initialized
[INFO] Drone ROS2 publishers initialized on /drone namespace
[INFO] Adding /drone namespace ROS2 interface
[INFO] Drone topics created: cmd_vel, cmd_position, cmd_altitude
[INFO] Drone services created:
  - /drone/arm: True
  - /drone/takeoff: True
  - /drone/land: True
  - /drone/emergency_stop: True
[INFO] Drone control interface ready on /drone namespace
Error loading custom environment. You should download custom envs folder from: https://drive.google.com/drive/folders/1vVGuO1KIX1K6mD6mBHDZGm9nk2vaRyj3?usp=sharing
[INFO] Setting up viewport camera...
[INFO] Camera positioned to view robot
[INFO] Robot(s) should now be visible in the viewport!
[INFO] Use these controls to navigate:
  - Press 'F' to focus on robot
  - Mouse wheel: Zoom in/out
  - Middle mouse: Pan camera
  - Alt+Left mouse: Orbit view
  - WASD keys: Move robot (forward/back/left/right)
  - Q/E keys: Rotate left/right
[INFO] Initializing ArticulationView after physics step...
[INFO] Drone mass set to: 0.5 kg (Crazyflie scaled estimate)
[INFO] Using Hybrid Physics-Velocity Control (GPU PhysX compatible)
[INFO] Forces → Acceleration → Velocity integration (F=ma)
[INFO] LOITER target set to spawn position: (-0.00, -0.00, 2.50)
[SAFETY] World drone initialized:
  Current pos: (-0.000, -0.000, 2.498)
  Target pos:  (-0.000, -0.000, 2.498)
  Mode: IDLE, Armed: True
[INIT] Drone spawned at position: (-0.000, -0.000, 2.498)
[INIT] Initial velocity: (0.000, 0.000, -0.196)
[INIT] Initial mode: IDLE
[INIT] Ready for control


********************************************************************************
[ARM EVENT] Drone ARMED
********************************************************************************

[INFO] ArticulationView ready - found 1 drone(s)
[DEBUG] ArticulationView prim paths: ['/World/envs/env_0/Drone']
[DEBUG] Controller initialized at position: (-0.00, -0.00, 2.50)
[DEBUG] Drone has 4 DOFs: ['m1_joint', 'm2_joint', 'm3_joint', 'm4_joint']
[DEBUG] Prim at /World/envs/env_0/Drone exists: True
[DEBUG] Found root body (fallback) at: /World/envs/env_0/Drone/body
[DEBUG] Found articulation root at: /World/envs/env_0/Drone
[Drone drone] Mode: IDLE → LOITER
[INFO] World drone switched to LOITER at position (-0.00, -0.00, 2.50)
[VIEWPORT FIX] Setting drone position to (-0.000, -0.000, 2.498)
[DBG RENDER] Viewport sync triggered at pos (-0.000, -0.000, 2.498)

────────────────────────────────────────────────────────────────────────────────
[FRAME 1] Δt = 1.00s
────────────────────────────────────────────────────────────────────────────────
  State      : Armed=True, Mode=LOITER
  Position   : ( -0.000,  -0.000,   2.498)
  Velocity   : (  0.000,   0.000,  -0.196)
  Target Pos : ( -0.000,  -0.000,   2.498)
  Error      : (  0.000,   0.000,   0.000) = 0.000m
  PID Output : (  0.000,   0.000,   0.000) m/s
  Applied Force: (  -0.00,    0.00,    6.38) N (|F|=6.38N)
  ✅ Gravity compensation active (Fz > 0)
  Actual Vel: (  0.000,   0.000,   0.016) m/s
  ℹ️  Velocity differs from PID (hybrid physics integration active)
────────────────────────────────────────────────────────────────────────────────


────────────────────────────────────────────────────────────────────────────────
[FRAME 10] Δt = 1.00s
────────────────────────────────────────────────────────────────────────────────
  State      : Armed=True, Mode=LOITER
  Position   : ( -0.000,  -0.000,   2.492)
  Velocity   : (  0.000,  -0.000,  -0.126)
  Target Pos : ( -0.000,  -0.000,   2.498)
  Error      : (  0.000,   0.000,   0.005) = 0.005m
  PID Output : (  0.000,   0.000,   0.011) m/s
  Applied Force: (   0.00,    0.00,    5.94) N (|F|=5.94N)
  ✅ Gravity compensation active (Fz > 0)
  Actual Vel: (  0.000,  -0.000,   0.072) m/s
  ℹ️  Velocity differs from PID (hybrid physics integration active)
────────────────────────────────────────────────────────────────────────────────

[DBG RENDER] Viewport sync triggered at pos (-0.000, -0.000, 2.495)

────────────────────────────────────────────────────────────────────────────────
[FRAME 23] Δt = 1.00s
────────────────────────────────────────────────────────────────────────────────
  State      : Armed=True, Mode=LOITER
  Position   : ( -0.000,  -0.000,   2.495)
  Velocity   : (  0.000,  -0.000,  -0.124)
  Target Pos : ( -0.000,  -0.000,   2.498)
  Error      : (  0.000,   0.000,   0.002) = 0.002m
  PID Output : (  0.000,   0.000,   0.005) m/s
  Applied Force: (   0.00,    0.00,    5.87) N (|F|=5.87N)
  ✅ Gravity compensation active (Fz > 0)
  Actual Vel: (  0.000,  -0.000,   0.072) m/s
  ℹ️  Velocity differs from PID (hybrid physics integration active)
────────────────────────────────────────────────────────────────────────────────


────────────────────────────────────────────────────────────────────────────────
[FRAME 36] Δt = 1.00s
────────────────────────────────────────────────────────────────────────────────
  State      : Armed=True, Mode=LOITER
  Position   : ( -0.000,  -0.000,   2.497)
  Velocity   : (  0.000,  -0.000,  -0.128)
  Target Pos : ( -0.000,  -0.000,   2.498)
  Error      : (  0.000,   0.000,   0.001) = 0.001m
  PID Output : (  0.000,   0.000,   0.002) m/s
  Applied Force: (   0.00,    0.00,    5.88) N (|F|=5.88N)
  ✅ Gravity compensation active (Fz > 0)
  Actual Vel: (  0.000,  -0.000,   0.068) m/s
  ℹ️  Velocity differs from PID (hybrid physics integration active)
────────────────────────────────────────────────────────────────────────────────

[DBG RENDER] Viewport sync triggered at pos (-0.000, -0.000, 2.497)

────────────────────────────────────────────────────────────────────────────────
[FRAME 49] Δt = 1.00s
────────────────────────────────────────────────────────────────────────────────
  State      : Armed=True, Mode=LOITER
  Position   : ( -0.000,  -0.000,   2.497)
  Velocity   : (  0.000,   0.000,  -0.129)
  Target Pos : ( -0.000,  -0.000,   2.498)
  Error      : (  0.000,   0.000,   0.001) = 0.001m
  PID Output : (  0.000,   0.000,   0.002) m/s
  Applied Force: (   0.00,   -0.00,    5.88) N (|F|=5.88N)
  ✅ Gravity compensation active (Fz > 0)
  Actual Vel: (  0.000,   0.000,   0.067) m/s
  ℹ️  Velocity differs from PID (hybrid physics integration active)
────────────────────────────────────────────────────────────────────────────────

[VIEWPORT FIX] Setting drone position to (-0.000, -0.000, 2.498)
[DBG CACHE] Frame 60: Updating cache with pos=(-0.000,-0.000,2.498)
[DBG ROS2] Publishing to /drone/odom: pos=(-0.000,-0.000,2.498)
[DBG RENDER] Viewport sync triggered at pos (-0.000, -0.000, 2.497)

────────────────────────────────────────────────────────────────────────────────
[FRAME 62] Δt = 1.00s
────────────────────────────────────────────────────────────────────────────────
  State      : Armed=True, Mode=LOITER
  Position   : ( -0.000,  -0.000,   2.497)
  Velocity   : (  0.000,   0.000,  -0.129)
  Target Pos : ( -0.000,  -0.000,   2.498)
  Error      : (  0.000,   0.000,   0.000) = 0.000m
  PID Output : (  0.000,   0.000,   0.002) m/s
  Applied Force: (  -0.00,   -0.00,    5.89) N (|F|=5.89N)
  ✅ Gravity compensation active (Fz > 0)
  Actual Vel: (  0.000,   0.000,   0.067) m/s
  ℹ️  Velocity differs from PID (hybrid physics integration active)
────────────────────────────────────────────────────────────────────────────────


********************************************************************************
[ARM EVENT] Drone ARMED
********************************************************************************


────────────────────────────────────────────────────────────────────────────────
[FRAME 74] Δt = 1.00s
────────────────────────────────────────────────────────────────────────────────
  State      : Armed=True, Mode=LOITER
  Position   : ( -0.000,  -0.000,   2.497)
  Velocity   : (  0.000,  -0.000,  -0.129)
  Target Pos : ( -0.000,  -0.000,   2.498)
  Error      : (  0.000,   0.000,   0.000) = 0.000m
  PID Output : (  0.000,   0.000,   0.002) m/s
  Applied Force: (   0.00,    0.00,    5.89) N (|F|=5.89N)
  ✅ Gravity compensation active (Fz > 0)
  Actual Vel: (  0.000,  -0.000,   0.067) m/s
  ℹ️  Velocity differs from PID (hybrid physics integration active)
────────────────────────────────────────────────────────────────────────────────

[DBG RENDER] Viewport sync triggered at pos (-0.000, -0.000, 2.497)
[ROS2 SERVICE] /drone/land called
[Drone drone] Mode: LOITER → LANDING
[ROS2 SERVICE] /drone/land success: Mode set to LANDING

────────────────────────────────────────────────────────────────────────────────
[FRAME 87] Δt = 1.00s
────────────────────────────────────────────────────────────────────────────────
  State      : Armed=True, Mode=LANDING
  Position   : ( -0.000,  -0.000,   2.497)
  Velocity   : (  0.000,   0.000,  -0.129)
  Target Pos : ( -0.000,  -0.000,   2.498)
  Error      : (  0.000,   0.000,   0.000) = 0.000m
  PID Output : (  0.000,   0.000,  -0.300) m/s
  Applied Force: (  -0.00,   -0.00,    3.62) N (|F|=3.62N)
  Actual Vel: (  0.000,   0.000,  -0.008) m/s
  ℹ️  Velocity differs from PID (hybrid physics integration active)
────────────────────────────────────────────────────────────────────────────────


────────────────────────────────────────────────────────────────────────────────
[FRAME 100] Δt = 1.00s
────────────────────────────────────────────────────────────────────────────────
  State      : Armed=True, Mode=LANDING
  Position   : ( -0.000,  -0.000,   2.386)
  Velocity   : ( -0.000,   0.000,  -0.424)
  Target Pos : ( -0.000,  -0.000,   2.498)
  Error      : (  0.000,   0.000,   0.112) = 0.112m
  PID Output : (  0.000,   0.000,  -0.300) m/s
  Applied Force: (   0.00,   -0.00,    5.83) N (|F|=5.83N)
  Actual Vel: ( -0.000,   0.000,  -0.229) m/s
  ℹ️  Velocity differs from PID (hybrid physics integration active)
────────────────────────────────────────────────────────────────────────────────

[VIEWPORT FIX] Setting drone position to (-0.000, -0.000, 2.371)
[DBG RENDER] Viewport sync triggered at pos (-0.000, -0.000, 2.375)

────────────────────────────────────────────────────────────────────────────────
[FRAME 113] Δt = 1.00s
────────────────────────────────────────────────────────────────────────────────
  State      : Armed=True, Mode=LANDING
  Position   : ( -0.000,  -0.000,   2.243)
  Velocity   : ( -0.000,   0.000,  -0.431)
  Target Pos : ( -0.000,  -0.000,   2.498)
  Error      : (  0.000,   0.000,   0.255) = 0.255m
  PID Output : (  0.000,   0.000,  -0.300) m/s
  Applied Force: (   0.00,   -0.00,    5.88) N (|F|=5.88N)
  Actual Vel: ( -0.000,   0.000,  -0.234) m/s
  ℹ️  Velocity differs from PID (hybrid physics integration active)
────────────────────────────────────────────────────────────────────────────────

[DBG CACHE] Frame 120: Updating cache with pos=(-0.000,-0.000,2.162)
[DBG ROS2] Publishing to /drone/odom: pos=(-0.000,-0.000,2.162)
[DBG RENDER] Viewport sync triggered at pos (-0.000, -0.000, 2.154)

────────────────────────────────────────────────────────────────────────────────
[FRAME 125] Δt = 1.00s
────────────────────────────────────────────────────────────────────────────────
  State      : Armed=True, Mode=LANDING
  Position   : ( -0.000,  -0.000,   2.110)
  Velocity   : ( -0.000,   0.000,  -0.431)
  Target Pos : ( -0.000,  -0.000,   2.498)
  Error      : (  0.000,   0.000,   0.387) = 0.387m
  PID Output : (  0.000,   0.000,  -0.300) m/s
  Applied Force: (   0.00,   -0.00,    5.89) N (|F|=5.89N)
  Actual Vel: ( -0.000,   0.000,  -0.235) m/s
  ℹ️  Velocity differs from PID (hybrid physics integration active)
────────────────────────────────────────────────────────────────────────────────


────────────────────────────────────────────────────────────────────────────────
[FRAME 138] Δt = 1.00s
────────────────────────────────────────────────────────────────────────────────
  State      : Armed=True, Mode=LANDING
  Position   : ( -0.000,  -0.000,   1.967)
  Velocity   : ( -0.000,   0.000,  -0.431)
  Target Pos : ( -0.000,  -0.000,   2.498)
  Error      : (  0.000,   0.000,   0.531) = 0.531m
  PID Output : (  0.000,   0.000,  -0.300) m/s
  Applied Force: (   0.00,   -0.00,    5.89) N (|F|=5.89N)
  Actual Vel: ( -0.000,   0.000,  -0.235) m/s
  ℹ️  Velocity differs from PID (hybrid physics integration active)
────────────────────────────────────────────────────────────────────────────────

[DBG RENDER] Viewport sync triggered at pos (-0.000, -0.000, 1.933)

────────────────────────────────────────────────────────────────────────────────
[FRAME 150] Δt = 1.00s
────────────────────────────────────────────────────────────────────────────────
  State      : Armed=True, Mode=LANDING
  Position   : ( -0.000,  -0.000,   1.834)
  Velocity   : ( -0.000,   0.000,  -0.431)
  Target Pos : ( -0.000,  -0.000,   2.498)
  Error      : (  0.000,   0.000,   0.664) = 0.664m
  PID Output : (  0.000,   0.000,  -0.300) m/s
  Applied Force: (   0.00,   -0.00,    5.89) N (|F|=5.89N)
  Actual Vel: ( -0.000,   0.000,  -0.235) m/s
  ℹ️  Velocity differs from PID (hybrid physics integration active)
────────────────────────────────────────────────────────────────────────────────

[VIEWPORT FIX] Setting drone position to (-0.000, -0.000, 1.819)
[DBG RENDER] Viewport sync triggered at pos (-0.000, -0.000, 1.712)

────────────────────────────────────────────────────────────────────────────────
[FRAME 163] Δt = 1.00s
────────────────────────────────────────────────────────────────────────────────
  State      : Armed=True, Mode=LANDING
  Position   : ( -0.000,  -0.000,   1.690)
  Velocity   : ( -0.000,   0.000,  -0.431)
  Target Pos : ( -0.000,  -0.000,   2.498)
  Error      : (  0.000,   0.000,   0.807) = 0.807m
  PID Output : (  0.000,   0.000,  -0.300) m/s
  Applied Force: (   0.00,   -0.00,    5.89) N (|F|=5.89N)
  Actual Vel: ( -0.000,   0.000,  -0.235) m/s
  ℹ️  Velocity differs from PID (hybrid physics integration active)
────────────────────────────────────────────────────────────────────────────────


────────────────────────────────────────────────────────────────────────────────
[FRAME 176] Δt = 1.00s
────────────────────────────────────────────────────────────────────────────────
  State      : Armed=True, Mode=LANDING
  Position   : ( -0.000,  -0.000,   1.546)
  Velocity   : ( -0.000,   0.000,  -0.431)
  Target Pos : ( -0.000,  -0.000,   2.498)
  Error      : (  0.000,   0.000,   0.951) = 0.951m
  PID Output : (  0.000,   0.000,  -0.300) m/s
  Applied Force: (   0.00,   -0.00,    5.89) N (|F|=5.89N)
  Actual Vel: ( -0.000,   0.000,  -0.235) m/s
  ℹ️  Velocity differs from PID (hybrid physics integration active)
────────────────────────────────────────────────────────────────────────────────

[DBG CACHE] Frame 180: Updating cache with pos=(-0.000,-0.000,1.498)
[DBG ROS2] Publishing to /drone/odom: pos=(-0.000,-0.000,1.498)
[DBG RENDER] Viewport sync triggered at pos (-0.000, -0.000, 1.491)

────────────────────────────────────────────────────────────────────────────────
[FRAME 189] Δt = 1.00s
────────────────────────────────────────────────────────────────────────────────
  State      : Armed=True, Mode=LANDING
  Position   : ( -0.000,  -0.000,   1.403)
  Velocity   : ( -0.000,   0.000,  -0.431)
  Target Pos : ( -0.000,  -0.000,   2.498)
  Error      : (  0.000,   0.000,   1.095) = 1.095m
  PID Output : (  0.000,   0.000,  -0.300) m/s
  Applied Force: (   0.00,   -0.00,    5.89) N (|F|=5.89N)
  Actual Vel: ( -0.000,   0.000,  -0.235) m/s
  ℹ️  Velocity differs from PID (hybrid physics integration active)
────────────────────────────────────────────────────────────────────────────────

[VIEWPORT FIX] Setting drone position to (-0.000, -0.000, 1.266)
[DBG RENDER] Viewport sync triggered at pos (-0.000, -0.000, 1.270)

────────────────────────────────────────────────────────────────────────────────
[FRAME 202] Δt = 1.00s
────────────────────────────────────────────────────────────────────────────────
  State      : Armed=True, Mode=LANDING
  Position   : ( -0.000,  -0.000,   1.259)
  Velocity   : (  0.000,   0.000,  -0.431)
  Target Pos : ( -0.000,  -0.000,   2.498)
  Error      : (  0.000,   0.000,   1.238) = 1.238m
  PID Output : (  0.000,   0.000,  -0.300) m/s
  Applied Force: (  -0.00,   -0.00,    5.89) N (|F|=5.89N)
  Actual Vel: (  0.000,   0.000,  -0.235) m/s
  ℹ️  Velocity differs from PID (hybrid physics integration active)
────────────────────────────────────────────────────────────────────────────────


────────────────────────────────────────────────────────────────────────────────
[FRAME 215] Δt = 1.00s
────────────────────────────────────────────────────────────────────────────────
  State      : Armed=True, Mode=LANDING
  Position   : ( -0.000,  -0.000,   1.115)
  Velocity   : (  0.000,   0.000,  -0.431)
  Target Pos : ( -0.000,  -0.000,   2.498)
  Error      : (  0.000,   0.000,   1.382) = 1.382m
  PID Output : (  0.000,   0.000,  -0.300) m/s
  Applied Force: (  -0.00,   -0.00,    5.89) N (|F|=5.89N)
  Actual Vel: (  0.000,   0.000,  -0.235) m/s
  ℹ️  Velocity differs from PID (hybrid physics integration active)
────────────────────────────────────────────────────────────────────────────────

[DBG RENDER] Viewport sync triggered at pos (-0.000, -0.000, 1.049)

────────────────────────────────────────────────────────────────────────────────
[FRAME 228] Δt = 1.00s
────────────────────────────────────────────────────────────────────────────────
  State      : Armed=True, Mode=LANDING
  Position   : ( -0.000,  -0.000,   0.972)
  Velocity   : ( -0.000,   0.000,  -0.431)
  Target Pos : ( -0.000,  -0.000,   2.498)
  Error      : (  0.000,   0.000,   1.526) = 1.526m
  PID Output : (  0.000,   0.000,  -0.300) m/s
  Applied Force: (   0.00,   -0.00,    5.89) N (|F|=5.89N)
  Actual Vel: ( -0.000,   0.000,  -0.235) m/s
  ℹ️  Velocity differs from PID (hybrid physics integration active)
────────────────────────────────────────────────────────────────────────────────

[DBG CACHE] Frame 240: Updating cache with pos=(-0.000,-0.000,0.835)
[DBG ROS2] Publishing to /drone/odom: pos=(-0.000,-0.000,0.835)
[DBG RENDER] Viewport sync triggered at pos (-0.000, -0.000, 0.828)

────────────────────────────────────────────────────────────────────────────────
[FRAME 241] Δt = 1.00s
────────────────────────────────────────────────────────────────────────────────
  State      : Armed=True, Mode=LANDING
  Position   : ( -0.000,  -0.000,   0.828)
  Velocity   : (  0.000,   0.000,  -0.431)
  Target Pos : ( -0.000,  -0.000,   2.498)
  Error      : (  0.000,   0.000,   1.670) = 1.670m
  PID Output : (  0.000,   0.000,  -0.300) m/s
  Applied Force: (  -0.00,   -0.00,    5.89) N (|F|=5.89N)
  Actual Vel: (  0.000,   0.000,  -0.235) m/s
  ℹ️  Velocity differs from PID (hybrid physics integration active)
────────────────────────────────────────────────────────────────────────────────

[VIEWPORT FIX] Setting drone position to (-0.000, -0.000, 0.713)

────────────────────────────────────────────────────────────────────────────────
[FRAME 254] Δt = 1.00s
────────────────────────────────────────────────────────────────────────────────
  State      : Armed=True, Mode=LANDING
  Position   : ( -0.000,  -0.000,   0.684)
  Velocity   : (  0.000,   0.000,  -0.431)
  Target Pos : ( -0.000,  -0.000,   2.498)
  Error      : (  0.000,   0.000,   1.813) = 1.813m
  PID Output : (  0.000,   0.000,  -0.300) m/s
  Applied Force: (  -0.00,   -0.00,    5.89) N (|F|=5.89N)
  Actual Vel: (  0.000,   0.000,  -0.235) m/s
  ℹ️  Velocity differs from PID (hybrid physics integration active)
────────────────────────────────────────────────────────────────────────────────

[DBG RENDER] Viewport sync triggered at pos (-0.000, -0.000, 0.607)

────────────────────────────────────────────────────────────────────────────────
[FRAME 267] Δt = 1.00s
────────────────────────────────────────────────────────────────────────────────
  State      : Armed=True, Mode=LANDING
  Position   : (  0.008,   0.004,   0.553)
  Velocity   : (  0.198,   0.102,  -0.076)
  Target Pos : ( -0.000,  -0.000,   2.498)
  Error      : ( -0.008,  -0.004,   1.945) = 1.945m
  PID Output : (  0.000,   0.000,  -0.300) m/s
  Applied Force: (  -1.49,   -0.77,    3.23) N (|F|=3.64N)
  Actual Vel: (  0.149,   0.077,   0.031) m/s
  ℹ️  Velocity differs from PID (hybrid physics integration active)
────────────────────────────────────────────────────────────────────────────────


────────────────────────────────────────────────────────────────────────────────
[FRAME 280] Δt = 1.00s
────────────────────────────────────────────────────────────────────────────────
  State      : Armed=True, Mode=LANDING
  Position   : (  0.013,   0.002,   0.552)
  Velocity   : (  0.013,   0.029,  -0.130)
  Target Pos : ( -0.000,  -0.000,   2.498)
  Error      : ( -0.013,  -0.002,   1.946) = 1.946m
  PID Output : (  0.000,   0.000,  -0.300) m/s
  Applied Force: (  -0.10,   -0.22,    3.63) N (|F|=3.64N)
  Actual Vel: (  0.010,   0.022,  -0.009) m/s
  ℹ️  Velocity differs from PID (hybrid physics integration active)
────────────────────────────────────────────────────────────────────────────────

[DBG RENDER] Viewport sync triggered at pos (0.013, 0.003, 0.551)

────────────────────────────────────────────────────────────────────────────────
[FRAME 292] Δt = 1.00s
────────────────────────────────────────────────────────────────────────────────
  State      : Armed=True, Mode=LANDING
  Position   : (  0.019,   0.003,   0.551)
  Velocity   : (  0.018,   0.007,  -0.110)
  Target Pos : ( -0.000,  -0.000,   2.498)
  Error      : ( -0.019,  -0.003,   1.947) = 1.947m
  PID Output : (  0.000,   0.000,  -0.300) m/s
  Applied Force: (  -0.14,   -0.05,    3.48) N (|F|=3.48N)
  Actual Vel: (  0.014,   0.005,   0.006) m/s
  ℹ️  Velocity differs from PID (hybrid physics integration active)
────────────────────────────────────────────────────────────────────────────────

[DBG CACHE] Frame 300: Updating cache with pos=(0.020,0.003,0.551)
[DBG ROS2] Publishing to /drone/odom: pos=(0.020,0.003,0.551)
[VIEWPORT FIX] Setting drone position to (0.020, 0.003, 0.552)
[DBG RENDER] Viewport sync triggered at pos (0.020, 0.003, 0.550)

────────────────────────────────────────────────────────────────────────────────
[FRAME 304] Δt = 1.00s
────────────────────────────────────────────────────────────────────────────────
  State      : Armed=True, Mode=LANDING
  Position   : (  0.021,   0.004,   0.551)
  Velocity   : (  0.004,   0.001,  -0.109)
  Target Pos : ( -0.000,  -0.000,   2.498)
  Error      : ( -0.021,  -0.004,   1.947) = 1.947m
  PID Output : (  0.000,   0.000,  -0.300) m/s
  Applied Force: (  -0.03,   -0.00,    3.47) N (|F|=3.47N)
  Actual Vel: (  0.003,   0.000,   0.007) m/s
  ℹ️  Velocity differs from PID (hybrid physics integration active)
────────────────────────────────────────────────────────────────────────────────


────────────────────────────────────────────────────────────────────────────────
[FRAME 316] Δt = 1.00s
────────────────────────────────────────────────────────────────────────────────
  State      : Armed=True, Mode=LANDING
  Position   : (  0.020,   0.003,   0.551)
  Velocity   : ( -0.012,  -0.002,  -0.106)
  Target Pos : ( -0.000,  -0.000,   2.498)
  Error      : ( -0.020,  -0.003,   1.947) = 1.947m
  PID Output : (  0.000,   0.000,  -0.300) m/s
  Applied Force: (   0.09,    0.01,    3.45) N (|F|=3.45N)
  Actual Vel: ( -0.009,  -0.001,   0.009) m/s
  ℹ️  Velocity differs from PID (hybrid physics integration active)
────────────────────────────────────────────────────────────────────────────────

[DBG RENDER] Viewport sync triggered at pos (0.019, 0.003, 0.550)

────────────────────────────────────────────────────────────────────────────────
[FRAME 328] Δt = 1.00s
────────────────────────────────────────────────────────────────────────────────
  State      : Armed=True, Mode=LANDING
  Position   : (  0.018,   0.003,   0.551)
  Velocity   : ( -0.006,  -0.023,  -0.117)
  Target Pos : ( -0.000,  -0.000,   2.498)
  Error      : ( -0.018,  -0.003,   1.947) = 1.947m
  PID Output : (  0.000,   0.000,  -0.300) m/s
  Applied Force: (   0.05,    0.17,    3.53) N (|F|=3.54N)
  Actual Vel: ( -0.005,  -0.017,   0.001) m/s
  ℹ️  Velocity differs from PID (hybrid physics integration active)
────────────────────────────────────────────────────────────────────────────────


────────────────────────────────────────────────────────────────────────────────
[FRAME 340] Δt = 1.00s
────────────────────────────────────────────────────────────────────────────────
  State      : Armed=True, Mode=LANDING
  Position   : (  0.017,   0.003,   0.551)
  Velocity   : (  0.001,   0.026,  -0.125)
  Target Pos : ( -0.000,  -0.000,   2.498)
  Error      : ( -0.017,  -0.003,   1.947) = 1.947m
  PID Output : (  0.000,   0.000,  -0.300) m/s
  Applied Force: (  -0.01,   -0.20,    3.59) N (|F|=3.60N)
  Actual Vel: (  0.001,   0.020,  -0.005) m/s
  ℹ️  Velocity differs from PID (hybrid physics integration active)
────────────────────────────────────────────────────────────────────────────────

[DBG RENDER] Viewport sync triggered at pos (0.017, 0.003, 0.551)
[VIEWPORT FIX] Setting drone position to (0.022, 0.004, 0.553)

────────────────────────────────────────────────────────────────────────────────
[FRAME 352] Δt = 1.00s
────────────────────────────────────────────────────────────────────────────────
  State      : Armed=True, Mode=LANDING
  Position   : (  0.022,   0.004,   0.552)
  Velocity   : (  0.009,  -0.025,  -0.014)
  Target Pos : ( -0.000,  -0.000,   2.498)
  Error      : ( -0.022,  -0.004,   1.946) = 1.946m
  PID Output : (  0.000,   0.000,  -0.300) m/s
  Applied Force: (  -0.07,    0.19,    2.76) N (|F|=2.77N)
  Actual Vel: (  0.007,  -0.019,   0.078) m/s
  ℹ️  Velocity differs from PID (hybrid physics integration active)
────────────────────────────────────────────────────────────────────────────────

[DBG CACHE] Frame 360: Updating cache with pos=(0.023,-0.001,0.552)
[DBG ROS2] Publishing to /drone/odom: pos=(0.023,-0.001,0.552)
[DBG RENDER] Viewport sync triggered at pos (0.023, -0.001, 0.551)

────────────────────────────────────────────────────────────────────────────────
[FRAME 365] Δt = 1.00s
────────────────────────────────────────────────────────────────────────────────
  State      : Armed=True, Mode=LANDING
  Position   : (  0.022,  -0.002,   0.551)
  Velocity   : (  0.004,  -0.004,  -0.108)
  Target Pos : ( -0.000,  -0.000,   2.498)
  Error      : ( -0.022,   0.002,   1.946) = 1.946m
  PID Output : (  0.000,   0.000,  -0.300) m/s
  Applied Force: (  -0.03,    0.03,    3.47) N (|F|=3.47N)
  Actual Vel: (  0.003,  -0.003,   0.007) m/s
  ℹ️  Velocity differs from PID (hybrid physics integration active)
────────────────────────────────────────────────────────────────────────────────


────────────────────────────────────────────────────────────────────────────────
[FRAME 377] Δt = 1.00s
────────────────────────────────────────────────────────────────────────────────
  State      : Armed=True, Mode=LANDING
  Position   : (  0.025,  -0.001,   0.551)
  Velocity   : (  0.004,   0.006,  -0.108)
  Target Pos : ( -0.000,  -0.000,   2.498)
  Error      : ( -0.025,   0.001,   1.946) = 1.947m
  PID Output : (  0.000,   0.000,  -0.300) m/s
  Applied Force: (  -0.03,   -0.04,    3.46) N (|F|=3.46N)
  Actual Vel: (  0.003,   0.004,   0.008) m/s
  ℹ️  Velocity differs from PID (hybrid physics integration active)
────────────────────────────────────────────────────────────────────────────────

[DBG RENDER] Viewport sync triggered at pos (0.026, -0.001, 0.551)

────────────────────────────────────────────────────────────────────────────────
[FRAME 389] Δt = 1.00s
────────────────────────────────────────────────────────────────────────────────
  State      : Armed=True, Mode=LANDING
  Position   : (  0.029,  -0.003,   0.551)
  Velocity   : (  0.055,  -0.047,  -0.114)
  Target Pos : ( -0.000,  -0.000,   2.498)
  Error      : ( -0.029,   0.003,   1.947) = 1.947m
  PID Output : (  0.000,   0.000,  -0.300) m/s
  Applied Force: (  -0.41,    0.35,    3.51) N (|F|=3.55N)
  Actual Vel: (  0.041,  -0.035,   0.003) m/s
  ℹ️  Velocity differs from PID (hybrid physics integration active)
────────────────────────────────────────────────────────────────────────────────

[VIEWPORT FIX] Setting drone position to (0.029, -0.005, 0.552)
[DBG RENDER] Viewport sync triggered at pos (0.030, -0.005, 0.550)

────────────────────────────────────────────────────────────────────────────────
[FRAME 402] Δt = 1.00s
────────────────────────────────────────────────────────────────────────────────
  State      : Armed=True, Mode=LANDING
  Position   : (  0.029,  -0.006,   0.551)
  Velocity   : ( -0.005,  -0.031,  -0.127)
  Target Pos : ( -0.000,  -0.000,   2.498)
  Error      : ( -0.029,   0.006,   1.947) = 1.947m
  PID Output : (  0.000,   0.000,  -0.300) m/s
  Applied Force: (   0.04,    0.23,    3.60) N (|F|=3.61N)
  Actual Vel: ( -0.004,  -0.023,  -0.006) m/s
  ℹ️  Velocity differs from PID (hybrid physics integration active)
────────────────────────────────────────────────────────────────────────────────


────────────────────────────────────────────────────────────────────────────────
[FRAME 414] Δt = 1.00s
────────────────────────────────────────────────────────────────────────────────
  State      : Armed=True, Mode=LANDING
  Position   : (  0.025,  -0.006,   0.550)
  Velocity   : ( -0.004,  -0.026,  -0.009)
  Target Pos : ( -0.000,  -0.000,   2.498)
  Error      : ( -0.025,   0.006,   1.947) = 1.947m
  PID Output : (  0.000,   0.000,  -0.300) m/s
  Applied Force: (   0.03,    0.19,    2.72) N (|F|=2.73N)
  Actual Vel: ( -0.003,  -0.019,   0.082) m/s
  ℹ️  Velocity differs from PID (hybrid physics integration active)
────────────────────────────────────────────────────────────────────────────────

[INFO] Shutting down simulation...
[INFO] ROS2 shutdown complete
[INFO] Simulation shutdown complete
