================================================================================
SIMULATION LOG - 2025-11-16 19:02:30
Log file: /home/kishi/ResQoUnity/logs/simulation/drone_sim_20251116_190230.log
================================================================================

[INFO] Creating environment: Isaac-Velocity-Rough-Unitree-Go2-v0
[INFO] Robot: drone, Amount: 1, Terrain: flat
[INFO]: Base environment:
	Environment device    : cuda:0
	Physics step-size     : 0.005
	Rendering step-size   : 0.005
	Environment step-size : 0.02
	Physics GPU pipeline  : True
	Physics GPU simulation: True
[INFO]: Time taken for scene creation : 3.860877 seconds
[INFO]: Scene manager:  <class InteractiveScene>
	Number of environments: 1
	Environment spacing   : 2.5
	Source prim name      : /World/envs/env_0
	Global prim paths     : ['/World/ground']
	Replicate physics     : True
[INFO]: Starting the simulation. This may take a few seconds. Please wait...
[INFO]: Time taken for simulation start : 1.033705 seconds
[INFO] Command Manager:  <CommandManager> contains 1 active terms.
+------------------------------------------------+
|              Active Command Terms              |
+-------+---------------+------------------------+
| Index | Name          |          Type          |
+-------+---------------+------------------------+
|   0   | base_velocity | UniformVelocityCommand |
+-------+---------------+------------------------+

[INFO] Action Manager:  <ActionManager> contains 1 active terms.
+----------------------------------+
|  Active Action Terms (shape: 4)  |
+--------+------------+------------+
| Index  | Name       |  Dimension |
+--------+------------+------------+
|   0    | joint_pos  |          4 |
+--------+------------+------------+

[INFO] Observation Manager: <ObservationManager> contains 1 groups.
+---------------------------------------------------------+
| Active Observation Terms in Group: 'policy' (shape: (24,)) |
+-----------+---------------------------------+-----------+
|   Index   | Name                            |   Shape   |
+-----------+---------------------------------+-----------+
|     0     | base_lin_vel                    |    (3,)   |
|     1     | base_ang_vel                    |    (3,)   |
|     2     | projected_gravity               |    (3,)   |
|     3     | velocity_commands               |    (3,)   |
|     4     | joint_pos                       |    (4,)   |
|     5     | joint_vel                       |    (4,)   |
|     6     | actions                         |    (4,)   |
+-----------+---------------------------------+-----------+

[INFO] Event Manager:  <EventManager> contains 1 active terms.
+--------------------------------------+
| Active Event Terms in Mode: 'startup' |
+----------+---------------------------+
|  Index   | Name                      |
+----------+---------------------------+
|    0     | physics_material          |
+----------+---------------------------+

[INFO] Termination Manager:  <TerminationManager> contains 1 active terms.
+-----------------------------+
|   Active Termination Terms  |
+-------+----------+----------+
| Index | Name     | Time Out |
+-------+----------+----------+
|   0   | time_out |   True   |
+-------+----------+----------+

[INFO] Reward Manager:  <RewardManager> contains 9 active terms.
+-----------------------------------------+
|           Active Reward Terms           |
+-------+----------------------+----------+
| Index | Name                 |   Weight |
+-------+----------------------+----------+
|   0   | track_lin_vel_xy_exp |      1.0 |
|   1   | track_ang_vel_z_exp  |      0.5 |
|   2   | lin_vel_z_l2         |     -1.0 |
|   3   | ang_vel_xy_l2        |     -0.1 |
|   4   | dof_torques_l2       |   -1e-06 |
|   5   | dof_acc_l2           | -2.5e-07 |
|   6   | action_rate_l2       |    -0.01 |
|   7   | flat_orientation_l2  |     -1.0 |
|   8   | dof_pos_limits       |      0.0 |
+-------+----------------------+----------+

[INFO] Curriculum Manager:  <CurriculumManager> contains 0 active terms.
+----------------------+
| Active Curriculum Terms |
+-----------+----------+
|   Index   | Name     |
+-----------+----------+
+-----------+----------+

Creating window for environment.
[INFO]: Completed setting up the environment...
[INFO] Environment created successfully!
[INFO] Environment wrapped for RSL-RL
[INFO] Loading experiment from directory: /home/kishi/ResQoUnity/logs/rsl_rl/quadcopter_rough
[WARN] No checkpoint found at /home/kishi/ResQoUnity/logs/rsl_rl/quadcopter_rough
[INFO] Running in MANUAL CONTROL mode (keyboard only, no RL policy)
[INFO] Initializing drone controllers...
[Drone 0] Mode: DISARMED → IDLE
[INFO] Drone 0 controller initialized and ARMED in IDLE (will switch to LOITER after spawn)
[INFO] Resetting environment and getting initial observations...
[INFO] Environment reset complete, starting simulation loop...
Error loading custom environment. You should download custom envs folder from: https://drive.google.com/drive/folders/1vVGuO1KIX1K6mD6mBHDZGm9nk2vaRyj3?usp=sharing
[INFO] Setting up viewport camera...
[INFO] Camera positioned to view robot
[INFO] Robot(s) should now be visible in the viewport!
[INFO] Use these controls to navigate:
  - Press 'F' to focus on robot
  - Mouse wheel: Zoom in/out
  - Middle mouse: Pan camera
  - Alt+Left mouse: Orbit view
  - WASD keys: Move robot (forward/back/left/right)
  - Q/E keys: Rotate left/right
  - T/G keys: Altitude up/down (for drone)
[DBG] Frame 1 - Mode: IDLE, Pos: (0.000, 0.000, 0.000)
[INFO] Starting odometry publishing for 1 environment drone(s)
[DBG] Frame 2 - Mode: IDLE, Pos: (0.000, -0.000, 0.995)
[Drone 0] Mode: IDLE → LOITER
[INFO] Drone 0 switched to LOITER at position (0.00, -0.00, 0.99)
[PID] vel:(0.00,0.00,0.00) thrust:0.450 motors:[0.450,0.450,0.450,0.450]
[DBG] Frame 3 - Mode: LOITER, Pos: (0.000, -0.000, 0.987)
[PID] vel:(-0.00,0.00,0.22) thrust:0.493 motors:[0.493,0.493,0.493,0.493]
[DBG] Frame 4 - Mode: LOITER, Pos: (0.000, 0.000, 0.974)
[PID] vel:(0.00,-0.00,0.32) thrust:0.515 motors:[0.515,0.515,0.515,0.515]
[DBG] Frame 5 - Mode: LOITER, Pos: (0.000, 0.000, 0.958)
[PID] vel:(0.00,-0.00,0.43) thrust:0.537 motors:[0.537,0.537,0.537,0.537]
[PID] vel:(0.00,0.00,0.55) thrust:0.560 motors:[0.560,0.560,0.560,0.560]
[PID] vel:(-0.00,0.00,0.67) thrust:0.583 motors:[0.583,0.583,0.583,0.583]
[PID] vel:(0.00,0.00,0.79) thrust:0.607 motors:[0.607,0.607,0.607,0.607]
[PID] vel:(0.00,0.00,0.80) thrust:0.610 motors:[0.610,0.610,0.610,0.610]
[PID] vel:(-0.00,0.00,0.80) thrust:0.610 motors:[0.610,0.610,0.610,0.610]
[PID] vel:(0.00,-0.00,0.80) thrust:0.610 motors:[0.610,0.610,0.610,0.610]
[PID] vel:(-0.00,-0.00,0.80) thrust:0.610 motors:[0.610,0.610,0.610,0.610]
[PID] vel:(0.00,0.00,0.80) thrust:0.610 motors:[0.610,0.610,0.610,0.610]
[PID] vel:(0.00,0.00,0.80) thrust:0.610 motors:[0.610,0.610,0.610,0.610]
[PID] vel:(-0.00,0.00,0.80) thrust:0.610 motors:[0.610,0.610,0.610,0.610]
[PID] vel:(0.00,0.00,0.80) thrust:0.610 motors:[0.610,0.610,0.610,0.610]
[PID] vel:(0.00,0.00,0.80) thrust:0.610 motors:[0.610,0.610,0.610,0.610]
[PID] vel:(0.00,0.00,0.80) thrust:0.610 motors:[0.610,0.610,0.610,0.610]
[PID] vel:(0.00,0.00,0.80) thrust:0.610 motors:[0.610,0.610,0.610,0.610]
[PID] vel:(0.00,0.00,0.80) thrust:0.610 motors:[0.610,0.610,0.610,0.610]
[PID] vel:(0.00,0.00,0.80) thrust:0.610 motors:[0.610,0.610,0.610,0.610]
[PID] vel:(0.00,0.00,0.80) thrust:0.610 motors:[0.610,0.610,0.610,0.610]
[PID] vel:(-0.00,0.01,0.80) thrust:0.610 motors:[0.643,0.635,0.577,0.585]
[PID] vel:(0.01,0.00,0.55) thrust:0.561 motors:[0.541,0.528,0.581,0.593]
[PID] vel:(0.00,0.01,0.65) thrust:0.581 motors:[0.569,0.590,0.592,0.572]
[PID] vel:(0.00,0.01,0.75) thrust:0.601 motors:[0.599,0.610,0.602,0.591]
[PID] vel:(0.00,0.01,0.80) thrust:0.610 motors:[0.614,0.596,0.606,0.624]
[PID] vel:(0.00,0.01,0.74) thrust:0.598 motors:[0.598,0.604,0.599,0.593]
[PID] vel:(0.00,0.01,0.74) thrust:0.597 motors:[0.597,0.597,0.597,0.597]
[PID] vel:(0.00,0.01,0.74) thrust:0.597 motors:[0.597,0.597,0.597,0.597]
[PID] vel:(0.00,0.01,0.74) thrust:0.597 motors:[0.597,0.597,0.597,0.597]
[PID] vel:(0.00,0.01,0.74) thrust:0.597 motors:[0.597,0.597,0.597,0.597]
[PID] vel:(0.00,0.01,0.74) thrust:0.597 motors:[0.597,0.597,0.597,0.597]
[PID] vel:(0.00,0.01,0.74) thrust:0.597 motors:[0.597,0.597,0.597,0.597]
[PID] vel:(0.00,0.01,0.74) thrust:0.597 motors:[0.597,0.597,0.597,0.597]
[PID] vel:(0.00,0.01,0.74) thrust:0.597 motors:[0.597,0.597,0.597,0.597]
[PID] vel:(0.00,0.01,0.74) thrust:0.597 motors:[0.597,0.597,0.597,0.597]
[PID] vel:(0.00,0.01,0.74) thrust:0.597 motors:[0.597,0.597,0.597,0.597]
[PID] vel:(0.00,0.01,0.74) thrust:0.597 motors:[0.597,0.597,0.597,0.597]
[PID] vel:(0.00,0.01,0.74) thrust:0.597 motors:[0.597,0.597,0.597,0.597]
[PID] vel:(0.00,0.01,0.74) thrust:0.597 motors:[0.597,0.597,0.597,0.597]
[PID] vel:(0.00,0.01,0.74) thrust:0.597 motors:[0.597,0.597,0.597,0.597]
[PID] vel:(0.00,0.01,0.74) thrust:0.597 motors:[0.597,0.597,0.597,0.597]
[PID] vel:(0.00,0.01,0.74) thrust:0.597 motors:[0.597,0.597,0.597,0.597]
[PID] vel:(0.00,0.01,0.74) thrust:0.597 motors:[0.597,0.597,0.597,0.597]
[PID] vel:(0.00,0.01,0.74) thrust:0.597 motors:[0.597,0.597,0.597,0.597]
[PID] vel:(0.00,0.01,0.74) thrust:0.597 motors:[0.597,0.597,0.597,0.597]
[PID] vel:(0.00,0.01,0.74) thrust:0.597 motors:[0.597,0.597,0.597,0.597]
[PID] vel:(0.00,0.01,0.74) thrust:0.597 motors:[0.597,0.597,0.597,0.597]
[PID] vel:(0.00,0.01,0.74) thrust:0.597 motors:[0.597,0.597,0.597,0.597]
[PID] vel:(0.00,0.01,0.74) thrust:0.597 motors:[0.597,0.597,0.597,0.597]
[PID] vel:(0.00,0.01,0.74) thrust:0.597 motors:[0.597,0.597,0.597,0.597]
[PID] vel:(0.00,0.01,0.74) thrust:0.597 motors:[0.597,0.597,0.597,0.597]
[PID] vel:(0.00,0.01,0.74) thrust:0.597 motors:[0.597,0.597,0.597,0.597]
[PID] vel:(0.00,0.01,0.74) thrust:0.597 motors:[0.597,0.597,0.597,0.597]
[PID] vel:(0.00,0.01,0.74) thrust:0.597 motors:[0.597,0.597,0.597,0.597]
[PID] vel:(0.00,0.01,0.74) thrust:0.597 motors:[0.597,0.597,0.597,0.597]
[PID] vel:(0.00,0.01,0.74) thrust:0.597 motors:[0.597,0.597,0.597,0.597]
[PID] vel:(0.00,0.01,0.74) thrust:0.597 motors:[0.597,0.597,0.597,0.597]
[PID] vel:(0.00,0.01,0.74) thrust:0.597 motors:[0.597,0.597,0.597,0.597]
[DBG ODOM] Published /robot0/odom: pos=(-0.006, -0.016, 0.075)
[PID] vel:(0.00,0.01,0.74) thrust:0.597 motors:[0.597,0.597,0.597,0.597]
[PID] vel:(0.00,0.01,0.74) thrust:0.597 motors:[0.597,0.597,0.597,0.597]
[PID] vel:(0.00,0.01,0.74) thrust:0.597 motors:[0.597,0.597,0.597,0.597]
[PID] vel:(0.00,0.01,0.74) thrust:0.597 motors:[0.597,0.597,0.597,0.597]
[PID] vel:(0.00,0.01,0.74) thrust:0.597 motors:[0.597,0.597,0.597,0.597]
[PID] vel:(0.00,0.01,0.74) thrust:0.597 motors:[0.597,0.597,0.597,0.597]
[PID] vel:(0.00,0.01,0.74) thrust:0.597 motors:[0.597,0.597,0.597,0.597]
[PID] vel:(0.00,0.01,0.74) thrust:0.597 motors:[0.597,0.597,0.597,0.597]
[PID] vel:(0.00,0.01,0.74) thrust:0.597 motors:[0.597,0.597,0.597,0.597]
[PID] vel:(0.00,0.01,0.74) thrust:0.597 motors:[0.597,0.597,0.597,0.597]
[PID] vel:(0.00,0.01,0.74) thrust:0.597 motors:[0.597,0.597,0.597,0.597]
[PID] vel:(0.00,0.01,0.74) thrust:0.597 motors:[0.597,0.597,0.597,0.597]
[PID] vel:(0.00,0.01,0.74) thrust:0.597 motors:[0.597,0.597,0.597,0.597]
[PID] vel:(0.00,0.01,0.74) thrust:0.597 motors:[0.597,0.597,0.597,0.597]
[PID] vel:(0.00,0.01,0.74) thrust:0.597 motors:[0.597,0.597,0.597,0.597]
[PID] vel:(0.00,0.01,0.74) thrust:0.597 motors:[0.597,0.597,0.597,0.597]
[PID] vel:(0.00,0.01,0.74) thrust:0.597 motors:[0.597,0.597,0.597,0.597]
[PID] vel:(0.00,0.01,0.74) thrust:0.597 motors:[0.597,0.597,0.597,0.597]
[PID] vel:(0.00,0.01,0.74) thrust:0.597 motors:[0.597,0.597,0.597,0.597]
[PID] vel:(0.00,0.01,0.74) thrust:0.597 motors:[0.597,0.597,0.597,0.597]
[PID] vel:(0.00,0.01,0.74) thrust:0.597 motors:[0.597,0.597,0.597,0.597]
[PID] vel:(0.00,0.01,0.74) thrust:0.597 motors:[0.597,0.597,0.597,0.597]
[PID] vel:(0.00,0.01,0.74) thrust:0.597 motors:[0.597,0.597,0.597,0.597]
[PID] vel:(0.00,0.01,0.74) thrust:0.597 motors:[0.597,0.597,0.597,0.597]
[PID] vel:(0.00,0.01,0.74) thrust:0.597 motors:[0.597,0.597,0.597,0.597]
[PID] vel:(0.00,0.01,0.74) thrust:0.597 motors:[0.597,0.597,0.597,0.597]
[PID] vel:(0.00,0.01,0.74) thrust:0.597 motors:[0.597,0.597,0.597,0.597]
[PID] vel:(0.00,0.01,0.74) thrust:0.597 motors:[0.597,0.597,0.597,0.597]
[PID] vel:(0.00,0.01,0.74) thrust:0.597 motors:[0.597,0.597,0.597,0.597]
[PID] vel:(0.00,0.01,0.74) thrust:0.597 motors:[0.597,0.597,0.597,0.597]
[PID] vel:(0.00,0.01,0.74) thrust:0.597 motors:[0.597,0.597,0.597,0.597]
[PID] vel:(0.00,0.01,0.74) thrust:0.597 motors:[0.597,0.597,0.597,0.597]
[PID] vel:(0.00,0.01,0.74) thrust:0.597 motors:[0.597,0.597,0.597,0.597]
[PID] vel:(0.01,0.01,0.74) thrust:0.597 motors:[0.597,0.597,0.597,0.597]
[PID] vel:(0.01,0.01,0.74) thrust:0.597 motors:[0.597,0.597,0.597,0.597]
[PID] vel:(0.00,0.01,0.74) thrust:0.597 motors:[0.597,0.597,0.597,0.597]
[PID] vel:(0.01,0.01,0.74) thrust:0.597 motors:[0.597,0.597,0.597,0.597]
[PID] vel:(0.01,0.01,0.74) thrust:0.597 motors:[0.597,0.597,0.597,0.597]
[PID] vel:(0.01,0.01,0.74) thrust:0.597 motors:[0.597,0.597,0.597,0.597]
[PID] vel:(0.01,0.01,0.74) thrust:0.597 motors:[0.597,0.597,0.597,0.597]
[PID] vel:(0.01,0.02,0.74) thrust:0.597 motors:[0.597,0.597,0.597,0.597]
[PID] vel:(0.01,0.02,0.74) thrust:0.597 motors:[0.597,0.597,0.597,0.597]
[PID] vel:(0.01,0.02,0.74) thrust:0.597 motors:[0.597,0.597,0.597,0.597]
[PID] vel:(0.01,0.02,0.74) thrust:0.597 motors:[0.597,0.597,0.597,0.597]
[PID] vel:(0.01,0.02,0.74) thrust:0.597 motors:[0.597,0.597,0.597,0.597]
[PID] vel:(0.01,0.02,0.74) thrust:0.597 motors:[0.597,0.597,0.597,0.597]
[PID] vel:(0.01,0.02,0.74) thrust:0.597 motors:[0.597,0.597,0.597,0.597]
[PID] vel:(0.01,0.02,0.74) thrust:0.597 motors:[0.597,0.597,0.597,0.597]
[PID] vel:(0.01,0.02,0.74) thrust:0.597 motors:[0.597,0.597,0.597,0.597]
[PID] vel:(0.01,0.02,0.74) thrust:0.597 motors:[0.597,0.597,0.597,0.597]
[PID] vel:(0.01,0.02,0.74) thrust:0.597 motors:[0.597,0.597,0.597,0.597]
[PID] vel:(0.01,0.02,0.74) thrust:0.597 motors:[0.597,0.597,0.597,0.597]
[PID] vel:(0.01,0.02,0.74) thrust:0.597 motors:[0.597,0.597,0.597,0.597]
[PID] vel:(0.01,0.02,0.74) thrust:0.597 motors:[0.597,0.597,0.597,0.597]
[PID] vel:(0.01,0.02,0.74) thrust:0.597 motors:[0.597,0.597,0.597,0.597]
[PID] vel:(0.01,0.02,0.74) thrust:0.597 motors:[0.597,0.597,0.597,0.597]
[PID] vel:(0.01,0.02,0.74) thrust:0.597 motors:[0.597,0.597,0.597,0.597]
[PID] vel:(0.01,0.02,0.74) thrust:0.597 motors:[0.597,0.597,0.597,0.597]
[PID] vel:(0.01,0.02,0.74) thrust:0.597 motors:[0.597,0.597,0.597,0.597]
[PID] vel:(0.01,0.02,0.74) thrust:0.597 motors:[0.597,0.597,0.597,0.597]
[DBG ODOM] Published /robot0/odom: pos=(-0.014, -0.041, 0.075)
[PID] vel:(0.01,0.02,0.74) thrust:0.597 motors:[0.597,0.597,0.597,0.597]
[PID] vel:(0.01,0.02,0.74) thrust:0.597 motors:[0.597,0.597,0.597,0.597]
[PID] vel:(0.01,0.02,0.74) thrust:0.597 motors:[0.597,0.597,0.597,0.597]
[PID] vel:(0.01,0.02,0.74) thrust:0.597 motors:[0.597,0.597,0.597,0.597]
[PID] vel:(0.01,0.02,0.74) thrust:0.597 motors:[0.597,0.597,0.597,0.597]
[PID] vel:(0.01,0.02,0.74) thrust:0.597 motors:[0.597,0.597,0.597,0.597]
[PID] vel:(0.01,0.02,0.74) thrust:0.597 motors:[0.597,0.597,0.597,0.597]
[PID] vel:(0.01,0.02,0.74) thrust:0.597 motors:[0.597,0.597,0.597,0.597]
[PID] vel:(0.01,0.02,0.74) thrust:0.597 motors:[0.597,0.597,0.597,0.597]
[PID] vel:(0.01,0.02,0.74) thrust:0.597 motors:[0.597,0.597,0.597,0.597]
[PID] vel:(0.01,0.02,0.74) thrust:0.597 motors:[0.597,0.597,0.597,0.597]
[PID] vel:(0.01,0.02,0.74) thrust:0.597 motors:[0.597,0.597,0.597,0.597]
[PID] vel:(0.01,0.02,0.74) thrust:0.597 motors:[0.597,0.597,0.597,0.597]
[PID] vel:(0.01,0.02,0.74) thrust:0.597 motors:[0.597,0.597,0.597,0.597]
[PID] vel:(0.01,0.02,0.74) thrust:0.597 motors:[0.597,0.597,0.597,0.597]
[PID] vel:(0.01,0.02,0.74) thrust:0.597 motors:[0.597,0.597,0.597,0.597]
[PID] vel:(0.01,0.02,0.74) thrust:0.597 motors:[0.597,0.597,0.597,0.597]
[PID] vel:(0.01,0.02,0.74) thrust:0.597 motors:[0.597,0.597,0.597,0.597]
[PID] vel:(0.01,0.02,0.74) thrust:0.597 motors:[0.597,0.597,0.597,0.597]
[PID] vel:(0.01,0.02,0.74) thrust:0.597 motors:[0.597,0.597,0.597,0.597]
[PID] vel:(0.01,0.02,0.74) thrust:0.597 motors:[0.597,0.597,0.597,0.597]
[PID] vel:(0.01,0.02,0.74) thrust:0.597 motors:[0.597,0.597,0.597,0.597]
[PID] vel:(0.01,0.02,0.74) thrust:0.597 motors:[0.597,0.597,0.597,0.597]
[PID] vel:(0.01,0.02,0.74) thrust:0.597 motors:[0.597,0.597,0.597,0.597]
[PID] vel:(0.01,0.02,0.74) thrust:0.597 motors:[0.597,0.597,0.597,0.597]
[PID] vel:(0.01,0.02,0.74) thrust:0.597 motors:[0.597,0.597,0.597,0.597]
[PID] vel:(0.01,0.02,0.74) thrust:0.597 motors:[0.597,0.597,0.597,0.597]
[PID] vel:(0.01,0.02,0.74) thrust:0.597 motors:[0.597,0.597,0.597,0.597]
[PID] vel:(0.01,0.02,0.74) thrust:0.597 motors:[0.597,0.597,0.597,0.597]
[PID] vel:(0.01,0.02,0.74) thrust:0.597 motors:[0.597,0.597,0.597,0.597]
[PID] vel:(0.01,0.02,0.74) thrust:0.597 motors:[0.597,0.597,0.597,0.597]
[PID] vel:(0.01,0.02,0.74) thrust:0.597 motors:[0.597,0.597,0.597,0.597]
[PID] vel:(0.01,0.02,0.74) thrust:0.597 motors:[0.597,0.597,0.597,0.597]
[PID] vel:(0.01,0.02,0.74) thrust:0.597 motors:[0.597,0.597,0.597,0.597]
[PID] vel:(0.01,0.02,0.74) thrust:0.597 motors:[0.597,0.597,0.597,0.597]
[PID] vel:(0.01,0.02,0.74) thrust:0.597 motors:[0.597,0.597,0.597,0.597]
[PID] vel:(0.01,0.02,0.74) thrust:0.597 motors:[0.597,0.597,0.597,0.597]
[PID] vel:(0.01,0.02,0.74) thrust:0.597 motors:[0.597,0.597,0.597,0.597]
[PID] vel:(0.01,0.02,0.74) thrust:0.597 motors:[0.597,0.597,0.597,0.597]
[PID] vel:(0.01,0.02,0.74) thrust:0.597 motors:[0.597,0.597,0.597,0.597]
[PID] vel:(0.01,0.02,0.74) thrust:0.597 motors:[0.597,0.597,0.597,0.597]
[PID] vel:(0.01,0.02,0.74) thrust:0.597 motors:[0.597,0.597,0.597,0.597]
[PID] vel:(0.01,0.02,0.74) thrust:0.597 motors:[0.597,0.597,0.597,0.597]
[PID] vel:(0.01,0.02,0.74) thrust:0.597 motors:[0.597,0.597,0.597,0.597]
[PID] vel:(0.01,0.02,0.74) thrust:0.597 motors:[0.597,0.597,0.597,0.597]
[PID] vel:(0.01,0.02,0.74) thrust:0.597 motors:[0.597,0.597,0.597,0.597]
[PID] vel:(0.01,0.02,0.74) thrust:0.597 motors:[0.597,0.597,0.597,0.597]
[PID] vel:(0.01,0.02,0.74) thrust:0.597 motors:[0.597,0.597,0.597,0.597]
[PID] vel:(0.01,0.02,0.74) thrust:0.597 motors:[0.597,0.597,0.597,0.597]
[PID] vel:(0.01,0.02,0.74) thrust:0.597 motors:[0.597,0.597,0.597,0.597]
[PID] vel:(0.01,0.02,0.74) thrust:0.597 motors:[0.597,0.597,0.597,0.597]
[PID] vel:(0.01,0.02,0.74) thrust:0.597 motors:[0.597,0.597,0.597,0.597]
[PID] vel:(0.01,0.02,0.74) thrust:0.597 motors:[0.597,0.597,0.597,0.597]
[PID] vel:(0.01,0.02,0.74) thrust:0.597 motors:[0.597,0.597,0.597,0.597]
[PID] vel:(0.01,0.02,0.74) thrust:0.597 motors:[0.597,0.597,0.597,0.597]
[PID] vel:(0.01,0.02,0.74) thrust:0.597 motors:[0.597,0.597,0.597,0.597]
[PID] vel:(0.01,0.02,0.74) thrust:0.597 motors:[0.597,0.597,0.597,0.597]
[PID] vel:(0.01,0.02,0.74) thrust:0.597 motors:[0.597,0.597,0.597,0.597]
[PID] vel:(0.01,0.02,0.74) thrust:0.597 motors:[0.597,0.597,0.597,0.597]
[PID] vel:(0.01,0.02,0.74) thrust:0.597 motors:[0.598,0.597,0.597,0.597]
[DBG ODOM] Published /robot0/odom: pos=(-0.023, -0.065, 0.075)
[PID] vel:(0.01,0.02,0.74) thrust:0.597 motors:[0.597,0.597,0.597,0.597]
[PID] vel:(0.01,0.02,0.74) thrust:0.597 motors:[0.597,0.597,0.597,0.597]
[PID] vel:(0.01,0.02,0.74) thrust:0.597 motors:[0.597,0.597,0.597,0.597]
[PID] vel:(0.01,0.02,0.74) thrust:0.597 motors:[0.598,0.597,0.597,0.597]
[PID] vel:(0.01,0.02,0.74) thrust:0.597 motors:[0.597,0.597,0.597,0.597]
[PID] vel:(0.01,0.02,0.74) thrust:0.597 motors:[0.597,0.597,0.597,0.597]
[PID] vel:(0.01,0.03,0.74) thrust:0.597 motors:[0.598,0.597,0.597,0.597]
[PID] vel:(0.01,0.03,0.74) thrust:0.597 motors:[0.597,0.597,0.597,0.597]
[PID] vel:(0.01,0.03,0.74) thrust:0.597 motors:[0.597,0.597,0.597,0.597]
[PID] vel:(0.01,0.03,0.74) thrust:0.597 motors:[0.597,0.597,0.597,0.597]
[PID] vel:(0.01,0.03,0.74) thrust:0.597 motors:[0.598,0.597,0.597,0.597]
[PID] vel:(0.01,0.03,0.74) thrust:0.597 motors:[0.597,0.597,0.597,0.597]
[PID] vel:(0.01,0.03,0.74) thrust:0.597 motors:[0.597,0.597,0.597,0.597]
[PID] vel:(0.01,0.03,0.74) thrust:0.597 motors:[0.598,0.597,0.597,0.597]
[PID] vel:(0.01,0.03,0.74) thrust:0.597 motors:[0.598,0.597,0.597,0.597]
[PID] vel:(0.01,0.03,0.74) thrust:0.597 motors:[0.597,0.597,0.597,0.597]
[PID] vel:(0.01,0.03,0.74) thrust:0.597 motors:[0.597,0.597,0.597,0.597]
[PID] vel:(0.01,0.03,0.74) thrust:0.597 motors:[0.598,0.597,0.597,0.597]
[PID] vel:(0.01,0.03,0.74) thrust:0.597 motors:[0.598,0.597,0.597,0.597]
[PID] vel:(0.01,0.03,0.74) thrust:0.597 motors:[0.597,0.597,0.597,0.597]
[PID] vel:(0.01,0.03,0.74) thrust:0.597 motors:[0.598,0.597,0.597,0.597]
[PID] vel:(0.01,0.03,0.74) thrust:0.597 motors:[0.598,0.597,0.597,0.597]
[PID] vel:(0.01,0.03,0.74) thrust:0.597 motors:[0.597,0.597,0.597,0.597]
[PID] vel:(0.01,0.03,0.74) thrust:0.597 motors:[0.597,0.597,0.597,0.597]
[PID] vel:(0.01,0.03,0.74) thrust:0.597 motors:[0.598,0.597,0.597,0.597]
[PID] vel:(0.01,0.03,0.74) thrust:0.597 motors:[0.598,0.597,0.597,0.597]
[PID] vel:(0.01,0.03,0.74) thrust:0.597 motors:[0.597,0.597,0.597,0.597]
[PID] vel:(0.01,0.03,0.74) thrust:0.597 motors:[0.597,0.597,0.597,0.597]
[PID] vel:(0.01,0.03,0.74) thrust:0.597 motors:[0.598,0.597,0.597,0.597]
[PID] vel:(0.01,0.03,0.74) thrust:0.597 motors:[0.598,0.597,0.597,0.597]
[PID] vel:(0.01,0.03,0.74) thrust:0.597 motors:[0.597,0.597,0.597,0.597]
[PID] vel:(0.01,0.03,0.74) thrust:0.597 motors:[0.598,0.597,0.597,0.597]
[PID] vel:(0.01,0.03,0.74) thrust:0.597 motors:[0.598,0.597,0.597,0.597]
[PID] vel:(0.01,0.03,0.74) thrust:0.597 motors:[0.598,0.597,0.597,0.597]
[PID] vel:(0.01,0.03,0.74) thrust:0.597 motors:[0.597,0.597,0.597,0.597]
[PID] vel:(0.01,0.03,0.74) thrust:0.597 motors:[0.598,0.597,0.597,0.597]
[PID] vel:(0.01,0.03,0.74) thrust:0.597 motors:[0.598,0.597,0.597,0.597]
[PID] vel:(0.01,0.03,0.74) thrust:0.597 motors:[0.597,0.597,0.597,0.597]
[PID] vel:(0.01,0.03,0.74) thrust:0.597 motors:[0.598,0.597,0.597,0.597]
[PID] vel:(0.01,0.03,0.74) thrust:0.597 motors:[0.598,0.597,0.597,0.597]
[PID] vel:(0.01,0.03,0.74) thrust:0.597 motors:[0.598,0.597,0.597,0.597]
[PID] vel:(0.01,0.03,0.74) thrust:0.597 motors:[0.597,0.597,0.597,0.597]
[PID] vel:(0.01,0.03,0.74) thrust:0.597 motors:[0.598,0.597,0.597,0.597]
[PID] vel:(0.01,0.03,0.74) thrust:0.597 motors:[0.598,0.597,0.597,0.597]
[PID] vel:(0.01,0.03,0.74) thrust:0.597 motors:[0.598,0.597,0.597,0.597]
[PID] vel:(0.01,0.03,0.74) thrust:0.597 motors:[0.598,0.597,0.597,0.597]
[PID] vel:(0.01,0.03,0.74) thrust:0.597 motors:[0.598,0.597,0.597,0.597]
[PID] vel:(0.01,0.03,0.74) thrust:0.597 motors:[0.598,0.597,0.597,0.597]
[PID] vel:(0.01,0.03,0.74) thrust:0.597 motors:[0.598,0.597,0.597,0.597]
[PID] vel:(0.01,0.03,0.74) thrust:0.597 motors:[0.598,0.597,0.597,0.597]
[PID] vel:(0.01,0.03,0.74) thrust:0.597 motors:[0.598,0.597,0.597,0.597]
[PID] vel:(0.01,0.03,0.74) thrust:0.597 motors:[0.598,0.597,0.597,0.597]
[PID] vel:(0.01,0.03,0.74) thrust:0.597 motors:[0.598,0.597,0.597,0.597]
[PID] vel:(0.01,0.03,0.74) thrust:0.597 motors:[0.598,0.597,0.597,0.597]
[PID] vel:(0.01,0.03,0.74) thrust:0.597 motors:[0.598,0.597,0.597,0.597]
[PID] vel:(0.01,0.03,0.74) thrust:0.597 motors:[0.598,0.597,0.597,0.597]
[PID] vel:(0.01,0.03,0.74) thrust:0.597 motors:[0.598,0.597,0.597,0.597]
[PID] vel:(0.01,0.03,0.74) thrust:0.597 motors:[0.598,0.597,0.597,0.597]
[PID] vel:(0.01,0.03,0.74) thrust:0.597 motors:[0.598,0.597,0.597,0.597]
[PID] vel:(0.01,0.03,0.74) thrust:0.597 motors:[0.598,0.597,0.597,0.597]
[DBG ODOM] Published /robot0/odom: pos=(-0.031, -0.088, 0.075)
[PID] vel:(0.01,0.03,0.74) thrust:0.597 motors:[0.598,0.597,0.597,0.597]
[PID] vel:(0.01,0.03,0.74) thrust:0.597 motors:[0.598,0.597,0.597,0.597]
[PID] vel:(0.01,0.03,0.74) thrust:0.597 motors:[0.598,0.597,0.597,0.597]
[PID] vel:(0.01,0.03,0.74) thrust:0.597 motors:[0.598,0.597,0.597,0.597]
[PID] vel:(0.01,0.03,0.74) thrust:0.597 motors:[0.598,0.597,0.597,0.597]
[PID] vel:(0.01,0.03,0.74) thrust:0.597 motors:[0.598,0.597,0.597,0.597]
[PID] vel:(0.01,0.03,0.74) thrust:0.597 motors:[0.598,0.597,0.597,0.597]
[PID] vel:(0.01,0.03,0.74) thrust:0.597 motors:[0.598,0.597,0.597,0.597]
[PID] vel:(0.01,0.03,0.74) thrust:0.597 motors:[0.598,0.597,0.597,0.597]
[PID] vel:(0.01,0.03,0.74) thrust:0.597 motors:[0.598,0.597,0.597,0.597]
[PID] vel:(0.01,0.03,0.74) thrust:0.597 motors:[0.598,0.597,0.597,0.597]
[PID] vel:(0.01,0.03,0.74) thrust:0.597 motors:[0.598,0.597,0.597,0.597]
[PID] vel:(0.01,0.03,0.74) thrust:0.597 motors:[0.598,0.597,0.597,0.597]
[PID] vel:(0.01,0.03,0.74) thrust:0.597 motors:[0.598,0.597,0.597,0.597]
[PID] vel:(0.01,0.03,0.74) thrust:0.597 motors:[0.598,0.597,0.597,0.597]
[PID] vel:(0.01,0.03,0.74) thrust:0.597 motors:[0.598,0.597,0.597,0.597]
[PID] vel:(0.01,0.03,0.74) thrust:0.597 motors:[0.598,0.597,0.597,0.597]
[PID] vel:(0.01,0.03,0.74) thrust:0.597 motors:[0.598,0.597,0.597,0.597]
[PID] vel:(0.01,0.03,0.74) thrust:0.597 motors:[0.598,0.597,0.597,0.597]
[PID] vel:(0.01,0.03,0.74) thrust:0.597 motors:[0.598,0.597,0.597,0.597]
[PID] vel:(0.01,0.03,0.74) thrust:0.597 motors:[0.598,0.597,0.597,0.597]
[PID] vel:(0.01,0.03,0.74) thrust:0.597 motors:[0.598,0.597,0.597,0.597]
[PID] vel:(0.01,0.03,0.74) thrust:0.597 motors:[0.598,0.597,0.597,0.597]
[PID] vel:(0.01,0.03,0.74) thrust:0.597 motors:[0.598,0.597,0.597,0.597]
[PID] vel:(0.01,0.03,0.74) thrust:0.597 motors:[0.598,0.597,0.597,0.597]
[PID] vel:(0.01,0.03,0.74) thrust:0.597 motors:[0.598,0.597,0.597,0.597]
[PID] vel:(0.01,0.03,0.74) thrust:0.597 motors:[0.598,0.597,0.597,0.597]
[PID] vel:(0.01,0.03,0.74) thrust:0.597 motors:[0.598,0.597,0.597,0.597]
[PID] vel:(0.01,0.03,0.74) thrust:0.597 motors:[0.598,0.597,0.597,0.597]
[PID] vel:(0.01,0.03,0.74) thrust:0.597 motors:[0.598,0.597,0.597,0.597]
[PID] vel:(0.01,0.03,0.74) thrust:0.597 motors:[0.598,0.597,0.597,0.597]
[PID] vel:(0.01,0.03,0.74) thrust:0.597 motors:[0.598,0.597,0.597,0.597]
[PID] vel:(0.01,0.03,0.74) thrust:0.597 motors:[0.598,0.597,0.597,0.597]
[PID] vel:(0.01,0.03,0.74) thrust:0.597 motors:[0.598,0.597,0.597,0.597]
[PID] vel:(0.01,0.03,0.74) thrust:0.597 motors:[0.598,0.597,0.597,0.597]
[PID] vel:(0.01,0.03,0.74) thrust:0.597 motors:[0.598,0.597,0.597,0.597]
[PID] vel:(0.01,0.04,0.74) thrust:0.597 motors:[0.598,0.597,0.597,0.597]
[PID] vel:(0.01,0.04,0.74) thrust:0.597 motors:[0.598,0.597,0.597,0.597]
[PID] vel:(0.01,0.04,0.74) thrust:0.597 motors:[0.598,0.597,0.597,0.597]
[PID] vel:(0.01,0.04,0.74) thrust:0.597 motors:[0.598,0.597,0.597,0.597]
[PID] vel:(0.01,0.04,0.74) thrust:0.597 motors:[0.598,0.597,0.597,0.597]
[PID] vel:(0.01,0.04,0.74) thrust:0.597 motors:[0.598,0.597,0.597,0.597]
[PID] vel:(0.01,0.04,0.74) thrust:0.597 motors:[0.598,0.597,0.597,0.597]
[PID] vel:(0.01,0.04,0.74) thrust:0.597 motors:[0.598,0.597,0.597,0.597]
[PID] vel:(0.01,0.04,0.74) thrust:0.597 motors:[0.598,0.597,0.597,0.597]
[PID] vel:(0.01,0.04,0.74) thrust:0.597 motors:[0.598,0.597,0.597,0.597]
[PID] vel:(0.01,0.04,0.74) thrust:0.597 motors:[0.598,0.597,0.597,0.597]
[PID] vel:(0.01,0.04,0.74) thrust:0.597 motors:[0.598,0.597,0.597,0.597]
[PID] vel:(0.01,0.04,0.74) thrust:0.597 motors:[0.598,0.597,0.597,0.597]
[PID] vel:(0.01,0.04,0.74) thrust:0.597 motors:[0.598,0.597,0.597,0.597]
[PID] vel:(0.01,0.04,0.74) thrust:0.597 motors:[0.598,0.597,0.597,0.597]
[PID] vel:(0.01,0.04,0.74) thrust:0.597 motors:[0.598,0.597,0.597,0.597]
[PID] vel:(0.01,0.04,0.74) thrust:0.597 motors:[0.598,0.597,0.597,0.597]
[PID] vel:(0.01,0.04,0.74) thrust:0.597 motors:[0.598,0.597,0.597,0.597]
[PID] vel:(0.01,0.04,0.74) thrust:0.597 motors:[0.598,0.597,0.597,0.597]
[PID] vel:(0.01,0.04,0.74) thrust:0.597 motors:[0.598,0.597,0.597,0.597]
[PID] vel:(0.01,0.04,0.74) thrust:0.597 motors:[0.598,0.597,0.597,0.597]
[PID] vel:(0.01,0.04,0.74) thrust:0.597 motors:[0.598,0.597,0.597,0.597]
[PID] vel:(0.01,0.04,0.74) thrust:0.597 motors:[0.598,0.597,0.597,0.597]
[PID] vel:(0.01,0.04,0.74) thrust:0.597 motors:[0.598,0.597,0.597,0.597]
[DBG ODOM] Published /robot0/odom: pos=(-0.038, -0.110, 0.075)
[PID] vel:(0.01,0.04,0.74) thrust:0.597 motors:[0.598,0.597,0.597,0.597]
[PID] vel:(0.01,0.04,0.74) thrust:0.597 motors:[0.598,0.597,0.597,0.597]
[PID] vel:(0.01,0.04,0.74) thrust:0.597 motors:[0.598,0.597,0.597,0.597]
[PID] vel:(0.01,0.04,0.74) thrust:0.597 motors:[0.598,0.597,0.597,0.597]
[PID] vel:(0.01,0.04,0.74) thrust:0.597 motors:[0.598,0.597,0.597,0.597]
[PID] vel:(0.01,0.04,0.74) thrust:0.597 motors:[0.598,0.597,0.597,0.597]
[PID] vel:(0.01,0.04,0.74) thrust:0.597 motors:[0.598,0.597,0.597,0.597]
[PID] vel:(0.01,0.04,0.74) thrust:0.597 motors:[0.598,0.597,0.597,0.597]
[PID] vel:(0.01,0.04,0.74) thrust:0.597 motors:[0.598,0.597,0.597,0.597]
[PID] vel:(0.01,0.04,0.74) thrust:0.597 motors:[0.598,0.597,0.597,0.597]
[PID] vel:(0.01,0.04,0.74) thrust:0.597 motors:[0.598,0.597,0.597,0.597]
[PID] vel:(0.01,0.04,0.74) thrust:0.597 motors:[0.598,0.597,0.597,0.597]
[PID] vel:(0.01,0.04,0.74) thrust:0.597 motors:[0.598,0.597,0.597,0.597]
[PID] vel:(0.01,0.04,0.74) thrust:0.597 motors:[0.598,0.597,0.597,0.597]
[PID] vel:(0.01,0.04,0.74) thrust:0.597 motors:[0.598,0.597,0.597,0.597]
[PID] vel:(0.01,0.04,0.74) thrust:0.597 motors:[0.598,0.597,0.597,0.597]
[PID] vel:(0.01,0.04,0.74) thrust:0.597 motors:[0.598,0.597,0.597,0.597]
[PID] vel:(0.01,0.04,0.74) thrust:0.597 motors:[0.598,0.597,0.597,0.597]
[PID] vel:(0.01,0.04,0.74) thrust:0.597 motors:[0.598,0.597,0.597,0.597]
[PID] vel:(0.01,0.04,0.74) thrust:0.597 motors:[0.598,0.597,0.597,0.597]
[PID] vel:(0.01,0.04,0.74) thrust:0.597 motors:[0.598,0.597,0.597,0.597]
[PID] vel:(0.01,0.04,0.74) thrust:0.597 motors:[0.598,0.597,0.597,0.597]
[PID] vel:(0.01,0.04,0.74) thrust:0.597 motors:[0.598,0.597,0.597,0.597]
[PID] vel:(0.01,0.04,0.74) thrust:0.597 motors:[0.598,0.597,0.597,0.597]
[PID] vel:(0.01,0.04,0.74) thrust:0.597 motors:[0.598,0.597,0.597,0.597]
[PID] vel:(0.01,0.04,0.74) thrust:0.597 motors:[0.598,0.597,0.597,0.597]
[PID] vel:(0.01,0.04,0.74) thrust:0.597 motors:[0.598,0.597,0.597,0.597]
[PID] vel:(0.01,0.04,0.74) thrust:0.597 motors:[0.598,0.597,0.597,0.597]
[PID] vel:(0.01,0.04,0.74) thrust:0.597 motors:[0.598,0.597,0.597,0.597]
[PID] vel:(0.01,0.04,0.74) thrust:0.597 motors:[0.598,0.597,0.597,0.597]
[PID] vel:(0.01,0.04,0.74) thrust:0.597 motors:[0.598,0.597,0.597,0.597]
[PID] vel:(0.01,0.04,0.74) thrust:0.597 motors:[0.598,0.597,0.597,0.597]
[PID] vel:(0.01,0.04,0.74) thrust:0.597 motors:[0.598,0.597,0.597,0.597]
[PID] vel:(0.01,0.04,0.74) thrust:0.597 motors:[0.598,0.597,0.597,0.597]
[PID] vel:(0.01,0.04,0.74) thrust:0.597 motors:[0.598,0.597,0.597,0.597]
[PID] vel:(0.01,0.04,0.74) thrust:0.597 motors:[0.598,0.597,0.597,0.597]
[PID] vel:(0.01,0.04,0.74) thrust:0.597 motors:[0.598,0.597,0.597,0.597]
[PID] vel:(0.01,0.04,0.74) thrust:0.597 motors:[0.598,0.597,0.597,0.597]
[PID] vel:(0.01,0.04,0.74) thrust:0.597 motors:[0.598,0.597,0.597,0.597]
[PID] vel:(0.01,0.04,0.74) thrust:0.597 motors:[0.598,0.597,0.597,0.597]
[PID] vel:(0.01,0.04,0.74) thrust:0.597 motors:[0.598,0.597,0.597,0.597]
[PID] vel:(0.01,0.04,0.74) thrust:0.597 motors:[0.598,0.597,0.597,0.597]
[PID] vel:(0.01,0.04,0.74) thrust:0.597 motors:[0.598,0.597,0.597,0.597]
[PID] vel:(0.01,0.04,0.74) thrust:0.597 motors:[0.598,0.597,0.597,0.597]
[PID] vel:(0.01,0.04,0.74) thrust:0.597 motors:[0.598,0.597,0.597,0.597]
[PID] vel:(0.01,0.04,0.74) thrust:0.597 motors:[0.598,0.597,0.597,0.597]
[PID] vel:(0.01,0.04,0.74) thrust:0.597 motors:[0.598,0.597,0.597,0.597]
[PID] vel:(0.01,0.04,0.74) thrust:0.597 motors:[0.598,0.597,0.597,0.597]
[PID] vel:(0.01,0.04,0.74) thrust:0.597 motors:[0.598,0.597,0.597,0.597]
[PID] vel:(0.01,0.04,0.74) thrust:0.597 motors:[0.598,0.597,0.597,0.597]
[PID] vel:(0.01,0.04,0.74) thrust:0.597 motors:[0.598,0.597,0.597,0.597]
[PID] vel:(0.01,0.04,0.74) thrust:0.597 motors:[0.598,0.597,0.597,0.597]
[PID] vel:(0.01,0.04,0.74) thrust:0.597 motors:[0.598,0.597,0.597,0.597]
[PID] vel:(0.01,0.04,0.74) thrust:0.597 motors:[0.598,0.597,0.597,0.597]
[PID] vel:(0.02,0.04,0.74) thrust:0.597 motors:[0.598,0.597,0.597,0.597]
[PID] vel:(0.02,0.04,0.74) thrust:0.597 motors:[0.598,0.597,0.597,0.597]
[PID] vel:(0.02,0.04,0.74) thrust:0.597 motors:[0.598,0.597,0.597,0.597]
[PID] vel:(0.02,0.04,0.74) thrust:0.597 motors:[0.598,0.597,0.597,0.597]
[PID] vel:(0.02,0.04,0.74) thrust:0.597 motors:[0.598,0.597,0.597,0.597]
[PID] vel:(0.02,0.04,0.74) thrust:0.597 motors:[0.598,0.597,0.597,0.597]
[DBG ODOM] Published /robot0/odom: pos=(-0.046, -0.132, 0.075)
[PID] vel:(0.02,0.04,0.74) thrust:0.597 motors:[0.598,0.597,0.597,0.597]
[PID] vel:(0.02,0.04,0.74) thrust:0.597 motors:[0.598,0.597,0.597,0.597]
[PID] vel:(0.02,0.04,0.74) thrust:0.597 motors:[0.598,0.597,0.597,0.597]
[PID] vel:(0.02,0.04,0.74) thrust:0.597 motors:[0.598,0.597,0.597,0.597]
[PID] vel:(0.02,0.04,0.74) thrust:0.597 motors:[0.598,0.597,0.597,0.597]
[PID] vel:(0.02,0.04,0.74) thrust:0.597 motors:[0.598,0.597,0.597,0.597]
[PID] vel:(0.02,0.04,0.74) thrust:0.597 motors:[0.598,0.597,0.597,0.597]
[PID] vel:(0.02,0.04,0.74) thrust:0.597 motors:[0.598,0.597,0.597,0.597]
[PID] vel:(0.02,0.04,0.74) thrust:0.597 motors:[0.598,0.597,0.597,0.597]
[PID] vel:(0.02,0.04,0.74) thrust:0.597 motors:[0.598,0.597,0.597,0.597]
[PID] vel:(0.02,0.04,0.74) thrust:0.597 motors:[0.598,0.597,0.597,0.597]
[PID] vel:(0.02,0.05,0.74) thrust:0.597 motors:[0.598,0.597,0.597,0.597]
[PID] vel:(0.02,0.05,0.74) thrust:0.597 motors:[0.598,0.597,0.597,0.597]
[PID] vel:(0.02,0.05,0.74) thrust:0.597 motors:[0.598,0.597,0.597,0.597]
[PID] vel:(0.02,0.05,0.74) thrust:0.597 motors:[0.598,0.597,0.597,0.597]
[PID] vel:(0.02,0.05,0.74) thrust:0.597 motors:[0.598,0.597,0.597,0.597]
[PID] vel:(0.02,0.05,0.74) thrust:0.597 motors:[0.598,0.597,0.597,0.597]
[PID] vel:(0.02,0.05,0.74) thrust:0.597 motors:[0.598,0.597,0.597,0.597]
[PID] vel:(0.02,0.05,0.74) thrust:0.597 motors:[0.598,0.597,0.597,0.597]
[PID] vel:(0.02,0.05,0.74) thrust:0.597 motors:[0.598,0.597,0.597,0.597]
[PID] vel:(0.02,0.05,0.74) thrust:0.597 motors:[0.598,0.597,0.597,0.597]
[PID] vel:(0.02,0.05,0.74) thrust:0.597 motors:[0.598,0.597,0.597,0.597]
[PID] vel:(0.02,0.05,0.74) thrust:0.597 motors:[0.598,0.597,0.597,0.597]
[PID] vel:(0.02,0.05,0.74) thrust:0.597 motors:[0.598,0.597,0.597,0.597]
[PID] vel:(0.02,0.05,0.74) thrust:0.597 motors:[0.598,0.597,0.597,0.597]
[PID] vel:(0.02,0.05,0.74) thrust:0.597 motors:[0.598,0.597,0.597,0.597]
[PID] vel:(0.02,0.05,0.74) thrust:0.597 motors:[0.598,0.597,0.597,0.597]
[PID] vel:(0.02,0.05,0.74) thrust:0.597 motors:[0.598,0.597,0.597,0.597]
[PID] vel:(0.02,0.05,0.74) thrust:0.597 motors:[0.598,0.597,0.597,0.597]
[PID] vel:(0.02,0.05,0.74) thrust:0.597 motors:[0.598,0.597,0.597,0.597]
[PID] vel:(0.02,0.05,0.74) thrust:0.597 motors:[0.598,0.597,0.597,0.597]
[PID] vel:(0.02,0.05,0.74) thrust:0.597 motors:[0.598,0.597,0.597,0.597]
[PID] vel:(0.02,0.05,0.74) thrust:0.597 motors:[0.598,0.597,0.597,0.597]
[PID] vel:(0.02,0.05,0.74) thrust:0.597 motors:[0.598,0.597,0.597,0.597]
[PID] vel:(0.02,0.05,0.74) thrust:0.597 motors:[0.598,0.597,0.597,0.597]
[PID] vel:(0.02,0.05,0.74) thrust:0.597 motors:[0.598,0.597,0.597,0.597]
[PID] vel:(0.02,0.05,0.74) thrust:0.597 motors:[0.598,0.597,0.597,0.597]
[PID] vel:(0.02,0.05,0.74) thrust:0.597 motors:[0.598,0.597,0.597,0.597]
[PID] vel:(0.02,0.05,0.74) thrust:0.597 motors:[0.598,0.597,0.597,0.597]
[PID] vel:(0.02,0.05,0.74) thrust:0.597 motors:[0.598,0.597,0.597,0.597]
[PID] vel:(0.02,0.05,0.74) thrust:0.597 motors:[0.598,0.597,0.597,0.597]
[PID] vel:(0.02,0.05,0.74) thrust:0.597 motors:[0.598,0.597,0.597,0.597]
[PID] vel:(0.02,0.05,0.74) thrust:0.597 motors:[0.598,0.597,0.597,0.597]
[PID] vel:(0.02,0.05,0.74) thrust:0.597 motors:[0.598,0.597,0.597,0.597]
[PID] vel:(0.02,0.05,0.74) thrust:0.597 motors:[0.598,0.597,0.597,0.597]
[PID] vel:(0.02,0.05,0.74) thrust:0.597 motors:[0.598,0.597,0.597,0.597]
[PID] vel:(0.02,0.05,0.74) thrust:0.597 motors:[0.598,0.597,0.597,0.597]
[PID] vel:(0.02,0.05,0.74) thrust:0.597 motors:[0.598,0.597,0.597,0.597]
[PID] vel:(0.02,0.05,0.74) thrust:0.597 motors:[0.598,0.597,0.597,0.597]
[PID] vel:(0.02,0.05,0.74) thrust:0.597 motors:[0.598,0.597,0.597,0.597]
[PID] vel:(0.02,0.05,0.74) thrust:0.597 motors:[0.598,0.597,0.597,0.597]
[PID] vel:(0.02,0.05,0.74) thrust:0.597 motors:[0.598,0.597,0.597,0.597]
[PID] vel:(0.02,0.05,0.74) thrust:0.597 motors:[0.598,0.597,0.597,0.597]
[PID] vel:(0.02,0.05,0.74) thrust:0.597 motors:[0.598,0.597,0.597,0.597]
[PID] vel:(0.02,0.05,0.74) thrust:0.597 motors:[0.598,0.597,0.597,0.597]
[PID] vel:(0.02,0.05,0.74) thrust:0.597 motors:[0.598,0.597,0.597,0.597]
[PID] vel:(0.02,0.05,0.74) thrust:0.597 motors:[0.598,0.597,0.597,0.597]
[PID] vel:(0.02,0.05,0.74) thrust:0.597 motors:[0.598,0.597,0.597,0.597]
[PID] vel:(0.02,0.05,0.74) thrust:0.597 motors:[0.598,0.597,0.597,0.597]
[PID] vel:(0.02,0.05,0.74) thrust:0.597 motors:[0.598,0.597,0.597,0.597]
[DBG ODOM] Published /robot0/odom: pos=(-0.053, -0.153, 0.075)
[PID] vel:(0.02,0.05,0.74) thrust:0.597 motors:[0.598,0.597,0.597,0.597]
[PID] vel:(0.02,0.05,0.74) thrust:0.597 motors:[0.598,0.597,0.597,0.597]
[PID] vel:(0.02,0.05,0.74) thrust:0.597 motors:[0.598,0.597,0.597,0.597]
[PID] vel:(0.02,0.05,0.74) thrust:0.597 motors:[0.598,0.597,0.597,0.597]
[PID] vel:(0.02,0.05,0.74) thrust:0.597 motors:[0.598,0.597,0.597,0.597]
[PID] vel:(0.02,0.05,0.74) thrust:0.597 motors:[0.598,0.597,0.597,0.597]
[PID] vel:(0.02,0.05,0.74) thrust:0.597 motors:[0.598,0.597,0.597,0.597]
[PID] vel:(0.02,0.05,0.74) thrust:0.597 motors:[0.598,0.597,0.597,0.597]
[PID] vel:(0.02,0.05,0.74) thrust:0.597 motors:[0.598,0.597,0.597,0.597]
[PID] vel:(0.02,0.05,0.74) thrust:0.597 motors:[0.598,0.597,0.597,0.597]
[PID] vel:(0.02,0.05,0.74) thrust:0.597 motors:[0.598,0.597,0.597,0.597]
[PID] vel:(0.02,0.05,0.74) thrust:0.597 motors:[0.598,0.597,0.597,0.597]
[PID] vel:(0.02,0.05,0.74) thrust:0.597 motors:[0.598,0.597,0.597,0.597]
[PID] vel:(0.02,0.05,0.74) thrust:0.597 motors:[0.598,0.597,0.597,0.597]
[PID] vel:(0.02,0.05,0.74) thrust:0.597 motors:[0.598,0.597,0.597,0.597]
[PID] vel:(0.02,0.05,0.74) thrust:0.597 motors:[0.598,0.597,0.597,0.597]
[PID] vel:(0.02,0.05,0.74) thrust:0.597 motors:[0.598,0.597,0.597,0.597]
[PID] vel:(0.02,0.05,0.74) thrust:0.597 motors:[0.598,0.597,0.597,0.597]
[PID] vel:(0.02,0.05,0.74) thrust:0.597 motors:[0.598,0.597,0.597,0.597]
[PID] vel:(0.02,0.05,0.74) thrust:0.597 motors:[0.598,0.597,0.597,0.597]
[PID] vel:(0.02,0.05,0.74) thrust:0.597 motors:[0.598,0.597,0.597,0.597]
[PID] vel:(0.02,0.05,0.74) thrust:0.597 motors:[0.598,0.597,0.597,0.597]
[PID] vel:(0.02,0.05,0.74) thrust:0.597 motors:[0.598,0.597,0.597,0.597]
[PID] vel:(0.02,0.05,0.74) thrust:0.597 motors:[0.598,0.597,0.597,0.597]
[PID] vel:(0.02,0.05,0.74) thrust:0.597 motors:[0.598,0.597,0.597,0.597]
[PID] vel:(0.02,0.05,0.74) thrust:0.597 motors:[0.598,0.597,0.597,0.597]
[PID] vel:(0.02,0.05,0.74) thrust:0.597 motors:[0.598,0.597,0.597,0.597]
[PID] vel:(0.02,0.05,0.74) thrust:0.597 motors:[0.598,0.597,0.597,0.597]
[PID] vel:(0.02,0.05,0.74) thrust:0.597 motors:[0.598,0.597,0.597,0.597]
[PID] vel:(0.02,0.05,0.74) thrust:0.597 motors:[0.598,0.597,0.597,0.597]
[PID] vel:(0.02,0.05,0.74) thrust:0.597 motors:[0.598,0.597,0.597,0.597]
[PID] vel:(0.02,0.05,0.74) thrust:0.597 motors:[0.598,0.597,0.597,0.597]
[PID] vel:(0.02,0.05,0.74) thrust:0.597 motors:[0.598,0.597,0.597,0.597]
[PID] vel:(0.02,0.05,0.74) thrust:0.597 motors:[0.598,0.597,0.597,0.597]
[PID] vel:(0.02,0.05,0.74) thrust:0.597 motors:[0.598,0.597,0.597,0.597]
[PID] vel:(0.02,0.05,0.74) thrust:0.597 motors:[0.598,0.597,0.597,0.597]
[PID] vel:(0.02,0.05,0.74) thrust:0.597 motors:[0.598,0.597,0.597,0.597]
[PID] vel:(0.02,0.05,0.74) thrust:0.597 motors:[0.598,0.597,0.597,0.597]
[PID] vel:(0.02,0.05,0.74) thrust:0.597 motors:[0.598,0.597,0.597,0.597]
[PID] vel:(0.02,0.05,0.74) thrust:0.597 motors:[0.598,0.597,0.597,0.597]
[PID] vel:(0.02,0.05,0.74) thrust:0.597 motors:[0.598,0.597,0.597,0.597]
[PID] vel:(0.02,0.05,0.74) thrust:0.597 motors:[0.598,0.597,0.597,0.597]
[PID] vel:(0.02,0.05,0.74) thrust:0.597 motors:[0.598,0.597,0.597,0.597]
[PID] vel:(0.02,0.05,0.74) thrust:0.597 motors:[0.598,0.597,0.597,0.597]
[PID] vel:(0.02,0.05,0.74) thrust:0.597 motors:[0.598,0.597,0.597,0.597]
[PID] vel:(0.02,0.05,0.74) thrust:0.597 motors:[0.598,0.597,0.597,0.597]
[PID] vel:(0.02,0.05,0.74) thrust:0.597 motors:[0.598,0.597,0.597,0.597]
[PID] vel:(0.02,0.05,0.74) thrust:0.597 motors:[0.598,0.597,0.597,0.597]
[PID] vel:(0.02,0.05,0.74) thrust:0.597 motors:[0.598,0.597,0.597,0.597]
[PID] vel:(0.02,0.06,0.74) thrust:0.597 motors:[0.598,0.597,0.597,0.597]
[PID] vel:(0.02,0.06,0.74) thrust:0.597 motors:[0.598,0.597,0.597,0.597]
[PID] vel:(0.02,0.06,0.74) thrust:0.597 motors:[0.598,0.597,0.597,0.597]
[PID] vel:(0.02,0.06,0.74) thrust:0.597 motors:[0.598,0.598,0.597,0.597]
[PID] vel:(0.02,0.06,0.74) thrust:0.597 motors:[0.598,0.597,0.597,0.597]
[PID] vel:(0.02,0.06,0.74) thrust:0.597 motors:[0.598,0.597,0.597,0.597]
[PID] vel:(0.02,0.06,0.74) thrust:0.597 motors:[0.598,0.597,0.597,0.597]
[PID] vel:(0.02,0.06,0.74) thrust:0.597 motors:[0.598,0.598,0.597,0.597]
[PID] vel:(0.02,0.06,0.74) thrust:0.597 motors:[0.598,0.597,0.597,0.597]
[PID] vel:(0.02,0.06,0.74) thrust:0.597 motors:[0.598,0.597,0.597,0.597]
[PID] vel:(0.02,0.06,0.74) thrust:0.597 motors:[0.598,0.598,0.597,0.597]
[DBG ODOM] Published /robot0/odom: pos=(-0.060, -0.173, 0.075)
[PID] vel:(0.02,0.06,0.74) thrust:0.597 motors:[0.598,0.597,0.597,0.597]
[PID] vel:(0.02,0.06,0.74) thrust:0.597 motors:[0.598,0.597,0.597,0.597]
[PID] vel:(0.02,0.06,0.74) thrust:0.597 motors:[0.598,0.597,0.597,0.597]
[PID] vel:(0.02,0.06,0.74) thrust:0.597 motors:[0.598,0.598,0.597,0.597]
[PID] vel:(0.02,0.06,0.74) thrust:0.597 motors:[0.598,0.597,0.597,0.597]
[PID] vel:(0.02,0.06,0.74) thrust:0.597 motors:[0.598,0.597,0.597,0.597]
[PID] vel:(0.02,0.06,0.74) thrust:0.597 motors:[0.598,0.598,0.597,0.597]
[PID] vel:(0.02,0.06,0.74) thrust:0.597 motors:[0.598,0.598,0.597,0.597]
[PID] vel:(0.02,0.06,0.74) thrust:0.597 motors:[0.598,0.597,0.597,0.597]
[PID] vel:(0.02,0.06,0.74) thrust:0.597 motors:[0.598,0.597,0.597,0.597]
[PID] vel:(0.02,0.06,0.74) thrust:0.597 motors:[0.598,0.598,0.597,0.597]
[PID] vel:(0.02,0.06,0.74) thrust:0.597 motors:[0.598,0.597,0.597,0.597]
[PID] vel:(0.02,0.06,0.74) thrust:0.597 motors:[0.598,0.597,0.597,0.597]
[PID] vel:(0.02,0.06,0.74) thrust:0.597 motors:[0.598,0.597,0.597,0.597]
[PID] vel:(0.02,0.06,0.74) thrust:0.597 motors:[0.598,0.598,0.597,0.597]
[PID] vel:(0.02,0.06,0.74) thrust:0.597 motors:[0.598,0.597,0.597,0.597]
[PID] vel:(0.02,0.06,0.74) thrust:0.597 motors:[0.598,0.597,0.597,0.597]
[PID] vel:(0.02,0.06,0.74) thrust:0.597 motors:[0.598,0.598,0.597,0.597]
[PID] vel:(0.02,0.06,0.74) thrust:0.597 motors:[0.598,0.598,0.597,0.597]
[PID] vel:(0.02,0.06,0.74) thrust:0.597 motors:[0.598,0.597,0.597,0.597]
[PID] vel:(0.02,0.06,0.74) thrust:0.597 motors:[0.598,0.597,0.597,0.597]
[PID] vel:(0.02,0.06,0.74) thrust:0.597 motors:[0.598,0.598,0.597,0.597]
[PID] vel:(0.02,0.06,0.74) thrust:0.597 motors:[0.598,0.597,0.597,0.597]
[PID] vel:(0.02,0.06,0.74) thrust:0.597 motors:[0.598,0.597,0.597,0.597]
[PID] vel:(0.02,0.06,0.74) thrust:0.597 motors:[0.598,0.598,0.597,0.597]
[PID] vel:(0.02,0.06,0.74) thrust:0.597 motors:[0.598,0.598,0.597,0.597]
[PID] vel:(0.02,0.06,0.74) thrust:0.597 motors:[0.598,0.597,0.597,0.597]
[PID] vel:(0.02,0.06,0.74) thrust:0.597 motors:[0.598,0.597,0.597,0.597]
[PID] vel:(0.02,0.06,0.74) thrust:0.597 motors:[0.598,0.598,0.597,0.597]
[PID] vel:(0.02,0.06,0.74) thrust:0.597 motors:[0.598,0.598,0.597,0.597]
[PID] vel:(0.02,0.06,0.74) thrust:0.597 motors:[0.598,0.597,0.597,0.597]
[PID] vel:(0.02,0.06,0.74) thrust:0.597 motors:[0.598,0.597,0.597,0.597]
[PID] vel:(0.02,0.06,0.74) thrust:0.597 motors:[0.598,0.598,0.597,0.597]
[PID] vel:(0.02,0.06,0.74) thrust:0.597 motors:[0.598,0.597,0.597,0.597]
[PID] vel:(0.02,0.06,0.74) thrust:0.597 motors:[0.598,0.597,0.597,0.597]
[PID] vel:(0.02,0.06,0.74) thrust:0.597 motors:[0.598,0.598,0.597,0.597]
[PID] vel:(0.02,0.06,0.74) thrust:0.597 motors:[0.598,0.598,0.597,0.597]
[PID] vel:(0.02,0.06,0.74) thrust:0.597 motors:[0.598,0.597,0.597,0.597]
[PID] vel:(0.02,0.06,0.74) thrust:0.597 motors:[0.598,0.597,0.597,0.597]
[PID] vel:(0.02,0.06,0.74) thrust:0.597 motors:[0.598,0.598,0.597,0.597]
[PID] vel:(0.02,0.06,0.74) thrust:0.597 motors:[0.598,0.598,0.597,0.597]
[PID] vel:(0.02,0.06,0.74) thrust:0.597 motors:[0.598,0.597,0.597,0.597]
[PID] vel:(0.02,0.06,0.74) thrust:0.597 motors:[0.598,0.598,0.597,0.597]
[PID] vel:(0.02,0.06,0.74) thrust:0.597 motors:[0.598,0.598,0.597,0.597]
[PID] vel:(0.02,0.06,0.74) thrust:0.597 motors:[0.598,0.597,0.597,0.597]
[PID] vel:(0.02,0.06,0.74) thrust:0.597 motors:[0.598,0.597,0.597,0.597]
[PID] vel:(0.02,0.06,0.74) thrust:0.597 motors:[0.598,0.598,0.597,0.597]
[PID] vel:(0.02,0.06,0.74) thrust:0.597 motors:[0.598,0.598,0.597,0.597]
[PID] vel:(0.02,0.06,0.74) thrust:0.597 motors:[0.598,0.597,0.597,0.597]
[PID] vel:(0.02,0.06,0.74) thrust:0.597 motors:[0.598,0.597,0.597,0.597]
[PID] vel:(0.02,0.06,0.74) thrust:0.597 motors:[0.598,0.598,0.597,0.597]
[PID] vel:(0.02,0.06,0.74) thrust:0.597 motors:[0.598,0.598,0.597,0.597]
[PID] vel:(0.02,0.06,0.74) thrust:0.597 motors:[0.598,0.597,0.597,0.597]
[PID] vel:(0.02,0.06,0.74) thrust:0.597 motors:[0.598,0.598,0.597,0.597]
[PID] vel:(0.02,0.06,0.74) thrust:0.597 motors:[0.598,0.598,0.597,0.597]
[PID] vel:(0.02,0.06,0.74) thrust:0.597 motors:[0.598,0.597,0.597,0.597]
[PID] vel:(0.02,0.06,0.74) thrust:0.597 motors:[0.598,0.597,0.597,0.597]
[PID] vel:(0.02,0.06,0.74) thrust:0.597 motors:[0.598,0.598,0.597,0.597]
[PID] vel:(0.02,0.06,0.74) thrust:0.597 motors:[0.598,0.598,0.596,0.597]
[PID] vel:(0.02,0.06,0.74) thrust:0.597 motors:[0.598,0.597,0.597,0.597]
[DBG ODOM] Published /robot0/odom: pos=(-0.066, -0.192, 0.075)
[PID] vel:(0.02,0.06,0.74) thrust:0.597 motors:[0.598,0.598,0.597,0.597]
[PID] vel:(0.02,0.06,0.74) thrust:0.597 motors:[0.598,0.598,0.597,0.597]
[PID] vel:(0.02,0.06,0.74) thrust:0.597 motors:[0.598,0.598,0.596,0.597]
[PID] vel:(0.02,0.06,0.74) thrust:0.597 motors:[0.598,0.597,0.597,0.597]
[PID] vel:(0.02,0.06,0.74) thrust:0.597 motors:[0.598,0.598,0.597,0.597]
[PID] vel:(0.02,0.06,0.74) thrust:0.597 motors:[0.598,0.598,0.596,0.597]
[PID] vel:(0.02,0.06,0.74) thrust:0.597 motors:[0.598,0.597,0.596,0.597]
[PID] vel:(0.02,0.06,0.74) thrust:0.597 motors:[0.598,0.597,0.597,0.597]
[PID] vel:(0.02,0.06,0.74) thrust:0.597 motors:[0.598,0.598,0.597,0.597]
[PID] vel:(0.02,0.06,0.74) thrust:0.597 motors:[0.598,0.598,0.596,0.597]
[PID] vel:(0.02,0.06,0.74) thrust:0.597 motors:[0.598,0.597,0.597,0.597]
[PID] vel:(0.02,0.06,0.74) thrust:0.597 motors:[0.598,0.598,0.597,0.597]
[PID] vel:(0.02,0.06,0.74) thrust:0.597 motors:[0.598,0.598,0.597,0.597]
[PID] vel:(0.02,0.06,0.74) thrust:0.597 motors:[0.598,0.598,0.596,0.597]
[PID] vel:(0.02,0.06,0.74) thrust:0.597 motors:[0.598,0.597,0.597,0.597]
[PID] vel:(0.02,0.06,0.74) thrust:0.597 motors:[0.598,0.598,0.597,0.597]
[PID] vel:(0.02,0.06,0.74) thrust:0.597 motors:[0.598,0.598,0.596,0.597]
[PID] vel:(0.02,0.06,0.74) thrust:0.597 motors:[0.598,0.597,0.596,0.597]
[PID] vel:(0.02,0.06,0.74) thrust:0.597 motors:[0.598,0.598,0.597,0.597]
[PID] vel:(0.02,0.06,0.74) thrust:0.597 motors:[0.598,0.598,0.597,0.597]
[PID] vel:(0.02,0.06,0.74) thrust:0.597 motors:[0.598,0.598,0.596,0.597]
[PID] vel:(0.02,0.06,0.74) thrust:0.597 motors:[0.598,0.597,0.597,0.597]
[PID] vel:(0.02,0.06,0.74) thrust:0.597 motors:[0.598,0.598,0.597,0.597]
[PID] vel:(0.02,0.06,0.74) thrust:0.597 motors:[0.598,0.598,0.596,0.597]
[PID] vel:(0.02,0.06,0.74) thrust:0.597 motors:[0.598,0.598,0.596,0.597]
[PID] vel:(0.02,0.06,0.74) thrust:0.597 motors:[0.598,0.598,0.597,0.597]
[PID] vel:(0.02,0.06,0.74) thrust:0.597 motors:[0.598,0.598,0.597,0.597]
[PID] vel:(0.02,0.06,0.74) thrust:0.597 motors:[0.598,0.598,0.596,0.597]
[PID] vel:(0.02,0.06,0.74) thrust:0.597 motors:[0.598,0.597,0.596,0.597]
[PID] vel:(0.02,0.06,0.74) thrust:0.597 motors:[0.598,0.598,0.597,0.597]
[PID] vel:(0.02,0.06,0.74) thrust:0.597 motors:[0.598,0.598,0.596,0.597]
[PID] vel:(0.02,0.06,0.74) thrust:0.597 motors:[0.598,0.598,0.596,0.597]
[PID] vel:(0.02,0.06,0.74) thrust:0.597 motors:[0.598,0.597,0.597,0.597]
[PID] vel:(0.02,0.06,0.74) thrust:0.597 motors:[0.598,0.598,0.597,0.597]
[PID] vel:(0.02,0.06,0.74) thrust:0.597 motors:[0.598,0.598,0.596,0.597]
[PID] vel:(0.02,0.07,0.74) thrust:0.597 motors:[0.598,0.598,0.596,0.597]
[PID] vel:(0.02,0.06,0.74) thrust:0.597 motors:[0.598,0.598,0.597,0.597]
[PID] vel:(0.02,0.07,0.74) thrust:0.597 motors:[0.598,0.598,0.596,0.597]
[PID] vel:(0.02,0.07,0.74) thrust:0.597 motors:[0.598,0.598,0.596,0.597]
[PID] vel:(0.02,0.07,0.74) thrust:0.597 motors:[0.598,0.598,0.596,0.597]
[PID] vel:(0.02,0.07,0.74) thrust:0.597 motors:[0.598,0.598,0.597,0.597]
[PID] vel:(0.02,0.07,0.74) thrust:0.597 motors:[0.598,0.598,0.596,0.597]
[PID] vel:(0.02,0.07,0.74) thrust:0.597 motors:[0.598,0.598,0.596,0.597]
[PID] vel:(0.02,0.07,0.74) thrust:0.597 motors:[0.598,0.598,0.596,0.597]
[PID] vel:(0.02,0.07,0.74) thrust:0.597 motors:[0.598,0.598,0.597,0.597]
[PID] vel:(0.02,0.07,0.74) thrust:0.597 motors:[0.598,0.598,0.596,0.597]
[PID] vel:(0.02,0.07,0.74) thrust:0.597 motors:[0.598,0.598,0.596,0.597]
[PID] vel:(0.02,0.07,0.74) thrust:0.597 motors:[0.598,0.598,0.597,0.597]
[PID] vel:(0.02,0.07,0.74) thrust:0.597 motors:[0.598,0.598,0.596,0.597]
[PID] vel:(0.02,0.07,0.74) thrust:0.597 motors:[0.598,0.598,0.596,0.597]
[PID] vel:(0.02,0.07,0.74) thrust:0.597 motors:[0.598,0.598,0.596,0.597]
[PID] vel:(0.02,0.07,0.74) thrust:0.597 motors:[0.598,0.598,0.597,0.597]
[PID] vel:(0.02,0.07,0.74) thrust:0.597 motors:[0.598,0.598,0.596,0.597]
[PID] vel:(0.02,0.07,0.74) thrust:0.597 motors:[0.598,0.598,0.596,0.597]
[PID] vel:(0.02,0.07,0.74) thrust:0.597 motors:[0.598,0.598,0.596,0.597]
[PID] vel:(0.02,0.07,0.74) thrust:0.597 motors:[0.598,0.598,0.596,0.597]
[PID] vel:(0.02,0.07,0.74) thrust:0.597 motors:[0.598,0.598,0.596,0.597]
[PID] vel:(0.02,0.07,0.74) thrust:0.597 motors:[0.598,0.598,0.596,0.597]
[PID] vel:(0.02,0.07,0.74) thrust:0.597 motors:[0.598,0.598,0.596,0.597]
[PID] vel:(0.02,0.07,0.74) thrust:0.597 motors:[0.598,0.598,0.596,0.597]
[DBG ODOM] Published /robot0/odom: pos=(-0.072, -0.211, 0.075)
[PID] vel:(0.02,0.07,0.74) thrust:0.597 motors:[0.598,0.598,0.596,0.597]
[PID] vel:(0.02,0.07,0.74) thrust:0.597 motors:[0.598,0.598,0.596,0.597]
[PID] vel:(0.02,0.07,0.74) thrust:0.597 motors:[0.598,0.598,0.596,0.597]
[PID] vel:(0.02,0.07,0.74) thrust:0.597 motors:[0.598,0.598,0.596,0.597]
[PID] vel:(0.02,0.07,0.74) thrust:0.597 motors:[0.598,0.598,0.596,0.597]
[PID] vel:(0.02,0.07,0.74) thrust:0.597 motors:[0.598,0.598,0.596,0.597]
[PID] vel:(0.02,0.07,0.74) thrust:0.597 motors:[0.598,0.598,0.596,0.597]
[PID] vel:(0.02,0.07,0.74) thrust:0.597 motors:[0.598,0.598,0.596,0.597]
[PID] vel:(0.02,0.07,0.74) thrust:0.597 motors:[0.598,0.598,0.596,0.597]
[PID] vel:(0.02,0.07,0.74) thrust:0.597 motors:[0.598,0.598,0.596,0.597]
[PID] vel:(0.02,0.07,0.74) thrust:0.597 motors:[0.598,0.598,0.596,0.597]
[PID] vel:(0.02,0.07,0.74) thrust:0.597 motors:[0.598,0.598,0.596,0.597]
[PID] vel:(0.02,0.07,0.74) thrust:0.597 motors:[0.598,0.598,0.596,0.597]
[PID] vel:(0.02,0.07,0.74) thrust:0.597 motors:[0.598,0.598,0.596,0.597]
[PID] vel:(0.02,0.07,0.74) thrust:0.597 motors:[0.598,0.598,0.596,0.597]
[PID] vel:(0.02,0.07,0.74) thrust:0.597 motors:[0.598,0.598,0.596,0.597]
[PID] vel:(0.02,0.07,0.74) thrust:0.597 motors:[0.598,0.598,0.596,0.597]
[PID] vel:(0.02,0.07,0.74) thrust:0.597 motors:[0.598,0.598,0.596,0.597]
[PID] vel:(0.02,0.07,0.74) thrust:0.597 motors:[0.598,0.598,0.596,0.597]
[PID] vel:(0.02,0.07,0.74) thrust:0.597 motors:[0.598,0.598,0.596,0.597]
[PID] vel:(0.02,0.07,0.74) thrust:0.597 motors:[0.598,0.598,0.596,0.597]
[PID] vel:(0.02,0.07,0.74) thrust:0.597 motors:[0.598,0.598,0.596,0.597]
[PID] vel:(0.02,0.07,0.74) thrust:0.597 motors:[0.598,0.598,0.596,0.597]
[PID] vel:(0.02,0.07,0.74) thrust:0.597 motors:[0.598,0.598,0.596,0.597]
[PID] vel:(0.02,0.07,0.74) thrust:0.597 motors:[0.598,0.598,0.596,0.597]
[PID] vel:(0.02,0.07,0.74) thrust:0.597 motors:[0.598,0.598,0.596,0.597]
[PID] vel:(0.02,0.07,0.74) thrust:0.597 motors:[0.598,0.598,0.596,0.597]
[PID] vel:(0.02,0.07,0.74) thrust:0.597 motors:[0.598,0.598,0.596,0.597]
[PID] vel:(0.02,0.07,0.74) thrust:0.597 motors:[0.598,0.598,0.596,0.597]
[PID] vel:(0.02,0.07,0.74) thrust:0.597 motors:[0.598,0.598,0.596,0.597]
[PID] vel:(0.02,0.07,0.74) thrust:0.597 motors:[0.598,0.598,0.596,0.597]
[PID] vel:(0.02,0.07,0.74) thrust:0.597 motors:[0.598,0.598,0.596,0.597]
[PID] vel:(0.02,0.07,0.74) thrust:0.597 motors:[0.598,0.598,0.596,0.597]
[PID] vel:(0.02,0.07,0.74) thrust:0.597 motors:[0.598,0.598,0.596,0.597]
[PID] vel:(0.02,0.07,0.74) thrust:0.597 motors:[0.598,0.598,0.596,0.597]
[PID] vel:(0.02,0.07,0.74) thrust:0.597 motors:[0.598,0.598,0.596,0.597]
[PID] vel:(0.02,0.07,0.74) thrust:0.597 motors:[0.598,0.598,0.596,0.597]
[PID] vel:(0.02,0.07,0.74) thrust:0.597 motors:[0.598,0.598,0.596,0.597]
[PID] vel:(0.02,0.07,0.74) thrust:0.597 motors:[0.598,0.598,0.596,0.597]
[PID] vel:(0.02,0.07,0.74) thrust:0.597 motors:[0.598,0.598,0.596,0.597]
[PID] vel:(0.02,0.07,0.74) thrust:0.597 motors:[0.598,0.598,0.596,0.597]
[PID] vel:(0.02,0.07,0.74) thrust:0.597 motors:[0.598,0.598,0.596,0.597]
[PID] vel:(0.02,0.07,0.74) thrust:0.597 motors:[0.598,0.598,0.596,0.597]
[PID] vel:(0.02,0.07,0.74) thrust:0.597 motors:[0.598,0.598,0.596,0.597]
[PID] vel:(0.02,0.07,0.74) thrust:0.597 motors:[0.598,0.598,0.596,0.597]
[PID] vel:(0.02,0.07,0.74) thrust:0.597 motors:[0.598,0.598,0.596,0.597]
[PID] vel:(0.02,0.07,0.74) thrust:0.597 motors:[0.598,0.598,0.596,0.597]
[PID] vel:(0.02,0.07,0.74) thrust:0.597 motors:[0.598,0.598,0.596,0.597]
[PID] vel:(0.02,0.07,0.74) thrust:0.597 motors:[0.598,0.598,0.596,0.597]
[PID] vel:(0.02,0.07,0.74) thrust:0.597 motors:[0.598,0.598,0.596,0.597]
[PID] vel:(0.02,0.07,0.74) thrust:0.597 motors:[0.598,0.598,0.596,0.597]
[PID] vel:(0.02,0.07,0.74) thrust:0.597 motors:[0.598,0.598,0.596,0.597]
[PID] vel:(0.02,0.07,0.74) thrust:0.597 motors:[0.598,0.598,0.596,0.597]
[PID] vel:(0.02,0.07,0.74) thrust:0.597 motors:[0.598,0.598,0.596,0.597]
[PID] vel:(0.02,0.07,0.74) thrust:0.597 motors:[0.598,0.598,0.596,0.597]
[PID] vel:(0.02,0.07,0.74) thrust:0.597 motors:[0.598,0.598,0.596,0.597]
[PID] vel:(0.02,0.07,0.74) thrust:0.597 motors:[0.598,0.598,0.596,0.597]
[PID] vel:(0.02,0.07,0.74) thrust:0.597 motors:[0.598,0.598,0.596,0.597]
[PID] vel:(0.02,0.07,0.74) thrust:0.597 motors:[0.598,0.598,0.596,0.597]
[PID] vel:(0.02,0.07,0.74) thrust:0.597 motors:[0.598,0.598,0.596,0.597]
[DBG ODOM] Published /robot0/odom: pos=(-0.078, -0.229, 0.075)
[PID] vel:(0.02,0.07,0.74) thrust:0.597 motors:[0.598,0.598,0.596,0.597]
[PID] vel:(0.02,0.07,0.74) thrust:0.597 motors:[0.598,0.598,0.596,0.597]
[PID] vel:(0.02,0.07,0.74) thrust:0.597 motors:[0.598,0.598,0.596,0.597]
[PID] vel:(0.02,0.07,0.74) thrust:0.597 motors:[0.598,0.598,0.596,0.597]
[PID] vel:(0.02,0.07,0.74) thrust:0.597 motors:[0.598,0.598,0.596,0.597]
[PID] vel:(0.02,0.07,0.74) thrust:0.597 motors:[0.598,0.598,0.596,0.597]
[PID] vel:(0.02,0.07,0.74) thrust:0.597 motors:[0.598,0.598,0.596,0.597]
[PID] vel:(0.02,0.07,0.74) thrust:0.597 motors:[0.598,0.598,0.596,0.597]
[PID] vel:(0.02,0.07,0.74) thrust:0.597 motors:[0.598,0.598,0.596,0.597]
[PID] vel:(0.02,0.07,0.74) thrust:0.597 motors:[0.598,0.598,0.596,0.597]
[PID] vel:(0.02,0.07,0.74) thrust:0.597 motors:[0.598,0.598,0.596,0.597]
[PID] vel:(0.02,0.07,0.74) thrust:0.597 motors:[0.598,0.598,0.596,0.597]
[PID] vel:(0.02,0.07,0.74) thrust:0.597 motors:[0.598,0.598,0.596,0.597]
[PID] vel:(0.03,0.07,0.74) thrust:0.597 motors:[0.598,0.598,0.596,0.597]
[PID] vel:(0.03,0.07,0.74) thrust:0.597 motors:[0.598,0.598,0.596,0.597]
[PID] vel:(0.02,0.07,0.74) thrust:0.597 motors:[0.598,0.598,0.596,0.597]
[PID] vel:(0.03,0.07,0.74) thrust:0.597 motors:[0.598,0.598,0.596,0.597]
[PID] vel:(0.03,0.07,0.74) thrust:0.597 motors:[0.598,0.598,0.596,0.597]
[PID] vel:(0.03,0.07,0.74) thrust:0.597 motors:[0.598,0.598,0.596,0.597]
[PID] vel:(0.03,0.07,0.74) thrust:0.597 motors:[0.598,0.598,0.596,0.597]
[PID] vel:(0.03,0.07,0.74) thrust:0.597 motors:[0.598,0.598,0.596,0.597]
[PID] vel:(0.03,0.07,0.74) thrust:0.597 motors:[0.598,0.598,0.596,0.597]
[PID] vel:(0.03,0.07,0.74) thrust:0.597 motors:[0.598,0.598,0.596,0.597]
[PID] vel:(0.03,0.07,0.74) thrust:0.597 motors:[0.598,0.598,0.596,0.597]
[PID] vel:(0.03,0.07,0.74) thrust:0.597 motors:[0.598,0.598,0.596,0.597]
[PID] vel:(0.03,0.07,0.74) thrust:0.597 motors:[0.598,0.598,0.596,0.597]
[PID] vel:(0.03,0.07,0.74) thrust:0.597 motors:[0.598,0.598,0.596,0.597]
[PID] vel:(0.03,0.07,0.74) thrust:0.597 motors:[0.598,0.598,0.596,0.597]
[PID] vel:(0.03,0.07,0.74) thrust:0.597 motors:[0.598,0.598,0.596,0.597]
[PID] vel:(0.03,0.07,0.74) thrust:0.597 motors:[0.598,0.598,0.596,0.597]
[PID] vel:(0.03,0.08,0.74) thrust:0.597 motors:[0.598,0.598,0.596,0.597]
[PID] vel:(0.03,0.08,0.74) thrust:0.597 motors:[0.598,0.598,0.596,0.597]
[PID] vel:(0.03,0.08,0.74) thrust:0.597 motors:[0.598,0.598,0.596,0.597]
[PID] vel:(0.03,0.08,0.74) thrust:0.597 motors:[0.598,0.598,0.596,0.597]
[PID] vel:(0.03,0.08,0.74) thrust:0.597 motors:[0.598,0.598,0.596,0.597]
[PID] vel:(0.03,0.08,0.74) thrust:0.597 motors:[0.598,0.598,0.596,0.597]
[PID] vel:(0.03,0.08,0.74) thrust:0.597 motors:[0.598,0.598,0.596,0.597]
[PID] vel:(0.03,0.08,0.74) thrust:0.597 motors:[0.598,0.598,0.596,0.597]
[PID] vel:(0.03,0.08,0.74) thrust:0.597 motors:[0.598,0.598,0.596,0.597]
[PID] vel:(0.03,0.08,0.74) thrust:0.597 motors:[0.598,0.598,0.596,0.597]
[PID] vel:(0.03,0.08,0.74) thrust:0.597 motors:[0.598,0.598,0.596,0.597]
[PID] vel:(0.03,0.08,0.74) thrust:0.597 motors:[0.598,0.598,0.596,0.597]
[PID] vel:(0.03,0.08,0.74) thrust:0.597 motors:[0.598,0.598,0.596,0.597]
[PID] vel:(0.03,0.08,0.74) thrust:0.597 motors:[0.598,0.598,0.596,0.597]
[PID] vel:(0.03,0.08,0.74) thrust:0.597 motors:[0.598,0.598,0.596,0.597]
[PID] vel:(0.03,0.08,0.74) thrust:0.597 motors:[0.598,0.598,0.596,0.597]
[PID] vel:(0.03,0.08,0.74) thrust:0.597 motors:[0.598,0.598,0.596,0.597]
[PID] vel:(0.03,0.08,0.74) thrust:0.597 motors:[0.598,0.598,0.596,0.597]
[PID] vel:(0.03,0.08,0.74) thrust:0.597 motors:[0.598,0.598,0.596,0.597]
[PID] vel:(0.03,0.08,0.74) thrust:0.597 motors:[0.598,0.598,0.596,0.597]
[PID] vel:(0.03,0.08,0.74) thrust:0.597 motors:[0.598,0.598,0.596,0.597]
[PID] vel:(0.03,0.08,0.74) thrust:0.597 motors:[0.598,0.598,0.596,0.597]
[PID] vel:(0.03,0.08,0.74) thrust:0.597 motors:[0.598,0.598,0.596,0.597]
[PID] vel:(0.03,0.08,0.74) thrust:0.597 motors:[0.598,0.598,0.596,0.597]
[PID] vel:(0.03,0.08,0.74) thrust:0.597 motors:[0.598,0.598,0.596,0.597]
[PID] vel:(0.03,0.08,0.74) thrust:0.597 motors:[0.598,0.598,0.596,0.597]
[PID] vel:(0.03,0.08,0.74) thrust:0.597 motors:[0.598,0.598,0.596,0.597]
[PID] vel:(0.03,0.08,0.74) thrust:0.597 motors:[0.598,0.598,0.596,0.597]
[PID] vel:(0.03,0.08,0.74) thrust:0.597 motors:[0.598,0.598,0.596,0.597]
[PID] vel:(0.03,0.08,0.74) thrust:0.597 motors:[0.598,0.598,0.596,0.597]
[DBG ODOM] Published /robot0/odom: pos=(-0.084, -0.247, 0.075)
[PID] vel:(0.03,0.08,0.74) thrust:0.597 motors:[0.598,0.598,0.596,0.597]
[PID] vel:(0.03,0.08,0.74) thrust:0.597 motors:[0.598,0.598,0.596,0.597]
[PID] vel:(0.03,0.08,0.74) thrust:0.597 motors:[0.598,0.598,0.596,0.597]
[PID] vel:(0.03,0.08,0.74) thrust:0.597 motors:[0.598,0.598,0.596,0.597]
[PID] vel:(0.03,0.08,0.74) thrust:0.597 motors:[0.598,0.598,0.596,0.597]
[PID] vel:(0.03,0.08,0.74) thrust:0.597 motors:[0.598,0.598,0.596,0.597]
[PID] vel:(0.03,0.08,0.74) thrust:0.597 motors:[0.598,0.598,0.596,0.597]
[PID] vel:(0.03,0.08,0.74) thrust:0.597 motors:[0.598,0.598,0.596,0.597]
[PID] vel:(0.03,0.08,0.74) thrust:0.597 motors:[0.598,0.598,0.596,0.597]
[PID] vel:(0.03,0.08,0.74) thrust:0.597 motors:[0.598,0.598,0.596,0.597]
[PID] vel:(0.03,0.08,0.74) thrust:0.597 motors:[0.598,0.598,0.596,0.597]
[PID] vel:(0.03,0.08,0.74) thrust:0.597 motors:[0.598,0.598,0.596,0.597]
[PID] vel:(0.03,0.08,0.74) thrust:0.597 motors:[0.598,0.598,0.596,0.597]
[PID] vel:(0.03,0.08,0.74) thrust:0.597 motors:[0.598,0.598,0.596,0.597]
[PID] vel:(0.03,0.08,0.74) thrust:0.597 motors:[0.598,0.598,0.596,0.597]
[PID] vel:(0.03,0.08,0.74) thrust:0.597 motors:[0.598,0.598,0.596,0.597]
[PID] vel:(0.03,0.08,0.74) thrust:0.597 motors:[0.598,0.598,0.596,0.597]
[PID] vel:(0.03,0.08,0.74) thrust:0.597 motors:[0.598,0.598,0.596,0.597]
[PID] vel:(0.03,0.08,0.74) thrust:0.597 motors:[0.598,0.598,0.596,0.597]
[PID] vel:(0.03,0.08,0.74) thrust:0.597 motors:[0.598,0.598,0.596,0.597]
[PID] vel:(0.03,0.08,0.74) thrust:0.597 motors:[0.598,0.598,0.596,0.597]
[PID] vel:(0.03,0.08,0.74) thrust:0.597 motors:[0.598,0.598,0.596,0.597]
[PID] vel:(0.03,0.08,0.74) thrust:0.597 motors:[0.598,0.598,0.596,0.597]
[PID] vel:(0.03,0.08,0.74) thrust:0.597 motors:[0.598,0.598,0.596,0.597]
[PID] vel:(0.03,0.08,0.74) thrust:0.597 motors:[0.598,0.598,0.596,0.597]
[PID] vel:(0.03,0.08,0.74) thrust:0.597 motors:[0.598,0.598,0.596,0.597]
[PID] vel:(0.03,0.08,0.74) thrust:0.597 motors:[0.598,0.598,0.596,0.597]
[PID] vel:(0.03,0.08,0.74) thrust:0.597 motors:[0.598,0.598,0.596,0.597]
[PID] vel:(0.03,0.08,0.74) thrust:0.597 motors:[0.598,0.598,0.596,0.597]
[PID] vel:(0.03,0.08,0.74) thrust:0.597 motors:[0.598,0.598,0.596,0.597]
[PID] vel:(0.03,0.08,0.74) thrust:0.597 motors:[0.598,0.598,0.596,0.597]
[PID] vel:(0.03,0.08,0.74) thrust:0.597 motors:[0.598,0.598,0.596,0.597]
[PID] vel:(0.03,0.08,0.74) thrust:0.597 motors:[0.598,0.598,0.596,0.597]
[PID] vel:(0.03,0.08,0.74) thrust:0.597 motors:[0.598,0.598,0.596,0.597]
[PID] vel:(0.03,0.08,0.74) thrust:0.597 motors:[0.598,0.598,0.596,0.597]
[PID] vel:(0.03,0.08,0.74) thrust:0.597 motors:[0.598,0.598,0.596,0.597]
[PID] vel:(0.03,0.08,0.74) thrust:0.597 motors:[0.598,0.598,0.596,0.597]
[PID] vel:(0.03,0.08,0.74) thrust:0.597 motors:[0.598,0.598,0.596,0.597]
[PID] vel:(0.03,0.08,0.74) thrust:0.597 motors:[0.598,0.598,0.596,0.597]
[PID] vel:(0.03,0.08,0.74) thrust:0.597 motors:[0.598,0.598,0.596,0.597]
[PID] vel:(0.03,0.08,0.74) thrust:0.597 motors:[0.598,0.598,0.596,0.597]
[PID] vel:(0.03,0.08,0.74) thrust:0.597 motors:[0.598,0.598,0.596,0.597]
[PID] vel:(0.03,0.08,0.74) thrust:0.597 motors:[0.598,0.598,0.596,0.597]
[PID] vel:(0.03,0.08,0.74) thrust:0.597 motors:[0.598,0.598,0.596,0.597]
[PID] vel:(0.03,0.08,0.74) thrust:0.597 motors:[0.598,0.598,0.596,0.597]
[PID] vel:(0.03,0.08,0.74) thrust:0.597 motors:[0.598,0.598,0.596,0.597]
[PID] vel:(0.03,0.08,0.74) thrust:0.597 motors:[0.598,0.598,0.596,0.597]
[PID] vel:(0.03,0.08,0.74) thrust:0.597 motors:[0.598,0.598,0.596,0.597]
[PID] vel:(0.03,0.08,0.74) thrust:0.597 motors:[0.598,0.598,0.596,0.597]
[PID] vel:(0.03,0.08,0.74) thrust:0.597 motors:[0.598,0.598,0.596,0.597]
[PID] vel:(0.03,0.08,0.74) thrust:0.597 motors:[0.598,0.598,0.596,0.597]
[PID] vel:(0.03,0.08,0.74) thrust:0.597 motors:[0.598,0.598,0.596,0.597]
[PID] vel:(0.03,0.08,0.74) thrust:0.597 motors:[0.598,0.598,0.596,0.597]
[PID] vel:(0.03,0.08,0.74) thrust:0.597 motors:[0.598,0.598,0.596,0.597]
[PID] vel:(0.03,0.08,0.74) thrust:0.597 motors:[0.598,0.598,0.596,0.597]
[PID] vel:(0.03,0.08,0.74) thrust:0.597 motors:[0.598,0.598,0.596,0.597]
[PID] vel:(0.03,0.08,0.74) thrust:0.597 motors:[0.598,0.598,0.596,0.597]
[PID] vel:(0.03,0.08,0.74) thrust:0.597 motors:[0.598,0.598,0.596,0.597]
[PID] vel:(0.03,0.08,0.74) thrust:0.597 motors:[0.598,0.598,0.596,0.597]
[PID] vel:(0.03,0.08,0.74) thrust:0.597 motors:[0.598,0.598,0.596,0.597]
[DBG ODOM] Published /robot0/odom: pos=(-0.089, -0.264, 0.075)
[PID] vel:(0.03,0.08,0.74) thrust:0.597 motors:[0.598,0.598,0.596,0.597]
[PID] vel:(0.03,0.08,0.74) thrust:0.597 motors:[0.598,0.598,0.596,0.597]
[PID] vel:(0.03,0.08,0.74) thrust:0.597 motors:[0.598,0.598,0.596,0.597]
[PID] vel:(0.03,0.08,0.74) thrust:0.597 motors:[0.598,0.598,0.596,0.597]
[PID] vel:(0.03,0.08,0.74) thrust:0.597 motors:[0.598,0.598,0.596,0.597]
[PID] vel:(0.03,0.08,0.74) thrust:0.597 motors:[0.598,0.598,0.596,0.597]
[PID] vel:(0.03,0.08,0.74) thrust:0.597 motors:[0.598,0.598,0.596,0.597]
[PID] vel:(0.03,0.08,0.74) thrust:0.597 motors:[0.598,0.598,0.596,0.597]
[PID] vel:(0.03,0.08,0.74) thrust:0.597 motors:[0.598,0.598,0.596,0.597]
[PID] vel:(0.03,0.08,0.74) thrust:0.597 motors:[0.598,0.598,0.596,0.597]
[PID] vel:(0.03,0.08,0.74) thrust:0.597 motors:[0.598,0.598,0.596,0.597]
[PID] vel:(0.03,0.08,0.74) thrust:0.597 motors:[0.598,0.598,0.596,0.597]
[PID] vel:(0.03,0.08,0.74) thrust:0.597 motors:[0.598,0.598,0.596,0.597]
[PID] vel:(0.03,0.08,0.74) thrust:0.597 motors:[0.598,0.598,0.596,0.597]
[PID] vel:(0.03,0.08,0.74) thrust:0.597 motors:[0.598,0.598,0.596,0.597]
[PID] vel:(0.03,0.08,0.74) thrust:0.597 motors:[0.598,0.598,0.596,0.597]
[PID] vel:(0.03,0.08,0.74) thrust:0.597 motors:[0.598,0.598,0.596,0.597]
[PID] vel:(0.03,0.08,0.74) thrust:0.597 motors:[0.598,0.598,0.596,0.597]
[PID] vel:(0.03,0.08,0.74) thrust:0.597 motors:[0.598,0.598,0.596,0.597]
[PID] vel:(0.03,0.08,0.74) thrust:0.597 motors:[0.598,0.598,0.596,0.597]
[PID] vel:(0.03,0.08,0.74) thrust:0.597 motors:[0.598,0.598,0.596,0.597]
[PID] vel:(0.03,0.08,0.74) thrust:0.597 motors:[0.598,0.598,0.596,0.597]
[PID] vel:(0.03,0.08,0.74) thrust:0.597 motors:[0.598,0.598,0.596,0.597]
[PID] vel:(0.03,0.08,0.74) thrust:0.597 motors:[0.598,0.598,0.596,0.597]
[PID] vel:(0.03,0.08,0.74) thrust:0.597 motors:[0.598,0.598,0.596,0.597]
[PID] vel:(0.03,0.08,0.74) thrust:0.597 motors:[0.598,0.598,0.596,0.597]
[PID] vel:(0.03,0.08,0.74) thrust:0.597 motors:[0.598,0.598,0.596,0.597]
[PID] vel:(0.03,0.08,0.74) thrust:0.597 motors:[0.598,0.598,0.596,0.597]
[PID] vel:(0.03,0.08,0.74) thrust:0.597 motors:[0.598,0.598,0.596,0.597]
[PID] vel:(0.03,0.08,0.74) thrust:0.597 motors:[0.598,0.598,0.596,0.597]
[PID] vel:(0.03,0.09,0.74) thrust:0.597 motors:[0.598,0.598,0.596,0.597]
[PID] vel:(0.03,0.09,0.74) thrust:0.597 motors:[0.598,0.598,0.596,0.597]
[PID] vel:(0.03,0.09,0.74) thrust:0.597 motors:[0.598,0.598,0.596,0.597]
[PID] vel:(0.03,0.09,0.74) thrust:0.597 motors:[0.598,0.598,0.596,0.597]
[PID] vel:(0.03,0.09,0.74) thrust:0.597 motors:[0.598,0.598,0.596,0.597]
[PID] vel:(0.03,0.09,0.74) thrust:0.597 motors:[0.598,0.598,0.596,0.597]
[PID] vel:(0.03,0.09,0.74) thrust:0.597 motors:[0.598,0.598,0.596,0.597]
[PID] vel:(0.03,0.09,0.74) thrust:0.597 motors:[0.598,0.598,0.596,0.597]
[PID] vel:(0.03,0.09,0.74) thrust:0.597 motors:[0.598,0.598,0.596,0.597]
[PID] vel:(0.03,0.09,0.74) thrust:0.597 motors:[0.598,0.598,0.596,0.597]
[PID] vel:(0.03,0.09,0.74) thrust:0.597 motors:[0.598,0.598,0.596,0.597]
[PID] vel:(0.03,0.09,0.74) thrust:0.597 motors:[0.598,0.598,0.596,0.597]
[PID] vel:(0.03,0.09,0.74) thrust:0.597 motors:[0.598,0.598,0.596,0.597]
[PID] vel:(0.03,0.09,0.74) thrust:0.597 motors:[0.598,0.598,0.596,0.597]
[PID] vel:(0.03,0.09,0.74) thrust:0.597 motors:[0.598,0.598,0.596,0.597]
[PID] vel:(0.03,0.09,0.74) thrust:0.597 motors:[0.598,0.598,0.596,0.597]
[PID] vel:(0.03,0.09,0.74) thrust:0.597 motors:[0.598,0.598,0.596,0.597]
[PID] vel:(0.03,0.09,0.74) thrust:0.597 motors:[0.598,0.598,0.596,0.597]
[PID] vel:(0.03,0.09,0.74) thrust:0.597 motors:[0.598,0.598,0.596,0.597]
[PID] vel:(0.03,0.09,0.74) thrust:0.597 motors:[0.598,0.598,0.596,0.597]
[PID] vel:(0.03,0.09,0.74) thrust:0.597 motors:[0.598,0.598,0.596,0.597]
[PID] vel:(0.03,0.09,0.74) thrust:0.597 motors:[0.598,0.598,0.596,0.597]
[PID] vel:(0.03,0.09,0.74) thrust:0.597 motors:[0.598,0.598,0.596,0.597]
[PID] vel:(0.03,0.09,0.74) thrust:0.597 motors:[0.598,0.598,0.596,0.597]
[PID] vel:(0.03,0.09,0.74) thrust:0.597 motors:[0.598,0.598,0.596,0.597]
[PID] vel:(0.03,0.09,0.74) thrust:0.597 motors:[0.598,0.598,0.596,0.597]
[PID] vel:(0.03,0.09,0.74) thrust:0.597 motors:[0.598,0.598,0.596,0.597]
[PID] vel:(0.03,0.09,0.74) thrust:0.597 motors:[0.598,0.598,0.596,0.597]
[PID] vel:(0.03,0.09,0.74) thrust:0.597 motors:[0.598,0.598,0.596,0.597]
[PID] vel:(0.03,0.09,0.74) thrust:0.597 motors:[0.598,0.598,0.596,0.597]
[DBG ODOM] Published /robot0/odom: pos=(-0.094, -0.280, 0.075)
[PID] vel:(0.03,0.09,0.74) thrust:0.597 motors:[0.598,0.598,0.596,0.597]
[PID] vel:(0.03,0.09,0.74) thrust:0.597 motors:[0.598,0.598,0.596,0.597]
[PID] vel:(0.03,0.09,0.74) thrust:0.597 motors:[0.598,0.598,0.596,0.597]
[PID] vel:(0.03,0.09,0.74) thrust:0.597 motors:[0.598,0.598,0.596,0.597]
[PID] vel:(0.03,0.09,0.74) thrust:0.597 motors:[0.598,0.598,0.596,0.597]
[PID] vel:(0.03,0.09,0.74) thrust:0.597 motors:[0.598,0.598,0.596,0.597]
[PID] vel:(0.03,0.09,0.74) thrust:0.597 motors:[0.598,0.598,0.596,0.597]
[PID] vel:(0.03,0.09,0.74) thrust:0.597 motors:[0.598,0.598,0.596,0.597]
[PID] vel:(0.03,0.09,0.74) thrust:0.597 motors:[0.598,0.598,0.596,0.597]
[PID] vel:(0.03,0.09,0.74) thrust:0.597 motors:[0.598,0.598,0.596,0.597]
[PID] vel:(0.03,0.09,0.74) thrust:0.597 motors:[0.598,0.598,0.596,0.597]
[PID] vel:(0.03,0.09,0.74) thrust:0.597 motors:[0.598,0.598,0.596,0.597]
[PID] vel:(0.03,0.09,0.74) thrust:0.597 motors:[0.598,0.598,0.596,0.597]
[PID] vel:(0.03,0.09,0.74) thrust:0.597 motors:[0.598,0.598,0.596,0.597]
[PID] vel:(0.03,0.09,0.74) thrust:0.597 motors:[0.598,0.598,0.596,0.597]
[PID] vel:(0.03,0.09,0.74) thrust:0.597 motors:[0.598,0.598,0.596,0.597]
[PID] vel:(0.03,0.09,0.74) thrust:0.597 motors:[0.598,0.598,0.596,0.597]
[PID] vel:(0.03,0.09,0.74) thrust:0.597 motors:[0.598,0.598,0.596,0.597]
[PID] vel:(0.03,0.09,0.74) thrust:0.597 motors:[0.598,0.598,0.596,0.597]
[PID] vel:(0.03,0.09,0.74) thrust:0.597 motors:[0.598,0.598,0.596,0.597]
[PID] vel:(0.03,0.09,0.74) thrust:0.597 motors:[0.598,0.598,0.596,0.597]
[PID] vel:(0.03,0.09,0.74) thrust:0.597 motors:[0.598,0.598,0.596,0.597]
[PID] vel:(0.03,0.09,0.74) thrust:0.597 motors:[0.598,0.598,0.596,0.597]
[PID] vel:(0.03,0.09,0.74) thrust:0.597 motors:[0.598,0.598,0.596,0.597]
[PID] vel:(0.03,0.09,0.74) thrust:0.597 motors:[0.598,0.598,0.596,0.597]
[PID] vel:(0.03,0.09,0.74) thrust:0.597 motors:[0.598,0.598,0.596,0.597]
[PID] vel:(0.03,0.09,0.74) thrust:0.597 motors:[0.598,0.598,0.596,0.597]
[PID] vel:(0.03,0.09,0.74) thrust:0.597 motors:[0.598,0.598,0.596,0.597]
[PID] vel:(0.03,0.09,0.74) thrust:0.597 motors:[0.598,0.598,0.596,0.597]
[PID] vel:(0.03,0.09,0.74) thrust:0.597 motors:[0.598,0.598,0.596,0.597]
[PID] vel:(0.03,0.09,0.74) thrust:0.597 motors:[0.598,0.598,0.596,0.597]
[PID] vel:(0.03,0.09,0.74) thrust:0.597 motors:[0.598,0.598,0.596,0.597]
[PID] vel:(0.03,0.09,0.74) thrust:0.597 motors:[0.598,0.598,0.596,0.597]
[PID] vel:(0.03,0.09,0.74) thrust:0.597 motors:[0.598,0.598,0.596,0.597]
[PID] vel:(0.03,0.09,0.74) thrust:0.597 motors:[0.598,0.598,0.596,0.597]
[PID] vel:(0.03,0.09,0.74) thrust:0.597 motors:[0.598,0.598,0.596,0.597]
[PID] vel:(0.03,0.09,0.74) thrust:0.597 motors:[0.598,0.598,0.596,0.597]
[PID] vel:(0.03,0.09,0.74) thrust:0.597 motors:[0.598,0.598,0.596,0.597]
[PID] vel:(0.03,0.09,0.74) thrust:0.597 motors:[0.598,0.598,0.596,0.597]
[PID] vel:(0.03,0.09,0.74) thrust:0.597 motors:[0.598,0.598,0.596,0.597]
[PID] vel:(0.03,0.09,0.74) thrust:0.597 motors:[0.598,0.598,0.596,0.597]
[PID] vel:(0.03,0.09,0.74) thrust:0.597 motors:[0.598,0.598,0.596,0.597]
[PID] vel:(0.03,0.09,0.74) thrust:0.597 motors:[0.598,0.598,0.596,0.597]
[INFO] Shutting down simulation...
[INFO] ROS2 shutdown complete
[INFO] Simulation shutdown complete
