================================================================================
SIMULATION LOG - 2025-11-16 16:24:08
Log file: /home/kishi/ResQoUnity/logs/simulation/drone_sim_20251116_162408.log
================================================================================

[INFO] Creating environment: Isaac-Velocity-Rough-Unitree-Go2-v0
[INFO] Robot: go2, Amount: 1, Terrain: flat
[INFO]: Base environment:
	Environment device    : cuda:0
	Physics step-size     : 0.005
	Rendering step-size   : 0.005
	Environment step-size : 0.02
	Physics GPU pipeline  : True
	Physics GPU simulation: True
[INFO]: Time taken for scene creation : 1.970620 seconds
[INFO]: Scene manager:  <class InteractiveScene>
	Number of environments: 1
	Environment spacing   : 2.5
	Source prim name      : /World/envs/env_0
	Global prim paths     : ['/World/ground']
	Replicate physics     : True
[INFO]: Starting the simulation. This may take a few seconds. Please wait...
[INFO]: Time taken for simulation start : 1.267893 seconds
[INFO] Command Manager:  <CommandManager> contains 1 active terms.
+------------------------------------------------+
|              Active Command Terms              |
+-------+---------------+------------------------+
| Index | Name          |          Type          |
+-------+---------------+------------------------+
|   0   | base_velocity | UniformVelocityCommand |
+-------+---------------+------------------------+

[INFO] Action Manager:  <ActionManager> contains 1 active terms.
+------------------------------------+
|  Active Action Terms (shape: 12)   |
+--------+-------------+-------------+
| Index  | Name        |   Dimension |
+--------+-------------+-------------+
|   0    | joint_pos   |          12 |
+--------+-------------+-------------+

Module omni.isaac.orbit.utils.warp.kernels load on device 'cuda:0' took 1.24 ms
[INFO] Observation Manager: <ObservationManager> contains 1 groups.
+----------------------------------------------------------+
| Active Observation Terms in Group: 'policy' (shape: (235,)) |
+-----------+--------------------------------+-------------+
|   Index   | Name                           |    Shape    |
+-----------+--------------------------------+-------------+
|     0     | base_lin_vel                   |     (3,)    |
|     1     | base_ang_vel                   |     (3,)    |
|     2     | projected_gravity              |     (3,)    |
|     3     | velocity_commands              |     (3,)    |
|     4     | joint_pos                      |    (12,)    |
|     5     | joint_vel                      |    (12,)    |
|     6     | actions                        |    (12,)    |
|     7     | height_scan                    |    (187,)   |
+-----------+--------------------------------+-------------+

[INFO] Event Manager:  <EventManager> contains 1 active terms.
+--------------------------------------+
| Active Event Terms in Mode: 'startup' |
+----------+---------------------------+
|  Index   | Name                      |
+----------+---------------------------+
|    0     | physics_material          |
+----------+---------------------------+

[INFO] Termination Manager:  <TerminationManager> contains 2 active terms.
+---------------------------------+
|     Active Termination Terms    |
+-------+--------------+----------+
| Index | Name         | Time Out |
+-------+--------------+----------+
|   0   | time_out     |   True   |
|   1   | base_contact |  False   |
+-------+--------------+----------+

[INFO] Reward Manager:  <RewardManager> contains 10 active terms.
+-----------------------------------------+
|           Active Reward Terms           |
+-------+----------------------+----------+
| Index | Name                 |   Weight |
+-------+----------------------+----------+
|   0   | track_lin_vel_xy_exp |      1.5 |
|   1   | track_ang_vel_z_exp  |     0.75 |
|   2   | lin_vel_z_l2         |     -2.0 |
|   3   | ang_vel_xy_l2        |    -0.05 |
|   4   | dof_torques_l2       |  -0.0002 |
|   5   | dof_acc_l2           | -2.5e-07 |
|   6   | action_rate_l2       |    -0.01 |
|   7   | feet_air_time        |     0.01 |
|   8   | flat_orientation_l2  |      0.0 |
|   9   | dof_pos_limits       |      0.0 |
+-------+----------------------+----------+

[INFO] Curriculum Manager:  <CurriculumManager> contains 0 active terms.
+----------------------+
| Active Curriculum Terms |
+-----------+----------+
|   Index   | Name     |
+-----------+----------+
+-----------+----------+

Creating window for environment.
[INFO]: Completed setting up the environment...
[INFO] Environment created successfully!
[INFO] Environment wrapped for RSL-RL
[INFO] Loading experiment from directory: /home/kishi/ResQoUnity/logs/rsl_rl/unitree_go2_rough
[INFO]: Loading model checkpoint from: /home/kishi/ResQoUnity/logs/rsl_rl/unitree_go2_rough/2024-04-06_02-37-07/model_7850.pt
--------------------------------------------------------------------------------
Resolved observation sets: 
	 policy :  ['policy']
	 critic :  ['policy']
--------------------------------------------------------------------------------
Actor MLP: MLP(
  (0): Linear(in_features=235, out_features=512, bias=True)
  (1): ELU(alpha=1.0)
  (2): Linear(in_features=512, out_features=256, bias=True)
  (3): ELU(alpha=1.0)
  (4): Linear(in_features=256, out_features=128, bias=True)
  (5): ELU(alpha=1.0)
  (6): Linear(in_features=128, out_features=12, bias=True)
)
Critic MLP: MLP(
  (0): Linear(in_features=235, out_features=512, bias=True)
  (1): ELU(alpha=1.0)
  (2): Linear(in_features=512, out_features=256, bias=True)
  (3): ELU(alpha=1.0)
  (4): Linear(in_features=256, out_features=128, bias=True)
  (5): ELU(alpha=1.0)
  (6): Linear(in_features=128, out_features=1, bias=True)
)
[INFO]: Checkpoint loaded successfully
[INFO] Resetting environment and getting initial observations...
[INFO] Environment reset complete, starting simulation loop...
[INFO] Spawning world-level drone at /World/Drone...
[INFO] Drone USD loaded at /World/Drone
[INFO] Drone spawned at position (0.0, 0.0, 2.5)
[INFO] ArticulationView will be initialized after first physics step
[Drone drone] Mode: DISARMED → LOITER

================================================================================
DRONE DEBUG LOGGER INITIALIZED FOR world_drone
================================================================================

[INFO] Drone controller initialized in ARMED mode (auto-armed)
[INFO] Mode set to LOITER - will hold spawn position
[INFO] Debug logger enabled - verbose output active
[INFO] Drone bottom camera initialized
[INFO] Drone ROS2 publishers initialized on /drone namespace
[INFO] Adding /drone namespace ROS2 interface
[INFO] Drone topics created: cmd_vel, cmd_position, cmd_altitude
[INFO] Drone services created:
  - /drone/arm: True
  - /drone/takeoff: True
  - /drone/land: True
  - /drone/emergency_stop: True
[INFO] Drone control interface ready on /drone namespace
Error loading custom environment. You should download custom envs folder from: https://drive.google.com/drive/folders/1vVGuO1KIX1K6mD6mBHDZGm9nk2vaRyj3?usp=sharing
[INFO] Setting up viewport camera...
[INFO] Camera positioned to view robot
[INFO] Robot(s) should now be visible in the viewport!
[INFO] Use these controls to navigate:
  - Press 'F' to focus on robot
  - Mouse wheel: Zoom in/out
  - Middle mouse: Pan camera
  - Alt+Left mouse: Orbit view
  - WASD keys: Move robot (forward/back/left/right)
  - Q/E keys: Rotate left/right
[INFO] Initializing ArticulationView after physics step...
[INFO] Drone mass set to: 0.5 kg (Crazyflie scaled estimate)
[INFO] Using Hybrid Physics-Velocity Control (GPU PhysX compatible)
[INFO] Forces → Acceleration → Velocity integration (F=ma)
[INFO] LOITER target set to spawn position: (-0.00, -0.00, 2.50)
[SAFETY] World drone initialized:
  Current pos: (-0.000, -0.000, 2.498)
  Target pos:  (-0.000, -0.000, 2.498)
  Mode: LOITER, Armed: True
[INIT] Drone spawned at position: (-0.000, -0.000, 2.498)
[INIT] Initial velocity: (0.000, 0.000, -0.196)
[INIT] Initial mode: LOITER
[INIT] Ready for control


********************************************************************************
[ARM EVENT] Drone ARMED
********************************************************************************

[INFO] ArticulationView ready - found 1 drone(s)
[DEBUG] ArticulationView prim paths: ['/World/Drone']
[DEBUG] Controller initialized at position: (-0.00, -0.00, 2.50)
[DEBUG] Drone has 4 DOFs: ['m1_joint', 'm2_joint', 'm3_joint', 'm4_joint']
[DEBUG] Prim at /World/Drone exists: True
[DEBUG] Found root body (fallback) at: /World/Drone/body
[DEBUG] Found articulation root at: /World/Drone

────────────────────────────────────────────────────────────────────────────────
[FRAME 3] Δt = 1.00s
────────────────────────────────────────────────────────────────────────────────
  State      : Armed=True, Mode=LOITER
  Position   : ( -0.000,  -0.000,   2.492)
  Velocity   : (  0.000,  -0.000,  -0.207)
  Target Pos : ( -0.000,  -0.000,   2.498)
  Error      : ( -0.000,   0.000,   0.005) = 0.005m
  PID Output : ( -0.000,   0.000,   0.011) m/s
  Applied Force: (  -0.00,    0.00,    5.77) N (|F|=5.77N)
  ✅ Gravity compensation active (Fz > 0)
  Actual Vel: (  0.000,  -0.000,  -0.014) m/s
  ℹ️  Velocity differs from PID (hybrid physics integration active)
────────────────────────────────────────────────────────────────────────────────


────────────────────────────────────────────────────────────────────────────────
[FRAME 19] Δt = 1.00s
────────────────────────────────────────────────────────────────────────────────
  State      : Armed=True, Mode=LOITER
  Position   : ( -0.000,  -0.000,   2.451)
  Velocity   : (  0.000,  -0.000,  -0.182)
  Target Pos : ( -0.000,  -0.000,   2.498)
  Error      : (  0.000,   0.000,   0.046) = 0.046m
  PID Output : (  0.000,   0.000,   0.095) m/s
  Applied Force: (  -0.00,    0.00,    6.01) N (|F|=6.01N)
  ✅ Gravity compensation active (Fz > 0)
  Actual Vel: (  0.000,  -0.000,   0.017) m/s
  ℹ️  Velocity differs from PID (hybrid physics integration active)
────────────────────────────────────────────────────────────────────────────────


────────────────────────────────────────────────────────────────────────────────
[FRAME 36] Δt = 1.00s
────────────────────────────────────────────────────────────────────────────────
  State      : Armed=True, Mode=LOITER
  Position   : ( -0.000,  -0.000,   2.424)
  Velocity   : (  0.000,   0.000,  -0.133)
  Target Pos : ( -0.000,  -0.000,   2.498)
  Error      : (  0.000,   0.000,   0.074) = 0.074m
  PID Output : (  0.000,   0.000,   0.155) m/s
  Applied Force: (  -0.00,   -0.00,    6.06) N (|F|=6.06N)
  ✅ Gravity compensation active (Fz > 0)
  Actual Vel: (  0.000,   0.000,   0.065) m/s
  ℹ️  Velocity differs from PID (hybrid physics integration active)
────────────────────────────────────────────────────────────────────────────────


────────────────────────────────────────────────────────────────────────────────
[FRAME 54] Δt = 1.00s
────────────────────────────────────────────────────────────────────────────────
  State      : Armed=True, Mode=LOITER
  Position   : ( -0.000,  -0.000,   2.409)
  Velocity   : (  0.000,   0.000,  -0.101)
  Target Pos : ( -0.000,  -0.000,   2.498)
  Error      : (  0.000,   0.000,   0.089) = 0.089m
  PID Output : (  0.000,   0.000,   0.192) m/s
  Applied Force: (   0.00,   -0.00,    6.08) N (|F|=6.08N)
  ✅ Gravity compensation active (Fz > 0)
  Actual Vel: (  0.000,   0.000,   0.096) m/s
  ℹ️  Velocity differs from PID (hybrid physics integration active)
────────────────────────────────────────────────────────────────────────────────

[DBG CACHE] Frame 60: Updating cache with pos=(-0.000,-0.000,2.406)
[DBG ROS2] Publishing to /drone/odom: pos=(-0.000,-0.000,2.406)

────────────────────────────────────────────────────────────────────────────────
[FRAME 73] Δt = 1.00s
────────────────────────────────────────────────────────────────────────────────
  State      : Armed=True, Mode=LOITER
  Position   : ( -0.000,  -0.000,   2.403)
  Velocity   : (  0.000,   0.000,  -0.082)
  Target Pos : ( -0.000,  -0.000,   2.498)
  Error      : (  0.000,   0.000,   0.095) = 0.095m
  PID Output : (  0.000,   0.000,   0.213) m/s
  Applied Force: (  -0.00,   -0.00,    6.09) N (|F|=6.09N)
  ✅ Gravity compensation active (Fz > 0)
  Actual Vel: (  0.000,   0.000,   0.115) m/s
  ℹ️  Velocity differs from PID (hybrid physics integration active)
────────────────────────────────────────────────────────────────────────────────

[Drone drone] Mode: LOITER → IDLE

********************************************************************************
[ARM EVENT] Drone ARMED
********************************************************************************


────────────────────────────────────────────────────────────────────────────────
[FRAME 91] Δt = 1.00s
────────────────────────────────────────────────────────────────────────────────
  State      : Armed=True, Mode=IDLE
  Position   : ( -0.000,  -0.000,   2.368)
  Velocity   : (  0.000,   0.000,  -0.223)
  Target Pos : ( -0.000,  -0.000,   2.498)
  Error      : (  0.000,   0.000,   0.129) = 0.129m
  PID Output : (  0.000,   0.000,   0.000) m/s
  Applied Force: (  -0.00,   -0.00,    5.80) N (|F|=5.80N)
  Actual Vel: (  0.000,   0.000,  -0.028) m/s
  ℹ️  Velocity differs from PID (hybrid physics integration active)
────────────────────────────────────────────────────────────────────────────────


────────────────────────────────────────────────────────────────────────────────
[FRAME 109] Δt = 1.00s
────────────────────────────────────────────────────────────────────────────────
  State      : Armed=True, Mode=IDLE
  Position   : ( -0.000,  -0.000,   2.312)
  Velocity   : (  0.000,  -0.000,  -0.231)
  Target Pos : ( -0.000,  -0.000,   2.498)
  Error      : (  0.000,   0.000,   0.186) = 0.186m
  PID Output : (  0.000,   0.000,   0.000) m/s
  Applied Force: (  -0.00,    0.00,    5.83) N (|F|=5.83N)
  Actual Vel: (  0.000,  -0.000,  -0.035) m/s
  ℹ️  Velocity differs from PID (hybrid physics integration active)
────────────────────────────────────────────────────────────────────────────────

[DBG CACHE] Frame 120: Updating cache with pos=(-0.000,-0.000,2.277)
[DBG ROS2] Publishing to /drone/odom: pos=(-0.000,-0.000,2.277)

────────────────────────────────────────────────────────────────────────────────
[FRAME 127] Δt = 1.00s
────────────────────────────────────────────────────────────────────────────────
  State      : Armed=True, Mode=IDLE
  Position   : ( -0.000,  -0.000,   2.255)
  Velocity   : (  0.000,  -0.000,  -0.231)
  Target Pos : ( -0.000,  -0.000,   2.498)
  Error      : (  0.000,   0.000,   0.242) = 0.242m
  PID Output : (  0.000,   0.000,   0.000) m/s
  Applied Force: (  -0.00,    0.00,    5.83) N (|F|=5.83N)
  Actual Vel: (  0.000,  -0.000,  -0.035) m/s
  ℹ️  Velocity differs from PID (hybrid physics integration active)
────────────────────────────────────────────────────────────────────────────────


────────────────────────────────────────────────────────────────────────────────
[FRAME 146] Δt = 1.00s
────────────────────────────────────────────────────────────────────────────────
  State      : Armed=True, Mode=IDLE
  Position   : ( -0.000,  -0.000,   2.195)
  Velocity   : (  0.000,   0.000,  -0.231)
  Target Pos : ( -0.000,  -0.000,   2.498)
  Error      : (  0.000,   0.000,   0.302) = 0.302m
  PID Output : (  0.000,   0.000,   0.000) m/s
  Applied Force: (  -0.00,   -0.00,    5.83) N (|F|=5.83N)
  Actual Vel: (  0.000,   0.000,  -0.035) m/s
  ℹ️  Velocity differs from PID (hybrid physics integration active)
────────────────────────────────────────────────────────────────────────────────


────────────────────────────────────────────────────────────────────────────────
[FRAME 164] Δt = 1.00s
────────────────────────────────────────────────────────────────────────────────
  State      : Armed=True, Mode=IDLE
  Position   : ( -0.000,  -0.000,   2.138)
  Velocity   : (  0.000,  -0.000,  -0.231)
  Target Pos : ( -0.000,  -0.000,   2.498)
  Error      : (  0.000,   0.000,   0.359) = 0.359m
  PID Output : (  0.000,   0.000,   0.000) m/s
  Applied Force: (  -0.00,    0.00,    5.83) N (|F|=5.83N)
  Actual Vel: (  0.000,  -0.000,  -0.035) m/s
  ℹ️  Velocity differs from PID (hybrid physics integration active)
────────────────────────────────────────────────────────────────────────────────

[DBG CACHE] Frame 180: Updating cache with pos=(-0.000,-0.000,2.088)
[DBG ROS2] Publishing to /drone/odom: pos=(-0.000,-0.000,2.088)
[Drone drone] Target position: (-0.00, -0.00, 1.50)
[Drone drone] Mode: IDLE → POSITION
[SAFETY] Takeoff service executed:
  Mode: POSITION
  Target: (-0.000, -0.000, 1.500)
  Current: (-0.000, -0.000, 2.082)

────────────────────────────────────────────────────────────────────────────────
[FRAME 183] Δt = 1.00s
────────────────────────────────────────────────────────────────────────────────
  State      : Armed=True, Mode=POSITION
  Position   : ( -0.000,  -0.000,   2.079)
  Velocity   : (  0.000,  -0.000,  -0.231)
  Target Pos : ( -0.000,  -0.000,   1.500)
  Error      : (  0.000,   0.000,  -0.579) = 0.579m
  PID Output : (  0.000,   0.000,  -1.160) m/s
  Applied Force: (  -0.00,    0.00,    1.19) N (|F|=1.19N)
  ✅ Gravity compensation active (Fz > 0)
  Actual Vel: (  0.000,  -0.000,  -0.182) m/s
  ℹ️  Velocity differs from PID (hybrid physics integration active)
  ⚠️  WARNING: Large altitude error (0.58m)
────────────────────────────────────────────────────────────────────────────────


────────────────────────────────────────────────────────────────────────────────
[FRAME 201] Δt = 1.00s
────────────────────────────────────────────────────────────────────────────────
  State      : Armed=True, Mode=POSITION
  Position   : ( -0.000,  -0.000,   1.827)
  Velocity   : (  0.000,   0.000,  -0.819)
  Target Pos : ( -0.000,  -0.000,   1.500)
  Error      : (  0.000,   0.000,  -0.327) = 0.327m
  PID Output : (  0.000,   0.000,  -0.697) m/s
  Applied Force: (   0.00,   -0.00,    5.39) N (|F|=5.39N)
  ✅ Gravity compensation active (Fz > 0)
  Actual Vel: (  0.000,   0.000,  -0.607) m/s
  ℹ️  Velocity differs from PID (hybrid physics integration active)
────────────────────────────────────────────────────────────────────────────────


────────────────────────────────────────────────────────────────────────────────
[FRAME 219] Δt = 1.00s
────────────────────────────────────────────────────────────────────────────────
  State      : Armed=True, Mode=POSITION
  Position   : ( -0.000,  -0.000,   1.616)
  Velocity   : (  0.000,   0.000,  -0.522)
  Target Pos : ( -0.000,  -0.000,   1.500)
  Error      : (  0.000,   0.000,  -0.116) = 0.116m
  PID Output : (  0.000,   0.000,  -0.294) m/s
  Applied Force: (   0.00,   -0.00,    5.82) N (|F|=5.82N)
  ✅ Gravity compensation active (Fz > 0)
  Actual Vel: (  0.000,   0.000,  -0.312) m/s
  ℹ️  Velocity differs from PID (hybrid physics integration active)
────────────────────────────────────────────────────────────────────────────────


────────────────────────────────────────────────────────────────────────────────
[FRAME 238] Δt = 1.00s
────────────────────────────────────────────────────────────────────────────────
  State      : Armed=True, Mode=POSITION
  Position   : ( -0.000,  -0.000,   1.492)
  Velocity   : (  0.000,   0.000,  -0.312)
  Target Pos : ( -0.000,  -0.000,   1.500)
  Error      : (  0.000,   0.000,   0.008) = 0.008m
  PID Output : (  0.000,   0.000,  -0.049) m/s
  Applied Force: (   0.00,   -0.00,    5.96) N (|F|=5.96N)
  ✅ Gravity compensation active (Fz > 0)
  Actual Vel: (  0.000,   0.000,  -0.108) m/s
  ℹ️  Velocity differs from PID (hybrid physics integration active)
────────────────────────────────────────────────────────────────────────────────

[DBG CACHE] Frame 240: Updating cache with pos=(-0.000,-0.000,1.482)
[DBG ROS2] Publishing to /drone/odom: pos=(-0.000,-0.000,1.482)

────────────────────────────────────────────────────────────────────────────────
[FRAME 256] Δt = 1.00s
────────────────────────────────────────────────────────────────────────────────
  State      : Armed=True, Mode=POSITION
  Position   : ( -0.000,  -0.000,   1.429)
  Velocity   : (  0.000,   0.000,  -0.199)
  Target Pos : ( -0.000,  -0.000,   1.500)
  Error      : (  0.000,   0.000,   0.071) = 0.071m
  PID Output : (  0.000,   0.000,   0.080) m/s
  Applied Force: (   0.00,   -0.00,    6.02) N (|F|=6.02N)
  ✅ Gravity compensation active (Fz > 0)
  Actual Vel: (  0.000,   0.000,   0.001) m/s
  ℹ️  Velocity differs from PID (hybrid physics integration active)
────────────────────────────────────────────────────────────────────────────────


────────────────────────────────────────────────────────────────────────────────
[FRAME 274] Δt = 1.00s
────────────────────────────────────────────────────────────────────────────────
  State      : Armed=True, Mode=POSITION
  Position   : ( -0.000,  -0.000,   1.397)
  Velocity   : (  0.000,  -0.000,  -0.136)
  Target Pos : ( -0.000,  -0.000,   1.500)
  Error      : (  0.000,   0.000,   0.103) = 0.103m
  PID Output : (  0.000,   0.000,   0.153) m/s
  Applied Force: (   0.00,    0.00,    6.06) N (|F|=6.06N)
  ✅ Gravity compensation active (Fz > 0)
  Actual Vel: (  0.000,  -0.000,   0.062) m/s
  ℹ️  Velocity differs from PID (hybrid physics integration active)
────────────────────────────────────────────────────────────────────────────────


────────────────────────────────────────────────────────────────────────────────
[FRAME 292] Δt = 1.00s
────────────────────────────────────────────────────────────────────────────────
  State      : Armed=True, Mode=POSITION
  Position   : ( -0.000,  -0.000,   1.382)
  Velocity   : (  0.000,  -0.000,  -0.101)
  Target Pos : ( -0.000,  -0.000,   1.500)
  Error      : (  0.000,   0.000,   0.118) = 0.118m
  PID Output : (  0.000,   0.000,   0.193) m/s
  Applied Force: (   0.00,    0.00,    6.08) N (|F|=6.08N)
  ✅ Gravity compensation active (Fz > 0)
  Actual Vel: (  0.000,  -0.000,   0.097) m/s
  ℹ️  Velocity differs from PID (hybrid physics integration active)
────────────────────────────────────────────────────────────────────────────────

[DBG CACHE] Frame 300: Updating cache with pos=(-0.000,-0.000,1.378)
[DBG ROS2] Publishing to /drone/odom: pos=(-0.000,-0.000,1.378)

────────────────────────────────────────────────────────────────────────────────
[FRAME 310] Δt = 1.00s
────────────────────────────────────────────────────────────────────────────────
  State      : Armed=True, Mode=POSITION
  Position   : ( -0.000,  -0.000,   1.376)
  Velocity   : (  0.000,  -0.000,  -0.081)
  Target Pos : ( -0.000,  -0.000,   1.500)
  Error      : (  0.000,   0.000,   0.124) = 0.124m
  PID Output : (  0.000,   0.000,   0.215) m/s
  Applied Force: (   0.00,    0.00,    6.09) N (|F|=6.09N)
  ✅ Gravity compensation active (Fz > 0)
  Actual Vel: (  0.000,  -0.000,   0.116) m/s
  ℹ️  Velocity differs from PID (hybrid physics integration active)
────────────────────────────────────────────────────────────────────────────────


────────────────────────────────────────────────────────────────────────────────
[FRAME 328] Δt = 1.00s
────────────────────────────────────────────────────────────────────────────────
  State      : Armed=True, Mode=POSITION
  Position   : ( -0.000,  -0.000,   1.375)
  Velocity   : (  0.000,  -0.000,  -0.071)
  Target Pos : ( -0.000,  -0.000,   1.500)
  Error      : (  0.000,   0.000,   0.125) = 0.125m
  PID Output : (  0.000,   0.000,   0.228) m/s
  Applied Force: (   0.00,    0.00,    6.10) N (|F|=6.10N)
  ✅ Gravity compensation active (Fz > 0)
  Actual Vel: (  0.000,  -0.000,   0.126) m/s
  ℹ️  Velocity differs from PID (hybrid physics integration active)
────────────────────────────────────────────────────────────────────────────────


────────────────────────────────────────────────────────────────────────────────
[FRAME 347] Δt = 1.00s
────────────────────────────────────────────────────────────────────────────────
  State      : Armed=True, Mode=POSITION
  Position   : ( -0.000,  -0.000,   1.378)
  Velocity   : (  0.000,  -0.000,  -0.065)
  Target Pos : ( -0.000,  -0.000,   1.500)
  Error      : (  0.000,   0.000,   0.122) = 0.122m
  PID Output : (  0.000,   0.000,   0.234) m/s
  Applied Force: (   0.00,    0.00,    6.10) N (|F|=6.10N)
  ✅ Gravity compensation active (Fz > 0)
  Actual Vel: (  0.000,  -0.000,   0.132) m/s
  ℹ️  Velocity differs from PID (hybrid physics integration active)
────────────────────────────────────────────────────────────────────────────────

[DBG CACHE] Frame 360: Updating cache with pos=(-0.000,-0.000,1.380)
[DBG ROS2] Publishing to /drone/odom: pos=(-0.000,-0.000,1.380)
[Drone drone] Target position: (1.00, 0.50, 2.60)

────────────────────────────────────────────────────────────────────────────────
[FRAME 365] Δt = 1.00s
────────────────────────────────────────────────────────────────────────────────
  State      : Armed=True, Mode=POSITION
  Position   : (  0.009,   0.004,   1.391)
  Velocity   : (  0.277,   0.139,   0.230)
  Target Pos : (  1.000,   0.500,   2.604)
  Error      : (  0.991,   0.496,   1.213) = 1.643m
  PID Output : (  1.195,   0.597,   1.500) m/s
  Applied Force: (   3.67,    1.83,    9.99) N (|F|=10.80N)
  ✅ Gravity compensation active (Fz > 0)
  Actual Vel: (  0.380,   0.190,   0.535) m/s
  ℹ️  Velocity differs from PID (hybrid physics integration active)
  ⚠️  WARNING: Large altitude error (1.21m)
────────────────────────────────────────────────────────────────────────────────


────────────────────────────────────────────────────────────────────────────────
[FRAME 383] Δt = 1.00s
────────────────────────────────────────────────────────────────────────────────
  State      : Armed=True, Mode=POSITION
  Position   : (  0.247,   0.124,   1.665)
  Velocity   : (  0.714,   0.357,   0.826)
  Target Pos : (  1.000,   0.500,   2.604)
  Error      : (  0.753,   0.376,   0.938) = 1.261m
  PID Output : (  0.934,   0.467,   1.500) m/s
  Applied Force: (   0.88,    0.44,    7.60) N (|F|=7.67N)
  ✅ Gravity compensation active (Fz > 0)
  Actual Vel: (  0.706,   0.353,   1.025) m/s
  ℹ️  Velocity differs from PID (hybrid physics integration active)
  ⚠️  WARNING: Large altitude error (0.94m)
────────────────────────────────────────────────────────────────────────────────


────────────────────────────────────────────────────────────────────────────────
[FRAME 401] Δt = 1.00s
────────────────────────────────────────────────────────────────────────────────
  State      : Armed=True, Mode=POSITION
  Position   : (  0.472,   0.236,   1.994)
  Velocity   : (  0.542,   0.271,   0.831)
  Target Pos : (  1.000,   0.500,   2.604)
  Error      : (  0.528,   0.264,   0.610) = 0.849m
  PID Output : (  0.682,   0.341,   1.399) m/s
  Applied Force: (   0.56,    0.28,    7.18) N (|F|=7.20N)
  ✅ Gravity compensation active (Fz > 0)
  Actual Vel: (  0.533,   0.266,   1.017) m/s
  ℹ️  Velocity differs from PID (hybrid physics integration active)
  ⚠️  WARNING: Large altitude error (0.61m)
────────────────────────────────────────────────────────────────────────────────


────────────────────────────────────────────────────────────────────────────────
[FRAME 420] Δt = 1.00s
────────────────────────────────────────────────────────────────────────────────
  State      : Armed=True, Mode=POSITION
  Position   : (  0.646,   0.323,   2.274)
  Velocity   : (  0.388,   0.194,   0.497)
  Target Pos : (  1.000,   0.500,   2.604)
  Error      : (  0.354,   0.177,   0.330) = 0.515m
  PID Output : (  0.487,   0.244,   0.881) m/s
  Applied Force: (   0.40,    0.20,    6.44) N (|F|=6.46N)
  ✅ Gravity compensation active (Fz > 0)
  Actual Vel: (  0.381,   0.191,   0.676) m/s
  ℹ️  Velocity differs from PID (hybrid physics integration active)
────────────────────────────────────────────────────────────────────────────────

[DBG CACHE] Frame 420: Updating cache with pos=(0.646,0.323,2.274)
[DBG ROS2] Publishing to /drone/odom: pos=(0.646,0.323,2.274)

────────────────────────────────────────────────────────────────────────────────
[FRAME 438] Δt = 1.00s
────────────────────────────────────────────────────────────────────────────────
  State      : Armed=True, Mode=POSITION
  Position   : (  0.764,   0.382,   2.429)
  Velocity   : (  0.282,   0.141,   0.251)
  Target Pos : (  1.000,   0.500,   2.604)
  Error      : (  0.236,   0.118,   0.175) = 0.316m
  PID Output : (  0.354,   0.177,   0.593) m/s
  Applied Force: (   0.29,    0.14,    6.27) N (|F|=6.28N)
  ✅ Gravity compensation active (Fz > 0)
  Actual Vel: (  0.277,   0.138,   0.437) m/s
  ℹ️  Velocity differs from PID (hybrid physics integration active)
────────────────────────────────────────────────────────────────────────────────


────────────────────────────────────────────────────────────────────────────────
[FRAME 456] Δt = 1.00s
────────────────────────────────────────────────────────────────────────────────
  State      : Armed=True, Mode=POSITION
  Position   : (  0.850,   0.425,   2.516)
  Velocity   : (  0.204,   0.102,   0.109)
  Target Pos : (  1.000,   0.500,   2.604)
  Error      : (  0.150,   0.075,   0.088) = 0.189m
  PID Output : (  0.256,   0.128,   0.429) m/s
  Applied Force: (   0.21,    0.10,    6.18) N (|F|=6.19N)
  ✅ Gravity compensation active (Fz > 0)
  Actual Vel: (  0.201,   0.100,   0.299) m/s
  ℹ️  Velocity differs from PID (hybrid physics integration active)
────────────────────────────────────────────────────────────────────────────────


────────────────────────────────────────────────────────────────────────────────
[FRAME 475] Δt = 1.00s
────────────────────────────────────────────────────────────────────────────────
  State      : Armed=True, Mode=POSITION
  Position   : (  0.915,   0.458,   2.567)
  Velocity   : (  0.145,   0.072,   0.025)
  Target Pos : (  1.000,   0.500,   2.604)
  Error      : (  0.085,   0.042,   0.037) = 0.101m
  PID Output : (  0.181,   0.091,   0.332) m/s
  Applied Force: (   0.15,    0.07,    6.13) N (|F|=6.14N)
  ✅ Gravity compensation active (Fz > 0)
  Actual Vel: (  0.142,   0.071,   0.218) m/s
  ℹ️  Velocity differs from PID (hybrid physics integration active)
────────────────────────────────────────────────────────────────────────────────

[DBG CACHE] Frame 480: Updating cache with pos=(0.929,0.465,2.576)
[DBG ROS2] Publishing to /drone/odom: pos=(0.929,0.465,2.576)

────────────────────────────────────────────────────────────────────────────────
[FRAME 494] Δt = 1.00s
────────────────────────────────────────────────────────────────────────────────
  State      : Armed=True, Mode=POSITION
  Position   : (  0.962,   0.481,   2.594)
  Velocity   : (  0.102,   0.051,  -0.021)
  Target Pos : (  1.000,   0.500,   2.604)
  Error      : (  0.038,   0.019,   0.009) = 0.044m
  PID Output : (  0.128,   0.064,   0.280) m/s
  Applied Force: (   0.10,    0.05,    6.11) N (|F|=6.11N)
  ✅ Gravity compensation active (Fz > 0)
  Actual Vel: (  0.100,   0.050,   0.173) m/s
  ℹ️  Velocity differs from PID (hybrid physics integration active)
────────────────────────────────────────────────────────────────────────────────


────────────────────────────────────────────────────────────────────────────────
[FRAME 512] Δt = 1.00s
────────────────────────────────────────────────────────────────────────────────
  State      : Armed=True, Mode=POSITION
  Position   : (  0.993,   0.496,   2.608)
  Velocity   : (  0.073,   0.037,  -0.045)
  Target Pos : (  1.000,   0.500,   2.604)
  Error      : (  0.007,   0.004,  -0.005) = 0.009m
  PID Output : (  0.091,   0.046,   0.252) m/s
  Applied Force: (   0.07,    0.04,    6.09) N (|F|=6.09N)
  ✅ Gravity compensation active (Fz > 0)
  Actual Vel: (  0.072,   0.036,   0.150) m/s
  ℹ️  Velocity differs from PID (hybrid physics integration active)
────────────────────────────────────────────────────────────────────────────────


────────────────────────────────────────────────────────────────────────────────
[FRAME 531] Δt = 1.00s
────────────────────────────────────────────────────────────────────────────────
  State      : Armed=True, Mode=POSITION
  Position   : (  1.016,   0.508,   2.616)
  Velocity   : (  0.051,   0.025,  -0.059)
  Target Pos : (  1.000,   0.500,   2.604)
  Error      : ( -0.016,  -0.008,  -0.012) = 0.021m
  PID Output : (  0.063,   0.032,   0.236) m/s
  Applied Force: (   0.05,    0.02,    6.09) N (|F|=6.09N)
  ✅ Gravity compensation active (Fz > 0)
  Actual Vel: (  0.050,   0.025,   0.136) m/s
  ℹ️  Velocity differs from PID (hybrid physics integration active)
────────────────────────────────────────────────────────────────────────────────

[DBG CACHE] Frame 540: Updating cache with pos=(1.024,0.512,2.618)
[DBG ROS2] Publishing to /drone/odom: pos=(1.024,0.512,2.618)

────────────────────────────────────────────────────────────────────────────────
[FRAME 550] Δt = 1.00s
────────────────────────────────────────────────────────────────────────────────
  State      : Armed=True, Mode=POSITION
  Position   : (  1.032,   0.516,   2.620)
  Velocity   : (  0.035,   0.018,  -0.067)
  Target Pos : (  1.000,   0.500,   2.604)
  Error      : ( -0.032,  -0.016,  -0.016) = 0.039m
  PID Output : (  0.043,   0.022,   0.227) m/s
  Applied Force: (   0.03,    0.02,    6.08) N (|F|=6.08N)
  ✅ Gravity compensation active (Fz > 0)
  Actual Vel: (  0.034,   0.017,   0.129) m/s
  ℹ️  Velocity differs from PID (hybrid physics integration active)
────────────────────────────────────────────────────────────────────────────────


────────────────────────────────────────────────────────────────────────────────
[FRAME 569] Δt = 1.00s
────────────────────────────────────────────────────────────────────────────────
  State      : Armed=True, Mode=POSITION
  Position   : (  1.043,   0.521,   2.621)
  Velocity   : (  0.024,   0.012,  -0.071)
  Target Pos : (  1.000,   0.500,   2.604)
  Error      : ( -0.043,  -0.021,  -0.018) = 0.051m
  PID Output : (  0.029,   0.015,   0.222) m/s
  Applied Force: (   0.02,    0.01,    6.08) N (|F|=6.08N)
  ✅ Gravity compensation active (Fz > 0)
  Actual Vel: (  0.023,   0.012,   0.125) m/s
  ℹ️  Velocity differs from PID (hybrid physics integration active)
────────────────────────────────────────────────────────────────────────────────


────────────────────────────────────────────────────────────────────────────────
[FRAME 588] Δt = 1.00s
────────────────────────────────────────────────────────────────────────────────
  State      : Armed=True, Mode=POSITION
  Position   : (  1.050,   0.525,   2.622)
  Velocity   : (  0.016,   0.008,  -0.073)
  Target Pos : (  1.000,   0.500,   2.604)
  Error      : ( -0.050,  -0.025,  -0.018) = 0.059m
  PID Output : (  0.019,   0.009,   0.220) m/s
  Applied Force: (   0.01,    0.01,    6.08) N (|F|=6.08N)
  ✅ Gravity compensation active (Fz > 0)
  Actual Vel: (  0.015,   0.008,   0.123) m/s
  ℹ️  Velocity differs from PID (hybrid physics integration active)
────────────────────────────────────────────────────────────────────────────────

[DBG CACHE] Frame 600: Updating cache with pos=(1.053,0.527,2.622)
[DBG ROS2] Publishing to /drone/odom: pos=(1.053,0.527,2.622)

────────────────────────────────────────────────────────────────────────────────
[FRAME 606] Δt = 1.00s
────────────────────────────────────────────────────────────────────────────────
  State      : Armed=True, Mode=POSITION
  Position   : (  1.054,   0.527,   2.622)
  Velocity   : (  0.010,   0.005,  -0.075)
  Target Pos : (  1.000,   0.500,   2.604)
  Error      : ( -0.054,  -0.027,  -0.018) = 0.063m
  PID Output : (  0.012,   0.006,   0.218) m/s
  Applied Force: (   0.01,    0.00,    6.08) N (|F|=6.08N)
  ✅ Gravity compensation active (Fz > 0)
  Actual Vel: (  0.010,   0.005,   0.122) m/s
  ℹ️  Velocity differs from PID (hybrid physics integration active)
────────────────────────────────────────────────────────────────────────────────


────────────────────────────────────────────────────────────────────────────────
[FRAME 624] Δt = 1.00s
────────────────────────────────────────────────────────────────────────────────
  State      : Armed=True, Mode=POSITION
  Position   : (  1.057,   0.529,   2.621)
  Velocity   : (  0.006,   0.003,  -0.075)
  Target Pos : (  1.000,   0.500,   2.604)
  Error      : ( -0.057,  -0.029,  -0.017) = 0.066m
  PID Output : (  0.007,   0.003,   0.218) m/s
  Applied Force: (   0.00,    0.00,    6.08) N (|F|=6.08N)
  ✅ Gravity compensation active (Fz > 0)
  Actual Vel: (  0.006,   0.003,   0.121) m/s
  ℹ️  Velocity differs from PID (hybrid physics integration active)
────────────────────────────────────────────────────────────────────────────────

[Drone drone] Mode: POSITION → LANDING

────────────────────────────────────────────────────────────────────────────────
[FRAME 641] Δt = 1.00s
────────────────────────────────────────────────────────────────────────────────
  State      : Armed=True, Mode=LANDING
  Position   : (  1.058,   0.529,   2.582)
  Velocity   : (  0.001,   0.000,  -0.382)
  Target Pos : (  1.000,   0.500,   2.604)
  Error      : ( -0.058,  -0.029,   0.021) = 0.069m
  PID Output : (  0.000,   0.000,  -0.300) m/s
  Applied Force: (  -0.00,   -0.00,    5.23) N (|F|=5.23N)
  Actual Vel: (  0.001,   0.000,  -0.197) m/s
  ℹ️  Velocity differs from PID (hybrid physics integration active)
────────────────────────────────────────────────────────────────────────────────


────────────────────────────────────────────────────────────────────────────────
[FRAME 660] Δt = 1.00s
────────────────────────────────────────────────────────────────────────────────
  State      : Armed=True, Mode=LANDING
  Position   : (  1.059,   0.529,   2.446)
  Velocity   : (  0.000,   0.000,  -0.445)
  Target Pos : (  1.000,   0.500,   2.604)
  Error      : ( -0.059,  -0.029,   0.157) = 0.170m
  PID Output : (  0.000,   0.000,  -0.300) m/s
  Applied Force: (  -0.00,   -0.00,    5.48) N (|F|=5.48N)
  Actual Vel: (  0.000,   0.000,  -0.249) m/s
  ℹ️  Velocity differs from PID (hybrid physics integration active)
────────────────────────────────────────────────────────────────────────────────

[DBG CACHE] Frame 660: Updating cache with pos=(1.059,0.529,2.446)
[DBG ROS2] Publishing to /drone/odom: pos=(1.059,0.529,2.446)

────────────────────────────────────────────────────────────────────────────────
[FRAME 678] Δt = 1.00s
────────────────────────────────────────────────────────────────────────────────
  State      : Armed=True, Mode=LANDING
  Position   : (  1.059,   0.529,   2.312)
  Velocity   : (  0.000,   0.000,  -0.446)
  Target Pos : (  1.000,   0.500,   2.604)
  Error      : ( -0.059,  -0.029,   0.291) = 0.299m
  PID Output : (  0.000,   0.000,  -0.300) m/s
  Applied Force: (  -0.00,   -0.00,    5.49) N (|F|=5.49N)
  Actual Vel: (  0.000,   0.000,  -0.250) m/s
  ℹ️  Velocity differs from PID (hybrid physics integration active)
────────────────────────────────────────────────────────────────────────────────


────────────────────────────────────────────────────────────────────────────────
[FRAME 696] Δt = 1.00s
────────────────────────────────────────────────────────────────────────────────
  State      : Armed=True, Mode=LANDING
  Position   : (  1.059,   0.529,   2.178)
  Velocity   : (  0.000,   0.000,  -0.446)
  Target Pos : (  1.000,   0.500,   2.604)
  Error      : ( -0.059,  -0.029,   0.426) = 0.431m
  PID Output : (  0.000,   0.000,  -0.300) m/s
  Applied Force: (  -0.00,   -0.00,    5.49) N (|F|=5.49N)
  Actual Vel: (  0.000,   0.000,  -0.250) m/s
  ℹ️  Velocity differs from PID (hybrid physics integration active)
────────────────────────────────────────────────────────────────────────────────


────────────────────────────────────────────────────────────────────────────────
[FRAME 715] Δt = 1.00s
────────────────────────────────────────────────────────────────────────────────
  State      : Armed=True, Mode=LANDING
  Position   : (  1.059,   0.529,   2.036)
  Velocity   : (  0.000,   0.000,  -0.446)
  Target Pos : (  1.000,   0.500,   2.604)
  Error      : ( -0.059,  -0.029,   0.567) = 0.571m
  PID Output : (  0.000,   0.000,  -0.300) m/s
  Applied Force: (  -0.00,   -0.00,    5.49) N (|F|=5.49N)
  Actual Vel: (  0.000,   0.000,  -0.250) m/s
  ℹ️  Velocity differs from PID (hybrid physics integration active)
────────────────────────────────────────────────────────────────────────────────

[DBG CACHE] Frame 720: Updating cache with pos=(1.059,0.529,1.999)
[DBG ROS2] Publishing to /drone/odom: pos=(1.059,0.529,1.999)

────────────────────────────────────────────────────────────────────────────────
[FRAME 733] Δt = 1.00s
────────────────────────────────────────────────────────────────────────────────
  State      : Armed=True, Mode=LANDING
  Position   : (  1.059,   0.529,   1.902)
  Velocity   : ( -0.000,   0.000,  -0.446)
  Target Pos : (  1.000,   0.500,   2.604)
  Error      : ( -0.059,  -0.029,   0.702) = 0.705m
  PID Output : (  0.000,   0.000,  -0.300) m/s
  Applied Force: (   0.00,   -0.00,    5.49) N (|F|=5.49N)
  Actual Vel: ( -0.000,   0.000,  -0.250) m/s
  ℹ️  Velocity differs from PID (hybrid physics integration active)
────────────────────────────────────────────────────────────────────────────────


────────────────────────────────────────────────────────────────────────────────
[FRAME 752] Δt = 1.00s
────────────────────────────────────────────────────────────────────────────────
  State      : Armed=True, Mode=LANDING
  Position   : (  1.059,   0.529,   1.761)
  Velocity   : ( -0.000,   0.000,  -0.446)
  Target Pos : (  1.000,   0.500,   2.604)
  Error      : ( -0.059,  -0.029,   0.843) = 0.846m
  PID Output : (  0.000,   0.000,  -0.300) m/s
  Applied Force: (   0.00,   -0.00,    5.49) N (|F|=5.49N)
  Actual Vel: ( -0.000,   0.000,  -0.250) m/s
  ℹ️  Velocity differs from PID (hybrid physics integration active)
────────────────────────────────────────────────────────────────────────────────


────────────────────────────────────────────────────────────────────────────────
[FRAME 770] Δt = 1.00s
────────────────────────────────────────────────────────────────────────────────
  State      : Armed=True, Mode=LANDING
  Position   : (  1.059,   0.529,   1.626)
  Velocity   : ( -0.000,   0.000,  -0.446)
  Target Pos : (  1.000,   0.500,   2.604)
  Error      : ( -0.059,  -0.029,   0.977) = 0.980m
  PID Output : (  0.000,   0.000,  -0.300) m/s
  Applied Force: (   0.00,   -0.00,    5.49) N (|F|=5.49N)
  Actual Vel: ( -0.000,   0.000,  -0.250) m/s
  ℹ️  Velocity differs from PID (hybrid physics integration active)
────────────────────────────────────────────────────────────────────────────────

[DBG CACHE] Frame 780: Updating cache with pos=(1.059,0.529,1.552)
[DBG ROS2] Publishing to /drone/odom: pos=(1.059,0.529,1.552)

────────────────────────────────────────────────────────────────────────────────
[FRAME 788] Δt = 1.00s
────────────────────────────────────────────────────────────────────────────────
  State      : Armed=True, Mode=LANDING
  Position   : (  1.059,   0.529,   1.492)
  Velocity   : ( -0.000,  -0.000,  -0.446)
  Target Pos : (  1.000,   0.500,   2.604)
  Error      : ( -0.059,  -0.029,   1.112) = 1.114m
  PID Output : (  0.000,   0.000,  -0.300) m/s
  Applied Force: (   0.00,    0.00,    5.49) N (|F|=5.49N)
  Actual Vel: ( -0.000,  -0.000,  -0.250) m/s
  ℹ️  Velocity differs from PID (hybrid physics integration active)
────────────────────────────────────────────────────────────────────────────────


────────────────────────────────────────────────────────────────────────────────
[FRAME 806] Δt = 1.00s
────────────────────────────────────────────────────────────────────────────────
  State      : Armed=True, Mode=LANDING
  Position   : (  1.059,   0.529,   1.358)
  Velocity   : (  0.000,  -0.000,  -0.446)
  Target Pos : (  1.000,   0.500,   2.604)
  Error      : ( -0.059,  -0.029,   1.246) = 1.248m
  PID Output : (  0.000,   0.000,  -0.300) m/s
  Applied Force: (  -0.00,    0.00,    5.49) N (|F|=5.49N)
  Actual Vel: (  0.000,  -0.000,  -0.250) m/s
  ℹ️  Velocity differs from PID (hybrid physics integration active)
────────────────────────────────────────────────────────────────────────────────


────────────────────────────────────────────────────────────────────────────────
[FRAME 824] Δt = 1.00s
────────────────────────────────────────────────────────────────────────────────
  State      : Armed=True, Mode=LANDING
  Position   : (  1.059,   0.529,   1.224)
  Velocity   : (  0.000,  -0.000,  -0.446)
  Target Pos : (  1.000,   0.500,   2.604)
  Error      : ( -0.059,  -0.029,   1.380) = 1.382m
  PID Output : (  0.000,   0.000,  -0.300) m/s
  Applied Force: (  -0.00,    0.00,    5.49) N (|F|=5.49N)
  Actual Vel: (  0.000,  -0.000,  -0.250) m/s
  ℹ️  Velocity differs from PID (hybrid physics integration active)
────────────────────────────────────────────────────────────────────────────────

[DBG CACHE] Frame 840: Updating cache with pos=(1.059,0.529,1.104)
[DBG ROS2] Publishing to /drone/odom: pos=(1.059,0.529,1.104)

────────────────────────────────────────────────────────────────────────────────
[FRAME 842] Δt = 1.00s
────────────────────────────────────────────────────────────────────────────────
  State      : Armed=True, Mode=LANDING
  Position   : (  1.059,   0.529,   1.089)
  Velocity   : ( -0.000,   0.000,  -0.446)
  Target Pos : (  1.000,   0.500,   2.604)
  Error      : ( -0.059,  -0.029,   1.514) = 1.516m
  PID Output : (  0.000,   0.000,  -0.300) m/s
  Applied Force: (   0.00,   -0.00,    5.49) N (|F|=5.49N)
  Actual Vel: ( -0.000,   0.000,  -0.250) m/s
  ℹ️  Velocity differs from PID (hybrid physics integration active)
────────────────────────────────────────────────────────────────────────────────


────────────────────────────────────────────────────────────────────────────────
[FRAME 861] Δt = 1.00s
────────────────────────────────────────────────────────────────────────────────
  State      : Armed=True, Mode=LANDING
  Position   : (  1.059,   0.529,   0.948)
  Velocity   : ( -0.000,   0.000,  -0.446)
  Target Pos : (  1.000,   0.500,   2.604)
  Error      : ( -0.059,  -0.029,   1.656) = 1.657m
  PID Output : (  0.000,   0.000,  -0.300) m/s
  Applied Force: (   0.00,   -0.00,    5.49) N (|F|=5.49N)
  Actual Vel: ( -0.000,   0.000,  -0.250) m/s
  ℹ️  Velocity differs from PID (hybrid physics integration active)
────────────────────────────────────────────────────────────────────────────────


────────────────────────────────────────────────────────────────────────────────
[FRAME 879] Δt = 1.00s
────────────────────────────────────────────────────────────────────────────────
  State      : Armed=True, Mode=LANDING
  Position   : (  1.059,   0.529,   0.813)
  Velocity   : ( -0.000,  -0.000,  -0.446)
  Target Pos : (  1.000,   0.500,   2.604)
  Error      : ( -0.059,  -0.029,   1.790) = 1.792m
  PID Output : (  0.000,   0.000,  -0.300) m/s
  Applied Force: (   0.00,    0.00,    5.49) N (|F|=5.49N)
  Actual Vel: ( -0.000,  -0.000,  -0.250) m/s
  ℹ️  Velocity differs from PID (hybrid physics integration active)
────────────────────────────────────────────────────────────────────────────────


────────────────────────────────────────────────────────────────────────────────
[FRAME 897] Δt = 1.00s
────────────────────────────────────────────────────────────────────────────────
  State      : Armed=True, Mode=LANDING
  Position   : (  1.059,   0.529,   0.679)
  Velocity   : ( -0.000,   0.000,  -0.446)
  Target Pos : (  1.000,   0.500,   2.604)
  Error      : ( -0.059,  -0.029,   1.925) = 1.926m
  PID Output : (  0.000,   0.000,  -0.300) m/s
  Applied Force: (   0.00,   -0.00,    5.49) N (|F|=5.49N)
  Actual Vel: ( -0.000,   0.000,  -0.250) m/s
  ℹ️  Velocity differs from PID (hybrid physics integration active)
────────────────────────────────────────────────────────────────────────────────

[DBG CACHE] Frame 900: Updating cache with pos=(1.059,0.529,0.657)
[DBG ROS2] Publishing to /drone/odom: pos=(1.059,0.529,0.657)

────────────────────────────────────────────────────────────────────────────────
[FRAME 915] Δt = 1.00s
────────────────────────────────────────────────────────────────────────────────
  State      : Armed=True, Mode=LANDING
  Position   : (  1.059,   0.529,   0.545)
  Velocity   : (  0.000,  -0.000,  -0.446)
  Target Pos : (  1.000,   0.500,   2.604)
  Error      : ( -0.059,  -0.029,   2.059) = 2.060m
  PID Output : (  0.000,   0.000,  -0.300) m/s
  Applied Force: (  -0.00,    0.00,    5.49) N (|F|=5.49N)
  Actual Vel: (  0.000,  -0.000,  -0.250) m/s
  ℹ️  Velocity differs from PID (hybrid physics integration active)
────────────────────────────────────────────────────────────────────────────────


────────────────────────────────────────────────────────────────────────────────
[FRAME 933] Δt = 1.00s
────────────────────────────────────────────────────────────────────────────────
  State      : Armed=True, Mode=LANDING
  Position   : (  1.059,   0.529,   0.411)
  Velocity   : ( -0.000,   0.000,  -0.446)
  Target Pos : (  1.000,   0.500,   2.604)
  Error      : ( -0.059,  -0.029,   2.193) = 2.194m
  PID Output : (  0.000,   0.000,  -0.300) m/s
  Applied Force: (   0.00,   -0.00,    5.49) N (|F|=5.49N)
  Actual Vel: ( -0.000,   0.000,  -0.250) m/s
  ℹ️  Velocity differs from PID (hybrid physics integration active)
────────────────────────────────────────────────────────────────────────────────


────────────────────────────────────────────────────────────────────────────────
[FRAME 951] Δt = 1.00s
────────────────────────────────────────────────────────────────────────────────
  State      : Armed=True, Mode=LANDING
  Position   : (  1.059,   0.529,   0.276)
  Velocity   : (  0.000,  -0.000,  -0.446)
  Target Pos : (  1.000,   0.500,   2.604)
  Error      : ( -0.059,  -0.029,   2.327) = 2.328m
  PID Output : (  0.000,   0.000,  -0.300) m/s
  Applied Force: (  -0.00,    0.00,    5.49) N (|F|=5.49N)
  Actual Vel: (  0.000,  -0.000,  -0.250) m/s
  ℹ️  Velocity differs from PID (hybrid physics integration active)
────────────────────────────────────────────────────────────────────────────────

[DBG CACHE] Frame 960: Updating cache with pos=(1.059,0.529,0.209)
[DBG ROS2] Publishing to /drone/odom: pos=(1.059,0.529,0.209)

────────────────────────────────────────────────────────────────────────────────
[FRAME 969] Δt = 1.00s
────────────────────────────────────────────────────────────────────────────────
  State      : Armed=True, Mode=LANDING
  Position   : (  1.059,   0.529,   0.142)
  Velocity   : ( -0.000,   0.000,  -0.446)
  Target Pos : (  1.000,   0.500,   2.604)
  Error      : ( -0.059,  -0.029,   2.462) = 2.462m
  PID Output : (  0.000,   0.000,  -0.300) m/s
  Applied Force: (   0.00,   -0.00,    5.49) N (|F|=5.49N)
  Actual Vel: ( -0.000,   0.000,  -0.250) m/s
  ℹ️  Velocity differs from PID (hybrid physics integration active)
────────────────────────────────────────────────────────────────────────────────

[Drone drone] Mode: LANDING → DISARMED
[Drone drone] Landed and disarmed
[DBG CACHE] Frame 1020: Updating cache with pos=(1.059,0.529,0.075)
[DBG ROS2] Publishing to /drone/odom: pos=(1.059,0.529,0.075)
[DBG CACHE] Frame 1080: Updating cache with pos=(1.059,0.529,0.075)
[DBG ROS2] Publishing to /drone/odom: pos=(1.059,0.529,0.075)
[DBG CACHE] Frame 1140: Updating cache with pos=(1.059,0.529,0.075)
[DBG ROS2] Publishing to /drone/odom: pos=(1.059,0.529,0.075)
