================================================================================
SIMULATION LOG - 2025-11-16 16:40:40
Log file: /home/kishi/ResQoUnity/logs/simulation/drone_sim_20251116_164040.log
================================================================================

[INFO] Creating environment: Isaac-Velocity-Rough-Unitree-Go2-v0
[INFO] Robot: go2, Amount: 1, Terrain: flat
[INFO]: Base environment:
	Environment device    : cuda:0
	Physics step-size     : 0.005
	Rendering step-size   : 0.005
	Environment step-size : 0.02
	Physics GPU pipeline  : True
	Physics GPU simulation: True
[INFO]: Time taken for scene creation : 1.016300 seconds
[INFO]: Scene manager:  <class InteractiveScene>
	Number of environments: 1
	Environment spacing   : 2.5
	Source prim name      : /World/envs/env_0
	Global prim paths     : ['/World/ground']
	Replicate physics     : True
[INFO]: Starting the simulation. This may take a few seconds. Please wait...
[INFO]: Time taken for simulation start : 0.961484 seconds
[INFO] Command Manager:  <CommandManager> contains 1 active terms.
+------------------------------------------------+
|              Active Command Terms              |
+-------+---------------+------------------------+
| Index | Name          |          Type          |
+-------+---------------+------------------------+
|   0   | base_velocity | UniformVelocityCommand |
+-------+---------------+------------------------+

[INFO] Action Manager:  <ActionManager> contains 1 active terms.
+------------------------------------+
|  Active Action Terms (shape: 12)   |
+--------+-------------+-------------+
| Index  | Name        |   Dimension |
+--------+-------------+-------------+
|   0    | joint_pos   |          12 |
+--------+-------------+-------------+

Module omni.isaac.orbit.utils.warp.kernels load on device 'cuda:0' took 1.25 ms
[INFO] Observation Manager: <ObservationManager> contains 1 groups.
+----------------------------------------------------------+
| Active Observation Terms in Group: 'policy' (shape: (235,)) |
+-----------+--------------------------------+-------------+
|   Index   | Name                           |    Shape    |
+-----------+--------------------------------+-------------+
|     0     | base_lin_vel                   |     (3,)    |
|     1     | base_ang_vel                   |     (3,)    |
|     2     | projected_gravity              |     (3,)    |
|     3     | velocity_commands              |     (3,)    |
|     4     | joint_pos                      |    (12,)    |
|     5     | joint_vel                      |    (12,)    |
|     6     | actions                        |    (12,)    |
|     7     | height_scan                    |    (187,)   |
+-----------+--------------------------------+-------------+

[INFO] Event Manager:  <EventManager> contains 1 active terms.
+--------------------------------------+
| Active Event Terms in Mode: 'startup' |
+----------+---------------------------+
|  Index   | Name                      |
+----------+---------------------------+
|    0     | physics_material          |
+----------+---------------------------+

[INFO] Termination Manager:  <TerminationManager> contains 2 active terms.
+---------------------------------+
|     Active Termination Terms    |
+-------+--------------+----------+
| Index | Name         | Time Out |
+-------+--------------+----------+
|   0   | time_out     |   True   |
|   1   | base_contact |  False   |
+-------+--------------+----------+

[INFO] Reward Manager:  <RewardManager> contains 10 active terms.
+-----------------------------------------+
|           Active Reward Terms           |
+-------+----------------------+----------+
| Index | Name                 |   Weight |
+-------+----------------------+----------+
|   0   | track_lin_vel_xy_exp |      1.5 |
|   1   | track_ang_vel_z_exp  |     0.75 |
|   2   | lin_vel_z_l2         |     -2.0 |
|   3   | ang_vel_xy_l2        |    -0.05 |
|   4   | dof_torques_l2       |  -0.0002 |
|   5   | dof_acc_l2           | -2.5e-07 |
|   6   | action_rate_l2       |    -0.01 |
|   7   | feet_air_time        |     0.01 |
|   8   | flat_orientation_l2  |      0.0 |
|   9   | dof_pos_limits       |      0.0 |
+-------+----------------------+----------+

[INFO] Curriculum Manager:  <CurriculumManager> contains 0 active terms.
+----------------------+
| Active Curriculum Terms |
+-----------+----------+
|   Index   | Name     |
+-----------+----------+
+-----------+----------+

Creating window for environment.
[INFO]: Completed setting up the environment...
[INFO] Environment created successfully!
[INFO] Environment wrapped for RSL-RL
[INFO] Loading experiment from directory: /home/kishi/ResQoUnity/logs/rsl_rl/unitree_go2_rough
[INFO]: Loading model checkpoint from: /home/kishi/ResQoUnity/logs/rsl_rl/unitree_go2_rough/2024-04-06_02-37-07/model_7850.pt
--------------------------------------------------------------------------------
Resolved observation sets: 
	 policy :  ['policy']
	 critic :  ['policy']
--------------------------------------------------------------------------------
Actor MLP: MLP(
  (0): Linear(in_features=235, out_features=512, bias=True)
  (1): ELU(alpha=1.0)
  (2): Linear(in_features=512, out_features=256, bias=True)
  (3): ELU(alpha=1.0)
  (4): Linear(in_features=256, out_features=128, bias=True)
  (5): ELU(alpha=1.0)
  (6): Linear(in_features=128, out_features=12, bias=True)
)
Critic MLP: MLP(
  (0): Linear(in_features=235, out_features=512, bias=True)
  (1): ELU(alpha=1.0)
  (2): Linear(in_features=512, out_features=256, bias=True)
  (3): ELU(alpha=1.0)
  (4): Linear(in_features=256, out_features=128, bias=True)
  (5): ELU(alpha=1.0)
  (6): Linear(in_features=128, out_features=1, bias=True)
)
[INFO]: Checkpoint loaded successfully
[INFO] Resetting environment and getting initial observations...
[INFO] Environment reset complete, starting simulation loop...
[INFO] Spawning world-level drone at /World/Drone...
[INFO] Drone USD loaded at /World/Drone
[INFO] Drone spawned at position (0.0, 0.0, 2.5)
[INFO] ArticulationView will be initialized after first physics step
[Drone drone] Mode: DISARMED → LOITER

================================================================================
DRONE DEBUG LOGGER INITIALIZED FOR world_drone
================================================================================

[INFO] Drone controller initialized in ARMED mode (auto-armed)
[INFO] Mode set to LOITER - will hold spawn position
[INFO] Debug logger enabled - verbose output active
[INFO] Drone bottom camera initialized
[INFO] Drone ROS2 publishers initialized on /drone namespace
[INFO] Adding /drone namespace ROS2 interface
[INFO] Drone topics created: cmd_vel, cmd_position, cmd_altitude
[INFO] Drone services created:
  - /drone/arm: True
  - /drone/takeoff: True
  - /drone/land: True
  - /drone/emergency_stop: True
[INFO] Drone control interface ready on /drone namespace
Error loading custom environment. You should download custom envs folder from: https://drive.google.com/drive/folders/1vVGuO1KIX1K6mD6mBHDZGm9nk2vaRyj3?usp=sharing
[INFO] Setting up viewport camera...
[INFO] Camera positioned to view robot
[INFO] Robot(s) should now be visible in the viewport!
[INFO] Use these controls to navigate:
  - Press 'F' to focus on robot
  - Mouse wheel: Zoom in/out
  - Middle mouse: Pan camera
  - Alt+Left mouse: Orbit view
  - WASD keys: Move robot (forward/back/left/right)
  - Q/E keys: Rotate left/right
[INFO] Initializing ArticulationView after physics step...
[INFO] Drone mass set to: 0.5 kg (Crazyflie scaled estimate)
[INFO] Using Hybrid Physics-Velocity Control (GPU PhysX compatible)
[INFO] Forces → Acceleration → Velocity integration (F=ma)
[INFO] LOITER target set to spawn position: (-0.00, -0.00, 2.50)
[SAFETY] World drone initialized:
  Current pos: (-0.000, -0.000, 2.498)
  Target pos:  (-0.000, -0.000, 2.498)
  Mode: LOITER, Armed: True
[INIT] Drone spawned at position: (-0.000, -0.000, 2.498)
[INIT] Initial velocity: (0.000, 0.000, -0.196)
[INIT] Initial mode: LOITER
[INIT] Ready for control


********************************************************************************
[ARM EVENT] Drone ARMED
********************************************************************************

[INFO] ArticulationView ready - found 1 drone(s)
[DEBUG] ArticulationView prim paths: ['/World/Drone']
[DEBUG] Controller initialized at position: (-0.00, -0.00, 2.50)
[DEBUG] Drone has 4 DOFs: ['m1_joint', 'm2_joint', 'm3_joint', 'm4_joint']
[DEBUG] Prim at /World/Drone exists: True
[DEBUG] Found root body (fallback) at: /World/Drone/body
[DEBUG] Found articulation root at: /World/Drone

────────────────────────────────────────────────────────────────────────────────
[FRAME 4] Δt = 1.00s
────────────────────────────────────────────────────────────────────────────────
  State      : Armed=True, Mode=LOITER
  Position   : ( -0.000,  -0.000,   2.490)
  Velocity   : (  0.000,  -0.000,  -0.210)
  Target Pos : ( -0.000,  -0.000,   2.498)
  Error      : ( -0.000,   0.000,   0.008) = 0.008m
  PID Output : ( -0.000,   0.000,   0.016) m/s
  Applied Force: (  -0.00,    0.00,    5.81) N (|F|=5.81N)
  ✅ Gravity compensation active (Fz > 0)
  Actual Vel: (  0.000,  -0.000,  -0.015) m/s
  ℹ️  Velocity differs from PID (hybrid physics integration active)
────────────────────────────────────────────────────────────────────────────────


────────────────────────────────────────────────────────────────────────────────
[FRAME 20] Δt = 1.00s
────────────────────────────────────────────────────────────────────────────────
  State      : Armed=True, Mode=LOITER
  Position   : ( -0.000,  -0.000,   2.449)
  Velocity   : ( -0.000,  -0.000,  -0.179)
  Target Pos : ( -0.000,  -0.000,   2.498)
  Error      : (  0.000,   0.000,   0.048) = 0.048m
  PID Output : (  0.000,   0.000,   0.099) m/s
  Applied Force: (   0.00,    0.00,    6.02) N (|F|=6.02N)
  ✅ Gravity compensation active (Fz > 0)
  Actual Vel: ( -0.000,  -0.000,   0.021) m/s
  ℹ️  Velocity differs from PID (hybrid physics integration active)
────────────────────────────────────────────────────────────────────────────────


────────────────────────────────────────────────────────────────────────────────
[FRAME 38] Δt = 1.00s
────────────────────────────────────────────────────────────────────────────────
  State      : Armed=True, Mode=LOITER
  Position   : ( -0.000,  -0.000,   2.421)
  Velocity   : (  0.000,   0.000,  -0.129)
  Target Pos : ( -0.000,  -0.000,   2.498)
  Error      : (  0.000,   0.000,   0.076) = 0.076m
  PID Output : (  0.000,   0.000,   0.160) m/s
  Applied Force: (  -0.00,   -0.00,    6.06) N (|F|=6.06N)
  ✅ Gravity compensation active (Fz > 0)
  Actual Vel: (  0.000,   0.000,   0.070) m/s
  ℹ️  Velocity differs from PID (hybrid physics integration active)
────────────────────────────────────────────────────────────────────────────────


────────────────────────────────────────────────────────────────────────────────
[FRAME 56] Δt = 1.00s
────────────────────────────────────────────────────────────────────────────────
  State      : Armed=True, Mode=LOITER
  Position   : ( -0.000,  -0.000,   2.408)
  Velocity   : (  0.000,   0.000,  -0.099)
  Target Pos : ( -0.000,  -0.000,   2.498)
  Error      : (  0.000,   0.000,   0.090) = 0.090m
  PID Output : (  0.000,   0.000,   0.195) m/s
  Applied Force: (   0.00,   -0.00,    6.08) N (|F|=6.08N)
  ✅ Gravity compensation active (Fz > 0)
  Actual Vel: (  0.000,   0.000,   0.099) m/s
  ℹ️  Velocity differs from PID (hybrid physics integration active)
────────────────────────────────────────────────────────────────────────────────

[DBG CACHE] Frame 60: Updating cache with pos=(-0.000,-0.000,2.406)
[DBG ROS2] Publishing to /drone/odom: pos=(-0.000,-0.000,2.406)

────────────────────────────────────────────────────────────────────────────────
[FRAME 74] Δt = 1.00s
────────────────────────────────────────────────────────────────────────────────
  State      : Armed=True, Mode=LOITER
  Position   : ( -0.000,  -0.000,   2.402)
  Velocity   : (  0.000,   0.000,  -0.082)
  Target Pos : ( -0.000,  -0.000,   2.498)
  Error      : (  0.000,   0.000,   0.095) = 0.095m
  PID Output : (  0.000,   0.000,   0.214) m/s
  Applied Force: (  -0.00,   -0.00,    6.09) N (|F|=6.09N)
  ✅ Gravity compensation active (Fz > 0)
  Actual Vel: (  0.000,   0.000,   0.115) m/s
  ℹ️  Velocity differs from PID (hybrid physics integration active)
────────────────────────────────────────────────────────────────────────────────


────────────────────────────────────────────────────────────────────────────────
[FRAME 91] Δt = 1.00s
────────────────────────────────────────────────────────────────────────────────
  State      : Armed=True, Mode=LOITER
  Position   : ( -0.000,  -0.000,   2.401)
  Velocity   : (  0.000,   0.000,  -0.073)
  Target Pos : ( -0.000,  -0.000,   2.498)
  Error      : (  0.000,   0.000,   0.096) = 0.096m
  PID Output : (  0.000,   0.000,   0.224) m/s
  Applied Force: (   0.00,   -0.00,    6.09) N (|F|=6.09N)
  ✅ Gravity compensation active (Fz > 0)
  Actual Vel: (  0.000,   0.000,   0.124) m/s
  ℹ️  Velocity differs from PID (hybrid physics integration active)
────────────────────────────────────────────────────────────────────────────────


────────────────────────────────────────────────────────────────────────────────
[FRAME 109] Δt = 1.00s
────────────────────────────────────────────────────────────────────────────────
  State      : Armed=True, Mode=LOITER
  Position   : ( -0.000,  -0.000,   2.403)
  Velocity   : (  0.000,  -0.000,  -0.068)
  Target Pos : ( -0.000,  -0.000,   2.498)
  Error      : (  0.000,   0.000,   0.095) = 0.095m
  PID Output : (  0.000,   0.000,   0.230) m/s
  Applied Force: (   0.00,    0.00,    6.10) N (|F|=6.10N)
  ✅ Gravity compensation active (Fz > 0)
  Actual Vel: (  0.000,  -0.000,   0.129) m/s
  ℹ️  Velocity differs from PID (hybrid physics integration active)
────────────────────────────────────────────────────────────────────────────────

[DBG CACHE] Frame 120: Updating cache with pos=(-0.000,-0.000,2.404)
[DBG ROS2] Publishing to /drone/odom: pos=(-0.000,-0.000,2.404)

────────────────────────────────────────────────────────────────────────────────
[FRAME 127] Δt = 1.00s
────────────────────────────────────────────────────────────────────────────────
  State      : Armed=True, Mode=LOITER
  Position   : ( -0.000,  -0.000,   2.405)
  Velocity   : (  0.000,  -0.000,  -0.065)
  Target Pos : ( -0.000,  -0.000,   2.498)
  Error      : (  0.000,   0.000,   0.092) = 0.092m
  PID Output : (  0.000,   0.000,   0.233) m/s
  Applied Force: (   0.00,    0.00,    6.10) N (|F|=6.10N)
  ✅ Gravity compensation active (Fz > 0)
  Actual Vel: (  0.000,  -0.000,   0.131) m/s
  ℹ️  Velocity differs from PID (hybrid physics integration active)
────────────────────────────────────────────────────────────────────────────────


────────────────────────────────────────────────────────────────────────────────
[FRAME 145] Δt = 1.00s
────────────────────────────────────────────────────────────────────────────────
  State      : Armed=True, Mode=LOITER
  Position   : ( -0.000,  -0.000,   2.409)
  Velocity   : (  0.000,  -0.000,  -0.064)
  Target Pos : ( -0.000,  -0.000,   2.498)
  Error      : (  0.000,   0.000,   0.089) = 0.089m
  PID Output : (  0.000,   0.000,   0.234) m/s
  Applied Force: (   0.00,    0.00,    6.10) N (|F|=6.10N)
  ✅ Gravity compensation active (Fz > 0)
  Actual Vel: (  0.000,  -0.000,   0.132) m/s
  ℹ️  Velocity differs from PID (hybrid physics integration active)
────────────────────────────────────────────────────────────────────────────────


────────────────────────────────────────────────────────────────────────────────
[FRAME 163] Δt = 1.00s
────────────────────────────────────────────────────────────────────────────────
  State      : Armed=True, Mode=LOITER
  Position   : ( -0.000,  -0.000,   2.412)
  Velocity   : (  0.000,  -0.000,  -0.063)
  Target Pos : ( -0.000,  -0.000,   2.498)
  Error      : (  0.000,   0.000,   0.085) = 0.085m
  PID Output : (  0.000,   0.000,   0.234) m/s
  Applied Force: (   0.00,    0.00,    6.10) N (|F|=6.10N)
  ✅ Gravity compensation active (Fz > 0)
  Actual Vel: (  0.000,  -0.000,   0.133) m/s
  ℹ️  Velocity differs from PID (hybrid physics integration active)
────────────────────────────────────────────────────────────────────────────────


────────────────────────────────────────────────────────────────────────────────
[FRAME 180] Δt = 1.00s
────────────────────────────────────────────────────────────────────────────────
  State      : Armed=True, Mode=LOITER
  Position   : ( -0.000,  -0.000,   2.416)
  Velocity   : (  0.000,  -0.000,  -0.063)
  Target Pos : ( -0.000,  -0.000,   2.498)
  Error      : (  0.000,   0.000,   0.082) = 0.082m
  PID Output : (  0.000,   0.000,   0.234) m/s
  Applied Force: (   0.00,    0.00,    6.10) N (|F|=6.10N)
  ✅ Gravity compensation active (Fz > 0)
  Actual Vel: (  0.000,  -0.000,   0.133) m/s
  ℹ️  Velocity differs from PID (hybrid physics integration active)
────────────────────────────────────────────────────────────────────────────────

[DBG CACHE] Frame 180: Updating cache with pos=(-0.000,-0.000,2.416)
[DBG ROS2] Publishing to /drone/odom: pos=(-0.000,-0.000,2.416)

────────────────────────────────────────────────────────────────────────────────
[FRAME 197] Δt = 1.00s
────────────────────────────────────────────────────────────────────────────────
  State      : Armed=True, Mode=LOITER
  Position   : ( -0.000,  -0.000,   2.419)
  Velocity   : (  0.000,  -0.000,  -0.063)
  Target Pos : ( -0.000,  -0.000,   2.498)
  Error      : (  0.000,   0.000,   0.078) = 0.078m
  PID Output : (  0.000,   0.000,   0.234) m/s
  Applied Force: (   0.00,    0.00,    6.10) N (|F|=6.10N)
  ✅ Gravity compensation active (Fz > 0)
  Actual Vel: (  0.000,  -0.000,   0.133) m/s
  ℹ️  Velocity differs from PID (hybrid physics integration active)
────────────────────────────────────────────────────────────────────────────────


────────────────────────────────────────────────────────────────────────────────
[FRAME 215] Δt = 1.00s
────────────────────────────────────────────────────────────────────────────────
  State      : Armed=True, Mode=LOITER
  Position   : ( -0.000,  -0.000,   2.423)
  Velocity   : (  0.000,  -0.000,  -0.064)
  Target Pos : ( -0.000,  -0.000,   2.498)
  Error      : (  0.000,   0.000,   0.075) = 0.075m
  PID Output : (  0.000,   0.000,   0.234) m/s
  Applied Force: (   0.00,    0.00,    6.09) N (|F|=6.09N)
  ✅ Gravity compensation active (Fz > 0)
  Actual Vel: (  0.000,  -0.000,   0.132) m/s
  ℹ️  Velocity differs from PID (hybrid physics integration active)
────────────────────────────────────────────────────────────────────────────────


────────────────────────────────────────────────────────────────────────────────
[FRAME 233] Δt = 1.00s
────────────────────────────────────────────────────────────────────────────────
  State      : Armed=True, Mode=LOITER
  Position   : ( -0.000,  -0.000,   2.426)
  Velocity   : (  0.000,  -0.000,  -0.064)
  Target Pos : ( -0.000,  -0.000,   2.498)
  Error      : (  0.000,   0.000,   0.071) = 0.071m
  PID Output : (  0.000,   0.000,   0.233) m/s
  Applied Force: (   0.00,    0.00,    6.09) N (|F|=6.09N)
  ✅ Gravity compensation active (Fz > 0)
  Actual Vel: (  0.000,  -0.000,   0.132) m/s
  ℹ️  Velocity differs from PID (hybrid physics integration active)
────────────────────────────────────────────────────────────────────────────────

[DBG CACHE] Frame 240: Updating cache with pos=(-0.000,-0.000,2.428)
[DBG ROS2] Publishing to /drone/odom: pos=(-0.000,-0.000,2.428)

────────────────────────────────────────────────────────────────────────────────
[FRAME 251] Δt = 1.00s
────────────────────────────────────────────────────────────────────────────────
  State      : Armed=True, Mode=LOITER
  Position   : ( -0.000,  -0.000,   2.430)
  Velocity   : (  0.000,  -0.000,  -0.064)
  Target Pos : ( -0.000,  -0.000,   2.498)
  Error      : (  0.000,   0.000,   0.068) = 0.068m
  PID Output : (  0.000,   0.000,   0.233) m/s
  Applied Force: (   0.00,    0.00,    6.09) N (|F|=6.09N)
  ✅ Gravity compensation active (Fz > 0)
  Actual Vel: (  0.000,  -0.000,   0.132) m/s
  ℹ️  Velocity differs from PID (hybrid physics integration active)
────────────────────────────────────────────────────────────────────────────────


────────────────────────────────────────────────────────────────────────────────
[FRAME 269] Δt = 1.00s
────────────────────────────────────────────────────────────────────────────────
  State      : Armed=True, Mode=LOITER
  Position   : ( -0.000,  -0.000,   2.433)
  Velocity   : (  0.000,  -0.000,  -0.065)
  Target Pos : ( -0.000,  -0.000,   2.498)
  Error      : (  0.000,   0.000,   0.065) = 0.065m
  PID Output : (  0.000,   0.000,   0.232) m/s
  Applied Force: (   0.00,    0.00,    6.09) N (|F|=6.09N)
  ✅ Gravity compensation active (Fz > 0)
  Actual Vel: (  0.000,  -0.000,   0.131) m/s
  ℹ️  Velocity differs from PID (hybrid physics integration active)
────────────────────────────────────────────────────────────────────────────────


────────────────────────────────────────────────────────────────────────────────
[FRAME 286] Δt = 1.00s
────────────────────────────────────────────────────────────────────────────────
  State      : Armed=True, Mode=LOITER
  Position   : ( -0.000,  -0.000,   2.436)
  Velocity   : (  0.000,   0.000,  -0.065)
  Target Pos : ( -0.000,  -0.000,   2.498)
  Error      : (  0.000,   0.000,   0.062) = 0.062m
  PID Output : (  0.000,   0.000,   0.231) m/s
  Applied Force: (   0.00,   -0.00,    6.09) N (|F|=6.09N)
  ✅ Gravity compensation active (Fz > 0)
  Actual Vel: (  0.000,   0.000,   0.131) m/s
  ℹ️  Velocity differs from PID (hybrid physics integration active)
────────────────────────────────────────────────────────────────────────────────

[DBG CACHE] Frame 300: Updating cache with pos=(-0.000,-0.000,2.438)
[DBG ROS2] Publishing to /drone/odom: pos=(-0.000,-0.000,2.438)

────────────────────────────────────────────────────────────────────────────────
[FRAME 303] Δt = 1.00s
────────────────────────────────────────────────────────────────────────────────
  State      : Armed=True, Mode=LOITER
  Position   : ( -0.000,  -0.000,   2.439)
  Velocity   : (  0.000,   0.000,  -0.066)
  Target Pos : ( -0.000,  -0.000,   2.498)
  Error      : (  0.000,   0.000,   0.059) = 0.059m
  PID Output : (  0.000,   0.000,   0.231) m/s
  Applied Force: (   0.00,   -0.00,    6.09) N (|F|=6.09N)
  ✅ Gravity compensation active (Fz > 0)
  Actual Vel: (  0.000,   0.000,   0.131) m/s
  ℹ️  Velocity differs from PID (hybrid physics integration active)
────────────────────────────────────────────────────────────────────────────────


────────────────────────────────────────────────────────────────────────────────
[FRAME 320] Δt = 1.00s
────────────────────────────────────────────────────────────────────────────────
  State      : Armed=True, Mode=LOITER
  Position   : ( -0.000,  -0.000,   2.441)
  Velocity   : (  0.000,   0.000,  -0.066)
  Target Pos : ( -0.000,  -0.000,   2.498)
  Error      : (  0.000,   0.000,   0.056) = 0.056m
  PID Output : (  0.000,   0.000,   0.231) m/s
  Applied Force: (   0.00,   -0.00,    6.09) N (|F|=6.09N)
  ✅ Gravity compensation active (Fz > 0)
  Actual Vel: (  0.000,   0.000,   0.130) m/s
  ℹ️  Velocity differs from PID (hybrid physics integration active)
────────────────────────────────────────────────────────────────────────────────


────────────────────────────────────────────────────────────────────────────────
[FRAME 338] Δt = 1.00s
────────────────────────────────────────────────────────────────────────────────
  State      : Armed=True, Mode=LOITER
  Position   : ( -0.000,  -0.000,   2.444)
  Velocity   : (  0.000,   0.000,  -0.066)
  Target Pos : ( -0.000,  -0.000,   2.498)
  Error      : (  0.000,   0.000,   0.054) = 0.054m
  PID Output : (  0.000,   0.000,   0.230) m/s
  Applied Force: (   0.00,   -0.00,    6.09) N (|F|=6.09N)
  ✅ Gravity compensation active (Fz > 0)
  Actual Vel: (  0.000,   0.000,   0.130) m/s
  ℹ️  Velocity differs from PID (hybrid physics integration active)
────────────────────────────────────────────────────────────────────────────────


────────────────────────────────────────────────────────────────────────────────
[FRAME 356] Δt = 1.00s
────────────────────────────────────────────────────────────────────────────────
  State      : Armed=True, Mode=LOITER
  Position   : ( -0.000,  -0.000,   2.446)
  Velocity   : (  0.000,  -0.000,  -0.067)
  Target Pos : ( -0.000,  -0.000,   2.498)
  Error      : (  0.000,   0.000,   0.051) = 0.051m
  PID Output : (  0.000,   0.000,   0.230) m/s
  Applied Force: (   0.00,    0.00,    6.09) N (|F|=6.09N)
  ✅ Gravity compensation active (Fz > 0)
  Actual Vel: (  0.000,  -0.000,   0.130) m/s
  ℹ️  Velocity differs from PID (hybrid physics integration active)
────────────────────────────────────────────────────────────────────────────────

[DBG CACHE] Frame 360: Updating cache with pos=(-0.000,-0.000,2.447)
[DBG ROS2] Publishing to /drone/odom: pos=(-0.000,-0.000,2.447)

────────────────────────────────────────────────────────────────────────────────
[FRAME 374] Δt = 1.00s
────────────────────────────────────────────────────────────────────────────────
  State      : Armed=True, Mode=LOITER
  Position   : ( -0.000,  -0.000,   2.449)
  Velocity   : (  0.000,   0.000,  -0.067)
  Target Pos : ( -0.000,  -0.000,   2.498)
  Error      : (  0.000,   0.000,   0.049) = 0.049m
  PID Output : (  0.000,   0.000,   0.229) m/s
  Applied Force: (   0.00,   -0.00,    6.09) N (|F|=6.09N)
  ✅ Gravity compensation active (Fz > 0)
  Actual Vel: (  0.000,   0.000,   0.129) m/s
  ℹ️  Velocity differs from PID (hybrid physics integration active)
────────────────────────────────────────────────────────────────────────────────


────────────────────────────────────────────────────────────────────────────────
[FRAME 392] Δt = 1.00s
────────────────────────────────────────────────────────────────────────────────
  State      : Armed=True, Mode=LOITER
  Position   : ( -0.000,  -0.000,   2.451)
  Velocity   : (  0.000,   0.000,  -0.067)
  Target Pos : ( -0.000,  -0.000,   2.498)
  Error      : (  0.000,   0.000,   0.046) = 0.046m
  PID Output : (  0.000,   0.000,   0.229) m/s
  Applied Force: (   0.00,   -0.00,    6.09) N (|F|=6.09N)
  ✅ Gravity compensation active (Fz > 0)
  Actual Vel: (  0.000,   0.000,   0.129) m/s
  ℹ️  Velocity differs from PID (hybrid physics integration active)
────────────────────────────────────────────────────────────────────────────────


********************************************************************************
[ARM EVENT] Drone ARMED
********************************************************************************


────────────────────────────────────────────────────────────────────────────────
[FRAME 410] Δt = 1.00s
────────────────────────────────────────────────────────────────────────────────
  State      : Armed=True, Mode=LOITER
  Position   : ( -0.000,  -0.000,   2.453)
  Velocity   : (  0.000,  -0.000,  -0.068)
  Target Pos : ( -0.000,  -0.000,   2.498)
  Error      : (  0.000,   0.000,   0.044) = 0.044m
  PID Output : (  0.000,   0.000,   0.228) m/s
  Applied Force: (   0.00,    0.00,    6.09) N (|F|=6.09N)
  ✅ Gravity compensation active (Fz > 0)
  Actual Vel: (  0.000,  -0.000,   0.129) m/s
  ℹ️  Velocity differs from PID (hybrid physics integration active)
────────────────────────────────────────────────────────────────────────────────

[DBG CACHE] Frame 420: Updating cache with pos=(-0.000,-0.000,2.455)
[DBG ROS2] Publishing to /drone/odom: pos=(-0.000,-0.000,2.455)

────────────────────────────────────────────────────────────────────────────────
[FRAME 427] Δt = 1.00s
────────────────────────────────────────────────────────────────────────────────
  State      : Armed=True, Mode=LOITER
  Position   : ( -0.000,  -0.000,   2.455)
  Velocity   : (  0.000,   0.000,  -0.068)
  Target Pos : ( -0.000,  -0.000,   2.498)
  Error      : (  0.000,   0.000,   0.042) = 0.042m
  PID Output : (  0.000,   0.000,   0.228) m/s
  Applied Force: (   0.00,   -0.00,    6.09) N (|F|=6.09N)
  ✅ Gravity compensation active (Fz > 0)
  Actual Vel: (  0.000,   0.000,   0.128) m/s
  ℹ️  Velocity differs from PID (hybrid physics integration active)
────────────────────────────────────────────────────────────────────────────────


────────────────────────────────────────────────────────────────────────────────
[FRAME 445] Δt = 1.00s
────────────────────────────────────────────────────────────────────────────────
  State      : Armed=True, Mode=LOITER
  Position   : ( -0.000,  -0.000,   2.457)
  Velocity   : (  0.000,  -0.000,  -0.068)
  Target Pos : ( -0.000,  -0.000,   2.498)
  Error      : (  0.000,   0.000,   0.040) = 0.040m
  PID Output : (  0.000,   0.000,   0.228) m/s
  Applied Force: (   0.00,    0.00,    6.09) N (|F|=6.09N)
  ✅ Gravity compensation active (Fz > 0)
  Actual Vel: (  0.000,  -0.000,   0.128) m/s
  ℹ️  Velocity differs from PID (hybrid physics integration active)
────────────────────────────────────────────────────────────────────────────────


────────────────────────────────────────────────────────────────────────────────
[FRAME 463] Δt = 1.00s
────────────────────────────────────────────────────────────────────────────────
  State      : Armed=True, Mode=LOITER
  Position   : ( -0.000,  -0.000,   2.459)
  Velocity   : (  0.000,  -0.000,  -0.068)
  Target Pos : ( -0.000,  -0.000,   2.498)
  Error      : (  0.000,   0.000,   0.038) = 0.038m
  PID Output : (  0.000,   0.000,   0.227) m/s
  Applied Force: (   0.00,    0.00,    6.09) N (|F|=6.09N)
  ✅ Gravity compensation active (Fz > 0)
  Actual Vel: (  0.000,  -0.000,   0.128) m/s
  ℹ️  Velocity differs from PID (hybrid physics integration active)
────────────────────────────────────────────────────────────────────────────────

[DBG CACHE] Frame 480: Updating cache with pos=(-0.000,-0.000,2.461)
[DBG ROS2] Publishing to /drone/odom: pos=(-0.000,-0.000,2.461)

────────────────────────────────────────────────────────────────────────────────
[FRAME 481] Δt = 1.00s
────────────────────────────────────────────────────────────────────────────────
  State      : Armed=True, Mode=LOITER
  Position   : ( -0.000,  -0.000,   2.461)
  Velocity   : (  0.000,  -0.000,  -0.069)
  Target Pos : ( -0.000,  -0.000,   2.498)
  Error      : (  0.000,   0.000,   0.036) = 0.036m
  PID Output : (  0.000,   0.000,   0.227) m/s
  Applied Force: (   0.00,    0.00,    6.09) N (|F|=6.09N)
  ✅ Gravity compensation active (Fz > 0)
  Actual Vel: (  0.000,  -0.000,   0.128) m/s
  ℹ️  Velocity differs from PID (hybrid physics integration active)
────────────────────────────────────────────────────────────────────────────────


────────────────────────────────────────────────────────────────────────────────
[FRAME 498] Δt = 1.00s
────────────────────────────────────────────────────────────────────────────────
  State      : Armed=True, Mode=LOITER
  Position   : ( -0.000,  -0.000,   2.463)
  Velocity   : (  0.000,  -0.000,  -0.069)
  Target Pos : ( -0.000,  -0.000,   2.498)
  Error      : (  0.000,   0.000,   0.035) = 0.035m
  PID Output : (  0.000,   0.000,   0.227) m/s
  Applied Force: (   0.00,    0.00,    6.09) N (|F|=6.09N)
  ✅ Gravity compensation active (Fz > 0)
  Actual Vel: (  0.000,  -0.000,   0.127) m/s
  ℹ️  Velocity differs from PID (hybrid physics integration active)
────────────────────────────────────────────────────────────────────────────────

[Drone drone] Target position: (-0.00, -0.00, 1.50)
[Drone drone] Mode: LOITER → POSITION
[SAFETY] Takeoff service executed:
  Mode: POSITION
  Target: (-0.000, -0.000, 1.500)
  Current: (-0.000, -0.000, 2.463)

────────────────────────────────────────────────────────────────────────────────
[FRAME 515] Δt = 1.00s
────────────────────────────────────────────────────────────────────────────────
  State      : Armed=True, Mode=POSITION
  Position   : ( -0.000,  -0.000,   2.202)
  Velocity   : ( -0.000,   0.000,  -1.240)
  Target Pos : ( -0.000,  -0.000,   1.500)
  Error      : (  0.000,   0.000,  -0.702) = 0.702m
  PID Output : (  0.000,   0.000,  -1.471) m/s
  Applied Force: (   0.00,   -0.00,    3.98) N (|F|=3.98N)
  ✅ Gravity compensation active (Fz > 0)
  Actual Vel: ( -0.000,   0.000,  -1.052) m/s
  ℹ️  Velocity differs from PID (hybrid physics integration active)
  ⚠️  WARNING: Large altitude error (0.70m)
────────────────────────────────────────────────────────────────────────────────


────────────────────────────────────────────────────────────────────────────────
[FRAME 533] Δt = 1.00s
────────────────────────────────────────────────────────────────────────────────
  State      : Armed=True, Mode=POSITION
  Position   : ( -0.000,  -0.000,   1.827)
  Velocity   : (  0.000,   0.000,  -0.919)
  Target Pos : ( -0.000,  -0.000,   1.500)
  Error      : (  0.000,   0.000,  -0.327) = 0.327m
  PID Output : (  0.000,   0.000,  -0.764) m/s
  Applied Force: (   0.00,   -0.00,    5.52) N (|F|=5.52N)
  ✅ Gravity compensation active (Fz > 0)
  Actual Vel: (  0.000,   0.000,  -0.698) m/s
  ℹ️  Velocity differs from PID (hybrid physics integration active)
────────────────────────────────────────────────────────────────────────────────

[DBG CACHE] Frame 540: Updating cache with pos=(-0.000,-0.000,1.722)
[DBG ROS2] Publishing to /drone/odom: pos=(-0.000,-0.000,1.722)

────────────────────────────────────────────────────────────────────────────────
[FRAME 551] Δt = 1.00s
────────────────────────────────────────────────────────────────────────────────
  State      : Armed=True, Mode=POSITION
  Position   : ( -0.000,  -0.000,   1.598)
  Velocity   : (  0.000,   0.000,  -0.551)
  Target Pos : ( -0.000,  -0.000,   1.500)
  Error      : (  0.000,   0.000,  -0.098) = 0.098m
  PID Output : (  0.000,   0.000,  -0.323) m/s
  Applied Force: (   0.00,   -0.00,    5.82) N (|F|=5.82N)
  ✅ Gravity compensation active (Fz > 0)
  Actual Vel: (  0.000,   0.000,  -0.339) m/s
  ℹ️  Velocity differs from PID (hybrid physics integration active)
────────────────────────────────────────────────────────────────────────────────


────────────────────────────────────────────────────────────────────────────────
[FRAME 569] Δt = 1.00s
────────────────────────────────────────────────────────────────────────────────
  State      : Armed=True, Mode=POSITION
  Position   : ( -0.000,  -0.000,   1.471)
  Velocity   : (  0.000,   0.000,  -0.333)
  Target Pos : ( -0.000,  -0.000,   1.500)
  Error      : (  0.000,   0.000,   0.029) = 0.029m
  PID Output : (  0.000,   0.000,  -0.071) m/s
  Applied Force: (   0.00,   -0.00,    5.95) N (|F|=5.95N)
  ✅ Gravity compensation active (Fz > 0)
  Actual Vel: (  0.000,   0.000,  -0.128) m/s
  ℹ️  Velocity differs from PID (hybrid physics integration active)
────────────────────────────────────────────────────────────────────────────────


────────────────────────────────────────────────────────────────────────────────
[FRAME 587] Δt = 1.00s
────────────────────────────────────────────────────────────────────────────────
  State      : Armed=True, Mode=POSITION
  Position   : ( -0.000,  -0.000,   1.403)
  Velocity   : (  0.000,   0.000,  -0.209)
  Target Pos : ( -0.000,  -0.000,   1.500)
  Error      : (  0.000,   0.000,   0.097) = 0.097m
  PID Output : (  0.000,   0.000,   0.070) m/s
  Applied Force: (   0.00,   -0.00,    6.02) N (|F|=6.02N)
  ✅ Gravity compensation active (Fz > 0)
  Actual Vel: (  0.000,   0.000,  -0.008) m/s
  ℹ️  Velocity differs from PID (hybrid physics integration active)
────────────────────────────────────────────────────────────────────────────────

[DBG CACHE] Frame 600: Updating cache with pos=(-0.000,-0.000,1.376)
[DBG ROS2] Publishing to /drone/odom: pos=(-0.000,-0.000,1.376)

────────────────────────────────────────────────────────────────────────────────
[FRAME 605] Δt = 1.00s
────────────────────────────────────────────────────────────────────────────────
  State      : Armed=True, Mode=POSITION
  Position   : ( -0.000,  -0.000,   1.369)
  Velocity   : (  0.000,   0.000,  -0.140)
  Target Pos : ( -0.000,  -0.000,   1.500)
  Error      : (  0.000,   0.000,   0.131) = 0.131m
  PID Output : (  0.000,   0.000,   0.150) m/s
  Applied Force: (   0.00,   -0.00,    6.06) N (|F|=6.06N)
  ✅ Gravity compensation active (Fz > 0)
  Actual Vel: (  0.000,   0.000,   0.059) m/s
  ℹ️  Velocity differs from PID (hybrid physics integration active)
────────────────────────────────────────────────────────────────────────────────


────────────────────────────────────────────────────────────────────────────────
[FRAME 623] Δt = 1.00s
────────────────────────────────────────────────────────────────────────────────
  State      : Armed=True, Mode=POSITION
  Position   : ( -0.000,  -0.000,   1.353)
  Velocity   : (  0.000,  -0.000,  -0.101)
  Target Pos : ( -0.000,  -0.000,   1.500)
  Error      : (  0.000,   0.000,   0.147) = 0.147m
  PID Output : (  0.000,   0.000,   0.194) m/s
  Applied Force: (   0.00,    0.00,    6.08) N (|F|=6.08N)
  ✅ Gravity compensation active (Fz > 0)
  Actual Vel: (  0.000,  -0.000,   0.096) m/s
  ℹ️  Velocity differs from PID (hybrid physics integration active)
────────────────────────────────────────────────────────────────────────────────


────────────────────────────────────────────────────────────────────────────────
[FRAME 641] Δt = 1.00s
────────────────────────────────────────────────────────────────────────────────
  State      : Armed=True, Mode=POSITION
  Position   : ( -0.000,  -0.000,   1.347)
  Velocity   : (  0.000,  -0.000,  -0.080)
  Target Pos : ( -0.000,  -0.000,   1.500)
  Error      : (  0.000,   0.000,   0.153) = 0.153m
  PID Output : (  0.000,   0.000,   0.218) m/s
  Applied Force: (   0.00,    0.00,    6.10) N (|F|=6.10N)
  ✅ Gravity compensation active (Fz > 0)
  Actual Vel: (  0.000,  -0.000,   0.117) m/s
  ℹ️  Velocity differs from PID (hybrid physics integration active)
────────────────────────────────────────────────────────────────────────────────


────────────────────────────────────────────────────────────────────────────────
[FRAME 659] Δt = 1.00s
────────────────────────────────────────────────────────────────────────────────
  State      : Armed=True, Mode=POSITION
  Position   : ( -0.000,  -0.000,   1.347)
  Velocity   : (  0.000,  -0.000,  -0.068)
  Target Pos : ( -0.000,  -0.000,   1.500)
  Error      : (  0.000,   0.000,   0.153) = 0.153m
  PID Output : (  0.000,   0.000,   0.231) m/s
  Applied Force: (   0.00,    0.00,    6.10) N (|F|=6.10N)
  ✅ Gravity compensation active (Fz > 0)
  Actual Vel: (  0.000,  -0.000,   0.128) m/s
  ℹ️  Velocity differs from PID (hybrid physics integration active)
────────────────────────────────────────────────────────────────────────────────

[DBG CACHE] Frame 660: Updating cache with pos=(-0.000,-0.000,1.347)
[DBG ROS2] Publishing to /drone/odom: pos=(-0.000,-0.000,1.347)
[Drone drone] Target position: (1.00, 0.50, 1.85)

────────────────────────────────────────────────────────────────────────────────
[FRAME 677] Δt = 1.00s
────────────────────────────────────────────────────────────────────────────────
  State      : Armed=True, Mode=POSITION
  Position   : (  0.009,   0.004,   1.356)
  Velocity   : (  0.277,   0.139,   0.100)
  Target Pos : (  1.000,   0.500,   1.850)
  Error      : (  0.991,   0.496,   0.494) = 1.214m
  PID Output : (  1.195,   0.597,   0.933) m/s
  Applied Force: (   3.67,    1.83,    8.24) N (|F|=9.20N)
  ✅ Gravity compensation active (Fz > 0)
  Actual Vel: (  0.380,   0.190,   0.356) m/s
  ℹ️  Velocity differs from PID (hybrid physics integration active)
────────────────────────────────────────────────────────────────────────────────


────────────────────────────────────────────────────────────────────────────────
[FRAME 695] Δt = 1.00s
────────────────────────────────────────────────────────────────────────────────
  State      : Armed=True, Mode=POSITION
  Position   : (  0.247,   0.124,   1.493)
  Velocity   : (  0.714,   0.357,   0.313)
  Target Pos : (  1.000,   0.500,   1.850)
  Error      : (  0.753,   0.376,   0.357) = 0.914m
  PID Output : (  0.934,   0.467,   0.696) m/s
  Applied Force: (   0.88,    0.44,    6.44) N (|F|=6.51N)
  ✅ Gravity compensation active (Fz > 0)
  Actual Vel: (  0.706,   0.353,   0.501) m/s
  ℹ️  Velocity differs from PID (hybrid physics integration active)
────────────────────────────────────────────────────────────────────────────────


────────────────────────────────────────────────────────────────────────────────
[FRAME 713] Δt = 1.00s
────────────────────────────────────────────────────────────────────────────────
  State      : Armed=True, Mode=POSITION
  Position   : (  0.472,   0.236,   1.603)
  Velocity   : (  0.542,   0.271,   0.166)
  Target Pos : (  1.000,   0.500,   1.850)
  Error      : (  0.528,   0.264,   0.246) = 0.639m
  PID Output : (  0.682,   0.341,   0.501) m/s
  Applied Force: (   0.56,    0.28,    6.24) N (|F|=6.27N)
  ✅ Gravity compensation active (Fz > 0)
  Actual Vel: (  0.533,   0.266,   0.356) m/s
  ℹ️  Velocity differs from PID (hybrid physics integration active)
────────────────────────────────────────────────────────────────────────────────

[DBG CACHE] Frame 720: Updating cache with pos=(0.543,0.272,1.633)
[DBG ROS2] Publishing to /drone/odom: pos=(0.543,0.272,1.633)

────────────────────────────────────────────────────────────────────────────────
[FRAME 731] Δt = 1.00s
────────────────────────────────────────────────────────────────────────────────
  State      : Armed=True, Mode=POSITION
  Position   : (  0.638,   0.319,   1.670)
  Velocity   : (  0.395,   0.197,   0.069)
  Target Pos : (  1.000,   0.500,   1.850)
  Error      : (  0.362,   0.181,   0.180) = 0.443m
  PID Output : (  0.496,   0.248,   0.386) m/s
  Applied Force: (   0.40,    0.20,    6.18) N (|F|=6.19N)
  ✅ Gravity compensation active (Fz > 0)
  Actual Vel: (  0.388,   0.194,   0.261) m/s
  ℹ️  Velocity differs from PID (hybrid physics integration active)
────────────────────────────────────────────────────────────────────────────────


────────────────────────────────────────────────────────────────────────────────
[FRAME 749] Δt = 1.00s
────────────────────────────────────────────────────────────────────────────────
  State      : Armed=True, Mode=POSITION
  Position   : (  0.759,   0.379,   1.709)
  Velocity   : (  0.287,   0.143,   0.012)
  Target Pos : (  1.000,   0.500,   1.850)
  Error      : (  0.241,   0.121,   0.141) = 0.304m
  PID Output : (  0.360,   0.180,   0.321) m/s
  Applied Force: (   0.29,    0.15,    6.14) N (|F|=6.15N)
  ✅ Gravity compensation active (Fz > 0)
  Actual Vel: (  0.282,   0.141,   0.206) m/s
  ℹ️  Velocity differs from PID (hybrid physics integration active)
────────────────────────────────────────────────────────────────────────────────


────────────────────────────────────────────────────────────────────────────────
[FRAME 767] Δt = 1.00s
────────────────────────────────────────────────────────────────────────────────
  State      : Armed=True, Mode=POSITION
  Position   : (  0.846,   0.423,   1.733)
  Velocity   : (  0.208,   0.104,  -0.020)
  Target Pos : (  1.000,   0.500,   1.850)
  Error      : (  0.154,   0.077,   0.116) = 0.208m
  PID Output : (  0.261,   0.130,   0.284) m/s
  Applied Force: (   0.21,    0.11,    6.12) N (|F|=6.13N)
  ✅ Gravity compensation active (Fz > 0)
  Actual Vel: (  0.204,   0.102,   0.175) m/s
  ℹ️  Velocity differs from PID (hybrid physics integration active)
────────────────────────────────────────────────────────────────────────────────

[DBG CACHE] Frame 780: Updating cache with pos=(0.894,0.447,1.745)
[DBG ROS2] Publishing to /drone/odom: pos=(0.894,0.447,1.745)

────────────────────────────────────────────────────────────────────────────────
[FRAME 784] Δt = 1.00s
────────────────────────────────────────────────────────────────────────────────
  State      : Armed=True, Mode=POSITION
  Position   : (  0.907,   0.453,   1.748)
  Velocity   : (  0.153,   0.076,  -0.038)
  Target Pos : (  1.000,   0.500,   1.850)
  Error      : (  0.093,   0.047,   0.102) = 0.146m
  PID Output : (  0.192,   0.096,   0.264) m/s
  Applied Force: (   0.15,    0.08,    6.11) N (|F|=6.11N)
  ✅ Gravity compensation active (Fz > 0)
  Actual Vel: (  0.150,   0.075,   0.158) m/s
  ℹ️  Velocity differs from PID (hybrid physics integration active)
────────────────────────────────────────────────────────────────────────────────


────────────────────────────────────────────────────────────────────────────────
[FRAME 802] Δt = 1.00s
────────────────────────────────────────────────────────────────────────────────
  State      : Armed=True, Mode=POSITION
  Position   : (  0.953,   0.477,   1.759)
  Velocity   : (  0.110,   0.055,  -0.049)
  Target Pos : (  1.000,   0.500,   1.850)
  Error      : (  0.047,   0.023,   0.091) = 0.105m
  PID Output : (  0.138,   0.069,   0.251) m/s
  Applied Force: (   0.11,    0.06,    6.10) N (|F|=6.11N)
  ✅ Gravity compensation active (Fz > 0)
  Actual Vel: (  0.108,   0.054,   0.147) m/s
  ℹ️  Velocity differs from PID (hybrid physics integration active)
────────────────────────────────────────────────────────────────────────────────


────────────────────────────────────────────────────────────────────────────────
[FRAME 820] Δt = 1.00s
────────────────────────────────────────────────────────────────────────────────
  State      : Armed=True, Mode=POSITION
  Position   : (  0.987,   0.493,   1.766)
  Velocity   : (  0.079,   0.039,  -0.055)
  Target Pos : (  1.000,   0.500,   1.850)
  Error      : (  0.013,   0.007,   0.084) = 0.085m
  PID Output : (  0.099,   0.049,   0.244) m/s
  Applied Force: (   0.08,    0.04,    6.10) N (|F|=6.10N)
  ✅ Gravity compensation active (Fz > 0)
  Actual Vel: (  0.077,   0.039,   0.141) m/s
  ℹ️  Velocity differs from PID (hybrid physics integration active)
────────────────────────────────────────────────────────────────────────────────


────────────────────────────────────────────────────────────────────────────────
[FRAME 838] Δt = 1.00s
────────────────────────────────────────────────────────────────────────────────
  State      : Armed=True, Mode=POSITION
  Position   : (  1.010,   0.505,   1.772)
  Velocity   : (  0.056,   0.028,  -0.059)
  Target Pos : (  1.000,   0.500,   1.850)
  Error      : ( -0.010,  -0.005,   0.078) = 0.079m
  PID Output : (  0.070,   0.035,   0.239) m/s
  Applied Force: (   0.05,    0.03,    6.10) N (|F|=6.10N)
  ✅ Gravity compensation active (Fz > 0)
  Actual Vel: (  0.055,   0.028,   0.137) m/s
  ℹ️  Velocity differs from PID (hybrid physics integration active)
────────────────────────────────────────────────────────────────────────────────

[DBG CACHE] Frame 840: Updating cache with pos=(1.013,0.506,1.773)
[DBG ROS2] Publishing to /drone/odom: pos=(1.013,0.506,1.773)

────────────────────────────────────────────────────────────────────────────────
[FRAME 856] Δt = 1.00s
────────────────────────────────────────────────────────────────────────────────
  State      : Armed=True, Mode=POSITION
  Position   : (  1.027,   0.514,   1.777)
  Velocity   : (  0.040,   0.020,  -0.061)
  Target Pos : (  1.000,   0.500,   1.850)
  Error      : ( -0.027,  -0.014,   0.073) = 0.079m
  PID Output : (  0.049,   0.025,   0.236) m/s
  Applied Force: (   0.04,    0.02,    6.10) N (|F|=6.10N)
  ✅ Gravity compensation active (Fz > 0)
  Actual Vel: (  0.039,   0.019,   0.135) m/s
  ℹ️  Velocity differs from PID (hybrid physics integration active)
────────────────────────────────────────────────────────────────────────────────


────────────────────────────────────────────────────────────────────────────────
[FRAME 874] Δt = 1.00s
────────────────────────────────────────────────────────────────────────────────
  State      : Armed=True, Mode=POSITION
  Position   : (  1.039,   0.520,   1.781)
  Velocity   : (  0.027,   0.014,  -0.063)
  Target Pos : (  1.000,   0.500,   1.850)
  Error      : ( -0.039,  -0.020,   0.069) = 0.082m
  PID Output : (  0.034,   0.017,   0.234) m/s
  Applied Force: (   0.03,    0.01,    6.09) N (|F|=6.09N)
  ✅ Gravity compensation active (Fz > 0)
  Actual Vel: (  0.027,   0.013,   0.133) m/s
  ℹ️  Velocity differs from PID (hybrid physics integration active)
────────────────────────────────────────────────────────────────────────────────


────────────────────────────────────────────────────────────────────────────────
[FRAME 892] Δt = 1.00s
────────────────────────────────────────────────────────────────────────────────
  State      : Armed=True, Mode=POSITION
  Position   : (  1.047,   0.524,   1.785)
  Velocity   : (  0.019,   0.009,  -0.064)
  Target Pos : (  1.000,   0.500,   1.850)
  Error      : ( -0.047,  -0.024,   0.065) = 0.084m
  PID Output : (  0.023,   0.011,   0.233) m/s
  Applied Force: (   0.02,    0.01,    6.09) N (|F|=6.09N)
  ✅ Gravity compensation active (Fz > 0)
  Actual Vel: (  0.018,   0.009,   0.132) m/s
  ℹ️  Velocity differs from PID (hybrid physics integration active)
────────────────────────────────────────────────────────────────────────────────

[DBG CACHE] Frame 900: Updating cache with pos=(1.050,0.525,1.786)
[DBG ROS2] Publishing to /drone/odom: pos=(1.050,0.525,1.786)

────────────────────────────────────────────────────────────────────────────────
[FRAME 910] Δt = 1.00s
────────────────────────────────────────────────────────────────────────────────
  State      : Armed=True, Mode=POSITION
  Position   : (  1.053,   0.526,   1.788)
  Velocity   : (  0.012,   0.006,  -0.065)
  Target Pos : (  1.000,   0.500,   1.850)
  Error      : ( -0.053,  -0.026,   0.062) = 0.086m
  PID Output : (  0.015,   0.007,   0.232) m/s
  Applied Force: (   0.01,    0.00,    6.09) N (|F|=6.09N)
  ✅ Gravity compensation active (Fz > 0)
  Actual Vel: (  0.012,   0.006,   0.131) m/s
  ℹ️  Velocity differs from PID (hybrid physics integration active)
────────────────────────────────────────────────────────────────────────────────


────────────────────────────────────────────────────────────────────────────────
[FRAME 928] Δt = 1.00s
────────────────────────────────────────────────────────────────────────────────
  State      : Armed=True, Mode=POSITION
  Position   : (  1.056,   0.528,   1.791)
  Velocity   : (  0.008,   0.004,  -0.065)
  Target Pos : (  1.000,   0.500,   1.850)
  Error      : ( -0.056,  -0.028,   0.059) = 0.086m
  PID Output : (  0.009,   0.004,   0.231) m/s
  Applied Force: (   0.01,    0.00,    6.09) N (|F|=6.09N)
  ✅ Gravity compensation active (Fz > 0)
  Actual Vel: (  0.007,   0.004,   0.131) m/s
  ℹ️  Velocity differs from PID (hybrid physics integration active)
────────────────────────────────────────────────────────────────────────────────

[Drone drone] Mode: POSITION → LANDING

────────────────────────────────────────────────────────────────────────────────
[FRAME 946] Δt = 1.00s
────────────────────────────────────────────────────────────────────────────────
  State      : Armed=True, Mode=LANDING
  Position   : (  1.058,   0.529,   1.754)
  Velocity   : (  0.001,   0.001,  -0.380)
  Target Pos : (  1.000,   0.500,   1.850)
  Error      : ( -0.058,  -0.029,   0.095) = 0.115m
  PID Output : (  0.000,   0.000,  -0.300) m/s
  Applied Force: (  -0.00,   -0.00,    5.23) N (|F|=5.23N)
  Actual Vel: (  0.001,   0.000,  -0.196) m/s
  ℹ️  Velocity differs from PID (hybrid physics integration active)
────────────────────────────────────────────────────────────────────────────────

[DBG CACHE] Frame 960: Updating cache with pos=(1.058,0.529,1.656)
[DBG ROS2] Publishing to /drone/odom: pos=(1.058,0.529,1.656)

────────────────────────────────────────────────────────────────────────────────
[FRAME 964] Δt = 1.00s
────────────────────────────────────────────────────────────────────────────────
  State      : Armed=True, Mode=LANDING
  Position   : (  1.058,   0.529,   1.626)
  Velocity   : (  0.000,   0.000,  -0.444)
  Target Pos : (  1.000,   0.500,   1.850)
  Error      : ( -0.058,  -0.029,   0.224) = 0.233m
  PID Output : (  0.000,   0.000,  -0.300) m/s
  Applied Force: (  -0.00,   -0.00,    5.48) N (|F|=5.48N)
  Actual Vel: (  0.000,   0.000,  -0.249) m/s
  ℹ️  Velocity differs from PID (hybrid physics integration active)
────────────────────────────────────────────────────────────────────────────────


────────────────────────────────────────────────────────────────────────────────
[FRAME 982] Δt = 1.00s
────────────────────────────────────────────────────────────────────────────────
  State      : Armed=True, Mode=LANDING
  Position   : (  1.058,   0.529,   1.492)
  Velocity   : (  0.000,   0.000,  -0.446)
  Target Pos : (  1.000,   0.500,   1.850)
  Error      : ( -0.058,  -0.029,   0.358) = 0.364m
  PID Output : (  0.000,   0.000,  -0.300) m/s
  Applied Force: (  -0.00,   -0.00,    5.49) N (|F|=5.49N)
  Actual Vel: (  0.000,   0.000,  -0.250) m/s
  ℹ️  Velocity differs from PID (hybrid physics integration active)
────────────────────────────────────────────────────────────────────────────────


────────────────────────────────────────────────────────────────────────────────
[FRAME 1000] Δt = 1.00s
────────────────────────────────────────────────────────────────────────────────
  State      : Armed=True, Mode=LANDING
  Position   : (  1.058,   0.529,   1.358)
  Velocity   : (  0.000,   0.000,  -0.446)
  Target Pos : (  1.000,   0.500,   1.850)
  Error      : ( -0.058,  -0.029,   0.492) = 0.496m
  PID Output : (  0.000,   0.000,  -0.300) m/s
  Applied Force: (  -0.00,   -0.00,    5.49) N (|F|=5.49N)
  Actual Vel: (  0.000,   0.000,  -0.250) m/s
  ℹ️  Velocity differs from PID (hybrid physics integration active)
────────────────────────────────────────────────────────────────────────────────


────────────────────────────────────────────────────────────────────────────────
[FRAME 1018] Δt = 1.00s
────────────────────────────────────────────────────────────────────────────────
  State      : Armed=True, Mode=LANDING
  Position   : (  1.058,   0.529,   1.224)
  Velocity   : (  0.000,   0.000,  -0.446)
  Target Pos : (  1.000,   0.500,   1.850)
  Error      : ( -0.058,  -0.029,   0.626) = 0.630m
  PID Output : (  0.000,   0.000,  -0.300) m/s
  Applied Force: (  -0.00,   -0.00,    5.49) N (|F|=5.49N)
  Actual Vel: (  0.000,   0.000,  -0.250) m/s
  ℹ️  Velocity differs from PID (hybrid physics integration active)
────────────────────────────────────────────────────────────────────────────────

[DBG CACHE] Frame 1020: Updating cache with pos=(1.058,0.529,1.209)
[DBG ROS2] Publishing to /drone/odom: pos=(1.058,0.529,1.209)

────────────────────────────────────────────────────────────────────────────────
[FRAME 1035] Δt = 1.00s
────────────────────────────────────────────────────────────────────────────────
  State      : Armed=True, Mode=LANDING
  Position   : (  1.058,   0.529,   1.097)
  Velocity   : (  0.000,  -0.000,  -0.446)
  Target Pos : (  1.000,   0.500,   1.850)
  Error      : ( -0.058,  -0.029,   0.753) = 0.756m
  PID Output : (  0.000,   0.000,  -0.300) m/s
  Applied Force: (  -0.00,    0.00,    5.49) N (|F|=5.49N)
  Actual Vel: (  0.000,  -0.000,  -0.250) m/s
  ℹ️  Velocity differs from PID (hybrid physics integration active)
────────────────────────────────────────────────────────────────────────────────


────────────────────────────────────────────────────────────────────────────────
[FRAME 1053] Δt = 1.00s
────────────────────────────────────────────────────────────────────────────────
  State      : Armed=True, Mode=LANDING
  Position   : (  1.058,   0.529,   0.963)
  Velocity   : ( -0.000,   0.000,  -0.446)
  Target Pos : (  1.000,   0.500,   1.850)
  Error      : ( -0.058,  -0.029,   0.887) = 0.890m
  PID Output : (  0.000,   0.000,  -0.300) m/s
  Applied Force: (   0.00,   -0.00,    5.49) N (|F|=5.49N)
  Actual Vel: ( -0.000,   0.000,  -0.250) m/s
  ℹ️  Velocity differs from PID (hybrid physics integration active)
────────────────────────────────────────────────────────────────────────────────


────────────────────────────────────────────────────────────────────────────────
[FRAME 1070] Δt = 1.00s
────────────────────────────────────────────────────────────────────────────────
  State      : Armed=True, Mode=LANDING
  Position   : (  1.058,   0.529,   0.836)
  Velocity   : ( -0.000,   0.000,  -0.446)
  Target Pos : (  1.000,   0.500,   1.850)
  Error      : ( -0.058,  -0.029,   1.014) = 1.016m
  PID Output : (  0.000,   0.000,  -0.300) m/s
  Applied Force: (   0.00,   -0.00,    5.49) N (|F|=5.49N)
  Actual Vel: ( -0.000,   0.000,  -0.250) m/s
  ℹ️  Velocity differs from PID (hybrid physics integration active)
────────────────────────────────────────────────────────────────────────────────

[DBG CACHE] Frame 1080: Updating cache with pos=(1.058,0.529,0.761)
[DBG ROS2] Publishing to /drone/odom: pos=(1.058,0.529,0.761)

────────────────────────────────────────────────────────────────────────────────
[FRAME 1088] Δt = 1.00s
────────────────────────────────────────────────────────────────────────────────
  State      : Armed=True, Mode=LANDING
  Position   : (  1.058,   0.529,   0.702)
  Velocity   : (  0.000,  -0.000,  -0.446)
  Target Pos : (  1.000,   0.500,   1.850)
  Error      : ( -0.058,  -0.029,   1.148) = 1.150m
  PID Output : (  0.000,   0.000,  -0.300) m/s
  Applied Force: (  -0.00,    0.00,    5.49) N (|F|=5.49N)
  Actual Vel: (  0.000,  -0.000,  -0.250) m/s
  ℹ️  Velocity differs from PID (hybrid physics integration active)
────────────────────────────────────────────────────────────────────────────────


────────────────────────────────────────────────────────────────────────────────
[FRAME 1106] Δt = 1.00s
────────────────────────────────────────────────────────────────────────────────
  State      : Armed=True, Mode=LANDING
  Position   : (  1.058,   0.529,   0.567)
  Velocity   : ( -0.000,   0.000,  -0.446)
  Target Pos : (  1.000,   0.500,   1.850)
  Error      : ( -0.058,  -0.029,   1.282) = 1.284m
  PID Output : (  0.000,   0.000,  -0.300) m/s
  Applied Force: (   0.00,   -0.00,    5.49) N (|F|=5.49N)
  Actual Vel: ( -0.000,   0.000,  -0.250) m/s
  ℹ️  Velocity differs from PID (hybrid physics integration active)
────────────────────────────────────────────────────────────────────────────────


────────────────────────────────────────────────────────────────────────────────
[FRAME 1124] Δt = 1.00s
────────────────────────────────────────────────────────────────────────────────
  State      : Armed=True, Mode=LANDING
  Position   : (  1.058,   0.529,   0.433)
  Velocity   : ( -0.000,  -0.000,  -0.446)
  Target Pos : (  1.000,   0.500,   1.850)
  Error      : ( -0.058,  -0.029,   1.417) = 1.418m
  PID Output : (  0.000,   0.000,  -0.300) m/s
  Applied Force: (   0.00,    0.00,    5.49) N (|F|=5.49N)
  Actual Vel: ( -0.000,  -0.000,  -0.250) m/s
  ℹ️  Velocity differs from PID (hybrid physics integration active)
────────────────────────────────────────────────────────────────────────────────

[DBG CACHE] Frame 1140: Updating cache with pos=(1.058,0.529,0.314)
[DBG ROS2] Publishing to /drone/odom: pos=(1.058,0.529,0.314)

────────────────────────────────────────────────────────────────────────────────
[FRAME 1142] Δt = 1.00s
────────────────────────────────────────────────────────────────────────────────
  State      : Armed=True, Mode=LANDING
  Position   : (  1.058,   0.529,   0.299)
  Velocity   : ( -0.000,   0.000,  -0.446)
  Target Pos : (  1.000,   0.500,   1.850)
  Error      : ( -0.058,  -0.029,   1.551) = 1.552m
  PID Output : (  0.000,   0.000,  -0.300) m/s
  Applied Force: (   0.00,   -0.00,    5.49) N (|F|=5.49N)
  Actual Vel: ( -0.000,   0.000,  -0.250) m/s
  ℹ️  Velocity differs from PID (hybrid physics integration active)
────────────────────────────────────────────────────────────────────────────────


────────────────────────────────────────────────────────────────────────────────
[FRAME 1160] Δt = 1.00s
────────────────────────────────────────────────────────────────────────────────
  State      : Armed=True, Mode=LANDING
  Position   : (  1.058,   0.529,   0.165)
  Velocity   : ( -0.000,   0.000,  -0.446)
  Target Pos : (  1.000,   0.500,   1.850)
  Error      : ( -0.058,  -0.029,   1.685) = 1.686m
  PID Output : (  0.000,   0.000,  -0.300) m/s
  Applied Force: (   0.00,   -0.00,    5.49) N (|F|=5.49N)
  Actual Vel: ( -0.000,   0.000,  -0.250) m/s
  ℹ️  Velocity differs from PID (hybrid physics integration active)
────────────────────────────────────────────────────────────────────────────────

[Drone drone] Mode: LANDING → DISARMED
[Drone drone] Landed and disarmed
[DBG CACHE] Frame 1200: Updating cache with pos=(1.058,0.529,0.075)
[DBG ROS2] Publishing to /drone/odom: pos=(1.058,0.529,0.075)
[DBG CACHE] Frame 1260: Updating cache with pos=(1.058,0.529,0.075)
[DBG ROS2] Publishing to /drone/odom: pos=(1.058,0.529,0.075)
[DBG CACHE] Frame 1320: Updating cache with pos=(1.058,0.529,0.075)
[DBG ROS2] Publishing to /drone/odom: pos=(1.058,0.529,0.075)
[DBG CACHE] Frame 1380: Updating cache with pos=(1.058,0.529,0.075)
[DBG ROS2] Publishing to /drone/odom: pos=(1.058,0.529,0.075)
[DBG CACHE] Frame 1440: Updating cache with pos=(1.058,0.529,0.075)
[DBG ROS2] Publishing to /drone/odom: pos=(1.058,0.529,0.075)
[DBG CACHE] Frame 1500: Updating cache with pos=(1.058,0.529,0.075)
[DBG ROS2] Publishing to /drone/odom: pos=(1.058,0.529,0.075)
[DBG CACHE] Frame 1560: Updating cache with pos=(1.058,0.529,0.075)
[DBG ROS2] Publishing to /drone/odom: pos=(1.058,0.529,0.075)
[DBG CACHE] Frame 1620: Updating cache with pos=(1.058,0.529,0.075)
[DBG ROS2] Publishing to /drone/odom: pos=(1.058,0.529,0.075)
[INFO] Shutting down simulation...
[INFO] ROS2 shutdown complete
[INFO] Simulation shutdown complete
