================================================================================
SIMULATION LOG - 2025-11-16 18:33:18
Log file: /home/kishi/ResQoUnity/logs/simulation/drone_sim_20251116_183318.log
================================================================================

[INFO] Creating environment: Isaac-Velocity-Rough-Unitree-Go2-v0
[INFO] Robot: drone, Amount: 1, Terrain: flat
[INFO]: Base environment:
	Environment device    : cuda:0
	Physics step-size     : 0.005
	Rendering step-size   : 0.005
	Environment step-size : 0.02
	Physics GPU pipeline  : True
	Physics GPU simulation: True
[INFO]: Time taken for scene creation : 1.509055 seconds
[INFO]: Scene manager:  <class InteractiveScene>
	Number of environments: 1
	Environment spacing   : 2.5
	Source prim name      : /World/envs/env_0
	Global prim paths     : ['/World/ground']
	Replicate physics     : True
[INFO]: Starting the simulation. This may take a few seconds. Please wait...
[INFO]: Time taken for simulation start : 1.037826 seconds
[INFO] Command Manager:  <CommandManager> contains 1 active terms.
+------------------------------------------------+
|              Active Command Terms              |
+-------+---------------+------------------------+
| Index | Name          |          Type          |
+-------+---------------+------------------------+
|   0   | base_velocity | UniformVelocityCommand |
+-------+---------------+------------------------+

[INFO] Action Manager:  <ActionManager> contains 1 active terms.
+----------------------------------+
|  Active Action Terms (shape: 4)  |
+--------+------------+------------+
| Index  | Name       |  Dimension |
+--------+------------+------------+
|   0    | joint_pos  |          4 |
+--------+------------+------------+

[INFO] Observation Manager: <ObservationManager> contains 1 groups.
+---------------------------------------------------------+
| Active Observation Terms in Group: 'policy' (shape: (24,)) |
+-----------+---------------------------------+-----------+
|   Index   | Name                            |   Shape   |
+-----------+---------------------------------+-----------+
|     0     | base_lin_vel                    |    (3,)   |
|     1     | base_ang_vel                    |    (3,)   |
|     2     | projected_gravity               |    (3,)   |
|     3     | velocity_commands               |    (3,)   |
|     4     | joint_pos                       |    (4,)   |
|     5     | joint_vel                       |    (4,)   |
|     6     | actions                         |    (4,)   |
+-----------+---------------------------------+-----------+

[INFO] Event Manager:  <EventManager> contains 1 active terms.
+--------------------------------------+
| Active Event Terms in Mode: 'startup' |
+----------+---------------------------+
|  Index   | Name                      |
+----------+---------------------------+
|    0     | physics_material          |
+----------+---------------------------+

[INFO] Termination Manager:  <TerminationManager> contains 1 active terms.
+-----------------------------+
|   Active Termination Terms  |
+-------+----------+----------+
| Index | Name     | Time Out |
+-------+----------+----------+
|   0   | time_out |   True   |
+-------+----------+----------+

[INFO] Reward Manager:  <RewardManager> contains 9 active terms.
+-----------------------------------------+
|           Active Reward Terms           |
+-------+----------------------+----------+
| Index | Name                 |   Weight |
+-------+----------------------+----------+
|   0   | track_lin_vel_xy_exp |      1.0 |
|   1   | track_ang_vel_z_exp  |      0.5 |
|   2   | lin_vel_z_l2         |     -1.0 |
|   3   | ang_vel_xy_l2        |     -0.1 |
|   4   | dof_torques_l2       |   -1e-06 |
|   5   | dof_acc_l2           | -2.5e-07 |
|   6   | action_rate_l2       |    -0.01 |
|   7   | flat_orientation_l2  |     -1.0 |
|   8   | dof_pos_limits       |      0.0 |
+-------+----------------------+----------+

[INFO] Curriculum Manager:  <CurriculumManager> contains 0 active terms.
+----------------------+
| Active Curriculum Terms |
+-----------+----------+
|   Index   | Name     |
+-----------+----------+
+-----------+----------+

Creating window for environment.
[INFO]: Completed setting up the environment...
[INFO] Environment created successfully!
[INFO] Environment wrapped for RSL-RL
[INFO] Loading experiment from directory: /home/kishi/ResQoUnity/logs/rsl_rl/quadcopter_rough
[WARN] No checkpoint found at /home/kishi/ResQoUnity/logs/rsl_rl/quadcopter_rough
[INFO] Running in MANUAL CONTROL mode (keyboard only, no RL policy)
[INFO] Initializing drone controllers...
[Drone 0] Mode: DISARMED → LOITER
[INFO] Drone 0 controller initialized and ARMED (auto-hover at spawn height)
[INFO] Resetting environment and getting initial observations...
[INFO] Environment reset complete, starting simulation loop...
Error loading custom environment. You should download custom envs folder from: https://drive.google.com/drive/folders/1vVGuO1KIX1K6mD6mBHDZGm9nk2vaRyj3?usp=sharing
[INFO] Setting up viewport camera...
[INFO] Camera positioned to view robot
[INFO] Robot(s) should now be visible in the viewport!
[INFO] Use these controls to navigate:
  - Press 'F' to focus on robot
  - Mouse wheel: Zoom in/out
  - Middle mouse: Pan camera
  - Alt+Left mouse: Orbit view
  - WASD keys: Move robot (forward/back/left/right)
  - Q/E keys: Rotate left/right
  - T/G keys: Altitude up/down (for drone)
[PID] vel:(0.00,0.00,0.00) thrust:0.450 motors:[0.450,0.450,0.450,0.450]
[PID] vel:(-0.00,0.00,-0.80) thrust:0.290 motors:[0.290,0.290,0.290,0.290]
[PID] vel:(-0.00,0.00,-0.58) thrust:0.334 motors:[0.334,0.334,0.334,0.334]
[PID] vel:(0.00,-0.00,-0.47) thrust:0.355 motors:[0.355,0.355,0.355,0.355]
[PID] vel:(0.00,-0.00,-0.36) thrust:0.378 motors:[0.378,0.378,0.378,0.378]
[PID] vel:(-0.00,-0.00,-0.25) thrust:0.400 motors:[0.400,0.400,0.400,0.400]
[PID] vel:(-0.00,-0.00,-0.13) thrust:0.424 motors:[0.424,0.424,0.424,0.424]
[PID] vel:(-0.00,-0.00,-0.01) thrust:0.448 motors:[0.448,0.448,0.448,0.448]
[PID] vel:(-0.00,-0.00,0.11) thrust:0.473 motors:[0.473,0.473,0.473,0.473]
[PID] vel:(-0.00,0.00,0.24) thrust:0.498 motors:[0.498,0.498,0.498,0.498]
[PID] vel:(-0.00,0.00,0.37) thrust:0.524 motors:[0.524,0.524,0.524,0.524]
[PID] vel:(-0.00,0.00,0.50) thrust:0.550 motors:[0.550,0.550,0.550,0.550]
[PID] vel:(-0.00,0.00,0.64) thrust:0.578 motors:[0.578,0.578,0.578,0.578]
[PID] vel:(-0.00,0.00,0.78) thrust:0.605 motors:[0.605,0.605,0.605,0.605]
[PID] vel:(-0.00,-0.00,0.80) thrust:0.610 motors:[0.610,0.610,0.610,0.610]
[PID] vel:(-0.00,0.00,0.80) thrust:0.610 motors:[0.610,0.610,0.610,0.610]
[PID] vel:(-0.00,-0.00,0.80) thrust:0.610 motors:[0.610,0.610,0.610,0.610]
[PID] vel:(-0.00,-0.00,0.80) thrust:0.610 motors:[0.610,0.610,0.610,0.610]
[PID] vel:(-0.00,-0.00,0.80) thrust:0.610 motors:[0.610,0.610,0.610,0.610]
[PID] vel:(-0.00,-0.00,0.80) thrust:0.610 motors:[0.610,0.610,0.610,0.610]
[PID] vel:(-0.00,-0.00,0.80) thrust:0.610 motors:[0.610,0.610,0.610,0.610]
[PID] vel:(-0.00,-0.00,0.80) thrust:0.610 motors:[0.610,0.610,0.610,0.610]
[PID] vel:(-0.01,-0.01,0.28) thrust:0.507 motors:[0.536,0.530,0.477,0.483]
[PID] vel:(-0.01,-0.00,-0.24) thrust:0.401 motors:[0.379,0.371,0.423,0.431]
[PID] vel:(-0.01,-0.01,-0.14) thrust:0.421 motors:[0.407,0.424,0.436,0.418]
[PID] vel:(-0.01,-0.01,-0.04) thrust:0.441 motors:[0.443,0.451,0.439,0.431]
[PID] vel:(-0.01,-0.01,0.06) thrust:0.461 motors:[0.465,0.453,0.458,0.469]
[PID] vel:(-0.01,-0.01,-0.05) thrust:0.440 motors:[0.440,0.444,0.440,0.436]
[PID] vel:(-0.01,-0.01,-0.06) thrust:0.438 motors:[0.438,0.438,0.438,0.438]
[PID] vel:(-0.01,-0.01,-0.06) thrust:0.438 motors:[0.438,0.438,0.438,0.438]
[PID] vel:(-0.01,-0.01,-0.06) thrust:0.438 motors:[0.438,0.438,0.438,0.438]
[PID] vel:(-0.01,-0.01,-0.06) thrust:0.438 motors:[0.438,0.438,0.438,0.438]
[PID] vel:(-0.01,-0.01,-0.06) thrust:0.438 motors:[0.438,0.438,0.438,0.438]
[PID] vel:(-0.01,-0.01,-0.06) thrust:0.438 motors:[0.438,0.438,0.438,0.438]
[PID] vel:(-0.01,-0.01,-0.06) thrust:0.438 motors:[0.438,0.438,0.438,0.438]
[PID] vel:(-0.01,-0.01,-0.06) thrust:0.438 motors:[0.438,0.438,0.438,0.438]
[PID] vel:(-0.01,-0.01,-0.06) thrust:0.438 motors:[0.438,0.438,0.438,0.438]
[PID] vel:(-0.02,-0.01,-0.06) thrust:0.438 motors:[0.438,0.438,0.438,0.438]
[PID] vel:(-0.02,-0.01,-0.06) thrust:0.438 motors:[0.438,0.438,0.438,0.438]
[PID] vel:(-0.02,-0.01,-0.06) thrust:0.438 motors:[0.438,0.438,0.438,0.438]
[PID] vel:(-0.02,-0.01,-0.06) thrust:0.438 motors:[0.438,0.438,0.438,0.438]
[PID] vel:(-0.02,-0.01,-0.06) thrust:0.438 motors:[0.438,0.438,0.438,0.438]
[PID] vel:(-0.02,-0.01,-0.06) thrust:0.438 motors:[0.438,0.438,0.438,0.438]
[PID] vel:(-0.02,-0.01,-0.06) thrust:0.438 motors:[0.438,0.438,0.438,0.438]
[PID] vel:(-0.02,-0.01,-0.06) thrust:0.438 motors:[0.438,0.438,0.438,0.438]
[PID] vel:(-0.02,-0.01,-0.06) thrust:0.438 motors:[0.438,0.438,0.438,0.438]
[PID] vel:(-0.02,-0.01,-0.06) thrust:0.438 motors:[0.438,0.438,0.438,0.438]
[PID] vel:(-0.02,-0.01,-0.06) thrust:0.438 motors:[0.438,0.438,0.438,0.438]
[PID] vel:(-0.02,-0.01,-0.06) thrust:0.438 motors:[0.438,0.438,0.438,0.438]
[PID] vel:(-0.02,-0.01,-0.06) thrust:0.438 motors:[0.438,0.438,0.438,0.438]
[PID] vel:(-0.02,-0.01,-0.06) thrust:0.438 motors:[0.438,0.438,0.438,0.438]
[PID] vel:(-0.02,-0.01,-0.06) thrust:0.438 motors:[0.438,0.438,0.438,0.438]
[PID] vel:(-0.02,-0.01,-0.06) thrust:0.438 motors:[0.438,0.438,0.438,0.438]
[PID] vel:(-0.02,-0.01,-0.06) thrust:0.438 motors:[0.438,0.438,0.438,0.438]
[PID] vel:(-0.02,-0.01,-0.06) thrust:0.438 motors:[0.438,0.438,0.438,0.438]
[PID] vel:(-0.02,-0.01,-0.06) thrust:0.438 motors:[0.438,0.438,0.438,0.438]
[PID] vel:(-0.02,-0.01,-0.06) thrust:0.438 motors:[0.438,0.438,0.438,0.438]
[PID] vel:(-0.02,-0.01,-0.06) thrust:0.438 motors:[0.438,0.438,0.438,0.438]
[PID] vel:(-0.02,-0.01,-0.06) thrust:0.438 motors:[0.438,0.438,0.438,0.438]
[PID] vel:(-0.02,-0.01,-0.06) thrust:0.438 motors:[0.438,0.438,0.438,0.438]
[PID] vel:(-0.02,-0.01,-0.06) thrust:0.438 motors:[0.438,0.438,0.438,0.438]
[PID] vel:(-0.02,-0.01,-0.06) thrust:0.438 motors:[0.438,0.438,0.438,0.438]
[PID] vel:(-0.02,-0.01,-0.06) thrust:0.438 motors:[0.438,0.438,0.438,0.438]
[PID] vel:(-0.02,-0.01,-0.06) thrust:0.438 motors:[0.438,0.438,0.438,0.438]
[PID] vel:(-0.02,-0.01,-0.06) thrust:0.438 motors:[0.438,0.438,0.438,0.438]
[PID] vel:(-0.02,-0.01,-0.06) thrust:0.438 motors:[0.438,0.438,0.438,0.438]
[PID] vel:(-0.02,-0.01,-0.06) thrust:0.438 motors:[0.438,0.438,0.438,0.438]
[PID] vel:(-0.02,-0.01,-0.06) thrust:0.438 motors:[0.438,0.438,0.438,0.438]
[PID] vel:(-0.02,-0.01,-0.06) thrust:0.438 motors:[0.438,0.438,0.438,0.438]
[PID] vel:(-0.02,-0.01,-0.06) thrust:0.438 motors:[0.438,0.438,0.438,0.438]
[PID] vel:(-0.02,-0.01,-0.06) thrust:0.438 motors:[0.438,0.438,0.438,0.438]
[PID] vel:(-0.02,-0.01,-0.06) thrust:0.438 motors:[0.438,0.438,0.438,0.438]
[PID] vel:(-0.02,-0.01,-0.06) thrust:0.438 motors:[0.438,0.438,0.438,0.438]
[PID] vel:(-0.02,-0.01,-0.06) thrust:0.438 motors:[0.438,0.438,0.438,0.438]
[PID] vel:(-0.02,-0.01,-0.06) thrust:0.438 motors:[0.438,0.438,0.438,0.438]
[PID] vel:(-0.02,-0.01,-0.06) thrust:0.438 motors:[0.438,0.438,0.438,0.438]
[PID] vel:(-0.03,-0.01,-0.06) thrust:0.438 motors:[0.438,0.438,0.438,0.438]
[PID] vel:(-0.03,-0.01,-0.06) thrust:0.438 motors:[0.438,0.438,0.438,0.438]
[PID] vel:(-0.03,-0.01,-0.06) thrust:0.438 motors:[0.438,0.438,0.438,0.438]
[PID] vel:(-0.03,-0.01,-0.06) thrust:0.438 motors:[0.438,0.438,0.438,0.438]
[PID] vel:(-0.03,-0.01,-0.06) thrust:0.438 motors:[0.438,0.438,0.438,0.438]
[PID] vel:(-0.03,-0.01,-0.06) thrust:0.438 motors:[0.438,0.438,0.438,0.438]
[PID] vel:(-0.03,-0.01,-0.06) thrust:0.438 motors:[0.438,0.438,0.438,0.438]
[PID] vel:(-0.03,-0.01,-0.06) thrust:0.438 motors:[0.438,0.438,0.438,0.438]
[PID] vel:(-0.03,-0.01,-0.06) thrust:0.438 motors:[0.438,0.438,0.438,0.438]
[PID] vel:(-0.03,-0.01,-0.06) thrust:0.438 motors:[0.438,0.438,0.438,0.438]
[PID] vel:(-0.03,-0.01,-0.06) thrust:0.438 motors:[0.438,0.438,0.438,0.438]
[PID] vel:(-0.03,-0.01,-0.06) thrust:0.438 motors:[0.438,0.438,0.438,0.438]
[PID] vel:(-0.03,-0.01,-0.06) thrust:0.438 motors:[0.438,0.438,0.438,0.438]
[PID] vel:(-0.03,-0.01,-0.06) thrust:0.438 motors:[0.438,0.438,0.438,0.438]
[PID] vel:(-0.03,-0.01,-0.06) thrust:0.438 motors:[0.438,0.438,0.438,0.438]
[PID] vel:(-0.03,-0.01,-0.06) thrust:0.438 motors:[0.438,0.438,0.438,0.438]
[PID] vel:(-0.03,-0.01,-0.06) thrust:0.438 motors:[0.438,0.438,0.438,0.438]
[PID] vel:(-0.03,-0.01,-0.06) thrust:0.438 motors:[0.438,0.438,0.438,0.438]
[PID] vel:(-0.03,-0.01,-0.06) thrust:0.438 motors:[0.438,0.438,0.438,0.438]
[PID] vel:(-0.03,-0.01,-0.06) thrust:0.438 motors:[0.438,0.438,0.438,0.438]
[PID] vel:(-0.03,-0.01,-0.06) thrust:0.438 motors:[0.438,0.438,0.438,0.438]
[PID] vel:(-0.03,-0.01,-0.06) thrust:0.438 motors:[0.438,0.438,0.438,0.438]
[PID] vel:(-0.03,-0.01,-0.06) thrust:0.438 motors:[0.438,0.438,0.438,0.438]
[PID] vel:(-0.03,-0.01,-0.06) thrust:0.438 motors:[0.438,0.438,0.438,0.438]
[PID] vel:(-0.03,-0.01,-0.06) thrust:0.438 motors:[0.438,0.438,0.438,0.438]
[PID] vel:(-0.03,-0.01,-0.06) thrust:0.438 motors:[0.438,0.438,0.438,0.438]
[PID] vel:(-0.03,-0.01,-0.06) thrust:0.438 motors:[0.438,0.438,0.438,0.438]
[PID] vel:(-0.03,-0.02,-0.06) thrust:0.438 motors:[0.438,0.438,0.438,0.438]
[PID] vel:(-0.03,-0.02,-0.06) thrust:0.438 motors:[0.438,0.438,0.438,0.438]
[PID] vel:(-0.03,-0.02,-0.06) thrust:0.438 motors:[0.438,0.438,0.438,0.438]
[PID] vel:(-0.03,-0.02,-0.06) thrust:0.438 motors:[0.438,0.438,0.438,0.438]
[PID] vel:(-0.03,-0.02,-0.06) thrust:0.438 motors:[0.438,0.438,0.438,0.438]
[PID] vel:(-0.03,-0.02,-0.06) thrust:0.438 motors:[0.438,0.438,0.438,0.438]
[PID] vel:(-0.03,-0.02,-0.06) thrust:0.438 motors:[0.438,0.438,0.438,0.438]
[PID] vel:(-0.03,-0.02,-0.06) thrust:0.438 motors:[0.438,0.438,0.438,0.438]
[PID] vel:(-0.03,-0.02,-0.06) thrust:0.438 motors:[0.438,0.438,0.438,0.438]
[PID] vel:(-0.03,-0.02,-0.06) thrust:0.438 motors:[0.438,0.438,0.438,0.438]
[PID] vel:(-0.03,-0.02,-0.06) thrust:0.438 motors:[0.438,0.438,0.438,0.438]
[PID] vel:(-0.03,-0.02,-0.06) thrust:0.438 motors:[0.438,0.438,0.438,0.438]
[PID] vel:(-0.03,-0.02,-0.06) thrust:0.438 motors:[0.438,0.438,0.438,0.438]
[PID] vel:(-0.03,-0.02,-0.06) thrust:0.438 motors:[0.438,0.438,0.438,0.438]
[PID] vel:(-0.04,-0.02,-0.06) thrust:0.438 motors:[0.438,0.438,0.438,0.438]
[PID] vel:(-0.04,-0.02,-0.06) thrust:0.438 motors:[0.438,0.438,0.438,0.438]
[PID] vel:(-0.04,-0.02,-0.06) thrust:0.438 motors:[0.438,0.438,0.438,0.438]
[PID] vel:(-0.04,-0.02,-0.06) thrust:0.438 motors:[0.438,0.438,0.438,0.438]
[PID] vel:(-0.04,-0.02,-0.06) thrust:0.438 motors:[0.438,0.438,0.438,0.438]
[PID] vel:(-0.04,-0.02,-0.06) thrust:0.438 motors:[0.438,0.438,0.438,0.438]
[PID] vel:(-0.04,-0.02,-0.06) thrust:0.438 motors:[0.438,0.438,0.438,0.438]
[PID] vel:(-0.04,-0.02,-0.06) thrust:0.438 motors:[0.438,0.438,0.438,0.438]
[PID] vel:(-0.04,-0.02,-0.06) thrust:0.438 motors:[0.438,0.438,0.438,0.438]
[PID] vel:(-0.04,-0.02,-0.06) thrust:0.438 motors:[0.438,0.438,0.438,0.438]
[PID] vel:(-0.04,-0.02,-0.06) thrust:0.438 motors:[0.438,0.438,0.438,0.438]
[PID] vel:(-0.04,-0.02,-0.06) thrust:0.438 motors:[0.438,0.438,0.438,0.438]
[PID] vel:(-0.04,-0.02,-0.06) thrust:0.438 motors:[0.438,0.438,0.438,0.438]
[PID] vel:(-0.04,-0.02,-0.06) thrust:0.438 motors:[0.438,0.438,0.438,0.438]
[PID] vel:(-0.04,-0.02,-0.06) thrust:0.438 motors:[0.438,0.438,0.438,0.438]
[PID] vel:(-0.04,-0.02,-0.06) thrust:0.438 motors:[0.438,0.438,0.438,0.438]
[PID] vel:(-0.04,-0.02,-0.06) thrust:0.438 motors:[0.438,0.438,0.438,0.438]
[PID] vel:(-0.04,-0.02,-0.06) thrust:0.438 motors:[0.438,0.438,0.438,0.438]
[PID] vel:(-0.04,-0.02,-0.06) thrust:0.438 motors:[0.438,0.438,0.438,0.438]
[PID] vel:(-0.04,-0.02,-0.06) thrust:0.438 motors:[0.438,0.438,0.438,0.438]
[PID] vel:(-0.04,-0.02,-0.06) thrust:0.438 motors:[0.438,0.438,0.438,0.438]
[PID] vel:(-0.04,-0.02,-0.06) thrust:0.438 motors:[0.438,0.438,0.438,0.438]
[PID] vel:(-0.04,-0.02,-0.06) thrust:0.438 motors:[0.438,0.438,0.438,0.438]
[PID] vel:(-0.04,-0.02,-0.06) thrust:0.438 motors:[0.438,0.438,0.438,0.438]
[PID] vel:(-0.04,-0.02,-0.06) thrust:0.438 motors:[0.438,0.438,0.438,0.438]
[PID] vel:(-0.04,-0.02,-0.06) thrust:0.438 motors:[0.438,0.438,0.438,0.438]
[PID] vel:(-0.04,-0.02,-0.06) thrust:0.438 motors:[0.438,0.438,0.438,0.438]
[PID] vel:(-0.04,-0.02,-0.06) thrust:0.438 motors:[0.438,0.438,0.438,0.438]
[PID] vel:(-0.04,-0.02,-0.06) thrust:0.438 motors:[0.438,0.438,0.439,0.438]
[PID] vel:(-0.04,-0.02,-0.06) thrust:0.438 motors:[0.438,0.438,0.439,0.438]
[PID] vel:(-0.04,-0.02,-0.06) thrust:0.438 motors:[0.438,0.438,0.439,0.438]
[PID] vel:(-0.04,-0.02,-0.06) thrust:0.438 motors:[0.438,0.438,0.439,0.438]
[PID] vel:(-0.04,-0.02,-0.06) thrust:0.438 motors:[0.438,0.438,0.439,0.438]
[PID] vel:(-0.04,-0.02,-0.06) thrust:0.438 motors:[0.438,0.438,0.439,0.438]
[PID] vel:(-0.04,-0.02,-0.06) thrust:0.438 motors:[0.438,0.438,0.439,0.438]
[PID] vel:(-0.04,-0.02,-0.06) thrust:0.438 motors:[0.437,0.438,0.439,0.438]
[PID] vel:(-0.04,-0.02,-0.06) thrust:0.438 motors:[0.437,0.438,0.439,0.438]
[PID] vel:(-0.04,-0.02,-0.06) thrust:0.438 motors:[0.437,0.438,0.439,0.438]
[PID] vel:(-0.04,-0.02,-0.06) thrust:0.438 motors:[0.437,0.438,0.439,0.438]
[PID] vel:(-0.04,-0.02,-0.06) thrust:0.438 motors:[0.437,0.438,0.439,0.438]
[PID] vel:(-0.04,-0.02,-0.06) thrust:0.438 motors:[0.437,0.438,0.439,0.438]
[PID] vel:(-0.05,-0.02,-0.06) thrust:0.438 motors:[0.437,0.438,0.439,0.438]
[PID] vel:(-0.05,-0.02,-0.06) thrust:0.438 motors:[0.437,0.438,0.439,0.438]
[PID] vel:(-0.05,-0.02,-0.06) thrust:0.438 motors:[0.437,0.438,0.439,0.438]
[PID] vel:(-0.05,-0.02,-0.06) thrust:0.438 motors:[0.437,0.438,0.439,0.438]
[PID] vel:(-0.05,-0.02,-0.06) thrust:0.438 motors:[0.437,0.438,0.439,0.438]
[PID] vel:(-0.05,-0.02,-0.06) thrust:0.438 motors:[0.437,0.438,0.439,0.438]
[PID] vel:(-0.05,-0.02,-0.06) thrust:0.438 motors:[0.437,0.438,0.439,0.438]
[PID] vel:(-0.05,-0.02,-0.06) thrust:0.438 motors:[0.437,0.438,0.439,0.438]
[PID] vel:(-0.05,-0.02,-0.06) thrust:0.438 motors:[0.437,0.438,0.439,0.438]
[PID] vel:(-0.05,-0.02,-0.06) thrust:0.438 motors:[0.437,0.438,0.439,0.438]
[PID] vel:(-0.05,-0.02,-0.06) thrust:0.438 motors:[0.437,0.438,0.439,0.438]
[PID] vel:(-0.05,-0.02,-0.06) thrust:0.438 motors:[0.437,0.438,0.439,0.438]
[PID] vel:(-0.05,-0.02,-0.06) thrust:0.438 motors:[0.437,0.438,0.439,0.438]
[PID] vel:(-0.05,-0.02,-0.06) thrust:0.438 motors:[0.437,0.438,0.439,0.438]
[PID] vel:(-0.05,-0.02,-0.06) thrust:0.438 motors:[0.437,0.438,0.439,0.438]
[PID] vel:(-0.05,-0.02,-0.06) thrust:0.438 motors:[0.437,0.438,0.439,0.438]
[PID] vel:(-0.05,-0.02,-0.06) thrust:0.438 motors:[0.437,0.438,0.439,0.438]
[PID] vel:(-0.05,-0.02,-0.06) thrust:0.438 motors:[0.437,0.438,0.439,0.438]
[PID] vel:(-0.05,-0.02,-0.06) thrust:0.438 motors:[0.437,0.438,0.439,0.438]
[PID] vel:(-0.05,-0.02,-0.06) thrust:0.438 motors:[0.437,0.438,0.439,0.438]
[PID] vel:(-0.05,-0.02,-0.06) thrust:0.438 motors:[0.437,0.438,0.439,0.438]
[PID] vel:(-0.05,-0.02,-0.06) thrust:0.438 motors:[0.437,0.438,0.439,0.438]
[PID] vel:(-0.05,-0.02,-0.06) thrust:0.438 motors:[0.437,0.438,0.439,0.438]
[PID] vel:(-0.05,-0.02,-0.06) thrust:0.438 motors:[0.437,0.438,0.439,0.438]
[PID] vel:(-0.05,-0.02,-0.06) thrust:0.438 motors:[0.437,0.438,0.439,0.438]
[PID] vel:(-0.05,-0.02,-0.06) thrust:0.438 motors:[0.437,0.438,0.439,0.438]
[PID] vel:(-0.05,-0.02,-0.06) thrust:0.438 motors:[0.437,0.438,0.439,0.438]
[PID] vel:(-0.05,-0.02,-0.06) thrust:0.438 motors:[0.437,0.438,0.439,0.438]
[PID] vel:(-0.05,-0.02,-0.06) thrust:0.438 motors:[0.437,0.438,0.439,0.438]
[PID] vel:(-0.05,-0.02,-0.06) thrust:0.438 motors:[0.437,0.438,0.439,0.438]
[PID] vel:(-0.05,-0.02,-0.06) thrust:0.438 motors:[0.437,0.438,0.439,0.438]
[PID] vel:(-0.05,-0.02,-0.06) thrust:0.438 motors:[0.437,0.438,0.439,0.438]
[PID] vel:(-0.05,-0.02,-0.06) thrust:0.438 motors:[0.437,0.438,0.439,0.438]
[PID] vel:(-0.05,-0.02,-0.06) thrust:0.438 motors:[0.437,0.438,0.439,0.438]
[PID] vel:(-0.05,-0.02,-0.06) thrust:0.438 motors:[0.437,0.438,0.439,0.438]
[PID] vel:(-0.05,-0.02,-0.06) thrust:0.438 motors:[0.437,0.438,0.439,0.438]
[PID] vel:(-0.05,-0.03,-0.06) thrust:0.438 motors:[0.437,0.438,0.439,0.438]
[PID] vel:(-0.05,-0.03,-0.06) thrust:0.438 motors:[0.437,0.438,0.439,0.438]
[PID] vel:(-0.05,-0.03,-0.06) thrust:0.438 motors:[0.437,0.438,0.439,0.438]
[PID] vel:(-0.05,-0.03,-0.06) thrust:0.438 motors:[0.437,0.438,0.439,0.438]
[PID] vel:(-0.05,-0.03,-0.06) thrust:0.438 motors:[0.437,0.438,0.439,0.438]
[PID] vel:(-0.05,-0.03,-0.06) thrust:0.438 motors:[0.437,0.438,0.439,0.438]
[PID] vel:(-0.05,-0.03,-0.06) thrust:0.438 motors:[0.437,0.438,0.439,0.438]
[PID] vel:(-0.06,-0.03,-0.06) thrust:0.438 motors:[0.437,0.438,0.439,0.438]
[PID] vel:(-0.06,-0.03,-0.06) thrust:0.438 motors:[0.437,0.438,0.439,0.438]
[PID] vel:(-0.06,-0.03,-0.06) thrust:0.438 motors:[0.437,0.438,0.439,0.438]
[PID] vel:(-0.06,-0.03,-0.06) thrust:0.438 motors:[0.437,0.438,0.439,0.438]
[PID] vel:(-0.06,-0.03,-0.06) thrust:0.438 motors:[0.437,0.438,0.439,0.438]
[PID] vel:(-0.06,-0.03,-0.06) thrust:0.438 motors:[0.437,0.438,0.439,0.438]
[PID] vel:(-0.06,-0.03,-0.06) thrust:0.438 motors:[0.437,0.438,0.439,0.438]
[PID] vel:(-0.06,-0.03,-0.06) thrust:0.438 motors:[0.437,0.438,0.439,0.438]
[PID] vel:(-0.06,-0.03,-0.06) thrust:0.438 motors:[0.437,0.438,0.439,0.438]
[PID] vel:(-0.06,-0.03,-0.06) thrust:0.438 motors:[0.437,0.438,0.439,0.438]
[PID] vel:(-0.06,-0.03,-0.06) thrust:0.438 motors:[0.437,0.438,0.439,0.438]
[PID] vel:(-0.06,-0.03,-0.06) thrust:0.438 motors:[0.437,0.438,0.439,0.438]
[PID] vel:(-0.06,-0.03,-0.06) thrust:0.438 motors:[0.437,0.438,0.439,0.438]
[PID] vel:(-0.06,-0.03,-0.06) thrust:0.438 motors:[0.437,0.438,0.439,0.438]
[PID] vel:(-0.06,-0.03,-0.06) thrust:0.438 motors:[0.437,0.438,0.439,0.438]
[PID] vel:(-0.06,-0.03,-0.06) thrust:0.438 motors:[0.437,0.438,0.439,0.438]
[PID] vel:(-0.06,-0.03,-0.06) thrust:0.438 motors:[0.437,0.438,0.439,0.438]
[PID] vel:(-0.06,-0.03,-0.06) thrust:0.438 motors:[0.437,0.438,0.439,0.438]
[PID] vel:(-0.06,-0.03,-0.06) thrust:0.438 motors:[0.437,0.438,0.439,0.438]
[PID] vel:(-0.06,-0.03,-0.06) thrust:0.438 motors:[0.437,0.438,0.439,0.438]
[PID] vel:(-0.06,-0.03,-0.06) thrust:0.438 motors:[0.437,0.438,0.439,0.438]
[PID] vel:(-0.06,-0.03,-0.06) thrust:0.438 motors:[0.437,0.438,0.439,0.438]
[PID] vel:(-0.06,-0.03,-0.06) thrust:0.438 motors:[0.437,0.438,0.439,0.438]
[PID] vel:(-0.06,-0.03,-0.06) thrust:0.438 motors:[0.437,0.438,0.439,0.438]
[PID] vel:(-0.06,-0.03,-0.06) thrust:0.438 motors:[0.437,0.438,0.439,0.438]
[PID] vel:(-0.06,-0.03,-0.06) thrust:0.438 motors:[0.437,0.438,0.439,0.438]
[PID] vel:(-0.06,-0.03,-0.06) thrust:0.438 motors:[0.437,0.438,0.439,0.438]
[PID] vel:(-0.06,-0.03,-0.06) thrust:0.438 motors:[0.437,0.438,0.439,0.438]
[PID] vel:(-0.06,-0.03,-0.06) thrust:0.438 motors:[0.437,0.438,0.439,0.438]
[PID] vel:(-0.06,-0.03,-0.06) thrust:0.438 motors:[0.437,0.438,0.439,0.438]
[PID] vel:(-0.06,-0.03,-0.06) thrust:0.438 motors:[0.437,0.438,0.439,0.438]
[PID] vel:(-0.06,-0.03,-0.06) thrust:0.438 motors:[0.437,0.438,0.439,0.438]
[PID] vel:(-0.06,-0.03,-0.06) thrust:0.438 motors:[0.437,0.438,0.439,0.438]
[PID] vel:(-0.06,-0.03,-0.06) thrust:0.438 motors:[0.437,0.438,0.439,0.438]
[PID] vel:(-0.06,-0.03,-0.06) thrust:0.438 motors:[0.437,0.438,0.439,0.438]
[PID] vel:(-0.06,-0.03,-0.06) thrust:0.438 motors:[0.437,0.438,0.439,0.438]
[PID] vel:(-0.06,-0.03,-0.06) thrust:0.438 motors:[0.437,0.438,0.439,0.438]
[PID] vel:(-0.06,-0.03,-0.06) thrust:0.438 motors:[0.437,0.438,0.439,0.438]
[PID] vel:(-0.06,-0.03,-0.06) thrust:0.438 motors:[0.437,0.438,0.439,0.438]
[PID] vel:(-0.06,-0.03,-0.06) thrust:0.438 motors:[0.437,0.438,0.439,0.438]
[PID] vel:(-0.06,-0.03,-0.06) thrust:0.438 motors:[0.437,0.438,0.439,0.438]
[PID] vel:(-0.06,-0.03,-0.06) thrust:0.438 motors:[0.437,0.438,0.439,0.438]
[PID] vel:(-0.06,-0.03,-0.06) thrust:0.438 motors:[0.437,0.438,0.439,0.438]
[PID] vel:(-0.06,-0.03,-0.06) thrust:0.438 motors:[0.437,0.438,0.439,0.438]
[PID] vel:(-0.07,-0.03,-0.06) thrust:0.438 motors:[0.437,0.438,0.439,0.438]
[PID] vel:(-0.07,-0.03,-0.06) thrust:0.438 motors:[0.437,0.438,0.439,0.438]
[PID] vel:(-0.07,-0.03,-0.06) thrust:0.438 motors:[0.437,0.438,0.439,0.438]
[PID] vel:(-0.07,-0.03,-0.06) thrust:0.438 motors:[0.437,0.438,0.439,0.438]
[PID] vel:(-0.07,-0.03,-0.06) thrust:0.438 motors:[0.437,0.438,0.439,0.438]
[PID] vel:(-0.07,-0.03,-0.06) thrust:0.438 motors:[0.437,0.438,0.439,0.438]
[PID] vel:(-0.07,-0.03,-0.06) thrust:0.438 motors:[0.437,0.438,0.439,0.438]
[PID] vel:(-0.07,-0.03,-0.06) thrust:0.438 motors:[0.437,0.438,0.439,0.438]
[PID] vel:(-0.07,-0.03,-0.06) thrust:0.438 motors:[0.437,0.438,0.439,0.438]
[PID] vel:(-0.07,-0.03,-0.06) thrust:0.438 motors:[0.437,0.438,0.439,0.438]
[PID] vel:(-0.07,-0.03,-0.06) thrust:0.438 motors:[0.437,0.438,0.439,0.438]
[PID] vel:(-0.07,-0.03,-0.06) thrust:0.438 motors:[0.437,0.438,0.439,0.438]
[PID] vel:(-0.07,-0.03,-0.06) thrust:0.438 motors:[0.437,0.438,0.439,0.438]
[PID] vel:(-0.07,-0.03,-0.06) thrust:0.438 motors:[0.437,0.438,0.439,0.438]
[PID] vel:(-0.07,-0.03,-0.06) thrust:0.438 motors:[0.437,0.438,0.439,0.438]
[PID] vel:(-0.07,-0.03,-0.06) thrust:0.438 motors:[0.437,0.438,0.439,0.438]
[PID] vel:(-0.07,-0.03,-0.06) thrust:0.438 motors:[0.437,0.438,0.439,0.438]
[PID] vel:(-0.07,-0.03,-0.06) thrust:0.438 motors:[0.437,0.438,0.439,0.438]
[PID] vel:(-0.07,-0.03,-0.06) thrust:0.438 motors:[0.437,0.438,0.439,0.438]
[PID] vel:(-0.07,-0.03,-0.06) thrust:0.438 motors:[0.437,0.438,0.439,0.438]
[PID] vel:(-0.07,-0.03,-0.06) thrust:0.438 motors:[0.437,0.438,0.439,0.438]
[PID] vel:(-0.07,-0.03,-0.06) thrust:0.438 motors:[0.437,0.438,0.439,0.438]
[PID] vel:(-0.07,-0.03,-0.06) thrust:0.438 motors:[0.437,0.438,0.439,0.438]
[PID] vel:(-0.07,-0.03,-0.06) thrust:0.438 motors:[0.437,0.438,0.439,0.438]
[PID] vel:(-0.07,-0.03,-0.06) thrust:0.438 motors:[0.437,0.438,0.439,0.438]
[PID] vel:(-0.07,-0.03,-0.06) thrust:0.438 motors:[0.437,0.438,0.439,0.438]
[PID] vel:(-0.07,-0.03,-0.06) thrust:0.438 motors:[0.437,0.438,0.439,0.438]
[PID] vel:(-0.07,-0.03,-0.06) thrust:0.438 motors:[0.437,0.438,0.439,0.438]
[PID] vel:(-0.07,-0.03,-0.06) thrust:0.438 motors:[0.437,0.438,0.439,0.438]
[PID] vel:(-0.07,-0.03,-0.06) thrust:0.438 motors:[0.437,0.438,0.439,0.438]
[PID] vel:(-0.07,-0.03,-0.06) thrust:0.438 motors:[0.437,0.438,0.439,0.438]
[PID] vel:(-0.07,-0.03,-0.06) thrust:0.438 motors:[0.437,0.438,0.439,0.438]
[PID] vel:(-0.07,-0.03,-0.06) thrust:0.438 motors:[0.437,0.438,0.439,0.438]
[PID] vel:(-0.07,-0.03,-0.06) thrust:0.438 motors:[0.437,0.438,0.439,0.438]
[PID] vel:(-0.07,-0.03,-0.06) thrust:0.438 motors:[0.437,0.438,0.439,0.438]
[PID] vel:(-0.07,-0.03,-0.06) thrust:0.438 motors:[0.437,0.438,0.439,0.438]
[PID] vel:(-0.07,-0.03,-0.06) thrust:0.438 motors:[0.437,0.438,0.439,0.438]
[PID] vel:(-0.07,-0.03,-0.06) thrust:0.438 motors:[0.437,0.438,0.439,0.438]
[PID] vel:(-0.07,-0.03,-0.06) thrust:0.438 motors:[0.437,0.438,0.439,0.438]
[PID] vel:(-0.07,-0.03,-0.06) thrust:0.438 motors:[0.437,0.438,0.439,0.438]
[PID] vel:(-0.07,-0.03,-0.06) thrust:0.438 motors:[0.437,0.438,0.439,0.438]
[PID] vel:(-0.07,-0.03,-0.06) thrust:0.438 motors:[0.437,0.438,0.439,0.438]
[PID] vel:(-0.07,-0.03,-0.06) thrust:0.438 motors:[0.437,0.438,0.439,0.438]
[PID] vel:(-0.07,-0.03,-0.06) thrust:0.438 motors:[0.437,0.438,0.439,0.438]
[PID] vel:(-0.07,-0.03,-0.06) thrust:0.438 motors:[0.437,0.438,0.439,0.438]
[PID] vel:(-0.07,-0.03,-0.06) thrust:0.438 motors:[0.437,0.438,0.439,0.438]
[PID] vel:(-0.08,-0.03,-0.06) thrust:0.438 motors:[0.437,0.438,0.439,0.438]
[PID] vel:(-0.08,-0.03,-0.06) thrust:0.438 motors:[0.437,0.438,0.439,0.438]
[PID] vel:(-0.08,-0.03,-0.06) thrust:0.438 motors:[0.437,0.438,0.439,0.438]
[PID] vel:(-0.08,-0.04,-0.06) thrust:0.438 motors:[0.437,0.438,0.439,0.438]
[PID] vel:(-0.08,-0.04,-0.06) thrust:0.438 motors:[0.437,0.438,0.439,0.438]
[PID] vel:(-0.08,-0.04,-0.06) thrust:0.438 motors:[0.437,0.438,0.439,0.438]
[PID] vel:(-0.08,-0.04,-0.06) thrust:0.438 motors:[0.437,0.438,0.439,0.438]
[PID] vel:(-0.08,-0.04,-0.06) thrust:0.438 motors:[0.437,0.438,0.439,0.438]
[PID] vel:(-0.08,-0.04,-0.06) thrust:0.438 motors:[0.437,0.438,0.439,0.438]
[PID] vel:(-0.08,-0.04,-0.06) thrust:0.438 motors:[0.437,0.438,0.439,0.438]
[PID] vel:(-0.08,-0.04,-0.06) thrust:0.438 motors:[0.437,0.438,0.439,0.438]
[PID] vel:(-0.08,-0.04,-0.06) thrust:0.438 motors:[0.437,0.438,0.439,0.438]
[PID] vel:(-0.08,-0.04,-0.06) thrust:0.438 motors:[0.437,0.438,0.439,0.438]
[PID] vel:(-0.08,-0.04,-0.06) thrust:0.438 motors:[0.437,0.438,0.439,0.438]
[PID] vel:(-0.08,-0.04,-0.06) thrust:0.438 motors:[0.437,0.438,0.439,0.438]
[PID] vel:(-0.08,-0.04,-0.06) thrust:0.438 motors:[0.437,0.438,0.439,0.438]
[PID] vel:(-0.08,-0.04,-0.06) thrust:0.438 motors:[0.437,0.438,0.439,0.438]
[PID] vel:(-0.08,-0.04,-0.06) thrust:0.438 motors:[0.437,0.438,0.439,0.438]
[PID] vel:(-0.08,-0.04,-0.06) thrust:0.438 motors:[0.437,0.438,0.439,0.438]
[PID] vel:(-0.08,-0.04,-0.06) thrust:0.438 motors:[0.437,0.438,0.439,0.438]
[PID] vel:(-0.08,-0.04,-0.06) thrust:0.438 motors:[0.437,0.438,0.439,0.438]
[PID] vel:(-0.08,-0.04,-0.06) thrust:0.438 motors:[0.437,0.438,0.439,0.438]
[PID] vel:(-0.08,-0.04,-0.06) thrust:0.438 motors:[0.437,0.438,0.439,0.438]
[PID] vel:(-0.08,-0.04,-0.06) thrust:0.438 motors:[0.437,0.438,0.439,0.438]
[PID] vel:(-0.08,-0.04,-0.06) thrust:0.438 motors:[0.437,0.438,0.439,0.438]
[PID] vel:(-0.08,-0.04,-0.06) thrust:0.438 motors:[0.437,0.438,0.439,0.438]
[PID] vel:(-0.08,-0.04,-0.06) thrust:0.438 motors:[0.437,0.438,0.439,0.438]
[PID] vel:(-0.08,-0.04,-0.06) thrust:0.438 motors:[0.437,0.438,0.439,0.438]
[PID] vel:(-0.08,-0.04,-0.06) thrust:0.438 motors:[0.437,0.438,0.439,0.438]
[PID] vel:(-0.08,-0.04,-0.06) thrust:0.438 motors:[0.437,0.438,0.439,0.438]
[PID] vel:(-0.08,-0.04,-0.06) thrust:0.438 motors:[0.437,0.438,0.439,0.438]
[PID] vel:(-0.08,-0.04,-0.06) thrust:0.438 motors:[0.437,0.438,0.439,0.438]
[PID] vel:(-0.08,-0.04,-0.06) thrust:0.438 motors:[0.437,0.438,0.439,0.438]
[PID] vel:(-0.08,-0.04,-0.06) thrust:0.438 motors:[0.437,0.438,0.439,0.438]
[PID] vel:(-0.08,-0.04,-0.06) thrust:0.438 motors:[0.437,0.438,0.439,0.438]
[PID] vel:(-0.08,-0.04,-0.06) thrust:0.438 motors:[0.437,0.438,0.439,0.438]
[PID] vel:(-0.08,-0.04,-0.06) thrust:0.438 motors:[0.437,0.438,0.439,0.438]
[PID] vel:(-0.08,-0.04,-0.06) thrust:0.438 motors:[0.437,0.438,0.439,0.438]
[PID] vel:(-0.08,-0.04,-0.06) thrust:0.438 motors:[0.437,0.438,0.439,0.438]
[PID] vel:(-0.08,-0.04,-0.06) thrust:0.438 motors:[0.437,0.438,0.439,0.438]
[PID] vel:(-0.08,-0.04,-0.06) thrust:0.438 motors:[0.437,0.438,0.439,0.438]
[PID] vel:(-0.08,-0.04,-0.06) thrust:0.438 motors:[0.437,0.438,0.439,0.438]
[PID] vel:(-0.08,-0.04,-0.06) thrust:0.438 motors:[0.437,0.438,0.439,0.438]
[PID] vel:(-0.08,-0.04,-0.06) thrust:0.438 motors:[0.437,0.438,0.439,0.438]
[PID] vel:(-0.08,-0.04,-0.06) thrust:0.438 motors:[0.437,0.438,0.439,0.438]
[PID] vel:(-0.08,-0.04,-0.06) thrust:0.438 motors:[0.437,0.438,0.439,0.438]
[PID] vel:(-0.09,-0.04,-0.06) thrust:0.438 motors:[0.437,0.438,0.439,0.438]
[PID] vel:(-0.09,-0.04,-0.06) thrust:0.438 motors:[0.437,0.438,0.439,0.438]
[PID] vel:(-0.09,-0.04,-0.06) thrust:0.438 motors:[0.437,0.438,0.439,0.438]
[PID] vel:(-0.09,-0.04,-0.06) thrust:0.438 motors:[0.437,0.438,0.439,0.438]
[PID] vel:(-0.09,-0.04,-0.06) thrust:0.438 motors:[0.437,0.438,0.439,0.438]
[PID] vel:(-0.09,-0.04,-0.06) thrust:0.438 motors:[0.437,0.438,0.439,0.438]
[PID] vel:(-0.09,-0.04,-0.06) thrust:0.438 motors:[0.437,0.438,0.439,0.438]
[PID] vel:(-0.09,-0.04,-0.06) thrust:0.438 motors:[0.437,0.438,0.439,0.438]
[PID] vel:(-0.09,-0.04,-0.06) thrust:0.438 motors:[0.437,0.438,0.439,0.438]
[PID] vel:(-0.09,-0.04,-0.06) thrust:0.438 motors:[0.437,0.438,0.439,0.438]
[PID] vel:(-0.09,-0.04,-0.06) thrust:0.438 motors:[0.437,0.438,0.439,0.438]
[PID] vel:(-0.09,-0.04,-0.06) thrust:0.438 motors:[0.437,0.438,0.439,0.438]
[PID] vel:(-0.09,-0.04,-0.06) thrust:0.438 motors:[0.437,0.438,0.439,0.438]
[PID] vel:(-0.09,-0.04,-0.06) thrust:0.438 motors:[0.437,0.438,0.439,0.438]
[PID] vel:(-0.09,-0.04,-0.06) thrust:0.438 motors:[0.437,0.438,0.439,0.438]
[PID] vel:(-0.09,-0.04,-0.06) thrust:0.438 motors:[0.437,0.438,0.439,0.438]
[PID] vel:(-0.09,-0.04,-0.06) thrust:0.438 motors:[0.437,0.438,0.439,0.438]
[PID] vel:(-0.09,-0.04,-0.06) thrust:0.438 motors:[0.437,0.438,0.439,0.438]
[PID] vel:(-0.09,-0.04,-0.06) thrust:0.438 motors:[0.437,0.438,0.439,0.438]
[PID] vel:(-0.09,-0.04,-0.06) thrust:0.438 motors:[0.437,0.438,0.439,0.438]
[PID] vel:(-0.09,-0.04,-0.06) thrust:0.438 motors:[0.437,0.438,0.439,0.438]
[PID] vel:(-0.09,-0.04,-0.06) thrust:0.438 motors:[0.437,0.438,0.439,0.438]
[PID] vel:(-0.09,-0.04,-0.06) thrust:0.438 motors:[0.437,0.438,0.439,0.438]
[PID] vel:(-0.09,-0.04,-0.06) thrust:0.438 motors:[0.437,0.438,0.439,0.438]
[PID] vel:(-0.09,-0.04,-0.06) thrust:0.438 motors:[0.437,0.438,0.439,0.438]
[PID] vel:(-0.09,-0.04,-0.06) thrust:0.438 motors:[0.437,0.438,0.439,0.438]
[PID] vel:(-0.09,-0.04,-0.06) thrust:0.438 motors:[0.437,0.438,0.439,0.438]
[PID] vel:(-0.09,-0.04,-0.06) thrust:0.438 motors:[0.437,0.438,0.439,0.438]
[PID] vel:(-0.09,-0.04,-0.06) thrust:0.438 motors:[0.437,0.438,0.439,0.438]
[PID] vel:(-0.09,-0.04,-0.06) thrust:0.438 motors:[0.437,0.438,0.439,0.438]
[PID] vel:(-0.09,-0.04,-0.06) thrust:0.438 motors:[0.437,0.438,0.439,0.438]
[PID] vel:(-0.09,-0.04,-0.06) thrust:0.438 motors:[0.437,0.438,0.439,0.438]
[PID] vel:(-0.09,-0.04,-0.06) thrust:0.438 motors:[0.437,0.438,0.439,0.438]
[PID] vel:(-0.09,-0.04,-0.06) thrust:0.438 motors:[0.437,0.438,0.439,0.438]
[PID] vel:(-0.09,-0.04,-0.06) thrust:0.438 motors:[0.437,0.438,0.439,0.438]
[PID] vel:(-0.09,-0.04,-0.06) thrust:0.438 motors:[0.437,0.438,0.439,0.438]
[PID] vel:(-0.09,-0.04,-0.06) thrust:0.438 motors:[0.437,0.438,0.439,0.438]
[PID] vel:(-0.09,-0.04,-0.06) thrust:0.438 motors:[0.437,0.438,0.439,0.438]
[PID] vel:(-0.09,-0.04,-0.06) thrust:0.438 motors:[0.437,0.438,0.439,0.438]
[PID] vel:(-0.09,-0.04,-0.06) thrust:0.438 motors:[0.437,0.438,0.439,0.438]
[PID] vel:(-0.09,-0.04,-0.06) thrust:0.438 motors:[0.437,0.438,0.439,0.438]
[PID] vel:(-0.09,-0.04,-0.06) thrust:0.438 motors:[0.437,0.438,0.439,0.438]
[PID] vel:(-0.09,-0.04,-0.06) thrust:0.438 motors:[0.437,0.438,0.439,0.438]
[PID] vel:(-0.09,-0.04,-0.06) thrust:0.438 motors:[0.437,0.438,0.439,0.438]
[PID] vel:(-0.09,-0.04,-0.06) thrust:0.438 motors:[0.437,0.438,0.439,0.438]
[PID] vel:(-0.09,-0.04,-0.06) thrust:0.438 motors:[0.437,0.438,0.439,0.438]
[PID] vel:(-0.09,-0.04,-0.06) thrust:0.438 motors:[0.437,0.438,0.439,0.438]
[PID] vel:(-0.09,-0.04,-0.06) thrust:0.438 motors:[0.437,0.438,0.439,0.438]
[PID] vel:(-0.09,-0.04,-0.06) thrust:0.438 motors:[0.437,0.438,0.439,0.438]
[PID] vel:(-0.10,-0.04,-0.06) thrust:0.438 motors:[0.437,0.438,0.439,0.438]
[PID] vel:(-0.10,-0.04,-0.06) thrust:0.438 motors:[0.437,0.438,0.439,0.438]
[PID] vel:(-0.10,-0.04,-0.06) thrust:0.438 motors:[0.437,0.438,0.439,0.438]
[PID] vel:(-0.10,-0.04,-0.06) thrust:0.438 motors:[0.437,0.438,0.439,0.438]
[PID] vel:(-0.10,-0.04,-0.06) thrust:0.438 motors:[0.437,0.438,0.439,0.438]
[PID] vel:(-0.10,-0.04,-0.06) thrust:0.438 motors:[0.437,0.438,0.439,0.438]
[PID] vel:(-0.10,-0.04,-0.06) thrust:0.438 motors:[0.437,0.438,0.439,0.438]
[PID] vel:(-0.10,-0.04,-0.06) thrust:0.438 motors:[0.437,0.438,0.439,0.438]
[PID] vel:(-0.10,-0.04,-0.06) thrust:0.438 motors:[0.437,0.438,0.439,0.438]
[PID] vel:(-0.10,-0.04,-0.06) thrust:0.438 motors:[0.437,0.438,0.439,0.438]
[PID] vel:(-0.10,-0.04,-0.06) thrust:0.438 motors:[0.437,0.438,0.439,0.438]
[PID] vel:(-0.10,-0.04,-0.06) thrust:0.438 motors:[0.437,0.438,0.439,0.438]
[PID] vel:(-0.10,-0.04,-0.06) thrust:0.438 motors:[0.437,0.438,0.439,0.438]
[PID] vel:(-0.10,-0.04,-0.06) thrust:0.438 motors:[0.437,0.438,0.439,0.438]
[PID] vel:(-0.10,-0.04,-0.06) thrust:0.438 motors:[0.437,0.438,0.439,0.438]
[PID] vel:(-0.10,-0.04,-0.06) thrust:0.438 motors:[0.437,0.438,0.439,0.438]
[PID] vel:(-0.10,-0.04,-0.06) thrust:0.438 motors:[0.437,0.438,0.439,0.438]
[PID] vel:(-0.10,-0.04,-0.06) thrust:0.438 motors:[0.437,0.438,0.439,0.438]
[PID] vel:(-0.10,-0.04,-0.06) thrust:0.438 motors:[0.437,0.438,0.439,0.438]
[PID] vel:(-0.10,-0.05,-0.06) thrust:0.438 motors:[0.437,0.438,0.439,0.438]
[PID] vel:(-0.10,-0.05,-0.06) thrust:0.438 motors:[0.437,0.438,0.439,0.438]
[PID] vel:(-0.10,-0.05,-0.06) thrust:0.438 motors:[0.437,0.438,0.439,0.438]
[PID] vel:(-0.10,-0.05,-0.06) thrust:0.438 motors:[0.437,0.438,0.439,0.438]
[PID] vel:(-0.10,-0.05,-0.06) thrust:0.438 motors:[0.437,0.438,0.439,0.438]
[PID] vel:(-0.10,-0.05,-0.06) thrust:0.438 motors:[0.437,0.438,0.439,0.438]
[PID] vel:(-0.10,-0.05,-0.06) thrust:0.438 motors:[0.437,0.438,0.439,0.438]
[PID] vel:(-0.10,-0.05,-0.06) thrust:0.438 motors:[0.437,0.438,0.439,0.438]
[PID] vel:(-0.10,-0.05,-0.06) thrust:0.438 motors:[0.437,0.438,0.439,0.438]
[PID] vel:(-0.10,-0.05,-0.06) thrust:0.438 motors:[0.437,0.438,0.439,0.438]
[PID] vel:(-0.10,-0.05,-0.06) thrust:0.438 motors:[0.437,0.438,0.439,0.438]
[PID] vel:(-0.10,-0.05,-0.06) thrust:0.438 motors:[0.437,0.438,0.439,0.438]
[PID] vel:(-0.10,-0.05,-0.06) thrust:0.438 motors:[0.437,0.438,0.439,0.438]
[PID] vel:(-0.10,-0.05,-0.06) thrust:0.438 motors:[0.437,0.438,0.439,0.438]
[PID] vel:(-0.10,-0.05,-0.06) thrust:0.438 motors:[0.437,0.438,0.439,0.438]
[PID] vel:(-0.10,-0.05,-0.06) thrust:0.438 motors:[0.437,0.438,0.439,0.438]
[PID] vel:(-0.10,-0.05,-0.06) thrust:0.438 motors:[0.437,0.438,0.439,0.438]
[PID] vel:(-0.10,-0.05,-0.06) thrust:0.438 motors:[0.437,0.438,0.439,0.438]
[PID] vel:(-0.10,-0.05,-0.06) thrust:0.438 motors:[0.437,0.438,0.439,0.438]
[PID] vel:(-0.10,-0.05,-0.06) thrust:0.438 motors:[0.437,0.438,0.439,0.438]
[PID] vel:(-0.10,-0.05,-0.06) thrust:0.438 motors:[0.437,0.438,0.439,0.438]
[PID] vel:(-0.10,-0.05,-0.06) thrust:0.438 motors:[0.437,0.438,0.439,0.438]
[PID] vel:(-0.10,-0.05,-0.06) thrust:0.438 motors:[0.437,0.438,0.439,0.438]
[PID] vel:(-0.10,-0.05,-0.06) thrust:0.438 motors:[0.437,0.438,0.439,0.438]
[PID] vel:(-0.10,-0.05,-0.06) thrust:0.438 motors:[0.437,0.438,0.439,0.438]
[PID] vel:(-0.10,-0.05,-0.06) thrust:0.438 motors:[0.437,0.438,0.439,0.438]
[PID] vel:(-0.10,-0.05,-0.06) thrust:0.438 motors:[0.437,0.438,0.439,0.438]
[PID] vel:(-0.10,-0.05,-0.06) thrust:0.438 motors:[0.437,0.438,0.439,0.438]
[PID] vel:(-0.10,-0.05,-0.06) thrust:0.438 motors:[0.437,0.438,0.439,0.438]
[PID] vel:(-0.10,-0.05,-0.06) thrust:0.438 motors:[0.437,0.438,0.439,0.438]
[PID] vel:(-0.10,-0.05,-0.06) thrust:0.438 motors:[0.437,0.438,0.439,0.438]
[PID] vel:(-0.11,-0.05,-0.06) thrust:0.438 motors:[0.437,0.438,0.439,0.438]
[PID] vel:(-0.11,-0.05,-0.06) thrust:0.438 motors:[0.437,0.438,0.439,0.438]
[PID] vel:(-0.11,-0.05,-0.06) thrust:0.438 motors:[0.437,0.438,0.439,0.438]
[PID] vel:(-0.11,-0.05,-0.06) thrust:0.438 motors:[0.437,0.438,0.439,0.438]
[PID] vel:(-0.11,-0.05,-0.06) thrust:0.438 motors:[0.437,0.438,0.439,0.438]
[PID] vel:(-0.11,-0.05,-0.06) thrust:0.438 motors:[0.437,0.438,0.439,0.438]
[PID] vel:(-0.11,-0.05,-0.06) thrust:0.438 motors:[0.437,0.438,0.439,0.438]
[PID] vel:(-0.11,-0.05,-0.06) thrust:0.438 motors:[0.437,0.438,0.439,0.438]
[PID] vel:(-0.11,-0.05,-0.06) thrust:0.438 motors:[0.437,0.438,0.439,0.438]
[PID] vel:(-0.11,-0.05,-0.06) thrust:0.438 motors:[0.437,0.438,0.439,0.438]
[PID] vel:(-0.11,-0.05,-0.06) thrust:0.438 motors:[0.437,0.438,0.439,0.438]
[PID] vel:(-0.11,-0.05,-0.06) thrust:0.438 motors:[0.437,0.438,0.439,0.438]
[PID] vel:(-0.11,-0.05,-0.06) thrust:0.438 motors:[0.437,0.438,0.439,0.438]
[PID] vel:(-0.11,-0.05,-0.06) thrust:0.438 motors:[0.437,0.438,0.439,0.438]
[PID] vel:(-0.11,-0.05,-0.06) thrust:0.438 motors:[0.437,0.438,0.439,0.438]
[PID] vel:(-0.11,-0.05,-0.06) thrust:0.438 motors:[0.437,0.438,0.439,0.438]
[PID] vel:(-0.11,-0.05,-0.06) thrust:0.438 motors:[0.437,0.438,0.439,0.438]
[PID] vel:(-0.11,-0.05,-0.06) thrust:0.438 motors:[0.437,0.438,0.439,0.438]
[PID] vel:(-0.11,-0.05,-0.06) thrust:0.438 motors:[0.437,0.438,0.439,0.438]
[PID] vel:(-0.11,-0.05,-0.06) thrust:0.438 motors:[0.437,0.438,0.439,0.438]
[PID] vel:(-0.11,-0.05,-0.06) thrust:0.438 motors:[0.437,0.438,0.439,0.438]
[PID] vel:(-0.11,-0.05,-0.06) thrust:0.438 motors:[0.437,0.438,0.439,0.438]
[PID] vel:(-0.11,-0.05,-0.06) thrust:0.438 motors:[0.437,0.438,0.439,0.438]
[PID] vel:(-0.11,-0.05,-0.06) thrust:0.438 motors:[0.437,0.438,0.439,0.438]
[PID] vel:(-0.11,-0.05,-0.06) thrust:0.438 motors:[0.437,0.438,0.439,0.438]
[PID] vel:(-0.11,-0.05,-0.06) thrust:0.438 motors:[0.437,0.438,0.439,0.438]
[PID] vel:(-0.11,-0.05,-0.06) thrust:0.438 motors:[0.437,0.438,0.439,0.438]
[PID] vel:(-0.11,-0.05,-0.06) thrust:0.438 motors:[0.437,0.438,0.439,0.438]
[PID] vel:(-0.11,-0.05,-0.06) thrust:0.438 motors:[0.437,0.438,0.439,0.438]
[PID] vel:(-0.11,-0.05,-0.06) thrust:0.438 motors:[0.437,0.438,0.439,0.438]
[PID] vel:(-0.11,-0.05,-0.06) thrust:0.438 motors:[0.437,0.438,0.439,0.438]
[PID] vel:(-0.11,-0.05,-0.06) thrust:0.438 motors:[0.437,0.438,0.439,0.438]
[PID] vel:(-0.11,-0.05,-0.06) thrust:0.438 motors:[0.437,0.438,0.439,0.438]
[PID] vel:(-0.11,-0.05,-0.06) thrust:0.438 motors:[0.437,0.438,0.439,0.438]
[PID] vel:(-0.11,-0.05,-0.06) thrust:0.438 motors:[0.437,0.438,0.439,0.438]
[PID] vel:(-0.11,-0.05,-0.06) thrust:0.438 motors:[0.437,0.438,0.439,0.438]
[PID] vel:(-0.11,-0.05,-0.06) thrust:0.438 motors:[0.437,0.438,0.439,0.438]
[PID] vel:(-0.11,-0.05,-0.06) thrust:0.438 motors:[0.437,0.438,0.439,0.438]
[PID] vel:(-0.11,-0.05,-0.06) thrust:0.438 motors:[0.437,0.438,0.439,0.438]
[PID] vel:(-0.11,-0.05,-0.06) thrust:0.438 motors:[0.437,0.438,0.439,0.438]
[PID] vel:(-0.11,-0.05,-0.06) thrust:0.438 motors:[0.437,0.438,0.439,0.438]
[PID] vel:(-0.11,-0.05,-0.06) thrust:0.438 motors:[0.437,0.438,0.439,0.438]
[PID] vel:(-0.11,-0.05,-0.06) thrust:0.438 motors:[0.437,0.438,0.439,0.438]
[PID] vel:(-0.11,-0.05,-0.06) thrust:0.438 motors:[0.437,0.438,0.439,0.438]
[PID] vel:(-0.11,-0.05,-0.06) thrust:0.438 motors:[0.437,0.438,0.439,0.438]
[PID] vel:(-0.11,-0.05,-0.06) thrust:0.438 motors:[0.437,0.439,0.439,0.438]
[PID] vel:(-0.11,-0.05,-0.06) thrust:0.438 motors:[0.437,0.439,0.439,0.438]
[PID] vel:(-0.11,-0.05,-0.06) thrust:0.438 motors:[0.437,0.439,0.439,0.438]
[PID] vel:(-0.11,-0.05,-0.06) thrust:0.438 motors:[0.437,0.439,0.439,0.438]
[PID] vel:(-0.11,-0.05,-0.06) thrust:0.438 motors:[0.437,0.439,0.439,0.438]
[PID] vel:(-0.11,-0.05,-0.06) thrust:0.438 motors:[0.437,0.439,0.439,0.438]
[PID] vel:(-0.11,-0.05,-0.06) thrust:0.438 motors:[0.437,0.439,0.439,0.438]
[PID] vel:(-0.12,-0.05,-0.06) thrust:0.438 motors:[0.437,0.439,0.439,0.438]
[PID] vel:(-0.12,-0.05,-0.06) thrust:0.438 motors:[0.437,0.439,0.439,0.438]
[PID] vel:(-0.12,-0.05,-0.06) thrust:0.438 motors:[0.437,0.439,0.439,0.438]
[PID] vel:(-0.12,-0.05,-0.06) thrust:0.438 motors:[0.437,0.439,0.439,0.438]
[PID] vel:(-0.12,-0.05,-0.06) thrust:0.438 motors:[0.437,0.439,0.439,0.438]
[PID] vel:(-0.12,-0.05,-0.06) thrust:0.438 motors:[0.437,0.439,0.439,0.438]
[PID] vel:(-0.12,-0.05,-0.06) thrust:0.438 motors:[0.437,0.439,0.439,0.438]
[PID] vel:(-0.12,-0.05,-0.06) thrust:0.438 motors:[0.437,0.439,0.439,0.438]
[PID] vel:(-0.12,-0.05,-0.06) thrust:0.438 motors:[0.437,0.439,0.439,0.438]
[PID] vel:(-0.12,-0.05,-0.06) thrust:0.438 motors:[0.437,0.439,0.439,0.438]
[PID] vel:(-0.12,-0.05,-0.06) thrust:0.438 motors:[0.437,0.439,0.439,0.438]
[PID] vel:(-0.12,-0.05,-0.06) thrust:0.438 motors:[0.437,0.439,0.439,0.437]
[PID] vel:(-0.12,-0.05,-0.06) thrust:0.438 motors:[0.437,0.439,0.439,0.437]
[PID] vel:(-0.12,-0.05,-0.06) thrust:0.438 motors:[0.437,0.439,0.439,0.437]
[PID] vel:(-0.12,-0.05,-0.06) thrust:0.438 motors:[0.437,0.439,0.439,0.437]
[PID] vel:(-0.12,-0.05,-0.06) thrust:0.438 motors:[0.437,0.439,0.439,0.437]
[PID] vel:(-0.12,-0.05,-0.06) thrust:0.438 motors:[0.437,0.439,0.439,0.437]
[PID] vel:(-0.12,-0.05,-0.06) thrust:0.438 motors:[0.437,0.439,0.439,0.437]
[PID] vel:(-0.12,-0.05,-0.06) thrust:0.438 motors:[0.437,0.439,0.439,0.437]
[PID] vel:(-0.12,-0.05,-0.06) thrust:0.438 motors:[0.437,0.439,0.439,0.437]
[PID] vel:(-0.12,-0.05,-0.06) thrust:0.438 motors:[0.437,0.439,0.439,0.437]
[PID] vel:(-0.12,-0.05,-0.06) thrust:0.438 motors:[0.437,0.439,0.439,0.437]
[PID] vel:(-0.12,-0.05,-0.06) thrust:0.438 motors:[0.437,0.439,0.439,0.437]
[PID] vel:(-0.12,-0.05,-0.06) thrust:0.438 motors:[0.437,0.439,0.439,0.437]
[PID] vel:(-0.12,-0.05,-0.06) thrust:0.438 motors:[0.437,0.439,0.439,0.437]
[PID] vel:(-0.12,-0.05,-0.06) thrust:0.438 motors:[0.437,0.439,0.439,0.437]
[PID] vel:(-0.12,-0.05,-0.06) thrust:0.438 motors:[0.437,0.439,0.439,0.437]
[PID] vel:(-0.12,-0.05,-0.06) thrust:0.438 motors:[0.437,0.439,0.439,0.437]
[PID] vel:(-0.12,-0.05,-0.06) thrust:0.438 motors:[0.437,0.439,0.439,0.437]
[PID] vel:(-0.12,-0.05,-0.06) thrust:0.438 motors:[0.437,0.439,0.439,0.437]
[PID] vel:(-0.12,-0.05,-0.06) thrust:0.438 motors:[0.437,0.439,0.439,0.437]
[PID] vel:(-0.12,-0.05,-0.06) thrust:0.438 motors:[0.437,0.439,0.439,0.437]
[PID] vel:(-0.12,-0.05,-0.06) thrust:0.438 motors:[0.437,0.439,0.439,0.437]
[PID] vel:(-0.12,-0.05,-0.06) thrust:0.438 motors:[0.437,0.439,0.439,0.437]
[PID] vel:(-0.12,-0.05,-0.06) thrust:0.438 motors:[0.437,0.439,0.439,0.437]
[PID] vel:(-0.12,-0.05,-0.06) thrust:0.438 motors:[0.437,0.439,0.439,0.437]
[PID] vel:(-0.12,-0.05,-0.06) thrust:0.438 motors:[0.437,0.439,0.439,0.437]
[PID] vel:(-0.12,-0.05,-0.06) thrust:0.438 motors:[0.437,0.439,0.439,0.437]
[PID] vel:(-0.12,-0.05,-0.06) thrust:0.438 motors:[0.437,0.439,0.439,0.437]
[PID] vel:(-0.12,-0.05,-0.06) thrust:0.438 motors:[0.437,0.439,0.439,0.437]
[PID] vel:(-0.12,-0.05,-0.06) thrust:0.438 motors:[0.437,0.439,0.439,0.437]
[PID] vel:(-0.12,-0.06,-0.06) thrust:0.438 motors:[0.437,0.439,0.439,0.437]
[PID] vel:(-0.12,-0.06,-0.06) thrust:0.438 motors:[0.437,0.439,0.439,0.437]
[PID] vel:(-0.12,-0.06,-0.06) thrust:0.438 motors:[0.437,0.439,0.439,0.437]
[PID] vel:(-0.12,-0.06,-0.06) thrust:0.438 motors:[0.437,0.439,0.439,0.437]
[PID] vel:(-0.12,-0.06,-0.06) thrust:0.438 motors:[0.437,0.439,0.439,0.437]
[PID] vel:(-0.12,-0.06,-0.06) thrust:0.438 motors:[0.437,0.439,0.439,0.437]
[PID] vel:(-0.12,-0.06,-0.06) thrust:0.438 motors:[0.437,0.439,0.439,0.437]
[PID] vel:(-0.12,-0.06,-0.06) thrust:0.438 motors:[0.437,0.439,0.439,0.437]
[PID] vel:(-0.12,-0.06,-0.06) thrust:0.438 motors:[0.437,0.439,0.439,0.437]
[PID] vel:(-0.12,-0.06,-0.06) thrust:0.438 motors:[0.437,0.439,0.439,0.437]
[PID] vel:(-0.12,-0.06,-0.06) thrust:0.438 motors:[0.437,0.439,0.439,0.437]
[PID] vel:(-0.12,-0.06,-0.06) thrust:0.438 motors:[0.437,0.439,0.439,0.437]
[PID] vel:(-0.12,-0.06,-0.06) thrust:0.438 motors:[0.437,0.439,0.439,0.437]
[PID] vel:(-0.13,-0.06,-0.06) thrust:0.438 motors:[0.437,0.439,0.439,0.437]
[PID] vel:(-0.13,-0.06,-0.06) thrust:0.438 motors:[0.437,0.439,0.439,0.437]
[PID] vel:(-0.13,-0.06,-0.06) thrust:0.438 motors:[0.437,0.439,0.439,0.437]
[PID] vel:(-0.13,-0.06,-0.06) thrust:0.438 motors:[0.437,0.439,0.439,0.437]
[PID] vel:(-0.13,-0.06,-0.06) thrust:0.438 motors:[0.437,0.439,0.439,0.437]
[PID] vel:(-0.13,-0.06,-0.06) thrust:0.438 motors:[0.437,0.439,0.439,0.437]
[PID] vel:(-0.13,-0.06,-0.06) thrust:0.438 motors:[0.437,0.439,0.439,0.437]
[PID] vel:(-0.13,-0.06,-0.06) thrust:0.438 motors:[0.437,0.439,0.439,0.437]
[PID] vel:(-0.13,-0.06,-0.06) thrust:0.438 motors:[0.437,0.439,0.439,0.437]
[PID] vel:(-0.13,-0.06,-0.06) thrust:0.438 motors:[0.437,0.439,0.439,0.437]
[PID] vel:(-0.13,-0.06,-0.06) thrust:0.438 motors:[0.437,0.439,0.439,0.437]
[PID] vel:(-0.13,-0.06,-0.06) thrust:0.438 motors:[0.437,0.439,0.439,0.437]
[PID] vel:(-0.13,-0.06,-0.06) thrust:0.438 motors:[0.437,0.439,0.439,0.437]
[PID] vel:(-0.13,-0.06,-0.06) thrust:0.438 motors:[0.437,0.439,0.439,0.437]
[PID] vel:(-0.13,-0.06,-0.06) thrust:0.438 motors:[0.437,0.439,0.439,0.437]
[PID] vel:(-0.13,-0.06,-0.06) thrust:0.438 motors:[0.437,0.439,0.439,0.437]
[PID] vel:(-0.13,-0.06,-0.06) thrust:0.438 motors:[0.437,0.439,0.439,0.437]
[PID] vel:(-0.13,-0.06,-0.06) thrust:0.438 motors:[0.437,0.439,0.439,0.437]
[PID] vel:(-0.13,-0.06,-0.06) thrust:0.438 motors:[0.437,0.439,0.439,0.437]
[PID] vel:(-0.13,-0.06,-0.06) thrust:0.438 motors:[0.437,0.439,0.439,0.437]
[PID] vel:(-0.13,-0.06,-0.06) thrust:0.438 motors:[0.437,0.439,0.439,0.437]
[PID] vel:(-0.13,-0.06,-0.06) thrust:0.438 motors:[0.437,0.439,0.439,0.437]
[PID] vel:(-0.13,-0.06,-0.06) thrust:0.438 motors:[0.437,0.439,0.439,0.437]
[PID] vel:(-0.13,-0.06,-0.06) thrust:0.438 motors:[0.437,0.439,0.439,0.437]
[PID] vel:(-0.13,-0.06,-0.06) thrust:0.438 motors:[0.437,0.439,0.439,0.437]
[PID] vel:(-0.13,-0.06,-0.06) thrust:0.438 motors:[0.437,0.439,0.439,0.437]
[PID] vel:(-0.13,-0.06,-0.06) thrust:0.438 motors:[0.437,0.439,0.439,0.437]
[PID] vel:(-0.13,-0.06,-0.06) thrust:0.438 motors:[0.437,0.439,0.439,0.437]
[PID] vel:(-0.13,-0.06,-0.06) thrust:0.438 motors:[0.437,0.439,0.439,0.437]
[PID] vel:(-0.13,-0.06,-0.06) thrust:0.438 motors:[0.437,0.439,0.439,0.437]
[PID] vel:(-0.13,-0.06,-0.06) thrust:0.438 motors:[0.437,0.439,0.439,0.437]
[PID] vel:(-0.13,-0.06,-0.06) thrust:0.438 motors:[0.437,0.439,0.439,0.437]
[PID] vel:(-0.13,-0.06,-0.06) thrust:0.438 motors:[0.437,0.439,0.439,0.437]
[PID] vel:(-0.13,-0.06,-0.06) thrust:0.438 motors:[0.437,0.439,0.439,0.437]
[PID] vel:(-0.13,-0.06,-0.06) thrust:0.438 motors:[0.437,0.439,0.439,0.437]
[PID] vel:(-0.13,-0.06,-0.06) thrust:0.438 motors:[0.437,0.439,0.439,0.437]
[PID] vel:(-0.13,-0.06,-0.06) thrust:0.438 motors:[0.437,0.439,0.439,0.437]
[PID] vel:(-0.13,-0.06,-0.06) thrust:0.438 motors:[0.437,0.439,0.439,0.437]
[PID] vel:(-0.13,-0.06,-0.06) thrust:0.438 motors:[0.437,0.439,0.439,0.437]
[PID] vel:(-0.13,-0.06,-0.06) thrust:0.438 motors:[0.437,0.439,0.439,0.437]
[PID] vel:(-0.13,-0.06,-0.06) thrust:0.438 motors:[0.437,0.439,0.439,0.437]
[PID] vel:(-0.13,-0.06,-0.06) thrust:0.438 motors:[0.437,0.439,0.439,0.437]
[PID] vel:(-0.13,-0.06,-0.06) thrust:0.438 motors:[0.437,0.439,0.439,0.437]
[PID] vel:(-0.13,-0.06,-0.06) thrust:0.438 motors:[0.437,0.439,0.439,0.437]
[PID] vel:(-0.13,-0.06,-0.06) thrust:0.438 motors:[0.437,0.439,0.439,0.437]
[PID] vel:(-0.13,-0.06,-0.06) thrust:0.438 motors:[0.437,0.439,0.439,0.437]
[PID] vel:(-0.13,-0.06,-0.06) thrust:0.438 motors:[0.437,0.439,0.439,0.437]
[PID] vel:(-0.13,-0.06,-0.06) thrust:0.438 motors:[0.437,0.439,0.439,0.437]
[PID] vel:(-0.13,-0.06,-0.06) thrust:0.438 motors:[0.437,0.439,0.439,0.437]
[PID] vel:(-0.13,-0.06,-0.06) thrust:0.438 motors:[0.437,0.439,0.439,0.437]
[PID] vel:(-0.13,-0.06,-0.06) thrust:0.438 motors:[0.437,0.439,0.439,0.437]
[PID] vel:(-0.13,-0.06,-0.06) thrust:0.438 motors:[0.437,0.439,0.439,0.437]
[PID] vel:(-0.13,-0.06,-0.06) thrust:0.438 motors:[0.437,0.439,0.439,0.437]
[PID] vel:(-0.13,-0.06,-0.06) thrust:0.438 motors:[0.437,0.439,0.439,0.437]
[PID] vel:(-0.13,-0.06,-0.06) thrust:0.438 motors:[0.437,0.439,0.439,0.437]
[PID] vel:(-0.13,-0.06,-0.06) thrust:0.438 motors:[0.437,0.439,0.439,0.437]
[PID] vel:(-0.14,-0.06,-0.06) thrust:0.438 motors:[0.437,0.439,0.439,0.437]
[PID] vel:(-0.14,-0.06,-0.06) thrust:0.438 motors:[0.437,0.439,0.439,0.437]
[PID] vel:(-0.14,-0.06,-0.06) thrust:0.438 motors:[0.437,0.439,0.439,0.437]
[PID] vel:(-0.14,-0.06,-0.06) thrust:0.438 motors:[0.437,0.439,0.439,0.437]
[PID] vel:(-0.14,-0.06,-0.06) thrust:0.438 motors:[0.437,0.439,0.439,0.437]
[PID] vel:(-0.14,-0.06,-0.06) thrust:0.438 motors:[0.437,0.439,0.439,0.437]
[PID] vel:(-0.14,-0.06,-0.06) thrust:0.438 motors:[0.437,0.439,0.440,0.437]
[PID] vel:(-0.14,-0.06,-0.06) thrust:0.438 motors:[0.437,0.439,0.440,0.437]
[PID] vel:(-0.14,-0.06,-0.06) thrust:0.438 motors:[0.437,0.439,0.440,0.437]
[PID] vel:(-0.14,-0.06,-0.06) thrust:0.438 motors:[0.437,0.439,0.440,0.437]
[PID] vel:(-0.14,-0.06,-0.06) thrust:0.438 motors:[0.437,0.439,0.440,0.437]
[PID] vel:(-0.14,-0.06,-0.06) thrust:0.438 motors:[0.437,0.439,0.440,0.437]
[PID] vel:(-0.14,-0.06,-0.06) thrust:0.438 motors:[0.437,0.439,0.440,0.437]
[PID] vel:(-0.14,-0.06,-0.06) thrust:0.438 motors:[0.437,0.439,0.440,0.437]
[PID] vel:(-0.14,-0.06,-0.06) thrust:0.438 motors:[0.437,0.439,0.440,0.437]
[PID] vel:(-0.14,-0.06,-0.06) thrust:0.438 motors:[0.437,0.439,0.440,0.437]
[PID] vel:(-0.14,-0.06,-0.06) thrust:0.438 motors:[0.437,0.439,0.440,0.437]
[PID] vel:(-0.14,-0.06,-0.06) thrust:0.438 motors:[0.436,0.439,0.440,0.437]
[PID] vel:(-0.14,-0.06,-0.06) thrust:0.438 motors:[0.436,0.439,0.440,0.437]
[PID] vel:(-0.14,-0.06,-0.06) thrust:0.438 motors:[0.436,0.439,0.440,0.437]
[PID] vel:(-0.14,-0.06,-0.06) thrust:0.438 motors:[0.436,0.439,0.440,0.437]
[PID] vel:(-0.14,-0.06,-0.06) thrust:0.438 motors:[0.436,0.439,0.440,0.437]
[PID] vel:(-0.14,-0.06,-0.06) thrust:0.438 motors:[0.436,0.439,0.440,0.437]
[PID] vel:(-0.14,-0.06,-0.06) thrust:0.438 motors:[0.436,0.439,0.440,0.437]
[PID] vel:(-0.14,-0.06,-0.06) thrust:0.438 motors:[0.436,0.439,0.440,0.437]
[PID] vel:(-0.14,-0.06,-0.06) thrust:0.438 motors:[0.436,0.439,0.440,0.437]
[PID] vel:(-0.14,-0.06,-0.06) thrust:0.438 motors:[0.436,0.439,0.440,0.437]
[PID] vel:(-0.14,-0.06,-0.06) thrust:0.438 motors:[0.436,0.439,0.440,0.437]
[PID] vel:(-0.14,-0.06,-0.06) thrust:0.438 motors:[0.436,0.439,0.440,0.437]
[PID] vel:(-0.14,-0.06,-0.06) thrust:0.438 motors:[0.436,0.439,0.440,0.437]
[PID] vel:(-0.14,-0.06,-0.06) thrust:0.438 motors:[0.436,0.439,0.440,0.437]
[PID] vel:(-0.14,-0.06,-0.06) thrust:0.438 motors:[0.436,0.439,0.440,0.437]
[PID] vel:(-0.14,-0.06,-0.06) thrust:0.438 motors:[0.436,0.439,0.440,0.437]
[PID] vel:(-0.14,-0.06,-0.06) thrust:0.438 motors:[0.436,0.439,0.440,0.437]
[PID] vel:(-0.14,-0.06,-0.06) thrust:0.438 motors:[0.436,0.439,0.440,0.437]
[PID] vel:(-0.14,-0.06,-0.06) thrust:0.438 motors:[0.436,0.439,0.440,0.437]
[PID] vel:(-0.14,-0.06,-0.06) thrust:0.438 motors:[0.436,0.439,0.440,0.437]
[PID] vel:(-0.14,-0.06,-0.06) thrust:0.438 motors:[0.436,0.439,0.440,0.437]
[PID] vel:(-0.14,-0.06,-0.06) thrust:0.438 motors:[0.436,0.439,0.440,0.437]
[PID] vel:(-0.14,-0.06,-0.06) thrust:0.438 motors:[0.436,0.439,0.440,0.437]
[PID] vel:(-0.14,-0.06,-0.06) thrust:0.438 motors:[0.436,0.439,0.440,0.437]
[PID] vel:(-0.14,-0.06,-0.06) thrust:0.438 motors:[0.436,0.439,0.440,0.437]
[PID] vel:(-0.14,-0.06,-0.06) thrust:0.438 motors:[0.436,0.439,0.440,0.437]
[PID] vel:(-0.14,-0.06,-0.06) thrust:0.438 motors:[0.436,0.439,0.440,0.437]
[PID] vel:(-0.14,-0.06,-0.06) thrust:0.438 motors:[0.436,0.439,0.440,0.437]
[PID] vel:(-0.14,-0.06,-0.06) thrust:0.438 motors:[0.436,0.439,0.440,0.437]
[PID] vel:(-0.14,-0.06,-0.06) thrust:0.438 motors:[0.436,0.439,0.440,0.437]
[PID] vel:(-0.14,-0.06,-0.06) thrust:0.438 motors:[0.436,0.439,0.440,0.437]
[PID] vel:(-0.14,-0.06,-0.06) thrust:0.438 motors:[0.436,0.439,0.440,0.437]
[PID] vel:(-0.14,-0.06,-0.06) thrust:0.438 motors:[0.436,0.439,0.440,0.437]
[PID] vel:(-0.14,-0.06,-0.06) thrust:0.438 motors:[0.436,0.439,0.440,0.437]
[PID] vel:(-0.14,-0.06,-0.06) thrust:0.438 motors:[0.436,0.439,0.440,0.437]
[PID] vel:(-0.14,-0.06,-0.06) thrust:0.438 motors:[0.436,0.439,0.440,0.437]
[PID] vel:(-0.14,-0.06,-0.06) thrust:0.438 motors:[0.436,0.439,0.440,0.437]
[PID] vel:(-0.14,-0.06,-0.06) thrust:0.438 motors:[0.436,0.439,0.440,0.437]
[PID] vel:(-0.14,-0.06,-0.06) thrust:0.438 motors:[0.436,0.439,0.440,0.437]
[PID] vel:(-0.14,-0.06,-0.06) thrust:0.438 motors:[0.436,0.439,0.440,0.437]
[PID] vel:(-0.14,-0.06,-0.06) thrust:0.438 motors:[0.436,0.439,0.440,0.437]
[PID] vel:(-0.15,-0.06,-0.06) thrust:0.438 motors:[0.436,0.439,0.440,0.437]
[PID] vel:(-0.15,-0.06,-0.06) thrust:0.438 motors:[0.436,0.439,0.440,0.437]
[PID] vel:(-0.15,-0.06,-0.06) thrust:0.438 motors:[0.436,0.439,0.440,0.437]
[PID] vel:(-0.15,-0.06,-0.06) thrust:0.438 motors:[0.436,0.439,0.440,0.437]
[PID] vel:(-0.15,-0.06,-0.06) thrust:0.438 motors:[0.436,0.439,0.440,0.437]
[PID] vel:(-0.15,-0.06,-0.06) thrust:0.438 motors:[0.436,0.439,0.440,0.437]
[PID] vel:(-0.15,-0.06,-0.06) thrust:0.438 motors:[0.436,0.439,0.440,0.437]
[PID] vel:(-0.15,-0.06,-0.06) thrust:0.438 motors:[0.436,0.439,0.440,0.437]
[PID] vel:(-0.15,-0.06,-0.06) thrust:0.438 motors:[0.436,0.439,0.440,0.437]
[PID] vel:(-0.15,-0.06,-0.06) thrust:0.438 motors:[0.436,0.439,0.440,0.437]
[PID] vel:(-0.15,-0.06,-0.06) thrust:0.438 motors:[0.436,0.439,0.440,0.437]
[PID] vel:(-0.15,-0.06,-0.06) thrust:0.438 motors:[0.436,0.439,0.440,0.437]
[PID] vel:(-0.15,-0.06,-0.06) thrust:0.438 motors:[0.436,0.439,0.440,0.437]
[PID] vel:(-0.15,-0.07,-0.06) thrust:0.438 motors:[0.436,0.439,0.440,0.437]
[PID] vel:(-0.15,-0.07,-0.06) thrust:0.438 motors:[0.436,0.439,0.440,0.437]
[PID] vel:(-0.15,-0.07,-0.06) thrust:0.438 motors:[0.436,0.439,0.440,0.437]
[PID] vel:(-0.15,-0.07,-0.06) thrust:0.438 motors:[0.436,0.439,0.440,0.437]
[PID] vel:(-0.15,-0.07,-0.06) thrust:0.438 motors:[0.436,0.439,0.440,0.437]
[PID] vel:(-0.15,-0.07,-0.06) thrust:0.438 motors:[0.436,0.439,0.440,0.437]
[PID] vel:(-0.15,-0.07,-0.06) thrust:0.438 motors:[0.436,0.439,0.440,0.437]
[PID] vel:(-0.15,-0.07,-0.06) thrust:0.438 motors:[0.436,0.439,0.440,0.437]
[PID] vel:(-0.15,-0.07,-0.06) thrust:0.438 motors:[0.436,0.439,0.440,0.437]
[PID] vel:(-0.15,-0.07,-0.06) thrust:0.438 motors:[0.436,0.439,0.440,0.437]
[PID] vel:(-0.15,-0.07,-0.06) thrust:0.438 motors:[0.436,0.439,0.440,0.437]
[PID] vel:(-0.15,-0.07,-0.06) thrust:0.438 motors:[0.436,0.439,0.440,0.437]
[PID] vel:(-0.15,-0.07,-0.06) thrust:0.438 motors:[0.436,0.439,0.440,0.437]
[PID] vel:(-0.15,-0.07,-0.06) thrust:0.438 motors:[0.436,0.439,0.440,0.437]
[PID] vel:(-0.15,-0.07,-0.06) thrust:0.438 motors:[0.436,0.439,0.440,0.437]
[PID] vel:(-0.15,-0.07,-0.06) thrust:0.438 motors:[0.436,0.439,0.440,0.437]
[PID] vel:(-0.15,-0.07,-0.06) thrust:0.438 motors:[0.436,0.439,0.440,0.437]
[PID] vel:(-0.15,-0.07,-0.06) thrust:0.438 motors:[0.436,0.439,0.440,0.437]
[PID] vel:(-0.15,-0.07,-0.06) thrust:0.438 motors:[0.436,0.439,0.440,0.437]
[PID] vel:(-0.15,-0.07,-0.06) thrust:0.438 motors:[0.436,0.439,0.440,0.437]
[PID] vel:(-0.15,-0.07,-0.06) thrust:0.438 motors:[0.436,0.439,0.440,0.437]
[PID] vel:(-0.15,-0.07,-0.06) thrust:0.438 motors:[0.436,0.439,0.440,0.437]
[PID] vel:(-0.15,-0.07,-0.06) thrust:0.438 motors:[0.436,0.439,0.440,0.437]
[PID] vel:(-0.15,-0.07,-0.06) thrust:0.438 motors:[0.436,0.439,0.440,0.437]
[PID] vel:(-0.15,-0.07,-0.06) thrust:0.438 motors:[0.436,0.439,0.440,0.437]
[PID] vel:(-0.15,-0.07,-0.06) thrust:0.438 motors:[0.436,0.439,0.440,0.437]
[PID] vel:(-0.15,-0.07,-0.06) thrust:0.438 motors:[0.436,0.439,0.440,0.437]
[PID] vel:(-0.15,-0.07,-0.06) thrust:0.438 motors:[0.436,0.439,0.440,0.437]
[PID] vel:(-0.15,-0.07,-0.06) thrust:0.438 motors:[0.436,0.439,0.440,0.437]
[PID] vel:(-0.15,-0.07,-0.06) thrust:0.438 motors:[0.436,0.439,0.440,0.437]
[PID] vel:(-0.15,-0.07,-0.06) thrust:0.438 motors:[0.436,0.439,0.440,0.437]
[PID] vel:(-0.15,-0.07,-0.06) thrust:0.438 motors:[0.436,0.439,0.440,0.437]
[PID] vel:(-0.15,-0.07,-0.06) thrust:0.438 motors:[0.436,0.439,0.440,0.437]
[PID] vel:(-0.15,-0.07,-0.06) thrust:0.438 motors:[0.436,0.439,0.440,0.437]
[PID] vel:(-0.15,-0.07,-0.06) thrust:0.438 motors:[0.436,0.439,0.440,0.437]
[PID] vel:(-0.15,-0.07,-0.06) thrust:0.438 motors:[0.436,0.439,0.440,0.437]
[PID] vel:(-0.15,-0.07,-0.06) thrust:0.438 motors:[0.436,0.439,0.440,0.437]
[PID] vel:(-0.15,-0.07,-0.06) thrust:0.438 motors:[0.436,0.439,0.440,0.437]
[PID] vel:(-0.15,-0.07,-0.06) thrust:0.438 motors:[0.436,0.439,0.440,0.437]
[PID] vel:(-0.15,-0.07,-0.06) thrust:0.438 motors:[0.436,0.439,0.440,0.437]
[PID] vel:(-0.15,-0.07,-0.06) thrust:0.438 motors:[0.436,0.439,0.440,0.437]
[PID] vel:(-0.15,-0.07,-0.06) thrust:0.438 motors:[0.436,0.439,0.440,0.437]
[PID] vel:(-0.15,-0.07,-0.06) thrust:0.438 motors:[0.436,0.439,0.440,0.437]
[PID] vel:(-0.15,-0.07,-0.06) thrust:0.438 motors:[0.436,0.439,0.440,0.437]
[PID] vel:(-0.15,-0.07,-0.06) thrust:0.438 motors:[0.436,0.439,0.440,0.437]
[PID] vel:(-0.15,-0.07,-0.06) thrust:0.438 motors:[0.436,0.439,0.440,0.437]
[PID] vel:(-0.15,-0.07,-0.06) thrust:0.438 motors:[0.436,0.439,0.440,0.437]
[PID] vel:(-0.16,-0.07,-0.06) thrust:0.438 motors:[0.436,0.439,0.440,0.437]
[PID] vel:(-0.16,-0.07,-0.06) thrust:0.438 motors:[0.436,0.439,0.440,0.437]
[PID] vel:(-0.16,-0.07,-0.06) thrust:0.438 motors:[0.436,0.439,0.440,0.437]
[PID] vel:(-0.16,-0.07,-0.06) thrust:0.438 motors:[0.436,0.439,0.440,0.437]
[PID] vel:(-0.16,-0.07,-0.06) thrust:0.438 motors:[0.436,0.439,0.440,0.437]
[PID] vel:(-0.16,-0.07,-0.06) thrust:0.438 motors:[0.436,0.439,0.440,0.437]
[PID] vel:(-0.16,-0.07,-0.06) thrust:0.438 motors:[0.436,0.439,0.440,0.437]
[PID] vel:(-0.16,-0.07,-0.06) thrust:0.438 motors:[0.436,0.439,0.440,0.437]
[PID] vel:(-0.16,-0.07,-0.06) thrust:0.438 motors:[0.436,0.439,0.440,0.437]
[PID] vel:(-0.16,-0.07,-0.06) thrust:0.438 motors:[0.436,0.439,0.440,0.437]
[PID] vel:(-0.16,-0.07,-0.06) thrust:0.438 motors:[0.436,0.439,0.440,0.437]
[PID] vel:(-0.16,-0.07,-0.06) thrust:0.438 motors:[0.436,0.439,0.440,0.437]
[PID] vel:(-0.16,-0.07,-0.06) thrust:0.438 motors:[0.436,0.439,0.440,0.437]
[PID] vel:(-0.16,-0.07,-0.06) thrust:0.438 motors:[0.436,0.439,0.440,0.437]
[PID] vel:(-0.16,-0.07,-0.06) thrust:0.438 motors:[0.436,0.439,0.440,0.437]
[PID] vel:(-0.16,-0.07,-0.06) thrust:0.438 motors:[0.436,0.439,0.440,0.437]
[PID] vel:(-0.16,-0.07,-0.06) thrust:0.438 motors:[0.436,0.439,0.440,0.437]
[PID] vel:(-0.16,-0.07,-0.06) thrust:0.438 motors:[0.436,0.439,0.440,0.437]
[PID] vel:(-0.16,-0.07,-0.06) thrust:0.438 motors:[0.436,0.439,0.440,0.437]
[PID] vel:(-0.16,-0.07,-0.06) thrust:0.438 motors:[0.436,0.439,0.440,0.437]
[PID] vel:(-0.16,-0.07,-0.06) thrust:0.438 motors:[0.436,0.439,0.440,0.437]
[PID] vel:(-0.16,-0.07,-0.06) thrust:0.438 motors:[0.436,0.439,0.440,0.437]
[PID] vel:(-0.16,-0.07,-0.06) thrust:0.438 motors:[0.436,0.439,0.440,0.437]
[PID] vel:(-0.16,-0.07,-0.06) thrust:0.438 motors:[0.436,0.439,0.440,0.437]
[PID] vel:(-0.16,-0.07,-0.06) thrust:0.438 motors:[0.436,0.439,0.440,0.437]
[PID] vel:(-0.16,-0.07,-0.06) thrust:0.438 motors:[0.436,0.439,0.440,0.437]
[PID] vel:(-0.16,-0.07,-0.06) thrust:0.438 motors:[0.436,0.439,0.440,0.437]
[PID] vel:(-0.16,-0.07,-0.06) thrust:0.438 motors:[0.436,0.439,0.440,0.437]
[PID] vel:(-0.16,-0.07,-0.06) thrust:0.438 motors:[0.436,0.439,0.440,0.437]
[PID] vel:(-0.16,-0.07,-0.06) thrust:0.438 motors:[0.436,0.439,0.440,0.437]
[PID] vel:(-0.16,-0.07,-0.06) thrust:0.438 motors:[0.436,0.439,0.440,0.437]
[PID] vel:(-0.16,-0.07,-0.06) thrust:0.438 motors:[0.436,0.439,0.440,0.437]
[PID] vel:(-0.16,-0.07,-0.06) thrust:0.438 motors:[0.436,0.439,0.440,0.437]
[PID] vel:(-0.16,-0.07,-0.06) thrust:0.438 motors:[0.436,0.439,0.440,0.437]
[PID] vel:(-0.16,-0.07,-0.06) thrust:0.438 motors:[0.436,0.439,0.440,0.437]
[PID] vel:(-0.16,-0.07,-0.06) thrust:0.438 motors:[0.436,0.439,0.440,0.437]
[PID] vel:(-0.16,-0.07,-0.06) thrust:0.438 motors:[0.436,0.439,0.440,0.437]
[PID] vel:(-0.16,-0.07,-0.06) thrust:0.438 motors:[0.436,0.439,0.440,0.437]
[PID] vel:(-0.16,-0.07,-0.06) thrust:0.438 motors:[0.436,0.439,0.440,0.437]
[PID] vel:(-0.16,-0.07,-0.06) thrust:0.438 motors:[0.436,0.439,0.440,0.437]
[PID] vel:(-0.16,-0.07,-0.06) thrust:0.438 motors:[0.436,0.439,0.440,0.437]
[PID] vel:(-0.16,-0.07,-0.06) thrust:0.438 motors:[0.436,0.439,0.440,0.437]
[PID] vel:(-0.16,-0.07,-0.06) thrust:0.438 motors:[0.436,0.439,0.440,0.437]
[PID] vel:(-0.16,-0.07,-0.06) thrust:0.438 motors:[0.436,0.439,0.440,0.437]
[PID] vel:(-0.16,-0.07,-0.06) thrust:0.438 motors:[0.436,0.439,0.440,0.437]
[PID] vel:(-0.16,-0.07,-0.06) thrust:0.438 motors:[0.436,0.439,0.440,0.437]
[PID] vel:(-0.16,-0.07,-0.06) thrust:0.438 motors:[0.436,0.439,0.440,0.437]
[PID] vel:(-0.16,-0.07,-0.06) thrust:0.438 motors:[0.436,0.439,0.440,0.437]
[PID] vel:(-0.16,-0.07,-0.06) thrust:0.438 motors:[0.436,0.439,0.440,0.437]
[PID] vel:(-0.16,-0.07,-0.06) thrust:0.438 motors:[0.436,0.439,0.440,0.437]
[PID] vel:(-0.16,-0.07,-0.06) thrust:0.438 motors:[0.436,0.439,0.440,0.437]
[PID] vel:(-0.16,-0.07,-0.06) thrust:0.438 motors:[0.436,0.439,0.440,0.437]
[PID] vel:(-0.16,-0.07,-0.06) thrust:0.438 motors:[0.436,0.439,0.440,0.437]
[PID] vel:(-0.16,-0.07,-0.06) thrust:0.438 motors:[0.436,0.439,0.440,0.437]
[PID] vel:(-0.16,-0.07,-0.06) thrust:0.438 motors:[0.436,0.439,0.440,0.437]
[PID] vel:(-0.16,-0.07,-0.06) thrust:0.438 motors:[0.436,0.439,0.440,0.437]
[PID] vel:(-0.16,-0.07,-0.06) thrust:0.438 motors:[0.436,0.439,0.440,0.437]
[PID] vel:(-0.16,-0.07,-0.06) thrust:0.438 motors:[0.436,0.439,0.440,0.437]
[PID] vel:(-0.16,-0.07,-0.06) thrust:0.438 motors:[0.436,0.439,0.440,0.437]
[PID] vel:(-0.16,-0.07,-0.06) thrust:0.438 motors:[0.436,0.439,0.440,0.437]
[PID] vel:(-0.16,-0.07,-0.06) thrust:0.438 motors:[0.436,0.439,0.440,0.437]
[PID] vel:(-0.16,-0.07,-0.06) thrust:0.438 motors:[0.436,0.439,0.440,0.437]
[PID] vel:(-0.16,-0.07,-0.06) thrust:0.438 motors:[0.436,0.439,0.440,0.437]
[PID] vel:(-0.17,-0.07,-0.06) thrust:0.438 motors:[0.436,0.439,0.440,0.437]
[PID] vel:(-0.17,-0.07,-0.06) thrust:0.438 motors:[0.436,0.439,0.440,0.437]
[PID] vel:(-0.17,-0.07,-0.06) thrust:0.438 motors:[0.436,0.439,0.440,0.437]
[PID] vel:(-0.17,-0.07,-0.06) thrust:0.438 motors:[0.436,0.439,0.440,0.437]
[PID] vel:(-0.17,-0.07,-0.06) thrust:0.438 motors:[0.436,0.439,0.440,0.437]
[PID] vel:(-0.17,-0.07,-0.06) thrust:0.438 motors:[0.436,0.439,0.440,0.437]
[PID] vel:(-0.17,-0.07,-0.06) thrust:0.438 motors:[0.436,0.439,0.440,0.437]
[PID] vel:(-0.17,-0.07,-0.06) thrust:0.438 motors:[0.436,0.439,0.440,0.437]
[PID] vel:(-0.17,-0.07,-0.06) thrust:0.438 motors:[0.436,0.439,0.440,0.437]
[PID] vel:(-0.17,-0.07,-0.06) thrust:0.438 motors:[0.436,0.439,0.440,0.437]
[PID] vel:(-0.17,-0.07,-0.06) thrust:0.438 motors:[0.436,0.439,0.440,0.437]
[PID] vel:(-0.17,-0.07,-0.06) thrust:0.438 motors:[0.436,0.439,0.440,0.437]
[PID] vel:(-0.17,-0.07,-0.06) thrust:0.438 motors:[0.436,0.439,0.440,0.437]
[PID] vel:(-0.17,-0.07,-0.06) thrust:0.438 motors:[0.436,0.439,0.440,0.437]
[PID] vel:(-0.17,-0.07,-0.06) thrust:0.438 motors:[0.436,0.439,0.440,0.437]
[PID] vel:(-0.17,-0.07,-0.06) thrust:0.438 motors:[0.436,0.439,0.440,0.437]
[PID] vel:(-0.17,-0.07,-0.06) thrust:0.438 motors:[0.436,0.439,0.440,0.437]
[PID] vel:(-0.17,-0.07,-0.06) thrust:0.438 motors:[0.436,0.439,0.440,0.437]
[PID] vel:(-0.17,-0.07,-0.06) thrust:0.438 motors:[0.436,0.439,0.440,0.437]
[PID] vel:(-0.17,-0.07,-0.06) thrust:0.438 motors:[0.436,0.439,0.440,0.437]
[PID] vel:(-0.17,-0.07,-0.06) thrust:0.438 motors:[0.436,0.439,0.440,0.437]
[PID] vel:(-0.17,-0.07,-0.06) thrust:0.438 motors:[0.436,0.439,0.440,0.437]
[PID] vel:(-0.17,-0.07,-0.06) thrust:0.438 motors:[0.436,0.439,0.440,0.437]
[PID] vel:(-0.17,-0.07,-0.06) thrust:0.438 motors:[0.436,0.439,0.440,0.437]
[PID] vel:(-0.17,-0.07,-0.06) thrust:0.438 motors:[0.436,0.439,0.440,0.437]
[PID] vel:(-0.17,-0.07,-0.06) thrust:0.438 motors:[0.436,0.439,0.440,0.437]
[PID] vel:(-0.17,-0.07,-0.06) thrust:0.438 motors:[0.436,0.439,0.440,0.437]
[PID] vel:(-0.17,-0.07,-0.06) thrust:0.438 motors:[0.436,0.439,0.440,0.437]
[PID] vel:(-0.17,-0.07,-0.06) thrust:0.438 motors:[0.436,0.439,0.440,0.437]
[PID] vel:(-0.17,-0.07,-0.06) thrust:0.438 motors:[0.436,0.439,0.440,0.437]
[PID] vel:(-0.17,-0.07,-0.06) thrust:0.438 motors:[0.436,0.439,0.440,0.437]
[PID] vel:(-0.17,-0.07,-0.06) thrust:0.438 motors:[0.436,0.439,0.440,0.437]
[PID] vel:(-0.17,-0.07,-0.06) thrust:0.438 motors:[0.436,0.439,0.440,0.437]
[PID] vel:(-0.17,-0.07,-0.06) thrust:0.438 motors:[0.436,0.439,0.440,0.437]
[PID] vel:(-0.17,-0.07,-0.06) thrust:0.438 motors:[0.436,0.439,0.440,0.437]
[PID] vel:(-0.17,-0.07,-0.06) thrust:0.438 motors:[0.436,0.439,0.440,0.437]
[PID] vel:(-0.17,-0.07,-0.06) thrust:0.438 motors:[0.436,0.439,0.440,0.437]
[PID] vel:(-0.17,-0.07,-0.06) thrust:0.438 motors:[0.436,0.439,0.440,0.437]
[PID] vel:(-0.17,-0.07,-0.06) thrust:0.438 motors:[0.436,0.439,0.440,0.437]
[PID] vel:(-0.17,-0.07,-0.06) thrust:0.438 motors:[0.436,0.439,0.440,0.437]
[PID] vel:(-0.17,-0.07,-0.06) thrust:0.438 motors:[0.436,0.439,0.440,0.437]
[PID] vel:(-0.17,-0.07,-0.06) thrust:0.438 motors:[0.436,0.439,0.440,0.437]
[PID] vel:(-0.17,-0.07,-0.06) thrust:0.438 motors:[0.436,0.439,0.440,0.437]
[PID] vel:(-0.17,-0.07,-0.06) thrust:0.438 motors:[0.436,0.439,0.440,0.437]
[PID] vel:(-0.17,-0.07,-0.06) thrust:0.438 motors:[0.436,0.439,0.440,0.437]
[PID] vel:(-0.17,-0.07,-0.06) thrust:0.438 motors:[0.436,0.439,0.440,0.437]
[PID] vel:(-0.17,-0.07,-0.06) thrust:0.438 motors:[0.436,0.439,0.440,0.437]
[PID] vel:(-0.17,-0.07,-0.06) thrust:0.438 motors:[0.436,0.439,0.440,0.437]
[PID] vel:(-0.17,-0.07,-0.06) thrust:0.438 motors:[0.436,0.439,0.440,0.437]
[PID] vel:(-0.17,-0.07,-0.06) thrust:0.438 motors:[0.436,0.439,0.440,0.437]
[PID] vel:(-0.17,-0.07,-0.06) thrust:0.438 motors:[0.436,0.439,0.440,0.437]
[PID] vel:(-0.17,-0.07,-0.06) thrust:0.438 motors:[0.436,0.439,0.440,0.437]
[PID] vel:(-0.17,-0.07,-0.06) thrust:0.438 motors:[0.436,0.439,0.440,0.437]
[PID] vel:(-0.17,-0.07,-0.06) thrust:0.438 motors:[0.436,0.439,0.440,0.437]
[PID] vel:(-0.17,-0.08,-0.06) thrust:0.438 motors:[0.436,0.439,0.440,0.437]
[PID] vel:(-0.17,-0.08,-0.06) thrust:0.438 motors:[0.436,0.439,0.440,0.437]
[PID] vel:(-0.17,-0.08,-0.06) thrust:0.438 motors:[0.436,0.439,0.440,0.437]
[PID] vel:(-0.17,-0.08,-0.06) thrust:0.438 motors:[0.436,0.439,0.440,0.437]
[PID] vel:(-0.17,-0.08,-0.06) thrust:0.438 motors:[0.436,0.439,0.440,0.437]
[PID] vel:(-0.17,-0.08,-0.06) thrust:0.438 motors:[0.436,0.439,0.440,0.437]
[PID] vel:(-0.17,-0.08,-0.06) thrust:0.438 motors:[0.436,0.439,0.440,0.437]
[PID] vel:(-0.17,-0.08,-0.06) thrust:0.438 motors:[0.436,0.439,0.440,0.437]
[PID] vel:(-0.17,-0.08,-0.06) thrust:0.438 motors:[0.436,0.439,0.440,0.437]
[PID] vel:(-0.17,-0.08,-0.06) thrust:0.438 motors:[0.436,0.439,0.440,0.437]
[PID] vel:(-0.17,-0.08,-0.06) thrust:0.438 motors:[0.436,0.439,0.440,0.437]
[PID] vel:(-0.17,-0.08,-0.06) thrust:0.438 motors:[0.436,0.439,0.440,0.437]
[PID] vel:(-0.18,-0.08,-0.06) thrust:0.438 motors:[0.436,0.439,0.440,0.437]
[PID] vel:(-0.18,-0.08,-0.06) thrust:0.438 motors:[0.436,0.439,0.440,0.437]
[PID] vel:(-0.18,-0.08,-0.06) thrust:0.438 motors:[0.436,0.439,0.440,0.437]
[PID] vel:(-0.18,-0.08,-0.06) thrust:0.438 motors:[0.436,0.439,0.440,0.437]
[PID] vel:(-0.18,-0.08,-0.06) thrust:0.438 motors:[0.436,0.439,0.440,0.437]
[PID] vel:(-0.18,-0.08,-0.06) thrust:0.438 motors:[0.436,0.439,0.440,0.437]
[PID] vel:(-0.18,-0.08,-0.06) thrust:0.438 motors:[0.436,0.439,0.440,0.437]
[PID] vel:(-0.18,-0.08,-0.06) thrust:0.438 motors:[0.436,0.439,0.440,0.437]
[PID] vel:(-0.18,-0.08,-0.06) thrust:0.438 motors:[0.436,0.439,0.440,0.437]
[PID] vel:(-0.18,-0.08,-0.06) thrust:0.438 motors:[0.436,0.439,0.440,0.437]
[PID] vel:(-0.18,-0.08,-0.06) thrust:0.438 motors:[0.436,0.439,0.440,0.437]
[PID] vel:(-0.18,-0.08,-0.06) thrust:0.438 motors:[0.436,0.439,0.440,0.437]
[PID] vel:(-0.18,-0.08,-0.06) thrust:0.438 motors:[0.436,0.439,0.440,0.437]
[PID] vel:(-0.18,-0.08,-0.06) thrust:0.438 motors:[0.436,0.439,0.440,0.437]
[PID] vel:(-0.18,-0.08,-0.06) thrust:0.438 motors:[0.436,0.439,0.440,0.437]
[PID] vel:(-0.18,-0.08,-0.06) thrust:0.438 motors:[0.436,0.439,0.440,0.437]
[PID] vel:(-0.18,-0.08,-0.06) thrust:0.438 motors:[0.436,0.439,0.440,0.437]
[PID] vel:(-0.18,-0.08,-0.06) thrust:0.438 motors:[0.436,0.439,0.440,0.437]
[PID] vel:(-0.18,-0.08,-0.06) thrust:0.438 motors:[0.436,0.439,0.440,0.437]
[PID] vel:(-0.18,-0.08,-0.06) thrust:0.438 motors:[0.436,0.439,0.440,0.437]
[PID] vel:(-0.18,-0.08,-0.06) thrust:0.438 motors:[0.436,0.439,0.440,0.437]
[PID] vel:(-0.18,-0.08,-0.06) thrust:0.438 motors:[0.436,0.439,0.440,0.437]
[PID] vel:(-0.18,-0.08,-0.06) thrust:0.438 motors:[0.436,0.439,0.440,0.437]
[PID] vel:(-0.18,-0.08,-0.06) thrust:0.438 motors:[0.436,0.439,0.440,0.437]
[PID] vel:(-0.18,-0.08,-0.06) thrust:0.438 motors:[0.436,0.439,0.440,0.437]
[PID] vel:(-0.18,-0.08,-0.06) thrust:0.438 motors:[0.436,0.439,0.440,0.437]
[PID] vel:(-0.18,-0.08,-0.06) thrust:0.438 motors:[0.436,0.439,0.440,0.437]
[PID] vel:(-0.18,-0.08,-0.06) thrust:0.438 motors:[0.436,0.439,0.440,0.437]
[PID] vel:(-0.18,-0.08,-0.06) thrust:0.438 motors:[0.436,0.439,0.440,0.437]
[PID] vel:(-0.18,-0.08,-0.06) thrust:0.438 motors:[0.436,0.439,0.440,0.437]
[PID] vel:(-0.18,-0.08,-0.06) thrust:0.438 motors:[0.436,0.439,0.440,0.437]
[PID] vel:(-0.18,-0.08,-0.06) thrust:0.438 motors:[0.436,0.439,0.440,0.437]
[PID] vel:(-0.18,-0.08,-0.06) thrust:0.438 motors:[0.436,0.439,0.440,0.437]
[PID] vel:(-0.18,-0.08,-0.06) thrust:0.438 motors:[0.436,0.439,0.440,0.437]
[PID] vel:(-0.18,-0.08,-0.06) thrust:0.438 motors:[0.436,0.439,0.440,0.437]
[PID] vel:(-0.18,-0.08,-0.06) thrust:0.438 motors:[0.436,0.439,0.440,0.437]
[PID] vel:(-0.18,-0.08,-0.06) thrust:0.438 motors:[0.436,0.439,0.440,0.437]
[PID] vel:(-0.18,-0.08,-0.06) thrust:0.438 motors:[0.436,0.439,0.440,0.437]
[PID] vel:(-0.18,-0.08,-0.06) thrust:0.438 motors:[0.436,0.439,0.440,0.437]
[PID] vel:(-0.18,-0.08,-0.06) thrust:0.438 motors:[0.436,0.439,0.440,0.437]
[PID] vel:(-0.18,-0.08,-0.06) thrust:0.438 motors:[0.436,0.439,0.440,0.437]
[PID] vel:(-0.18,-0.08,-0.06) thrust:0.438 motors:[0.436,0.439,0.440,0.437]
[PID] vel:(-0.18,-0.08,-0.06) thrust:0.438 motors:[0.436,0.439,0.440,0.437]
[PID] vel:(-0.18,-0.08,-0.06) thrust:0.438 motors:[0.436,0.439,0.440,0.437]
[PID] vel:(-0.18,-0.08,-0.06) thrust:0.438 motors:[0.436,0.439,0.440,0.437]
[PID] vel:(-0.18,-0.08,-0.06) thrust:0.438 motors:[0.436,0.439,0.440,0.437]
[PID] vel:(-0.18,-0.08,-0.06) thrust:0.438 motors:[0.436,0.439,0.440,0.437]
[PID] vel:(-0.18,-0.08,-0.06) thrust:0.438 motors:[0.436,0.439,0.440,0.437]
[PID] vel:(-0.18,-0.08,-0.06) thrust:0.438 motors:[0.436,0.439,0.440,0.437]
[PID] vel:(-0.18,-0.08,-0.06) thrust:0.438 motors:[0.436,0.439,0.440,0.437]
[PID] vel:(-0.18,-0.08,-0.06) thrust:0.438 motors:[0.436,0.439,0.440,0.437]
[PID] vel:(-0.18,-0.08,-0.06) thrust:0.438 motors:[0.436,0.439,0.440,0.437]
[INFO] Shutting down simulation...
[INFO] ROS2 shutdown complete
[INFO] Simulation shutdown complete
