================================================================================
SIMULATION LOG - 2025-11-16 17:08:07
Log file: /home/kishi/ResQoUnity/logs/simulation/drone_sim_20251116_170807.log
================================================================================

[INFO] Creating environment: Isaac-Velocity-Rough-Unitree-Go2-v0
[INFO] Robot: go2, Amount: 1, Terrain: flat
[INFO]: Base environment:
	Environment device    : cuda:0
	Physics step-size     : 0.005
	Rendering step-size   : 0.005
	Environment step-size : 0.02
	Physics GPU pipeline  : True
	Physics GPU simulation: True
[INFO]: Time taken for scene creation : 5.722662 seconds
[INFO]: Scene manager:  <class InteractiveScene>
	Number of environments: 1
	Environment spacing   : 2.5
	Source prim name      : /World/envs/env_0
	Global prim paths     : ['/World/ground']
	Replicate physics     : True
[INFO]: Starting the simulation. This may take a few seconds. Please wait...
[INFO]: Time taken for simulation start : 0.981256 seconds
[INFO] Command Manager:  <CommandManager> contains 1 active terms.
+------------------------------------------------+
|              Active Command Terms              |
+-------+---------------+------------------------+
| Index | Name          |          Type          |
+-------+---------------+------------------------+
|   0   | base_velocity | UniformVelocityCommand |
+-------+---------------+------------------------+

[INFO] Action Manager:  <ActionManager> contains 1 active terms.
+------------------------------------+
|  Active Action Terms (shape: 12)   |
+--------+-------------+-------------+
| Index  | Name        |   Dimension |
+--------+-------------+-------------+
|   0    | joint_pos   |          12 |
+--------+-------------+-------------+

Module omni.isaac.orbit.utils.warp.kernels load on device 'cuda:0' took 1.24 ms
[INFO] Observation Manager: <ObservationManager> contains 1 groups.
+----------------------------------------------------------+
| Active Observation Terms in Group: 'policy' (shape: (235,)) |
+-----------+--------------------------------+-------------+
|   Index   | Name                           |    Shape    |
+-----------+--------------------------------+-------------+
|     0     | base_lin_vel                   |     (3,)    |
|     1     | base_ang_vel                   |     (3,)    |
|     2     | projected_gravity              |     (3,)    |
|     3     | velocity_commands              |     (3,)    |
|     4     | joint_pos                      |    (12,)    |
|     5     | joint_vel                      |    (12,)    |
|     6     | actions                        |    (12,)    |
|     7     | height_scan                    |    (187,)   |
+-----------+--------------------------------+-------------+

[INFO] Event Manager:  <EventManager> contains 1 active terms.
+--------------------------------------+
| Active Event Terms in Mode: 'startup' |
+----------+---------------------------+
|  Index   | Name                      |
+----------+---------------------------+
|    0     | physics_material          |
+----------+---------------------------+

[INFO] Termination Manager:  <TerminationManager> contains 2 active terms.
+---------------------------------+
|     Active Termination Terms    |
+-------+--------------+----------+
| Index | Name         | Time Out |
+-------+--------------+----------+
|   0   | time_out     |   True   |
|   1   | base_contact |  False   |
+-------+--------------+----------+

[INFO] Reward Manager:  <RewardManager> contains 10 active terms.
+-----------------------------------------+
|           Active Reward Terms           |
+-------+----------------------+----------+
| Index | Name                 |   Weight |
+-------+----------------------+----------+
|   0   | track_lin_vel_xy_exp |      1.5 |
|   1   | track_ang_vel_z_exp  |     0.75 |
|   2   | lin_vel_z_l2         |     -2.0 |
|   3   | ang_vel_xy_l2        |    -0.05 |
|   4   | dof_torques_l2       |  -0.0002 |
|   5   | dof_acc_l2           | -2.5e-07 |
|   6   | action_rate_l2       |    -0.01 |
|   7   | feet_air_time        |     0.01 |
|   8   | flat_orientation_l2  |      0.0 |
|   9   | dof_pos_limits       |      0.0 |
+-------+----------------------+----------+

[INFO] Curriculum Manager:  <CurriculumManager> contains 0 active terms.
+----------------------+
| Active Curriculum Terms |
+-----------+----------+
|   Index   | Name     |
+-----------+----------+
+-----------+----------+

Creating window for environment.
[INFO]: Completed setting up the environment...
[INFO] Environment created successfully!
[INFO] Environment wrapped for RSL-RL
[INFO] Loading experiment from directory: /home/kishi/ResQoUnity/logs/rsl_rl/unitree_go2_rough
[INFO]: Loading model checkpoint from: /home/kishi/ResQoUnity/logs/rsl_rl/unitree_go2_rough/2024-04-06_02-37-07/model_7850.pt
--------------------------------------------------------------------------------
Resolved observation sets: 
	 policy :  ['policy']
	 critic :  ['policy']
--------------------------------------------------------------------------------
Actor MLP: MLP(
  (0): Linear(in_features=235, out_features=512, bias=True)
  (1): ELU(alpha=1.0)
  (2): Linear(in_features=512, out_features=256, bias=True)
  (3): ELU(alpha=1.0)
  (4): Linear(in_features=256, out_features=128, bias=True)
  (5): ELU(alpha=1.0)
  (6): Linear(in_features=128, out_features=12, bias=True)
)
Critic MLP: MLP(
  (0): Linear(in_features=235, out_features=512, bias=True)
  (1): ELU(alpha=1.0)
  (2): Linear(in_features=512, out_features=256, bias=True)
  (3): ELU(alpha=1.0)
  (4): Linear(in_features=256, out_features=128, bias=True)
  (5): ELU(alpha=1.0)
  (6): Linear(in_features=128, out_features=1, bias=True)
)
[INFO]: Checkpoint loaded successfully
[INFO] Resetting environment and getting initial observations...
[INFO] Environment reset complete, starting simulation loop...
[INFO] Spawning world-level drone at /World/Drone...
[INFO] Drone USD loaded at /World/Drone
[INFO] Drone spawned at position (0.0, 0.0, 2.5)
[INFO] ArticulationView will be initialized after first physics step
[Drone drone] Mode: DISARMED → LOITER

================================================================================
DRONE DEBUG LOGGER INITIALIZED FOR world_drone
================================================================================

[INFO] Drone controller initialized in ARMED mode (auto-armed)
[INFO] Mode set to LOITER - will hold spawn position
[INFO] Debug logger enabled - verbose output active
[INFO] Drone bottom camera initialized
[INFO] Drone ROS2 publishers initialized on /drone namespace
[INFO] Adding /drone namespace ROS2 interface
[INFO] Drone topics created: cmd_vel, cmd_position, cmd_altitude
[INFO] Drone services created:
  - /drone/arm: True
  - /drone/takeoff: True
  - /drone/land: True
  - /drone/emergency_stop: True
[INFO] Drone control interface ready on /drone namespace
Error loading custom environment. You should download custom envs folder from: https://drive.google.com/drive/folders/1vVGuO1KIX1K6mD6mBHDZGm9nk2vaRyj3?usp=sharing
[INFO] Setting up viewport camera...
[INFO] Camera positioned to view robot
[INFO] Robot(s) should now be visible in the viewport!
[INFO] Use these controls to navigate:
  - Press 'F' to focus on robot
  - Mouse wheel: Zoom in/out
  - Middle mouse: Pan camera
  - Alt+Left mouse: Orbit view
  - WASD keys: Move robot (forward/back/left/right)
  - Q/E keys: Rotate left/right
[INFO] Initializing ArticulationView after physics step...
[INFO] Drone mass set to: 0.5 kg (Crazyflie scaled estimate)
[INFO] Using Hybrid Physics-Velocity Control (GPU PhysX compatible)
[INFO] Forces → Acceleration → Velocity integration (F=ma)
[INFO] LOITER target set to spawn position: (-0.00, -0.00, 2.50)
[SAFETY] World drone initialized:
  Current pos: (-0.000, -0.000, 2.498)
  Target pos:  (-0.000, -0.000, 2.498)
  Mode: LOITER, Armed: True
[INIT] Drone spawned at position: (-0.000, -0.000, 2.498)
[INIT] Initial velocity: (0.000, 0.000, -0.196)
[INIT] Initial mode: LOITER
[INIT] Ready for control


********************************************************************************
[ARM EVENT] Drone ARMED
********************************************************************************

[INFO] ArticulationView ready - found 1 drone(s)
[DEBUG] ArticulationView prim paths: ['/World/Drone']
[DEBUG] Controller initialized at position: (-0.00, -0.00, 2.50)
[DEBUG] Drone has 4 DOFs: ['m1_joint', 'm2_joint', 'm3_joint', 'm4_joint']
[DEBUG] Prim at /World/Drone exists: True
[DEBUG] Found root body (fallback) at: /World/Drone/body
[DEBUG] Found articulation root at: /World/Drone

────────────────────────────────────────────────────────────────────────────────
[FRAME 1] Δt = 1.00s
────────────────────────────────────────────────────────────────────────────────
  State      : Armed=True, Mode=LOITER
  Position   : ( -0.000,  -0.000,   2.498)
  Velocity   : (  0.000,   0.000,  -0.196)
  Target Pos : ( -0.000,  -0.000,   2.498)
  Error      : (  0.000,   0.000,   0.000) = 0.000m
  PID Output : (  0.000,   0.000,   0.000) m/s
  Applied Force: (  -0.00,    0.00,    5.69) N (|F|=5.69N)
  ✅ Gravity compensation active (Fz > 0)
  Actual Vel: (  0.000,   0.000,  -0.007) m/s
  ✅ Velocity matches PID output
────────────────────────────────────────────────────────────────────────────────


────────────────────────────────────────────────────────────────────────────────
[FRAME 15] Δt = 1.00s
────────────────────────────────────────────────────────────────────────────────
  State      : Armed=True, Mode=LOITER
  Position   : ( -0.000,  -0.000,   2.460)
  Velocity   : (  0.000,  -0.000,  -0.197)
  Target Pos : ( -0.000,  -0.000,   2.498)
  Error      : (  0.000,   0.000,   0.038) = 0.038m
  PID Output : (  0.000,   0.000,   0.077) m/s
  Applied Force: (  -0.00,    0.00,    6.00) N (|F|=6.00N)
  ✅ Gravity compensation active (Fz > 0)
  Actual Vel: (  0.000,  -0.000,   0.003) m/s
  ℹ️  Velocity differs from PID (hybrid physics integration active)
────────────────────────────────────────────────────────────────────────────────


────────────────────────────────────────────────────────────────────────────────
[FRAME 34] Δt = 1.00s
────────────────────────────────────────────────────────────────────────────────
  State      : Armed=True, Mode=LOITER
  Position   : ( -0.000,  -0.000,   2.428)
  Velocity   : (  0.000,  -0.000,  -0.123)
  Target Pos : ( -0.000,  -0.000,   2.498)
  Error      : (  0.000,   0.000,   0.069) = 0.069m
  PID Output : (  0.000,   0.000,   0.146) m/s
  Applied Force: (   0.00,    0.00,    5.98) N (|F|=5.98N)
  ✅ Gravity compensation active (Fz > 0)
  Actual Vel: (  0.000,  -0.000,   0.076) m/s
  ℹ️  Velocity differs from PID (hybrid physics integration active)
────────────────────────────────────────────────────────────────────────────────


────────────────────────────────────────────────────────────────────────────────
[FRAME 53] Δt = 1.00s
────────────────────────────────────────────────────────────────────────────────
  State      : Armed=True, Mode=LOITER
  Position   : ( -0.000,  -0.000,   2.419)
  Velocity   : (  0.000,   0.000,  -0.083)
  Target Pos : ( -0.000,  -0.000,   2.498)
  Error      : (  0.000,   0.000,   0.079) = 0.079m
  PID Output : (  0.000,   0.000,   0.172) m/s
  Applied Force: (   0.00,   -0.00,    5.92) N (|F|=5.92N)
  ✅ Gravity compensation active (Fz > 0)
  Actual Vel: (  0.000,   0.000,   0.115) m/s
  ℹ️  Velocity differs from PID (hybrid physics integration active)
────────────────────────────────────────────────────────────────────────────────

[DBG CACHE] Frame 60: Updating cache with pos=(-0.000,-0.000,2.418)
[DBG ROS2] Publishing to /drone/odom: pos=(-0.000,-0.000,2.418)

────────────────────────────────────────────────────────────────────────────────
[FRAME 72] Δt = 1.00s
────────────────────────────────────────────────────────────────────────────────
  State      : Armed=True, Mode=LOITER
  Position   : ( -0.000,  -0.000,   2.418)
  Velocity   : (  0.000,  -0.000,  -0.069)
  Target Pos : ( -0.000,  -0.000,   2.498)
  Error      : (  0.000,   0.000,   0.079) = 0.079m
  PID Output : (  0.000,   0.000,   0.179) m/s
  Applied Force: (  -0.00,    0.00,    5.90) N (|F|=5.90N)
  ✅ Gravity compensation active (Fz > 0)
  Actual Vel: (  0.000,  -0.000,   0.128) m/s
  ℹ️  Velocity differs from PID (hybrid physics integration active)
────────────────────────────────────────────────────────────────────────────────


────────────────────────────────────────────────────────────────────────────────
[FRAME 91] Δt = 1.00s
────────────────────────────────────────────────────────────────────────────────
  State      : Armed=True, Mode=LOITER
  Position   : ( -0.000,  -0.000,   2.421)
  Velocity   : (  0.000,  -0.000,  -0.065)
  Target Pos : ( -0.000,  -0.000,   2.498)
  Error      : (  0.000,   0.000,   0.076) = 0.076m
  PID Output : (  0.000,   0.000,   0.181) m/s
  Applied Force: (  -0.00,    0.00,    5.89) N (|F|=5.89N)
  ✅ Gravity compensation active (Fz > 0)
  Actual Vel: (  0.000,  -0.000,   0.131) m/s
  ℹ️  Velocity differs from PID (hybrid physics integration active)
────────────────────────────────────────────────────────────────────────────────


────────────────────────────────────────────────────────────────────────────────
[FRAME 109] Δt = 1.00s
────────────────────────────────────────────────────────────────────────────────
  State      : Armed=True, Mode=LOITER
  Position   : ( -0.000,  -0.000,   2.425)
  Velocity   : (  0.000,  -0.000,  -0.064)
  Target Pos : ( -0.000,  -0.000,   2.498)
  Error      : (  0.000,   0.000,   0.073) = 0.073m
  PID Output : (  0.000,   0.000,   0.181) m/s
  Applied Force: (  -0.00,    0.00,    5.89) N (|F|=5.89N)
  ✅ Gravity compensation active (Fz > 0)
  Actual Vel: (  0.000,  -0.000,   0.132) m/s
  ℹ️  Velocity differs from PID (hybrid physics integration active)
────────────────────────────────────────────────────────────────────────────────

[DBG CACHE] Frame 120: Updating cache with pos=(-0.000,-0.000,2.427)
[DBG ROS2] Publishing to /drone/odom: pos=(-0.000,-0.000,2.427)

────────────────────────────────────────────────────────────────────────────────
[FRAME 128] Δt = 1.00s
────────────────────────────────────────────────────────────────────────────────
  State      : Armed=True, Mode=LOITER
  Position   : ( -0.000,  -0.000,   2.428)
  Velocity   : (  0.000,  -0.000,  -0.065)
  Target Pos : ( -0.000,  -0.000,   2.498)
  Error      : (  0.000,   0.000,   0.070) = 0.070m
  PID Output : (  0.000,   0.000,   0.181) m/s
  Applied Force: (  -0.00,    0.00,    5.89) N (|F|=5.89N)
  ✅ Gravity compensation active (Fz > 0)
  Actual Vel: (  0.000,  -0.000,   0.132) m/s
  ℹ️  Velocity differs from PID (hybrid physics integration active)
────────────────────────────────────────────────────────────────────────────────


********************************************************************************
[ARM EVENT] Drone ARMED
********************************************************************************


────────────────────────────────────────────────────────────────────────────────
[FRAME 147] Δt = 1.00s
────────────────────────────────────────────────────────────────────────────────
  State      : Armed=True, Mode=LOITER
  Position   : ( -0.000,  -0.000,   2.431)
  Velocity   : (  0.000,  -0.000,  -0.065)
  Target Pos : ( -0.000,  -0.000,   2.498)
  Error      : (  0.000,   0.000,   0.066) = 0.066m
  PID Output : (  0.000,   0.000,   0.180) m/s
  Applied Force: (   0.00,    0.00,    5.89) N (|F|=5.89N)
  ✅ Gravity compensation active (Fz > 0)
  Actual Vel: (  0.000,  -0.000,   0.131) m/s
  ℹ️  Velocity differs from PID (hybrid physics integration active)
────────────────────────────────────────────────────────────────────────────────


────────────────────────────────────────────────────────────────────────────────
[FRAME 166] Δt = 1.00s
────────────────────────────────────────────────────────────────────────────────
  State      : Armed=True, Mode=LOITER
  Position   : ( -0.000,  -0.000,   2.435)
  Velocity   : (  0.000,  -0.000,  -0.065)
  Target Pos : ( -0.000,  -0.000,   2.498)
  Error      : (  0.000,   0.000,   0.063) = 0.063m
  PID Output : (  0.000,   0.000,   0.180) m/s
  Applied Force: (  -0.00,    0.00,    5.89) N (|F|=5.89N)
  ✅ Gravity compensation active (Fz > 0)
  Actual Vel: (  0.000,  -0.000,   0.131) m/s
  ℹ️  Velocity differs from PID (hybrid physics integration active)
────────────────────────────────────────────────────────────────────────────────

[DBG CACHE] Frame 180: Updating cache with pos=(-0.000,-0.000,2.437)
[DBG ROS2] Publishing to /drone/odom: pos=(-0.000,-0.000,2.437)

────────────────────────────────────────────────────────────────────────────────
[FRAME 185] Δt = 1.00s
────────────────────────────────────────────────────────────────────────────────
  State      : Armed=True, Mode=LOITER
  Position   : ( -0.000,  -0.000,   2.438)
  Velocity   : (  0.000,  -0.000,  -0.066)
  Target Pos : ( -0.000,  -0.000,   2.498)
  Error      : (  0.000,   0.000,   0.060) = 0.060m
  PID Output : (  0.000,   0.000,   0.179) m/s
  Applied Force: (   0.00,    0.00,    5.89) N (|F|=5.89N)
  ✅ Gravity compensation active (Fz > 0)
  Actual Vel: (  0.000,  -0.000,   0.130) m/s
  ℹ️  Velocity differs from PID (hybrid physics integration active)
────────────────────────────────────────────────────────────────────────────────


────────────────────────────────────────────────────────────────────────────────
[FRAME 204] Δt = 1.00s
────────────────────────────────────────────────────────────────────────────────
  State      : Armed=True, Mode=LOITER
  Position   : ( -0.000,  -0.000,   2.441)
  Velocity   : (  0.000,  -0.000,  -0.066)
  Target Pos : ( -0.000,  -0.000,   2.498)
  Error      : (  0.000,   0.000,   0.057) = 0.057m
  PID Output : (  0.000,   0.000,   0.179) m/s
  Applied Force: (  -0.00,    0.00,    5.89) N (|F|=5.89N)
  ✅ Gravity compensation active (Fz > 0)
  Actual Vel: (  0.000,  -0.000,   0.130) m/s
  ℹ️  Velocity differs from PID (hybrid physics integration active)
────────────────────────────────────────────────────────────────────────────────


────────────────────────────────────────────────────────────────────────────────
[FRAME 223] Δt = 1.00s
────────────────────────────────────────────────────────────────────────────────
  State      : Armed=True, Mode=LOITER
  Position   : ( -0.000,  -0.000,   2.443)
  Velocity   : (  0.000,   0.000,  -0.066)
  Target Pos : ( -0.000,  -0.000,   2.498)
  Error      : (  0.000,   0.000,   0.054) = 0.054m
  PID Output : (  0.000,   0.000,   0.179) m/s
  Applied Force: (  -0.00,   -0.00,    5.89) N (|F|=5.89N)
  ✅ Gravity compensation active (Fz > 0)
  Actual Vel: (  0.000,   0.000,   0.130) m/s
  ℹ️  Velocity differs from PID (hybrid physics integration active)
────────────────────────────────────────────────────────────────────────────────

[DBG CACHE] Frame 240: Updating cache with pos=(-0.000,-0.000,2.446)
[DBG ROS2] Publishing to /drone/odom: pos=(-0.000,-0.000,2.446)

────────────────────────────────────────────────────────────────────────────────
[FRAME 242] Δt = 1.00s
────────────────────────────────────────────────────────────────────────────────
  State      : Armed=True, Mode=LOITER
  Position   : ( -0.000,  -0.000,   2.446)
  Velocity   : (  0.000,   0.000,  -0.067)
  Target Pos : ( -0.000,  -0.000,   2.498)
  Error      : (  0.000,   0.000,   0.052) = 0.052m
  PID Output : (  0.000,   0.000,   0.178) m/s
  Applied Force: (  -0.00,   -0.00,    5.89) N (|F|=5.89N)
  ✅ Gravity compensation active (Fz > 0)
  Actual Vel: (  0.000,   0.000,   0.129) m/s
  ℹ️  Velocity differs from PID (hybrid physics integration active)
────────────────────────────────────────────────────────────────────────────────

[Drone drone] Target position: (-0.00, -0.00, 1.50)
[Drone drone] Mode: LOITER → POSITION
[SAFETY] Takeoff service executed:
  Mode: POSITION
  Target: (-0.000, -0.000, 1.500)
  Current: (-0.000, -0.000, 2.446)

────────────────────────────────────────────────────────────────────────────────
[FRAME 261] Δt = 1.00s
────────────────────────────────────────────────────────────────────────────────
  State      : Armed=True, Mode=POSITION
  Position   : ( -0.000,  -0.000,   2.138)
  Velocity   : (  0.000,  -0.000,  -1.529)
  Target Pos : ( -0.000,  -0.000,   1.500)
  Error      : (  0.000,   0.000,  -0.638) = 0.638m
  PID Output : (  0.000,   0.000,  -1.341) m/s
  Applied Force: (  -0.00,    0.00,    5.66) N (|F|=5.66N)
  ✅ Gravity compensation active (Fz > 0)
  Actual Vel: (  0.000,  -0.000,  -1.341) m/s
  ✅ Velocity matches PID output
  ⚠️  WARNING: Large altitude error (0.64m)
────────────────────────────────────────────────────────────────────────────────


────────────────────────────────────────────────────────────────────────────────
[FRAME 280] Δt = 1.00s
────────────────────────────────────────────────────────────────────────────────
  State      : Armed=True, Mode=POSITION
  Position   : ( -0.000,  -0.000,   1.668)
  Velocity   : (  0.000,  -0.000,  -0.977)
  Target Pos : ( -0.000,  -0.000,   1.500)
  Error      : (  0.000,   0.000,  -0.168) = 0.168m
  PID Output : (  0.000,   0.000,  -0.436) m/s
  Applied Force: (  -0.00,    0.00,    7.07) N (|F|=7.07N)
  ✅ Gravity compensation active (Fz > 0)
  Actual Vel: (  0.000,  -0.000,  -0.741) m/s
  ℹ️  Velocity differs from PID (hybrid physics integration active)
────────────────────────────────────────────────────────────────────────────────


────────────────────────────────────────────────────────────────────────────────
[FRAME 299] Δt = 1.00s
────────────────────────────────────────────────────────────────────────────────
  State      : Armed=True, Mode=POSITION
  Position   : ( -0.000,  -0.000,   1.453)
  Velocity   : (  0.000,  -0.000,  -0.400)
  Target Pos : ( -0.000,  -0.000,   1.500)
  Error      : (  0.000,   0.000,   0.047) = 0.047m
  PID Output : (  0.000,   0.000,  -0.008) m/s
  Applied Force: (   0.00,    0.00,    6.48) N (|F|=6.48N)
  ✅ Gravity compensation active (Fz > 0)
  Actual Vel: (  0.000,  -0.000,  -0.185) m/s
  ℹ️  Velocity differs from PID (hybrid physics integration active)
────────────────────────────────────────────────────────────────────────────────

[DBG CACHE] Frame 300: Updating cache with pos=(-0.000,-0.000,1.447)
[DBG ROS2] Publishing to /drone/odom: pos=(-0.000,-0.000,1.447)

────────────────────────────────────────────────────────────────────────────────
[FRAME 318] Δt = 1.00s
────────────────────────────────────────────────────────────────────────────────
  State      : Armed=True, Mode=POSITION
  Position   : ( -0.000,  -0.000,   1.385)
  Velocity   : (  0.000,   0.000,  -0.159)
  Target Pos : ( -0.000,  -0.000,   1.500)
  Error      : (  0.000,   0.000,   0.115) = 0.115m
  PID Output : (  0.000,   0.000,   0.137) m/s
  Applied Force: (  -0.00,   -0.00,    6.09) N (|F|=6.09N)
  ✅ Gravity compensation active (Fz > 0)
  Actual Vel: (  0.000,   0.000,   0.044) m/s
  ℹ️  Velocity differs from PID (hybrid physics integration active)
────────────────────────────────────────────────────────────────────────────────


────────────────────────────────────────────────────────────────────────────────
[FRAME 337] Δt = 1.00s
────────────────────────────────────────────────────────────────────────────────
  State      : Armed=True, Mode=POSITION
  Position   : ( -0.000,  -0.000,   1.370)
  Velocity   : (  0.000,   0.000,  -0.082)
  Target Pos : ( -0.000,  -0.000,   1.500)
  Error      : (  0.000,   0.000,   0.130) = 0.130m
  PID Output : (  0.000,   0.000,   0.177) m/s
  Applied Force: (  -0.00,   -0.00,    5.94) N (|F|=5.94N)
  ✅ Gravity compensation active (Fz > 0)
  Actual Vel: (  0.000,   0.000,   0.116) m/s
  ℹ️  Velocity differs from PID (hybrid physics integration active)
────────────────────────────────────────────────────────────────────────────────


────────────────────────────────────────────────────────────────────────────────
[FRAME 356] Δt = 1.00s
────────────────────────────────────────────────────────────────────────────────
  State      : Armed=True, Mode=POSITION
  Position   : ( -0.000,  -0.000,   1.372)
  Velocity   : (  0.000,   0.000,  -0.062)
  Target Pos : ( -0.000,  -0.000,   1.500)
  Error      : (  0.000,   0.000,   0.128) = 0.128m
  PID Output : (  0.000,   0.000,   0.186) m/s
  Applied Force: (   0.00,   -0.00,    5.90) N (|F|=5.90N)
  ✅ Gravity compensation active (Fz > 0)
  Actual Vel: (  0.000,   0.000,   0.134) m/s
  ℹ️  Velocity differs from PID (hybrid physics integration active)
────────────────────────────────────────────────────────────────────────────────

[DBG CACHE] Frame 360: Updating cache with pos=(-0.000,-0.000,1.373)
[DBG ROS2] Publishing to /drone/odom: pos=(-0.000,-0.000,1.373)

────────────────────────────────────────────────────────────────────────────────
[FRAME 375] Δt = 1.00s
────────────────────────────────────────────────────────────────────────────────
  State      : Armed=True, Mode=POSITION
  Position   : ( -0.000,  -0.000,   1.377)
  Velocity   : (  0.000,   0.000,  -0.058)
  Target Pos : ( -0.000,  -0.000,   1.500)
  Error      : (  0.000,   0.000,   0.123) = 0.123m
  PID Output : (  0.000,   0.000,   0.187) m/s
  Applied Force: (   0.00,   -0.00,    5.89) N (|F|=5.89N)
  ✅ Gravity compensation active (Fz > 0)
  Actual Vel: (  0.000,   0.000,   0.138) m/s
  ℹ️  Velocity differs from PID (hybrid physics integration active)
────────────────────────────────────────────────────────────────────────────────


────────────────────────────────────────────────────────────────────────────────
[FRAME 394] Δt = 1.00s
────────────────────────────────────────────────────────────────────────────────
  State      : Armed=True, Mode=POSITION
  Position   : ( -0.000,  -0.000,   1.383)
  Velocity   : (  0.000,   0.000,  -0.058)
  Target Pos : ( -0.000,  -0.000,   1.500)
  Error      : (  0.000,   0.000,   0.117) = 0.117m
  PID Output : (  0.000,   0.000,   0.187) m/s
  Applied Force: (   0.00,   -0.00,    5.89) N (|F|=5.89N)
  ✅ Gravity compensation active (Fz > 0)
  Actual Vel: (  0.000,   0.000,   0.138) m/s
  ℹ️  Velocity differs from PID (hybrid physics integration active)
────────────────────────────────────────────────────────────────────────────────


────────────────────────────────────────────────────────────────────────────────
[FRAME 413] Δt = 1.00s
────────────────────────────────────────────────────────────────────────────────
  State      : Armed=True, Mode=POSITION
  Position   : ( -0.000,  -0.000,   1.389)
  Velocity   : (  0.000,   0.000,  -0.059)
  Target Pos : ( -0.000,  -0.000,   1.500)
  Error      : (  0.000,   0.000,   0.111) = 0.111m
  PID Output : (  0.000,   0.000,   0.186) m/s
  Applied Force: (  -0.00,   -0.00,    5.88) N (|F|=5.88N)
  ✅ Gravity compensation active (Fz > 0)
  Actual Vel: (  0.000,   0.000,   0.137) m/s
  ℹ️  Velocity differs from PID (hybrid physics integration active)
────────────────────────────────────────────────────────────────────────────────

[DBG CACHE] Frame 420: Updating cache with pos=(-0.000,-0.000,1.391)
[DBG ROS2] Publishing to /drone/odom: pos=(-0.000,-0.000,1.391)
[Drone drone] Target position: (1.00, 0.50, 1.89)

────────────────────────────────────────────────────────────────────────────────
[FRAME 432] Δt = 1.00s
────────────────────────────────────────────────────────────────────────────────
  State      : Armed=True, Mode=POSITION
  Position   : ( -0.000,  -0.000,   1.394)
  Velocity   : (  0.000,  -0.000,  -0.060)
  Target Pos : (  1.000,   0.500,   1.894)
  Error      : (  1.000,   0.500,   0.500) = 1.225m
  PID Output : (  1.202,   0.601,   0.975) m/s
  Applied Force: (   4.81,    2.40,    9.04) N (|F|=10.52N)
  ✅ Gravity compensation active (Fz > 0)
  Actual Vel: (  0.160,   0.080,   0.242) m/s
  ℹ️  Velocity differs from PID (hybrid physics integration active)
────────────────────────────────────────────────────────────────────────────────


────────────────────────────────────────────────────────────────────────────────
[FRAME 451] Δt = 1.00s
────────────────────────────────────────────────────────────────────────────────
  State      : Armed=True, Mode=POSITION
  Position   : (  0.288,   0.144,   1.579)
  Velocity   : (  0.944,   0.472,   0.488)
  Target Pos : (  1.000,   0.500,   1.894)
  Error      : (  0.712,   0.356,   0.315) = 0.856m
  PID Output : (  0.883,   0.442,   0.644) m/s
  Applied Force: (  -0.24,   -0.12,    5.53) N (|F|=5.53N)
  ✅ Gravity compensation active (Fz > 0)
  Actual Vel: (  0.936,   0.468,   0.673) m/s
  ℹ️  Velocity differs from PID (hybrid physics integration active)
────────────────────────────────────────────────────────────────────────────────


────────────────────────────────────────────────────────────────────────────────
[FRAME 470] Δt = 1.00s
────────────────────────────────────────────────────────────────────────────────
  State      : Armed=True, Mode=POSITION
  Position   : (  0.594,   0.297,   1.736)
  Velocity   : (  0.657,   0.328,   0.204)
  Target Pos : (  1.000,   0.500,   1.894)
  Error      : (  0.406,   0.203,   0.158) = 0.481m
  PID Output : (  0.533,   0.267,   0.351) m/s
  Applied Force: (  -0.49,   -0.25,    5.49) N (|F|=5.52N)
  ✅ Gravity compensation active (Fz > 0)
  Actual Vel: (  0.640,   0.320,   0.387) m/s
  ℹ️  Velocity differs from PID (hybrid physics integration active)
────────────────────────────────────────────────────────────────────────────────

[DBG CACHE] Frame 480: Updating cache with pos=(0.708,0.354,1.778)
[DBG ROS2] Publishing to /drone/odom: pos=(0.708,0.354,1.778)

────────────────────────────────────────────────────────────────────────────────
[FRAME 489] Δt = 1.00s
────────────────────────────────────────────────────────────────────────────────
  State      : Armed=True, Mode=POSITION
  Position   : (  0.787,   0.393,   1.801)
  Velocity   : (  0.392,   0.196,   0.027)
  Target Pos : (  1.000,   0.500,   1.894)
  Error      : (  0.213,   0.107,   0.093) = 0.256m
  PID Output : (  0.310,   0.155,   0.231) m/s
  Applied Force: (  -0.33,   -0.16,    5.72) N (|F|=5.73N)
  ✅ Gravity compensation active (Fz > 0)
  Actual Vel: (  0.381,   0.191,   0.218) m/s
  ℹ️  Velocity differs from PID (hybrid physics integration active)
────────────────────────────────────────────────────────────────────────────────


────────────────────────────────────────────────────────────────────────────────
[FRAME 508] Δt = 1.00s
────────────────────────────────────────────────────────────────────────────────
  State      : Armed=True, Mode=POSITION
  Position   : (  0.900,   0.450,   1.824)
  Velocity   : (  0.228,   0.114,  -0.039)
  Target Pos : (  1.000,   0.500,   1.894)
  Error      : (  0.100,   0.050,   0.070) = 0.131m
  PID Output : (  0.179,   0.089,   0.193) m/s
  Applied Force: (  -0.20,   -0.10,    5.83) N (|F|=5.84N)
  ✅ Gravity compensation active (Fz > 0)
  Actual Vel: (  0.221,   0.111,   0.155) m/s
  ℹ️  Velocity differs from PID (hybrid physics integration active)
────────────────────────────────────────────────────────────────────────────────


────────────────────────────────────────────────────────────────────────────────
[FRAME 527] Δt = 1.00s
────────────────────────────────────────────────────────────────────────────────
  State      : Armed=True, Mode=POSITION
  Position   : (  0.966,   0.483,   1.832)
  Velocity   : (  0.131,   0.065,  -0.059)
  Target Pos : (  1.000,   0.500,   1.894)
  Error      : (  0.034,   0.017,   0.062) = 0.072m
  PID Output : (  0.102,   0.051,   0.182) m/s
  Applied Force: (  -0.11,   -0.06,    5.87) N (|F|=5.87N)
  ✅ Gravity compensation active (Fz > 0)
  Actual Vel: (  0.127,   0.063,   0.136) m/s
  ℹ️  Velocity differs from PID (hybrid physics integration active)
────────────────────────────────────────────────────────────────────────────────

[DBG CACHE] Frame 540: Updating cache with pos=(0.994,0.497,1.835)
[DBG ROS2] Publishing to /drone/odom: pos=(0.994,0.497,1.835)

────────────────────────────────────────────────────────────────────────────────
[FRAME 546] Δt = 1.00s
────────────────────────────────────────────────────────────────────────────────
  State      : Armed=True, Mode=POSITION
  Position   : (  1.003,   0.502,   1.836)
  Velocity   : (  0.074,   0.037,  -0.065)
  Target Pos : (  1.000,   0.500,   1.894)
  Error      : ( -0.003,  -0.002,   0.057) = 0.058m
  PID Output : (  0.058,   0.029,   0.179) m/s
  Applied Force: (  -0.07,   -0.03,    5.88) N (|F|=5.88N)
  ✅ Gravity compensation active (Fz > 0)
  Actual Vel: (  0.072,   0.036,   0.131) m/s
  ℹ️  Velocity differs from PID (hybrid physics integration active)
────────────────────────────────────────────────────────────────────────────────


────────────────────────────────────────────────────────────────────────────────
[FRAME 565] Δt = 1.00s
────────────────────────────────────────────────────────────────────────────────
  State      : Armed=True, Mode=POSITION
  Position   : (  1.024,   0.512,   1.839)
  Velocity   : (  0.042,   0.021,  -0.066)
  Target Pos : (  1.000,   0.500,   1.894)
  Error      : ( -0.024,  -0.012,   0.054) = 0.061m
  PID Output : (  0.032,   0.016,   0.179) m/s
  Applied Force: (  -0.04,   -0.02,    5.88) N (|F|=5.88N)
  ✅ Gravity compensation active (Fz > 0)
  Actual Vel: (  0.040,   0.020,   0.130) m/s
  ℹ️  Velocity differs from PID (hybrid physics integration active)
────────────────────────────────────────────────────────────────────────────────


────────────────────────────────────────────────────────────────────────────────
[FRAME 584] Δt = 1.00s
────────────────────────────────────────────────────────────────────────────────
  State      : Armed=True, Mode=POSITION
  Position   : (  1.036,   0.518,   1.842)
  Velocity   : (  0.023,   0.011,  -0.067)
  Target Pos : (  1.000,   0.500,   1.894)
  Error      : ( -0.036,  -0.018,   0.052) = 0.066m
  PID Output : (  0.017,   0.008,   0.178) m/s
  Applied Force: (  -0.02,   -0.01,    5.89) N (|F|=5.89N)
  ✅ Gravity compensation active (Fz > 0)
  Actual Vel: (  0.022,   0.011,   0.129) m/s
  ℹ️  Velocity differs from PID (hybrid physics integration active)
────────────────────────────────────────────────────────────────────────────────

[DBG CACHE] Frame 600: Updating cache with pos=(1.041,0.521,1.844)
[DBG ROS2] Publishing to /drone/odom: pos=(1.041,0.521,1.844)

────────────────────────────────────────────────────────────────────────────────
[FRAME 603] Δt = 1.00s
────────────────────────────────────────────────────────────────────────────────
  State      : Armed=True, Mode=POSITION
  Position   : (  1.042,   0.521,   1.844)
  Velocity   : (  0.012,   0.006,  -0.067)
  Target Pos : (  1.000,   0.500,   1.894)
  Error      : ( -0.042,  -0.021,   0.049) = 0.068m
  PID Output : (  0.008,   0.004,   0.178) m/s
  Applied Force: (  -0.01,   -0.01,    5.89) N (|F|=5.89N)
  ✅ Gravity compensation active (Fz > 0)
  Actual Vel: (  0.011,   0.006,   0.129) m/s
  ℹ️  Velocity differs from PID (hybrid physics integration active)
────────────────────────────────────────────────────────────────────────────────


────────────────────────────────────────────────────────────────────────────────
[FRAME 622] Δt = 1.00s
────────────────────────────────────────────────────────────────────────────────
  State      : Armed=True, Mode=POSITION
  Position   : (  1.045,   0.523,   1.847)
  Velocity   : (  0.005,   0.003,  -0.067)
  Target Pos : (  1.000,   0.500,   1.894)
  Error      : ( -0.045,  -0.023,   0.047) = 0.069m
  PID Output : (  0.003,   0.002,   0.178) m/s
  Applied Force: (  -0.01,   -0.00,    5.89) N (|F|=5.89N)
  ✅ Gravity compensation active (Fz > 0)
  Actual Vel: (  0.005,   0.002,   0.129) m/s
  ℹ️  Velocity differs from PID (hybrid physics integration active)
────────────────────────────────────────────────────────────────────────────────


────────────────────────────────────────────────────────────────────────────────
[FRAME 641] Δt = 1.00s
────────────────────────────────────────────────────────────────────────────────
  State      : Armed=True, Mode=POSITION
  Position   : (  1.046,   0.523,   1.849)
  Velocity   : (  0.002,   0.001,  -0.068)
  Target Pos : (  1.000,   0.500,   1.894)
  Error      : ( -0.046,  -0.023,   0.045) = 0.068m
  PID Output : (  0.001,   0.000,   0.177) m/s
  Applied Force: (  -0.00,   -0.00,    5.89) N (|F|=5.89N)
  ✅ Gravity compensation active (Fz > 0)
  Actual Vel: (  0.001,   0.001,   0.128) m/s
  ℹ️  Velocity differs from PID (hybrid physics integration active)
────────────────────────────────────────────────────────────────────────────────


────────────────────────────────────────────────────────────────────────────────
[FRAME 660] Δt = 1.00s
────────────────────────────────────────────────────────────────────────────────
  State      : Armed=True, Mode=POSITION
  Position   : (  1.047,   0.523,   1.851)
  Velocity   : ( -0.001,  -0.000,  -0.068)
  Target Pos : (  1.000,   0.500,   1.894)
  Error      : ( -0.047,  -0.023,   0.042) = 0.067m
  PID Output : ( -0.001,  -0.001,   0.177) m/s
  Applied Force: (  -0.00,   -0.00,    5.89) N (|F|=5.89N)
  ✅ Gravity compensation active (Fz > 0)
  Actual Vel: ( -0.001,  -0.000,   0.128) m/s
  ℹ️  Velocity differs from PID (hybrid physics integration active)
────────────────────────────────────────────────────────────────────────────────

[DBG CACHE] Frame 660: Updating cache with pos=(1.047,0.523,1.851)
[DBG ROS2] Publishing to /drone/odom: pos=(1.047,0.523,1.851)

────────────────────────────────────────────────────────────────────────────────
[FRAME 679] Δt = 1.00s
────────────────────────────────────────────────────────────────────────────────
  State      : Armed=True, Mode=POSITION
  Position   : (  1.046,   0.523,   1.853)
  Velocity   : ( -0.002,  -0.001,  -0.068)
  Target Pos : (  1.000,   0.500,   1.894)
  Error      : ( -0.046,  -0.023,   0.040) = 0.065m
  PID Output : ( -0.002,  -0.001,   0.177) m/s
  Applied Force: (  -0.00,   -0.00,    5.89) N (|F|=5.89N)
  ✅ Gravity compensation active (Fz > 0)
  Actual Vel: ( -0.002,  -0.001,   0.128) m/s
  ℹ️  Velocity differs from PID (hybrid physics integration active)
────────────────────────────────────────────────────────────────────────────────


────────────────────────────────────────────────────────────────────────────────
[FRAME 698] Δt = 1.00s
────────────────────────────────────────────────────────────────────────────────
  State      : Armed=True, Mode=POSITION
  Position   : (  1.045,   0.523,   1.855)
  Velocity   : ( -0.002,  -0.001,  -0.069)
  Target Pos : (  1.000,   0.500,   1.894)
  Error      : ( -0.045,  -0.023,   0.038) = 0.064m
  PID Output : ( -0.002,  -0.001,   0.177) m/s
  Applied Force: (  -0.00,   -0.00,    5.89) N (|F|=5.89N)
  ✅ Gravity compensation active (Fz > 0)
  Actual Vel: ( -0.002,  -0.001,   0.128) m/s
  ℹ️  Velocity differs from PID (hybrid physics integration active)
────────────────────────────────────────────────────────────────────────────────

[Drone drone] Mode: POSITION → LANDING

────────────────────────────────────────────────────────────────────────────────
[FRAME 717] Δt = 1.00s
────────────────────────────────────────────────────────────────────────────────
  State      : Armed=True, Mode=LANDING
  Position   : (  1.044,   0.522,   1.841)
  Velocity   : ( -0.001,  -0.001,  -0.312)
  Target Pos : (  1.000,   0.500,   1.894)
  Error      : ( -0.044,  -0.022,   0.053) = 0.072m
  PID Output : (  0.000,   0.000,  -0.300) m/s
  Applied Force: (   0.01,    0.00,    4.95) N (|F|=4.95N)
  Actual Vel: ( -0.001,  -0.001,  -0.147) m/s
  ℹ️  Velocity differs from PID (hybrid physics integration active)
────────────────────────────────────────────────────────────────────────────────

[DBG CACHE] Frame 720: Updating cache with pos=(1.044,0.522,1.823)
[DBG ROS2] Publishing to /drone/odom: pos=(1.044,0.522,1.823)

────────────────────────────────────────────────────────────────────────────────
[FRAME 736] Δt = 1.00s
────────────────────────────────────────────────────────────────────────────────
  State      : Armed=True, Mode=LANDING
  Position   : (  1.044,   0.522,   1.690)
  Velocity   : ( -0.000,  -0.000,  -0.530)
  Target Pos : (  1.000,   0.500,   1.894)
  Error      : ( -0.044,  -0.022,   0.204) = 0.209m
  PID Output : (  0.000,   0.000,  -0.300) m/s
  Applied Force: (   0.00,    0.00,    5.82) N (|F|=5.82N)
  Actual Vel: ( -0.000,  -0.000,  -0.336) m/s
  ℹ️  Velocity differs from PID (hybrid physics integration active)
────────────────────────────────────────────────────────────────────────────────


────────────────────────────────────────────────────────────────────────────────
[FRAME 755] Δt = 1.00s
────────────────────────────────────────────────────────────────────────────────
  State      : Armed=True, Mode=LANDING
  Position   : (  1.044,   0.522,   1.513)
  Velocity   : ( -0.000,  -0.000,  -0.544)
  Target Pos : (  1.000,   0.500,   1.894)
  Error      : ( -0.044,  -0.022,   0.381) = 0.384m
  PID Output : (  0.000,   0.000,  -0.300) m/s
  Applied Force: (   0.00,    0.00,    5.88) N (|F|=5.88N)
  Actual Vel: ( -0.000,  -0.000,  -0.348) m/s
  ℹ️  Velocity differs from PID (hybrid physics integration active)
────────────────────────────────────────────────────────────────────────────────


────────────────────────────────────────────────────────────────────────────────
[FRAME 774] Δt = 1.00s
────────────────────────────────────────────────────────────────────────────────
  State      : Armed=True, Mode=LANDING
  Position   : (  1.044,   0.522,   1.334)
  Velocity   : ( -0.000,  -0.000,  -0.545)
  Target Pos : (  1.000,   0.500,   1.894)
  Error      : ( -0.044,  -0.022,   0.560) = 0.562m
  PID Output : (  0.000,   0.000,  -0.300) m/s
  Applied Force: (   0.00,    0.00,    5.89) N (|F|=5.89N)
  Actual Vel: ( -0.000,  -0.000,  -0.349) m/s
  ℹ️  Velocity differs from PID (hybrid physics integration active)
────────────────────────────────────────────────────────────────────────────────

[DBG CACHE] Frame 780: Updating cache with pos=(1.044,0.522,1.277)
[DBG ROS2] Publishing to /drone/odom: pos=(1.044,0.522,1.277)

────────────────────────────────────────────────────────────────────────────────
[FRAME 793] Δt = 1.00s
────────────────────────────────────────────────────────────────────────────────
  State      : Armed=True, Mode=LANDING
  Position   : (  1.044,   0.522,   1.154)
  Velocity   : ( -0.000,  -0.000,  -0.545)
  Target Pos : (  1.000,   0.500,   1.894)
  Error      : ( -0.044,  -0.022,   0.739) = 0.741m
  PID Output : (  0.000,   0.000,  -0.300) m/s
  Applied Force: (   0.00,    0.00,    5.89) N (|F|=5.89N)
  Actual Vel: ( -0.000,  -0.000,  -0.349) m/s
  ℹ️  Velocity differs from PID (hybrid physics integration active)
────────────────────────────────────────────────────────────────────────────────


────────────────────────────────────────────────────────────────────────────────
[FRAME 813] Δt = 1.00s
────────────────────────────────────────────────────────────────────────────────
  State      : Armed=True, Mode=LANDING
  Position   : (  1.044,   0.522,   0.966)
  Velocity   : ( -0.000,  -0.000,  -0.545)
  Target Pos : (  1.000,   0.500,   1.894)
  Error      : ( -0.044,  -0.022,   0.928) = 0.929m
  PID Output : (  0.000,   0.000,  -0.300) m/s
  Applied Force: (   0.00,    0.00,    5.89) N (|F|=5.89N)
  Actual Vel: ( -0.000,  -0.000,  -0.349) m/s
  ℹ️  Velocity differs from PID (hybrid physics integration active)
────────────────────────────────────────────────────────────────────────────────


────────────────────────────────────────────────────────────────────────────────
[FRAME 832] Δt = 1.00s
────────────────────────────────────────────────────────────────────────────────
  State      : Armed=True, Mode=LANDING
  Position   : (  1.044,   0.522,   0.787)
  Velocity   : ( -0.000,  -0.000,  -0.545)
  Target Pos : (  1.000,   0.500,   1.894)
  Error      : ( -0.044,  -0.022,   1.107) = 1.108m
  PID Output : (  0.000,   0.000,  -0.300) m/s
  Applied Force: (   0.00,    0.00,    5.89) N (|F|=5.89N)
  Actual Vel: ( -0.000,  -0.000,  -0.349) m/s
  ℹ️  Velocity differs from PID (hybrid physics integration active)
────────────────────────────────────────────────────────────────────────────────

[DBG CACHE] Frame 840: Updating cache with pos=(1.044,0.522,0.711)
[DBG ROS2] Publishing to /drone/odom: pos=(1.044,0.522,0.711)

────────────────────────────────────────────────────────────────────────────────
[FRAME 852] Δt = 1.00s
────────────────────────────────────────────────────────────────────────────────
  State      : Armed=True, Mode=LANDING
  Position   : (  1.044,   0.522,   0.598)
  Velocity   : ( -0.000,  -0.000,  -0.545)
  Target Pos : (  1.000,   0.500,   1.894)
  Error      : ( -0.044,  -0.022,   1.296) = 1.297m
  PID Output : (  0.000,   0.000,  -0.300) m/s
  Applied Force: (   0.00,    0.00,    5.89) N (|F|=5.89N)
  Actual Vel: ( -0.000,  -0.000,  -0.349) m/s
  ℹ️  Velocity differs from PID (hybrid physics integration active)
────────────────────────────────────────────────────────────────────────────────


────────────────────────────────────────────────────────────────────────────────
[FRAME 872] Δt = 1.00s
────────────────────────────────────────────────────────────────────────────────
  State      : Armed=True, Mode=LANDING
  Position   : (  1.044,   0.522,   0.409)
  Velocity   : ( -0.000,  -0.000,  -0.545)
  Target Pos : (  1.000,   0.500,   1.894)
  Error      : ( -0.044,  -0.022,   1.485) = 1.485m
  PID Output : (  0.000,   0.000,  -0.300) m/s
  Applied Force: (   0.00,    0.00,    5.89) N (|F|=5.89N)
  Actual Vel: ( -0.000,  -0.000,  -0.349) m/s
  ℹ️  Velocity differs from PID (hybrid physics integration active)
────────────────────────────────────────────────────────────────────────────────


────────────────────────────────────────────────────────────────────────────────
[FRAME 891] Δt = 1.00s
────────────────────────────────────────────────────────────────────────────────
  State      : Armed=True, Mode=LANDING
  Position   : (  1.044,   0.522,   0.230)
  Velocity   : ( -0.000,   0.000,  -0.545)
  Target Pos : (  1.000,   0.500,   1.894)
  Error      : ( -0.044,  -0.022,   1.664) = 1.664m
  PID Output : (  0.000,   0.000,  -0.300) m/s
  Applied Force: (   0.00,   -0.00,    5.89) N (|F|=5.89N)
  Actual Vel: ( -0.000,   0.000,  -0.349) m/s
  ℹ️  Velocity differs from PID (hybrid physics integration active)
────────────────────────────────────────────────────────────────────────────────

[DBG CACHE] Frame 900: Updating cache with pos=(1.044,0.522,0.145)
[DBG ROS2] Publishing to /drone/odom: pos=(1.044,0.522,0.145)
[Drone drone] Mode: LANDING → DISARMED
[Drone drone] Landed and disarmed
[DBG CACHE] Frame 960: Updating cache with pos=(1.044,0.522,0.075)
[DBG ROS2] Publishing to /drone/odom: pos=(1.044,0.522,0.075)
[DBG CACHE] Frame 1020: Updating cache with pos=(1.044,0.522,0.075)
[DBG ROS2] Publishing to /drone/odom: pos=(1.044,0.522,0.075)
[DBG CACHE] Frame 1080: Updating cache with pos=(1.044,0.522,0.075)
[DBG ROS2] Publishing to /drone/odom: pos=(1.044,0.522,0.075)
[DBG CACHE] Frame 1140: Updating cache with pos=(1.044,0.522,0.075)
[DBG ROS2] Publishing to /drone/odom: pos=(1.044,0.522,0.075)
[DBG CACHE] Frame 1200: Updating cache with pos=(1.044,0.522,0.075)
[DBG ROS2] Publishing to /drone/odom: pos=(1.044,0.522,0.075)
[DBG CACHE] Frame 1260: Updating cache with pos=(1.044,0.522,0.075)
[DBG ROS2] Publishing to /drone/odom: pos=(1.044,0.522,0.075)
[DBG CACHE] Frame 1320: Updating cache with pos=(1.044,0.522,0.075)
[DBG ROS2] Publishing to /drone/odom: pos=(1.044,0.522,0.075)
