================================================================================
SIMULATION LOG - 2025-11-16 18:02:01
Log file: /home/kishi/ResQoUnity/logs/simulation/drone_sim_20251116_180201.log
================================================================================

[INFO] Creating environment: Isaac-Velocity-Rough-Unitree-Go2-v0
[INFO] Robot: go2, Amount: 1, Terrain: flat
[INFO]: Base environment:
	Environment device    : cuda:0
	Physics step-size     : 0.005
	Rendering step-size   : 0.005
	Environment step-size : 0.02
	Physics GPU pipeline  : True
	Physics GPU simulation: True
[INFO]: Time taken for scene creation : 0.977085 seconds
[INFO]: Scene manager:  <class InteractiveScene>
	Number of environments: 1
	Environment spacing   : 2.5
	Source prim name      : /World/envs/env_0
	Global prim paths     : ['/World/ground']
	Replicate physics     : True
[INFO]: Starting the simulation. This may take a few seconds. Please wait...
[INFO]: Time taken for simulation start : 0.968691 seconds
[INFO] Command Manager:  <CommandManager> contains 1 active terms.
+------------------------------------------------+
|              Active Command Terms              |
+-------+---------------+------------------------+
| Index | Name          |          Type          |
+-------+---------------+------------------------+
|   0   | base_velocity | UniformVelocityCommand |
+-------+---------------+------------------------+

[INFO] Action Manager:  <ActionManager> contains 1 active terms.
+------------------------------------+
|  Active Action Terms (shape: 12)   |
+--------+-------------+-------------+
| Index  | Name        |   Dimension |
+--------+-------------+-------------+
|   0    | joint_pos   |          12 |
+--------+-------------+-------------+

Module omni.isaac.orbit.utils.warp.kernels load on device 'cuda:0' took 1.24 ms
[INFO] Observation Manager: <ObservationManager> contains 1 groups.
+----------------------------------------------------------+
| Active Observation Terms in Group: 'policy' (shape: (235,)) |
+-----------+--------------------------------+-------------+
|   Index   | Name                           |    Shape    |
+-----------+--------------------------------+-------------+
|     0     | base_lin_vel                   |     (3,)    |
|     1     | base_ang_vel                   |     (3,)    |
|     2     | projected_gravity              |     (3,)    |
|     3     | velocity_commands              |     (3,)    |
|     4     | joint_pos                      |    (12,)    |
|     5     | joint_vel                      |    (12,)    |
|     6     | actions                        |    (12,)    |
|     7     | height_scan                    |    (187,)   |
+-----------+--------------------------------+-------------+

[INFO] Event Manager:  <EventManager> contains 1 active terms.
+--------------------------------------+
| Active Event Terms in Mode: 'startup' |
+----------+---------------------------+
|  Index   | Name                      |
+----------+---------------------------+
|    0     | physics_material          |
+----------+---------------------------+

[INFO] Termination Manager:  <TerminationManager> contains 2 active terms.
+---------------------------------+
|     Active Termination Terms    |
+-------+--------------+----------+
| Index | Name         | Time Out |
+-------+--------------+----------+
|   0   | time_out     |   True   |
|   1   | base_contact |  False   |
+-------+--------------+----------+

[INFO] Reward Manager:  <RewardManager> contains 10 active terms.
+-----------------------------------------+
|           Active Reward Terms           |
+-------+----------------------+----------+
| Index | Name                 |   Weight |
+-------+----------------------+----------+
|   0   | track_lin_vel_xy_exp |      1.5 |
|   1   | track_ang_vel_z_exp  |     0.75 |
|   2   | lin_vel_z_l2         |     -2.0 |
|   3   | ang_vel_xy_l2        |    -0.05 |
|   4   | dof_torques_l2       |  -0.0002 |
|   5   | dof_acc_l2           | -2.5e-07 |
|   6   | action_rate_l2       |    -0.01 |
|   7   | feet_air_time        |     0.01 |
|   8   | flat_orientation_l2  |      0.0 |
|   9   | dof_pos_limits       |      0.0 |
+-------+----------------------+----------+

[INFO] Curriculum Manager:  <CurriculumManager> contains 0 active terms.
+----------------------+
| Active Curriculum Terms |
+-----------+----------+
|   Index   | Name     |
+-----------+----------+
+-----------+----------+

Creating window for environment.
[INFO]: Completed setting up the environment...
[INFO] Environment created successfully!
[INFO] Environment wrapped for RSL-RL
[INFO] Loading experiment from directory: /home/kishi/ResQoUnity/logs/rsl_rl/unitree_go2_rough
[INFO]: Loading model checkpoint from: /home/kishi/ResQoUnity/logs/rsl_rl/unitree_go2_rough/2024-04-06_02-37-07/model_7850.pt
--------------------------------------------------------------------------------
Resolved observation sets: 
	 policy :  ['policy']
	 critic :  ['policy']
--------------------------------------------------------------------------------
Actor MLP: MLP(
  (0): Linear(in_features=235, out_features=512, bias=True)
  (1): ELU(alpha=1.0)
  (2): Linear(in_features=512, out_features=256, bias=True)
  (3): ELU(alpha=1.0)
  (4): Linear(in_features=256, out_features=128, bias=True)
  (5): ELU(alpha=1.0)
  (6): Linear(in_features=128, out_features=12, bias=True)
)
Critic MLP: MLP(
  (0): Linear(in_features=235, out_features=512, bias=True)
  (1): ELU(alpha=1.0)
  (2): Linear(in_features=512, out_features=256, bias=True)
  (3): ELU(alpha=1.0)
  (4): Linear(in_features=256, out_features=128, bias=True)
  (5): ELU(alpha=1.0)
  (6): Linear(in_features=128, out_features=1, bias=True)
)
[INFO]: Checkpoint loaded successfully
[INFO] Resetting environment and getting initial observations...
[INFO] Environment reset complete, starting simulation loop...
[INFO] Spawning world-level drone at /World/Drone...
[INFO] Spawning drone at /World/envs/env_0/Drone (inside env for physics stepping)
[INFO] Drone USD loaded at /World/envs/env_0/Drone
[INFO] Drone spawned at position (0.0, 0.0, 2.5)
[INFO] ArticulationView will be initialized after first physics step
[Drone drone] Mode: DISARMED → LOITER

================================================================================
DRONE DEBUG LOGGER INITIALIZED FOR world_drone
================================================================================

[INFO] Drone controller initialized in ARMED mode (auto-armed)
[INFO] Mode set to LOITER - will hold spawn position
[INFO] Debug logger enabled - verbose output active
[INFO] Drone bottom camera initialized
[INFO] Drone ROS2 publishers initialized on /drone namespace
[INFO] Adding /drone namespace ROS2 interface
[INFO] Drone topics created: cmd_vel, cmd_position, cmd_altitude
[INFO] Drone services created:
  - /drone/arm: True
  - /drone/takeoff: True
  - /drone/land: True
  - /drone/emergency_stop: True
[INFO] Drone control interface ready on /drone namespace
Error loading custom environment. You should download custom envs folder from: https://drive.google.com/drive/folders/1vVGuO1KIX1K6mD6mBHDZGm9nk2vaRyj3?usp=sharing
[INFO] Setting up viewport camera...
[INFO] Camera positioned to view robot
[INFO] Robot(s) should now be visible in the viewport!
[INFO] Use these controls to navigate:
  - Press 'F' to focus on robot
  - Mouse wheel: Zoom in/out
  - Middle mouse: Pan camera
  - Alt+Left mouse: Orbit view
  - WASD keys: Move robot (forward/back/left/right)
  - Q/E keys: Rotate left/right
[INFO] Initializing ArticulationView after physics step...
[INFO] Drone mass set to: 0.5 kg (Crazyflie scaled estimate)
[INFO] Using Hybrid Physics-Velocity Control (GPU PhysX compatible)
[INFO] Forces → Acceleration → Velocity integration (F=ma)
[INFO] LOITER target set to spawn position: (-0.00, -0.00, 2.50)
[SAFETY] World drone initialized:
  Current pos: (-0.000, -0.000, 2.498)
  Target pos:  (-0.000, -0.000, 2.498)
  Mode: LOITER, Armed: True
[INIT] Drone spawned at position: (-0.000, -0.000, 2.498)
[INIT] Initial velocity: (0.000, 0.000, -0.196)
[INIT] Initial mode: LOITER
[INIT] Ready for control


********************************************************************************
[ARM EVENT] Drone ARMED
********************************************************************************

[INFO] ArticulationView ready - found 1 drone(s)
[DEBUG] ArticulationView prim paths: ['/World/envs/env_0/Drone']
[DEBUG] Controller initialized at position: (-0.00, -0.00, 2.50)
[DEBUG] Drone has 4 DOFs: ['m1_joint', 'm2_joint', 'm3_joint', 'm4_joint']
[DEBUG] Prim at /World/envs/env_0/Drone exists: True
[DEBUG] Found root body (fallback) at: /World/envs/env_0/Drone/body
[DEBUG] Found articulation root at: /World/envs/env_0/Drone
[DBG RENDER] Viewport sync triggered at pos (-0.000, -0.000, 2.498)

────────────────────────────────────────────────────────────────────────────────
[FRAME 2] Δt = 1.00s
────────────────────────────────────────────────────────────────────────────────
  State      : Armed=True, Mode=LOITER
  Position   : ( -0.000,  -0.000,   2.495)
  Velocity   : (  0.000,  -0.000,  -0.203)
  Target Pos : ( -0.000,  -0.000,   2.498)
  Error      : ( -0.000,   0.000,   0.003) = 0.003m
  PID Output : ( -0.000,   0.000,   0.005) m/s
  Applied Force: (  -0.00,    0.00,    5.74) N (|F|=5.74N)
  ✅ Gravity compensation active (Fz > 0)
  Actual Vel: (  0.000,  -0.000,  -0.012) m/s
  ℹ️  Velocity differs from PID (hybrid physics integration active)
────────────────────────────────────────────────────────────────────────────────


────────────────────────────────────────────────────────────────────────────────
[FRAME 14] Δt = 1.00s
────────────────────────────────────────────────────────────────────────────────
  State      : Armed=True, Mode=LOITER
  Position   : ( -0.000,  -0.000,   2.462)
  Velocity   : ( -0.000,   0.000,  -0.200)
  Target Pos : ( -0.000,  -0.000,   2.498)
  Error      : (  0.000,   0.000,   0.035) = 0.035m
  PID Output : (  0.000,   0.000,   0.072) m/s
  Applied Force: (   0.00,   -0.00,    6.00) N (|F|=6.00N)
  ✅ Gravity compensation active (Fz > 0)
  Actual Vel: ( -0.000,   0.000,  -0.001) m/s
  ℹ️  Velocity differs from PID (hybrid physics integration active)
────────────────────────────────────────────────────────────────────────────────

[DBG RENDER] Viewport sync triggered at pos (-0.000, -0.000, 2.447)

────────────────────────────────────────────────────────────────────────────────
[FRAME 27] Δt = 1.00s
────────────────────────────────────────────────────────────────────────────────
  State      : Armed=True, Mode=LOITER
  Position   : (  0.000,  -0.000,   2.437)
  Velocity   : ( -0.000,   0.000,  -0.147)
  Target Pos : ( -0.000,  -0.000,   2.498)
  Error      : ( -0.000,   0.000,   0.061) = 0.061m
  PID Output : ( -0.000,   0.000,   0.127) m/s
  Applied Force: (  -0.00,   -0.00,    6.00) N (|F|=6.00N)
  ✅ Gravity compensation active (Fz > 0)
  Actual Vel: ( -0.000,   0.000,   0.053) m/s
  ℹ️  Velocity differs from PID (hybrid physics integration active)
────────────────────────────────────────────────────────────────────────────────


────────────────────────────────────────────────────────────────────────────────
[FRAME 40] Δt = 1.00s
────────────────────────────────────────────────────────────────────────────────
  State      : Armed=True, Mode=LOITER
  Position   : ( -0.000,  -0.000,   2.424)
  Velocity   : (  0.000,  -0.000,  -0.106)
  Target Pos : ( -0.000,  -0.000,   2.498)
  Error      : ( -0.000,   0.000,   0.074) = 0.074m
  PID Output : ( -0.000,   0.000,   0.158) m/s
  Applied Force: (  -0.00,    0.00,    5.96) N (|F|=5.96N)
  ✅ Gravity compensation active (Fz > 0)
  Actual Vel: (  0.000,  -0.000,   0.093) m/s
  ℹ️  Velocity differs from PID (hybrid physics integration active)
────────────────────────────────────────────────────────────────────────────────

[DBG RENDER] Viewport sync triggered at pos (-0.000, -0.000, 2.423)

────────────────────────────────────────────────────────────────────────────────
[FRAME 54] Δt = 1.00s
────────────────────────────────────────────────────────────────────────────────
  State      : Armed=True, Mode=LOITER
  Position   : ( -0.000,  -0.000,   2.419)
  Velocity   : (  0.000,   0.000,  -0.081)
  Target Pos : ( -0.000,  -0.000,   2.498)
  Error      : ( -0.000,   0.000,   0.079) = 0.079m
  PID Output : ( -0.000,   0.000,   0.173) m/s
  Applied Force: (  -0.00,   -0.00,    5.92) N (|F|=5.92N)
  ✅ Gravity compensation active (Fz > 0)
  Actual Vel: (  0.000,   0.000,   0.117) m/s
  ℹ️  Velocity differs from PID (hybrid physics integration active)
────────────────────────────────────────────────────────────────────────────────

[DBG CACHE] Frame 60: Updating cache with pos=(-0.000,-0.000,2.418)
[DBG ROS2] Publishing to /drone/odom: pos=(-0.000,-0.000,2.418)
[DBG RENDER] Viewport sync triggered at pos (-0.000, -0.000, 2.418)

────────────────────────────────────────────────────────────────────────────────
[FRAME 67] Δt = 1.00s
────────────────────────────────────────────────────────────────────────────────
  State      : Armed=True, Mode=LOITER
  Position   : ( -0.000,  -0.000,   2.419)
  Velocity   : (  0.000,  -0.000,  -0.070)
  Target Pos : ( -0.000,  -0.000,   2.498)
  Error      : (  0.000,   0.000,   0.079) = 0.079m
  PID Output : (  0.000,   0.000,   0.179) m/s
  Applied Force: (   0.00,    0.00,    5.90) N (|F|=5.90N)
  ✅ Gravity compensation active (Fz > 0)
  Actual Vel: (  0.000,  -0.000,   0.127) m/s
  ℹ️  Velocity differs from PID (hybrid physics integration active)
────────────────────────────────────────────────────────────────────────────────


────────────────────────────────────────────────────────────────────────────────
[FRAME 80] Δt = 1.00s
────────────────────────────────────────────────────────────────────────────────
  State      : Armed=True, Mode=LOITER
  Position   : ( -0.000,  -0.000,   2.420)
  Velocity   : (  0.000,  -0.000,  -0.065)
  Target Pos : ( -0.000,  -0.000,   2.498)
  Error      : (  0.000,   0.000,   0.077) = 0.077m
  PID Output : (  0.000,   0.000,   0.181) m/s
  Applied Force: (   0.00,    0.00,    5.89) N (|F|=5.89N)
  ✅ Gravity compensation active (Fz > 0)
  Actual Vel: (  0.000,  -0.000,   0.131) m/s
  ℹ️  Velocity differs from PID (hybrid physics integration active)
────────────────────────────────────────────────────────────────────────────────

[DBG RENDER] Viewport sync triggered at pos (-0.000, -0.000, 2.420)

────────────────────────────────────────────────────────────────────────────────
[FRAME 93] Δt = 1.00s
────────────────────────────────────────────────────────────────────────────────
  State      : Armed=True, Mode=LOITER
  Position   : ( -0.000,  -0.000,   2.423)
  Velocity   : (  0.000,   0.000,  -0.064)
  Target Pos : ( -0.000,  -0.000,   2.498)
  Error      : (  0.000,   0.000,   0.075) = 0.075m
  PID Output : (  0.000,   0.000,   0.182) m/s
  Applied Force: (   0.00,   -0.00,    5.89) N (|F|=5.89N)
  ✅ Gravity compensation active (Fz > 0)
  Actual Vel: (  0.000,   0.000,   0.132) m/s
  ℹ️  Velocity differs from PID (hybrid physics integration active)
────────────────────────────────────────────────────────────────────────────────

[DBG RENDER] Viewport sync triggered at pos (-0.000, -0.000, 2.424)

────────────────────────────────────────────────────────────────────────────────
[FRAME 106] Δt = 1.00s
────────────────────────────────────────────────────────────────────────────────
  State      : Armed=True, Mode=LOITER
  Position   : ( -0.000,  -0.000,   2.425)
  Velocity   : (  0.000,  -0.000,  -0.063)
  Target Pos : ( -0.000,  -0.000,   2.498)
  Error      : (  0.000,   0.000,   0.072) = 0.072m
  PID Output : (  0.000,   0.000,   0.182) m/s
  Applied Force: (  -0.00,    0.00,    5.89) N (|F|=5.89N)
  ✅ Gravity compensation active (Fz > 0)
  Actual Vel: (  0.000,  -0.000,   0.133) m/s
  ℹ️  Velocity differs from PID (hybrid physics integration active)
────────────────────────────────────────────────────────────────────────────────


────────────────────────────────────────────────────────────────────────────────
[FRAME 119] Δt = 1.00s
────────────────────────────────────────────────────────────────────────────────
  State      : Armed=True, Mode=LOITER
  Position   : ( -0.000,  -0.000,   2.428)
  Velocity   : (  0.000,   0.000,  -0.064)
  Target Pos : ( -0.000,  -0.000,   2.498)
  Error      : (  0.000,   0.000,   0.070) = 0.070m
  PID Output : (  0.000,   0.000,   0.182) m/s
  Applied Force: (  -0.00,   -0.00,    5.89) N (|F|=5.89N)
  ✅ Gravity compensation active (Fz > 0)
  Actual Vel: (  0.000,   0.000,   0.133) m/s
  ℹ️  Velocity differs from PID (hybrid physics integration active)
────────────────────────────────────────────────────────────────────────────────

[DBG CACHE] Frame 120: Updating cache with pos=(-0.000,-0.000,2.428)
[DBG ROS2] Publishing to /drone/odom: pos=(-0.000,-0.000,2.428)
[DBG RENDER] Viewport sync triggered at pos (-0.000, -0.000, 2.428)

────────────────────────────────────────────────────────────────────────────────
[FRAME 133] Δt = 1.00s
────────────────────────────────────────────────────────────────────────────────
  State      : Armed=True, Mode=LOITER
  Position   : ( -0.000,  -0.000,   2.431)
  Velocity   : (  0.000,   0.000,  -0.064)
  Target Pos : ( -0.000,  -0.000,   2.498)
  Error      : (  0.000,   0.000,   0.067) = 0.067m
  PID Output : (  0.000,   0.000,   0.181) m/s
  Applied Force: (  -0.00,   -0.00,    5.89) N (|F|=5.89N)
  ✅ Gravity compensation active (Fz > 0)
  Actual Vel: (  0.000,   0.000,   0.132) m/s
  ℹ️  Velocity differs from PID (hybrid physics integration active)
────────────────────────────────────────────────────────────────────────────────

[DBG RENDER] Viewport sync triggered at pos (-0.000, -0.000, 2.432)

────────────────────────────────────────────────────────────────────────────────
[FRAME 146] Δt = 1.00s
────────────────────────────────────────────────────────────────────────────────
  State      : Armed=True, Mode=LOITER
  Position   : ( -0.000,  -0.000,   2.433)
  Velocity   : (  0.000,   0.000,  -0.064)
  Target Pos : ( -0.000,  -0.000,   2.498)
  Error      : (  0.000,   0.000,   0.064) = 0.064m
  PID Output : (  0.000,   0.000,   0.181) m/s
  Applied Force: (   0.00,   -0.00,    5.89) N (|F|=5.89N)
  ✅ Gravity compensation active (Fz > 0)
  Actual Vel: (  0.000,   0.000,   0.132) m/s
  ℹ️  Velocity differs from PID (hybrid physics integration active)
────────────────────────────────────────────────────────────────────────────────


────────────────────────────────────────────────────────────────────────────────
[FRAME 159] Δt = 1.00s
────────────────────────────────────────────────────────────────────────────────
  State      : Armed=True, Mode=LOITER
  Position   : ( -0.000,  -0.000,   2.435)
  Velocity   : (  0.000,  -0.000,  -0.065)
  Target Pos : ( -0.000,  -0.000,   2.498)
  Error      : (  0.000,   0.000,   0.062) = 0.062m
  PID Output : (  0.000,   0.000,   0.181) m/s
  Applied Force: (  -0.00,    0.00,    5.89) N (|F|=5.89N)
  ✅ Gravity compensation active (Fz > 0)
  Actual Vel: (  0.000,  -0.000,   0.132) m/s
  ℹ️  Velocity differs from PID (hybrid physics integration active)
────────────────────────────────────────────────────────────────────────────────

[DBG RENDER] Viewport sync triggered at pos (-0.000, -0.000, 2.436)

********************************************************************************
[ARM EVENT] Drone ARMED
********************************************************************************


────────────────────────────────────────────────────────────────────────────────
[FRAME 172] Δt = 1.00s
────────────────────────────────────────────────────────────────────────────────
  State      : Armed=True, Mode=LOITER
  Position   : ( -0.000,  -0.000,   2.438)
  Velocity   : (  0.000,  -0.000,  -0.065)
  Target Pos : ( -0.000,  -0.000,   2.498)
  Error      : (  0.000,   0.000,   0.060) = 0.060m
  PID Output : (  0.000,   0.000,   0.180) m/s
  Applied Force: (   0.00,    0.00,    5.89) N (|F|=5.89N)
  ✅ Gravity compensation active (Fz > 0)
  Actual Vel: (  0.000,  -0.000,   0.131) m/s
  ℹ️  Velocity differs from PID (hybrid physics integration active)
────────────────────────────────────────────────────────────────────────────────

[DBG CACHE] Frame 180: Updating cache with pos=(-0.000,-0.000,2.439)
[DBG ROS2] Publishing to /drone/odom: pos=(-0.000,-0.000,2.439)
[DBG RENDER] Viewport sync triggered at pos (-0.000, -0.000, 2.439)

────────────────────────────────────────────────────────────────────────────────
[FRAME 185] Δt = 1.00s
────────────────────────────────────────────────────────────────────────────────
  State      : Armed=True, Mode=LOITER
  Position   : ( -0.000,  -0.000,   2.440)
  Velocity   : (  0.000,   0.000,  -0.065)
  Target Pos : ( -0.000,  -0.000,   2.498)
  Error      : (  0.000,   0.000,   0.058) = 0.058m
  PID Output : (  0.000,   0.000,   0.180) m/s
  Applied Force: (  -0.00,   -0.00,    5.89) N (|F|=5.89N)
  ✅ Gravity compensation active (Fz > 0)
  Actual Vel: (  0.000,   0.000,   0.131) m/s
  ℹ️  Velocity differs from PID (hybrid physics integration active)
────────────────────────────────────────────────────────────────────────────────


────────────────────────────────────────────────────────────────────────────────
[FRAME 198] Δt = 1.00s
────────────────────────────────────────────────────────────────────────────────
  State      : Armed=True, Mode=LOITER
  Position   : ( -0.000,  -0.000,   2.442)
  Velocity   : (  0.000,   0.000,  -0.066)
  Target Pos : ( -0.000,  -0.000,   2.498)
  Error      : (  0.000,   0.000,   0.055) = 0.055m
  PID Output : (  0.000,   0.000,   0.180) m/s
  Applied Force: (  -0.00,   -0.00,    5.89) N (|F|=5.89N)
  ✅ Gravity compensation active (Fz > 0)
  Actual Vel: (  0.000,   0.000,   0.131) m/s
  ℹ️  Velocity differs from PID (hybrid physics integration active)
────────────────────────────────────────────────────────────────────────────────

[DBG RENDER] Viewport sync triggered at pos (-0.000, -0.000, 2.443)

────────────────────────────────────────────────────────────────────────────────
[FRAME 211] Δt = 1.00s
────────────────────────────────────────────────────────────────────────────────
  State      : Armed=True, Mode=LOITER
  Position   : ( -0.000,  -0.000,   2.444)
  Velocity   : (  0.000,   0.000,  -0.066)
  Target Pos : ( -0.000,  -0.000,   2.498)
  Error      : (  0.000,   0.000,   0.053) = 0.053m
  PID Output : (  0.000,   0.000,   0.179) m/s
  Applied Force: (  -0.00,   -0.00,    5.89) N (|F|=5.89N)
  ✅ Gravity compensation active (Fz > 0)
  Actual Vel: (  0.000,   0.000,   0.130) m/s
  ℹ️  Velocity differs from PID (hybrid physics integration active)
────────────────────────────────────────────────────────────────────────────────

[DBG RENDER] Viewport sync triggered at pos (-0.000, -0.000, 2.446)

────────────────────────────────────────────────────────────────────────────────
[FRAME 225] Δt = 1.00s
────────────────────────────────────────────────────────────────────────────────
  State      : Armed=True, Mode=LOITER
  Position   : ( -0.000,  -0.000,   2.446)
  Velocity   : (  0.000,  -0.000,  -0.066)
  Target Pos : ( -0.000,  -0.000,   2.498)
  Error      : (  0.000,   0.000,   0.051) = 0.051m
  PID Output : (  0.000,   0.000,   0.179) m/s
  Applied Force: (  -0.00,    0.00,    5.89) N (|F|=5.89N)
  ✅ Gravity compensation active (Fz > 0)
  Actual Vel: (  0.000,  -0.000,   0.130) m/s
  ℹ️  Velocity differs from PID (hybrid physics integration active)
────────────────────────────────────────────────────────────────────────────────


────────────────────────────────────────────────────────────────────────────────
[FRAME 239] Δt = 1.00s
────────────────────────────────────────────────────────────────────────────────
  State      : Armed=True, Mode=LOITER
  Position   : ( -0.000,  -0.000,   2.448)
  Velocity   : (  0.000,   0.000,  -0.066)
  Target Pos : ( -0.000,  -0.000,   2.498)
  Error      : (  0.000,   0.000,   0.049) = 0.049m
  PID Output : (  0.000,   0.000,   0.179) m/s
  Applied Force: (  -0.00,   -0.00,    5.89) N (|F|=5.89N)
  ✅ Gravity compensation active (Fz > 0)
  Actual Vel: (  0.000,   0.000,   0.130) m/s
  ℹ️  Velocity differs from PID (hybrid physics integration active)
────────────────────────────────────────────────────────────────────────────────

[DBG CACHE] Frame 240: Updating cache with pos=(-0.000,-0.000,2.448)
[DBG ROS2] Publishing to /drone/odom: pos=(-0.000,-0.000,2.448)
[DBG RENDER] Viewport sync triggered at pos (-0.000, -0.000, 2.449)
[Drone drone] Target position: (-0.00, -0.00, 1.50)
[Drone drone] Mode: LOITER → POSITION
[SAFETY] Takeoff service executed:
  Mode: POSITION
  Target: (-0.000, -0.000, 1.500)
  Current: (-0.000, -0.000, 2.449)

────────────────────────────────────────────────────────────────────────────────
[FRAME 253] Δt = 1.00s
────────────────────────────────────────────────────────────────────────────────
  State      : Armed=True, Mode=POSITION
  Position   : ( -0.000,  -0.000,   2.375)
  Velocity   : (  0.000,   0.000,  -1.034)
  Target Pos : ( -0.000,  -0.000,   1.500)
  Error      : (  0.000,   0.000,  -0.875) = 0.875m
  PID Output : (  0.000,   0.000,  -1.500) m/s
  Applied Force: (  -0.00,   -0.00,    3.04) N (|F|=3.04N)
  ✅ Gravity compensation active (Fz > 0)
  Actual Vel: (  0.000,   0.000,  -0.933) m/s
  ℹ️  Velocity differs from PID (hybrid physics integration active)
  ⚠️  WARNING: Large altitude error (0.87m)
────────────────────────────────────────────────────────────────────────────────

[DBG RENDER] Viewport sync triggered at pos (-0.000, -0.000, 2.170)

────────────────────────────────────────────────────────────────────────────────
[FRAME 267] Δt = 1.00s
────────────────────────────────────────────────────────────────────────────────
  State      : Armed=True, Mode=POSITION
  Position   : ( -0.000,  -0.000,   1.996)
  Velocity   : (  0.000,   0.000,  -1.502)
  Target Pos : ( -0.000,  -0.000,   1.500)
  Error      : (  0.000,   0.000,  -0.496) = 0.496m
  PID Output : (  0.000,   0.000,  -1.078) m/s
  Applied Force: (  -0.00,   -0.00,    6.60) N (|F|=6.60N)
  ✅ Gravity compensation active (Fz > 0)
  Actual Vel: (  0.000,   0.000,  -1.282) m/s
  ℹ️  Velocity differs from PID (hybrid physics integration active)
────────────────────────────────────────────────────────────────────────────────

[DBG RENDER] Viewport sync triggered at pos (-0.000, -0.000, 1.668)

────────────────────────────────────────────────────────────────────────────────
[FRAME 281] Δt = 1.00s
────────────────────────────────────────────────────────────────────────────────
  State      : Armed=True, Mode=POSITION
  Position   : ( -0.000,  -0.000,   1.668)
  Velocity   : (  0.000,   0.000,  -0.987)
  Target Pos : ( -0.000,  -0.000,   1.500)
  Error      : (  0.000,   0.000,  -0.168) = 0.168m
  PID Output : (  0.000,   0.000,  -0.445) m/s
  Applied Force: (  -0.00,   -0.00,    7.07) N (|F|=7.07N)
  ✅ Gravity compensation active (Fz > 0)
  Actual Vel: (  0.000,   0.000,  -0.751) m/s
  ℹ️  Velocity differs from PID (hybrid physics integration active)
────────────────────────────────────────────────────────────────────────────────


────────────────────────────────────────────────────────────────────────────────
[FRAME 295] Δt = 1.00s
────────────────────────────────────────────────────────────────────────────────
  State      : Armed=True, Mode=POSITION
  Position   : ( -0.000,  -0.000,   1.487)
  Velocity   : (  0.000,   0.000,  -0.521)
  Target Pos : ( -0.000,  -0.000,   1.500)
  Error      : (  0.000,   0.000,   0.013) = 0.013m
  PID Output : (  0.000,   0.000,  -0.087) m/s
  Applied Force: (  -0.00,   -0.00,    6.64) N (|F|=6.64N)
  ✅ Gravity compensation active (Fz > 0)
  Actual Vel: (  0.000,   0.000,  -0.300) m/s
  ℹ️  Velocity differs from PID (hybrid physics integration active)
────────────────────────────────────────────────────────────────────────────────

[DBG CACHE] Frame 300: Updating cache with pos=(-0.000,-0.000,1.449)
[DBG ROS2] Publishing to /drone/odom: pos=(-0.000,-0.000,1.449)
[DBG RENDER] Viewport sync triggered at pos (-0.000, -0.000, 1.443)

────────────────────────────────────────────────────────────────────────────────
[FRAME 308] Δt = 1.00s
────────────────────────────────────────────────────────────────────────────────
  State      : Armed=True, Mode=POSITION
  Position   : ( -0.000,  -0.000,   1.409)
  Velocity   : (  0.000,   0.000,  -0.271)
  Target Pos : ( -0.000,  -0.000,   1.500)
  Error      : (  0.000,   0.000,   0.091) = 0.091m
  PID Output : (  0.000,   0.000,   0.073) m/s
  Applied Force: (  -0.00,   -0.00,    6.28) N (|F|=6.28N)
  ✅ Gravity compensation active (Fz > 0)
  Actual Vel: (  0.000,   0.000,  -0.062) m/s
  ℹ️  Velocity differs from PID (hybrid physics integration active)
────────────────────────────────────────────────────────────────────────────────

[DBG RENDER] Viewport sync triggered at pos (-0.000, -0.000, 1.377)

────────────────────────────────────────────────────────────────────────────────
[FRAME 321] Δt = 1.00s
────────────────────────────────────────────────────────────────────────────────
  State      : Armed=True, Mode=POSITION
  Position   : ( -0.000,  -0.000,   1.377)
  Velocity   : (  0.000,   0.000,  -0.147)
  Target Pos : ( -0.000,  -0.000,   1.500)
  Error      : (  0.000,   0.000,   0.123) = 0.123m
  PID Output : (  0.000,   0.000,   0.145) m/s
  Applied Force: (  -0.00,   -0.00,    6.07) N (|F|=6.07N)
  ✅ Gravity compensation active (Fz > 0)
  Actual Vel: (  0.000,   0.000,   0.056) m/s
  ℹ️  Velocity differs from PID (hybrid physics integration active)
────────────────────────────────────────────────────────────────────────────────


────────────────────────────────────────────────────────────────────────────────
[FRAME 335] Δt = 1.00s
────────────────────────────────────────────────────────────────────────────────
  State      : Armed=True, Mode=POSITION
  Position   : ( -0.000,  -0.000,   1.366)
  Velocity   : (  0.000,   0.000,  -0.088)
  Target Pos : ( -0.000,  -0.000,   1.500)
  Error      : (  0.000,   0.000,   0.134) = 0.134m
  PID Output : (  0.000,   0.000,   0.175) m/s
  Applied Force: (   0.00,   -0.00,    5.96) N (|F|=5.96N)
  ✅ Gravity compensation active (Fz > 0)
  Actual Vel: (  0.000,   0.000,   0.110) m/s
  ℹ️  Velocity differs from PID (hybrid physics integration active)
────────────────────────────────────────────────────────────────────────────────

[DBG RENDER] Viewport sync triggered at pos (-0.000, -0.000, 1.365)

────────────────────────────────────────────────────────────────────────────────
[FRAME 349] Δt = 1.00s
────────────────────────────────────────────────────────────────────────────────
  State      : Armed=True, Mode=POSITION
  Position   : ( -0.000,  -0.000,   1.366)
  Velocity   : (  0.000,   0.000,  -0.066)
  Target Pos : ( -0.000,  -0.000,   1.500)
  Error      : (  0.000,   0.000,   0.134) = 0.134m
  PID Output : (  0.000,   0.000,   0.186) m/s
  Applied Force: (  -0.00,   -0.00,    5.91) N (|F|=5.91N)
  ✅ Gravity compensation active (Fz > 0)
  Actual Vel: (  0.000,   0.000,   0.131) m/s
  ℹ️  Velocity differs from PID (hybrid physics integration active)
────────────────────────────────────────────────────────────────────────────────

[DBG CACHE] Frame 360: Updating cache with pos=(-0.000,-0.000,1.369)
[DBG ROS2] Publishing to /drone/odom: pos=(-0.000,-0.000,1.369)
[DBG RENDER] Viewport sync triggered at pos (-0.000, -0.000, 1.369)

────────────────────────────────────────────────────────────────────────────────
[FRAME 363] Δt = 1.00s
────────────────────────────────────────────────────────────────────────────────
  State      : Armed=True, Mode=POSITION
  Position   : ( -0.000,  -0.000,   1.370)
  Velocity   : (  0.000,   0.000,  -0.058)
  Target Pos : ( -0.000,  -0.000,   1.500)
  Error      : (  0.000,   0.000,   0.130) = 0.130m
  PID Output : (  0.000,   0.000,   0.189) m/s
  Applied Force: (  -0.00,   -0.00,    5.89) N (|F|=5.89N)
  ✅ Gravity compensation active (Fz > 0)
  Actual Vel: (  0.000,   0.000,   0.138) m/s
  ℹ️  Velocity differs from PID (hybrid physics integration active)
────────────────────────────────────────────────────────────────────────────────


────────────────────────────────────────────────────────────────────────────────
[FRAME 376] Δt = 1.00s
────────────────────────────────────────────────────────────────────────────────
  State      : Armed=True, Mode=POSITION
  Position   : ( -0.000,  -0.000,   1.374)
  Velocity   : (  0.000,   0.000,  -0.056)
  Target Pos : ( -0.000,  -0.000,   1.500)
  Error      : (  0.000,   0.000,   0.126) = 0.126m
  PID Output : (  0.000,   0.000,   0.189) m/s
  Applied Force: (   0.00,   -0.00,    5.89) N (|F|=5.89N)
  ✅ Gravity compensation active (Fz > 0)
  Actual Vel: (  0.000,   0.000,   0.140) m/s
  ℹ️  Velocity differs from PID (hybrid physics integration active)
────────────────────────────────────────────────────────────────────────────────

[Drone drone] Target position: (1.00, 0.50, 1.87)
[DBG RENDER] Viewport sync triggered at pos (0.018, 0.009, 1.387)

────────────────────────────────────────────────────────────────────────────────
[FRAME 389] Δt = 1.00s
────────────────────────────────────────────────────────────────────────────────
  State      : Armed=True, Mode=POSITION
  Position   : (  0.137,   0.068,   1.462)
  Velocity   : (  0.900,   0.450,   0.485)
  Target Pos : (  1.000,   0.500,   1.874)
  Error      : (  0.863,   0.432,   0.412) = 1.049m
  PID Output : (  1.056,   0.528,   0.792) m/s
  Applied Force: (   0.63,    0.31,    6.13) N (|F|=6.17N)
  ✅ Gravity compensation active (Fz > 0)
  Actual Vel: (  0.921,   0.460,   0.689) m/s
  ℹ️  Velocity differs from PID (hybrid physics integration active)
────────────────────────────────────────────────────────────────────────────────

[DBG RENDER] Viewport sync triggered at pos (0.362, 0.181, 1.593)

────────────────────────────────────────────────────────────────────────────────
[FRAME 402] Δt = 1.00s
────────────────────────────────────────────────────────────────────────────────
  State      : Armed=True, Mode=POSITION
  Position   : (  0.380,   0.190,   1.602)
  Velocity   : (  0.891,   0.445,   0.401)
  Target Pos : (  1.000,   0.500,   1.874)
  Error      : (  0.620,   0.310,   0.272) = 0.745m
  PID Output : (  0.782,   0.391,   0.535) m/s
  Applied Force: (  -0.43,   -0.22,    5.44) N (|F|=5.46N)
  ✅ Gravity compensation active (Fz > 0)
  Actual Vel: (  0.876,   0.438,   0.583) m/s
  ℹ️  Velocity differs from PID (hybrid physics integration active)
────────────────────────────────────────────────────────────────────────────────


────────────────────────────────────────────────────────────────────────────────
[FRAME 415] Δt = 1.00s
────────────────────────────────────────────────────────────────────────────────
  State      : Armed=True, Mode=POSITION
  Position   : (  0.582,   0.291,   1.699)
  Velocity   : (  0.676,   0.338,   0.209)
  Target Pos : (  1.000,   0.500,   1.874)
  Error      : (  0.418,   0.209,   0.176) = 0.500m
  PID Output : (  0.551,   0.276,   0.358) m/s
  Applied Force: (  -0.50,   -0.25,    5.50) N (|F|=5.53N)
  ✅ Gravity compensation active (Fz > 0)
  Actual Vel: (  0.659,   0.330,   0.393) m/s
  ℹ️  Velocity differs from PID (hybrid physics integration active)
────────────────────────────────────────────────────────────────────────────────

[DBG CACHE] Frame 420: Updating cache with pos=(0.644,0.322,1.723)
[DBG ROS2] Publishing to /drone/odom: pos=(0.644,0.322,1.723)
[DBG RENDER] Viewport sync triggered at pos (0.656, 0.328, 1.727)

────────────────────────────────────────────────────────────────────────────────
[FRAME 428] Δt = 1.00s
────────────────────────────────────────────────────────────────────────────────
  State      : Armed=True, Mode=POSITION
  Position   : (  0.729,   0.365,   1.752)
  Velocity   : (  0.480,   0.240,   0.074)
  Target Pos : (  1.000,   0.500,   1.874)
  Error      : (  0.271,   0.135,   0.123) = 0.327m
  PID Output : (  0.382,   0.191,   0.262) m/s
  Applied Force: (  -0.39,   -0.20,    5.66) N (|F|=5.67N)
  ✅ Gravity compensation active (Fz > 0)
  Actual Vel: (  0.467,   0.234,   0.262) m/s
  ℹ️  Velocity differs from PID (hybrid physics integration active)
────────────────────────────────────────────────────────────────────────────────

[DBG RENDER] Viewport sync triggered at pos (0.832, 0.416, 1.778)

────────────────────────────────────────────────────────────────────────────────
[FRAME 442] Δt = 1.00s
────────────────────────────────────────────────────────────────────────────────
  State      : Armed=True, Mode=POSITION
  Position   : (  0.839,   0.419,   1.780)
  Velocity   : (  0.324,   0.162,  -0.005)
  Target Pos : (  1.000,   0.500,   1.874)
  Error      : (  0.161,   0.081,   0.094) = 0.203m
  PID Output : (  0.256,   0.128,   0.213) m/s
  Applied Force: (  -0.27,   -0.14,    5.78) N (|F|=5.78N)
  ✅ Gravity compensation active (Fz > 0)
  Actual Vel: (  0.315,   0.158,   0.188) m/s
  ℹ️  Velocity differs from PID (hybrid physics integration active)
────────────────────────────────────────────────────────────────────────────────


────────────────────────────────────────────────────────────────────────────────
[FRAME 456] Δt = 1.00s
────────────────────────────────────────────────────────────────────────────────
  State      : Armed=True, Mode=POSITION
  Position   : (  0.913,   0.456,   1.793)
  Velocity   : (  0.217,   0.108,  -0.040)
  Target Pos : (  1.000,   0.500,   1.874)
  Error      : (  0.087,   0.044,   0.081) = 0.127m
  PID Output : (  0.170,   0.085,   0.193) m/s
  Applied Force: (  -0.19,   -0.09,    5.84) N (|F|=5.84N)
  ✅ Gravity compensation active (Fz > 0)
  Actual Vel: (  0.211,   0.105,   0.154) m/s
  ℹ️  Velocity differs from PID (hybrid physics integration active)
────────────────────────────────────────────────────────────────────────────────

[DBG RENDER] Viewport sync triggered at pos (0.932, 0.466, 1.796)

────────────────────────────────────────────────────────────────────────────────
[FRAME 470] Δt = 1.00s
────────────────────────────────────────────────────────────────────────────────
  State      : Armed=True, Mode=POSITION
  Position   : (  0.962,   0.481,   1.800)
  Velocity   : (  0.144,   0.072,  -0.055)
  Target Pos : (  1.000,   0.500,   1.874)
  Error      : (  0.038,   0.019,   0.074) = 0.086m
  PID Output : (  0.113,   0.056,   0.186) m/s
  Applied Force: (  -0.13,   -0.06,    5.87) N (|F|=5.87N)
  ✅ Gravity compensation active (Fz > 0)
  Actual Vel: (  0.140,   0.070,   0.141) m/s
  ℹ️  Velocity differs from PID (hybrid physics integration active)
────────────────────────────────────────────────────────────────────────────────

[DBG CACHE] Frame 480: Updating cache with pos=(0.986,0.493,1.803)
[DBG ROS2] Publishing to /drone/odom: pos=(0.986,0.493,1.803)
[DBG RENDER] Viewport sync triggered at pos (0.988, 0.494, 1.803)

────────────────────────────────────────────────────────────────────────────────
[FRAME 484] Δt = 1.00s
────────────────────────────────────────────────────────────────────────────────
  State      : Armed=True, Mode=POSITION
  Position   : (  0.994,   0.497,   1.804)
  Velocity   : (  0.095,   0.048,  -0.061)
  Target Pos : (  1.000,   0.500,   1.874)
  Error      : (  0.006,   0.003,   0.070) = 0.070m
  PID Output : (  0.074,   0.037,   0.183) m/s
  Applied Force: (  -0.08,   -0.04,    5.88) N (|F|=5.88N)
  ✅ Gravity compensation active (Fz > 0)
  Actual Vel: (  0.093,   0.046,   0.135) m/s
  ℹ️  Velocity differs from PID (hybrid physics integration active)
────────────────────────────────────────────────────────────────────────────────


────────────────────────────────────────────────────────────────────────────────
[FRAME 498] Δt = 1.00s
────────────────────────────────────────────────────────────────────────────────
  State      : Armed=True, Mode=POSITION
  Position   : (  1.016,   0.508,   1.807)
  Velocity   : (  0.063,   0.031,  -0.063)
  Target Pos : (  1.000,   0.500,   1.874)
  Error      : ( -0.016,  -0.008,   0.067) = 0.069m
  PID Output : (  0.048,   0.024,   0.181) m/s
  Applied Force: (  -0.06,   -0.03,    5.88) N (|F|=5.88N)
  ✅ Gravity compensation active (Fz > 0)
  Actual Vel: (  0.061,   0.030,   0.133) m/s
  ℹ️  Velocity differs from PID (hybrid physics integration active)
────────────────────────────────────────────────────────────────────────────────

[DBG RENDER] Viewport sync triggered at pos (1.019, 0.510, 1.808)

────────────────────────────────────────────────────────────────────────────────
[FRAME 511] Δt = 1.00s
────────────────────────────────────────────────────────────────────────────────
  State      : Armed=True, Mode=POSITION
  Position   : (  1.029,   0.514,   1.810)
  Velocity   : (  0.042,   0.021,  -0.064)
  Target Pos : (  1.000,   0.500,   1.874)
  Error      : ( -0.029,  -0.014,   0.064) = 0.072m
  PID Output : (  0.032,   0.016,   0.181) m/s
  Applied Force: (  -0.04,   -0.02,    5.88) N (|F|=5.88N)
  ✅ Gravity compensation active (Fz > 0)
  Actual Vel: (  0.040,   0.020,   0.132) m/s
  ℹ️  Velocity differs from PID (hybrid physics integration active)
────────────────────────────────────────────────────────────────────────────────

[DBG RENDER] Viewport sync triggered at pos (1.036, 0.518, 1.812)

────────────────────────────────────────────────────────────────────────────────
[FRAME 524] Δt = 1.00s
────────────────────────────────────────────────────────────────────────────────
  State      : Armed=True, Mode=POSITION
  Position   : (  1.038,   0.519,   1.812)
  Velocity   : (  0.027,   0.014,  -0.065)
  Target Pos : (  1.000,   0.500,   1.874)
  Error      : ( -0.038,  -0.019,   0.062) = 0.075m
  PID Output : (  0.021,   0.010,   0.180) m/s
  Applied Force: (  -0.03,   -0.01,    5.89) N (|F|=5.89N)
  ✅ Gravity compensation active (Fz > 0)
  Actual Vel: (  0.027,   0.013,   0.132) m/s
  ℹ️  Velocity differs from PID (hybrid physics integration active)
────────────────────────────────────────────────────────────────────────────────


────────────────────────────────────────────────────────────────────────────────
[FRAME 538] Δt = 1.00s
────────────────────────────────────────────────────────────────────────────────
  State      : Armed=True, Mode=POSITION
  Position   : (  1.044,   0.522,   1.815)
  Velocity   : (  0.017,   0.008,  -0.065)
  Target Pos : (  1.000,   0.500,   1.874)
  Error      : ( -0.044,  -0.022,   0.060) = 0.077m
  PID Output : (  0.012,   0.006,   0.180) m/s
  Applied Force: (  -0.02,   -0.01,    5.89) N (|F|=5.89N)
  ✅ Gravity compensation active (Fz > 0)
  Actual Vel: (  0.016,   0.008,   0.131) m/s
  ℹ️  Velocity differs from PID (hybrid physics integration active)
────────────────────────────────────────────────────────────────────────────────

[DBG CACHE] Frame 540: Updating cache with pos=(1.044,0.522,1.815)
[DBG ROS2] Publishing to /drone/odom: pos=(1.044,0.522,1.815)
[DBG RENDER] Viewport sync triggered at pos (1.045, 0.522, 1.815)

────────────────────────────────────────────────────────────────────────────────
[FRAME 552] Δt = 1.00s
────────────────────────────────────────────────────────────────────────────────
  State      : Armed=True, Mode=POSITION
  Position   : (  1.047,   0.524,   1.817)
  Velocity   : (  0.010,   0.005,  -0.065)
  Target Pos : (  1.000,   0.500,   1.874)
  Error      : ( -0.047,  -0.024,   0.057) = 0.078m
  PID Output : (  0.007,   0.003,   0.180) m/s
  Applied Force: (  -0.01,   -0.01,    5.89) N (|F|=5.89N)
  ✅ Gravity compensation active (Fz > 0)
  Actual Vel: (  0.010,   0.005,   0.131) m/s
  ℹ️  Velocity differs from PID (hybrid physics integration active)
────────────────────────────────────────────────────────────────────────────────

[DBG RENDER] Viewport sync triggered at pos (1.049, 0.524, 1.819)

────────────────────────────────────────────────────────────────────────────────
[FRAME 566] Δt = 1.00s
────────────────────────────────────────────────────────────────────────────────
  State      : Armed=True, Mode=POSITION
  Position   : (  1.049,   0.525,   1.819)
  Velocity   : (  0.005,   0.003,  -0.066)
  Target Pos : (  1.000,   0.500,   1.874)
  Error      : ( -0.049,  -0.025,   0.055) = 0.078m
  PID Output : (  0.003,   0.002,   0.179) m/s
  Applied Force: (  -0.01,   -0.00,    5.89) N (|F|=5.89N)
  ✅ Gravity compensation active (Fz > 0)
  Actual Vel: (  0.005,   0.003,   0.131) m/s
  ℹ️  Velocity differs from PID (hybrid physics integration active)
────────────────────────────────────────────────────────────────────────────────

[Drone drone] Mode: POSITION → LANDING

────────────────────────────────────────────────────────────────────────────────
[FRAME 579] Δt = 1.00s
────────────────────────────────────────────────────────────────────────────────
  State      : Armed=True, Mode=LANDING
  Position   : (  1.050,   0.525,   1.800)
  Velocity   : (  0.002,   0.001,  -0.342)
  Target Pos : (  1.000,   0.500,   1.874)
  Error      : ( -0.050,  -0.025,   0.074) = 0.093m
  PID Output : (  0.000,   0.000,  -0.300) m/s
  Applied Force: (  -0.01,   -0.00,    5.07) N (|F|=5.07N)
  Actual Vel: (  0.001,   0.001,  -0.173) m/s
  ℹ️  Velocity differs from PID (hybrid physics integration active)
────────────────────────────────────────────────────────────────────────────────

[DBG RENDER] Viewport sync triggered at pos (1.050, 0.525, 1.787)

────────────────────────────────────────────────────────────────────────────────
[FRAME 592] Δt = 1.00s
────────────────────────────────────────────────────────────────────────────────
  State      : Armed=True, Mode=LANDING
  Position   : (  1.050,   0.525,   1.699)
  Velocity   : (  0.000,   0.000,  -0.514)
  Target Pos : (  1.000,   0.500,   1.874)
  Error      : ( -0.050,  -0.025,   0.175) = 0.184m
  PID Output : (  0.000,   0.000,  -0.300) m/s
  Applied Force: (  -0.00,   -0.00,    5.76) N (|F|=5.76N)
  Actual Vel: (  0.000,   0.000,  -0.322) m/s
  ℹ️  Velocity differs from PID (hybrid physics integration active)
────────────────────────────────────────────────────────────────────────────────

[DBG CACHE] Frame 600: Updating cache with pos=(1.050,0.525,1.627)
[DBG ROS2] Publishing to /drone/odom: pos=(1.050,0.525,1.627)
[DBG RENDER] Viewport sync triggered at pos (1.050, 0.525, 1.617)

────────────────────────────────────────────────────────────────────────────────
[FRAME 605] Δt = 1.00s
────────────────────────────────────────────────────────────────────────────────
  State      : Armed=True, Mode=LANDING
  Position   : (  1.050,   0.525,   1.580)
  Velocity   : (  0.000,   0.000,  -0.540)
  Target Pos : (  1.000,   0.500,   1.874)
  Error      : ( -0.050,  -0.025,   0.294) = 0.299m
  PID Output : (  0.000,   0.000,  -0.300) m/s
  Applied Force: (  -0.00,   -0.00,    5.87) N (|F|=5.87N)
  Actual Vel: (  0.000,   0.000,  -0.345) m/s
  ℹ️  Velocity differs from PID (hybrid physics integration active)
────────────────────────────────────────────────────────────────────────────────


────────────────────────────────────────────────────────────────────────────────
[FRAME 619] Δt = 1.00s
────────────────────────────────────────────────────────────────────────────────
  State      : Armed=True, Mode=LANDING
  Position   : (  1.050,   0.525,   1.449)
  Velocity   : (  0.000,   0.000,  -0.545)
  Target Pos : (  1.000,   0.500,   1.874)
  Error      : ( -0.050,  -0.025,   0.425) = 0.429m
  PID Output : (  0.000,   0.000,  -0.300) m/s
  Applied Force: (  -0.00,   -0.00,    5.88) N (|F|=5.88N)
  Actual Vel: (  0.000,   0.000,  -0.348) m/s
  ℹ️  Velocity differs from PID (hybrid physics integration active)
────────────────────────────────────────────────────────────────────────────────

[DBG RENDER] Viewport sync triggered at pos (1.050, 0.525, 1.430)

────────────────────────────────────────────────────────────────────────────────
[FRAME 633] Δt = 1.00s
────────────────────────────────────────────────────────────────────────────────
  State      : Armed=True, Mode=LANDING
  Position   : (  1.050,   0.525,   1.317)
  Velocity   : (  0.000,   0.000,  -0.545)
  Target Pos : (  1.000,   0.500,   1.874)
  Error      : ( -0.050,  -0.025,   0.557) = 0.560m
  PID Output : (  0.000,   0.000,  -0.300) m/s
  Applied Force: (  -0.00,   -0.00,    5.89) N (|F|=5.89N)
  Actual Vel: (  0.000,   0.000,  -0.349) m/s
  ℹ️  Velocity differs from PID (hybrid physics integration active)
────────────────────────────────────────────────────────────────────────────────

[DBG RENDER] Viewport sync triggered at pos (1.050, 0.525, 1.241)

────────────────────────────────────────────────────────────────────────────────
[FRAME 646] Δt = 1.00s
────────────────────────────────────────────────────────────────────────────────
  State      : Armed=True, Mode=LANDING
  Position   : (  1.050,   0.525,   1.194)
  Velocity   : (  0.000,   0.000,  -0.545)
  Target Pos : (  1.000,   0.500,   1.874)
  Error      : ( -0.050,  -0.025,   0.680) = 0.682m
  PID Output : (  0.000,   0.000,  -0.300) m/s
  Applied Force: (  -0.00,   -0.00,    5.89) N (|F|=5.89N)
  Actual Vel: (  0.000,   0.000,  -0.349) m/s
  ℹ️  Velocity differs from PID (hybrid physics integration active)
────────────────────────────────────────────────────────────────────────────────


────────────────────────────────────────────────────────────────────────────────
[FRAME 660] Δt = 1.00s
────────────────────────────────────────────────────────────────────────────────
  State      : Armed=True, Mode=LANDING
  Position   : (  1.050,   0.525,   1.062)
  Velocity   : (  0.000,   0.000,  -0.545)
  Target Pos : (  1.000,   0.500,   1.874)
  Error      : ( -0.050,  -0.025,   0.812) = 0.814m
  PID Output : (  0.000,   0.000,  -0.300) m/s
  Applied Force: (  -0.00,   -0.00,    5.89) N (|F|=5.89N)
  Actual Vel: (  0.000,   0.000,  -0.349) m/s
  ℹ️  Velocity differs from PID (hybrid physics integration active)
────────────────────────────────────────────────────────────────────────────────

[DBG CACHE] Frame 660: Updating cache with pos=(1.050,0.525,1.062)
[DBG ROS2] Publishing to /drone/odom: pos=(1.050,0.525,1.062)
[DBG RENDER] Viewport sync triggered at pos (1.050, 0.525, 1.053)

────────────────────────────────────────────────────────────────────────────────
[FRAME 674] Δt = 1.00s
────────────────────────────────────────────────────────────────────────────────
  State      : Armed=True, Mode=LANDING
  Position   : (  1.050,   0.525,   0.930)
  Velocity   : (  0.000,   0.000,  -0.545)
  Target Pos : (  1.000,   0.500,   1.874)
  Error      : ( -0.050,  -0.025,   0.944) = 0.946m
  PID Output : (  0.000,   0.000,  -0.300) m/s
  Applied Force: (  -0.00,   -0.00,    5.89) N (|F|=5.89N)
  Actual Vel: (  0.000,   0.000,  -0.349) m/s
  ℹ️  Velocity differs from PID (hybrid physics integration active)
────────────────────────────────────────────────────────────────────────────────

[DBG RENDER] Viewport sync triggered at pos (1.050, 0.525, 0.864)

────────────────────────────────────────────────────────────────────────────────
[FRAME 688] Δt = 1.00s
────────────────────────────────────────────────────────────────────────────────
  State      : Armed=True, Mode=LANDING
  Position   : (  1.050,   0.525,   0.798)
  Velocity   : (  0.000,   0.000,  -0.545)
  Target Pos : (  1.000,   0.500,   1.874)
  Error      : ( -0.050,  -0.025,   1.076) = 1.078m
  PID Output : (  0.000,   0.000,  -0.300) m/s
  Applied Force: (  -0.00,   -0.00,    5.89) N (|F|=5.89N)
  Actual Vel: (  0.000,   0.000,  -0.349) m/s
  ℹ️  Velocity differs from PID (hybrid physics integration active)
────────────────────────────────────────────────────────────────────────────────

[DBG RENDER] Viewport sync triggered at pos (1.050, 0.525, 0.675)

────────────────────────────────────────────────────────────────────────────────
[FRAME 702] Δt = 1.00s
────────────────────────────────────────────────────────────────────────────────
  State      : Armed=True, Mode=LANDING
  Position   : (  1.050,   0.525,   0.666)
  Velocity   : (  0.000,  -0.000,  -0.545)
  Target Pos : (  1.000,   0.500,   1.874)
  Error      : ( -0.050,  -0.025,   1.208) = 1.210m
  PID Output : (  0.000,   0.000,  -0.300) m/s
  Applied Force: (  -0.00,    0.00,    5.89) N (|F|=5.89N)
  Actual Vel: (  0.000,  -0.000,  -0.349) m/s
  ℹ️  Velocity differs from PID (hybrid physics integration active)
────────────────────────────────────────────────────────────────────────────────


────────────────────────────────────────────────────────────────────────────────
[FRAME 716] Δt = 1.00s
────────────────────────────────────────────────────────────────────────────────
  State      : Armed=True, Mode=LANDING
  Position   : (  1.050,   0.525,   0.534)
  Velocity   : ( -0.000,   0.000,  -0.545)
  Target Pos : (  1.000,   0.500,   1.874)
  Error      : ( -0.050,  -0.025,   1.340) = 1.342m
  PID Output : (  0.000,   0.000,  -0.300) m/s
  Applied Force: (   0.00,   -0.00,    5.89) N (|F|=5.89N)
  Actual Vel: ( -0.000,   0.000,  -0.349) m/s
  ℹ️  Velocity differs from PID (hybrid physics integration active)
────────────────────────────────────────────────────────────────────────────────

[DBG CACHE] Frame 720: Updating cache with pos=(1.050,0.525,0.496)
[DBG ROS2] Publishing to /drone/odom: pos=(1.050,0.525,0.496)
[DBG RENDER] Viewport sync triggered at pos (1.050, 0.525, 0.487)

────────────────────────────────────────────────────────────────────────────────
[FRAME 729] Δt = 1.00s
────────────────────────────────────────────────────────────────────────────────
  State      : Armed=True, Mode=LANDING
  Position   : (  1.050,   0.525,   0.411)
  Velocity   : (  0.000,  -0.000,  -0.545)
  Target Pos : (  1.000,   0.500,   1.874)
  Error      : ( -0.050,  -0.025,   1.463) = 1.464m
  PID Output : (  0.000,   0.000,  -0.300) m/s
  Applied Force: (  -0.00,    0.00,    5.89) N (|F|=5.89N)
  Actual Vel: (  0.000,  -0.000,  -0.349) m/s
  ℹ️  Velocity differs from PID (hybrid physics integration active)
────────────────────────────────────────────────────────────────────────────────

[DBG RENDER] Viewport sync triggered at pos (1.050, 0.525, 0.298)

────────────────────────────────────────────────────────────────────────────────
[FRAME 742] Δt = 1.00s
────────────────────────────────────────────────────────────────────────────────
  State      : Armed=True, Mode=LANDING
  Position   : (  1.050,   0.525,   0.289)
  Velocity   : ( -0.000,   0.000,  -0.545)
  Target Pos : (  1.000,   0.500,   1.874)
  Error      : ( -0.050,  -0.025,   1.586) = 1.587m
  PID Output : (  0.000,   0.000,  -0.300) m/s
  Applied Force: (   0.00,   -0.00,    5.89) N (|F|=5.89N)
  Actual Vel: ( -0.000,   0.000,  -0.349) m/s
  ℹ️  Velocity differs from PID (hybrid physics integration active)
────────────────────────────────────────────────────────────────────────────────


────────────────────────────────────────────────────────────────────────────────
[FRAME 756] Δt = 1.00s
────────────────────────────────────────────────────────────────────────────────
  State      : Armed=True, Mode=LANDING
  Position   : (  1.050,   0.525,   0.156)
  Velocity   : (  0.000,  -0.000,  -0.545)
  Target Pos : (  1.000,   0.500,   1.874)
  Error      : ( -0.050,  -0.025,   1.718) = 1.719m
  PID Output : (  0.000,   0.000,  -0.300) m/s
  Applied Force: (  -0.00,    0.00,    5.89) N (|F|=5.89N)
  Actual Vel: (  0.000,  -0.000,  -0.349) m/s
  ℹ️  Velocity differs from PID (hybrid physics integration active)
────────────────────────────────────────────────────────────────────────────────

[DBG RENDER] Viewport sync triggered at pos (1.050, 0.525, 0.109)
[Drone drone] Mode: LANDING → DISARMED
[Drone drone] Landed and disarmed
[DBG CACHE] Frame 780: Updating cache with pos=(1.051,0.525,0.075)
[DBG ROS2] Publishing to /drone/odom: pos=(1.051,0.525,0.075)
[DBG CACHE] Frame 840: Updating cache with pos=(1.051,0.525,0.075)
[DBG ROS2] Publishing to /drone/odom: pos=(1.051,0.525,0.075)
[DBG CACHE] Frame 900: Updating cache with pos=(1.051,0.525,0.075)
[DBG ROS2] Publishing to /drone/odom: pos=(1.051,0.525,0.075)
[DBG CACHE] Frame 960: Updating cache with pos=(1.051,0.525,0.075)
[DBG ROS2] Publishing to /drone/odom: pos=(1.051,0.525,0.075)
[DBG CACHE] Frame 1020: Updating cache with pos=(1.051,0.525,0.075)
[DBG ROS2] Publishing to /drone/odom: pos=(1.051,0.525,0.075)
[DBG CACHE] Frame 1080: Updating cache with pos=(1.051,0.525,0.075)
[DBG ROS2] Publishing to /drone/odom: pos=(1.051,0.525,0.075)
[DBG CACHE] Frame 1140: Updating cache with pos=(1.051,0.525,0.075)
[DBG ROS2] Publishing to /drone/odom: pos=(1.051,0.525,0.075)
[DBG CACHE] Frame 1200: Updating cache with pos=(1.051,0.525,0.075)
[DBG ROS2] Publishing to /drone/odom: pos=(1.051,0.525,0.075)
[DBG CACHE] Frame 1260: Updating cache with pos=(1.051,0.525,0.075)
[DBG ROS2] Publishing to /drone/odom: pos=(1.051,0.525,0.075)
[DBG CACHE] Frame 1320: Updating cache with pos=(1.051,0.525,0.075)
[DBG ROS2] Publishing to /drone/odom: pos=(1.051,0.525,0.075)
[INFO] Shutting down simulation...
[INFO] ROS2 shutdown complete
[INFO] Simulation shutdown complete
