================================================================================
SIMULATION LOG - 2025-11-16 20:19:18
Log file: /home/kishi/ResQoUnity/logs/simulation/drone_sim_20251116_201918.log
================================================================================

[INFO] Creating environment: Isaac-Velocity-Rough-Unitree-Go2-v0
[INFO] Robot: drone, Amount: 1, Terrain: flat
[INFO]: Base environment:
	Environment device    : cuda:0
	Physics step-size     : 0.005
	Rendering step-size   : 0.005
	Environment step-size : 0.02
	Physics GPU pipeline  : True
	Physics GPU simulation: True
[INFO]: Time taken for scene creation : 0.915677 seconds
[INFO]: Scene manager:  <class InteractiveScene>
	Number of environments: 1
	Environment spacing   : 2.5
	Source prim name      : /World/envs/env_0
	Global prim paths     : ['/World/ground']
	Replicate physics     : True
[INFO]: Starting the simulation. This may take a few seconds. Please wait...
[INFO]: Time taken for simulation start : 0.884024 seconds
[INFO] Command Manager:  <CommandManager> contains 1 active terms.
+------------------------------------------------+
|              Active Command Terms              |
+-------+---------------+------------------------+
| Index | Name          |          Type          |
+-------+---------------+------------------------+
|   0   | base_velocity | UniformVelocityCommand |
+-------+---------------+------------------------+

[INFO] Action Manager:  <ActionManager> contains 1 active terms.
+----------------------------------+
|  Active Action Terms (shape: 4)  |
+--------+------------+------------+
| Index  | Name       |  Dimension |
+--------+------------+------------+
|   0    | joint_pos  |          4 |
+--------+------------+------------+

[INFO] Observation Manager: <ObservationManager> contains 1 groups.
+---------------------------------------------------------+
| Active Observation Terms in Group: 'policy' (shape: (24,)) |
+-----------+---------------------------------+-----------+
|   Index   | Name                            |   Shape   |
+-----------+---------------------------------+-----------+
|     0     | base_lin_vel                    |    (3,)   |
|     1     | base_ang_vel                    |    (3,)   |
|     2     | projected_gravity               |    (3,)   |
|     3     | velocity_commands               |    (3,)   |
|     4     | joint_pos                       |    (4,)   |
|     5     | joint_vel                       |    (4,)   |
|     6     | actions                         |    (4,)   |
+-----------+---------------------------------+-----------+

[INFO] Event Manager:  <EventManager> contains 1 active terms.
+--------------------------------------+
| Active Event Terms in Mode: 'startup' |
+----------+---------------------------+
|  Index   | Name                      |
+----------+---------------------------+
|    0     | physics_material          |
+----------+---------------------------+

[INFO] Termination Manager:  <TerminationManager> contains 1 active terms.
+-----------------------------+
|   Active Termination Terms  |
+-------+----------+----------+
| Index | Name     | Time Out |
+-------+----------+----------+
|   0   | time_out |   True   |
+-------+----------+----------+

[INFO] Reward Manager:  <RewardManager> contains 9 active terms.
+-----------------------------------------+
|           Active Reward Terms           |
+-------+----------------------+----------+
| Index | Name                 |   Weight |
+-------+----------------------+----------+
|   0   | track_lin_vel_xy_exp |      1.0 |
|   1   | track_ang_vel_z_exp  |      0.5 |
|   2   | lin_vel_z_l2         |     -1.0 |
|   3   | ang_vel_xy_l2        |     -0.1 |
|   4   | dof_torques_l2       |   -1e-06 |
|   5   | dof_acc_l2           | -2.5e-07 |
|   6   | action_rate_l2       |    -0.01 |
|   7   | flat_orientation_l2  |     -1.0 |
|   8   | dof_pos_limits       |      0.0 |
+-------+----------------------+----------+

[INFO] Curriculum Manager:  <CurriculumManager> contains 0 active terms.
+----------------------+
| Active Curriculum Terms |
+-----------+----------+
|   Index   | Name     |
+-----------+----------+
+-----------+----------+

Creating window for environment.
[INFO]: Completed setting up the environment...
[INFO] Environment created successfully!
[INFO] Environment wrapped for RSL-RL
[INFO] Loading experiment from directory: /home/kishi/ResQoUnity/logs/rsl_rl/quadcopter_rough
[WARN] No checkpoint found at /home/kishi/ResQoUnity/logs/rsl_rl/quadcopter_rough
[INFO] Running in MANUAL CONTROL mode (keyboard only, no RL policy)
[INFO] Initializing drone controllers...
[Drone 0] Mode: DISARMED → IDLE
[INFO] Drone 0 controller initialized and ARMED in IDLE (will switch to LOITER after spawn)
[INFO] Resetting environment and getting initial observations...
[INFO] Environment reset complete, starting simulation loop...
Error loading custom environment. You should download custom envs folder from: https://drive.google.com/drive/folders/1vVGuO1KIX1K6mD6mBHDZGm9nk2vaRyj3?usp=sharing
[INFO] Setting up viewport camera...
[INFO] Camera positioned to view robot
[INFO] Robot(s) should now be visible in the viewport!
[INFO] Use these controls to navigate:
  - Press 'F' to focus on robot
  - Mouse wheel: Zoom in/out
  - Middle mouse: Pan camera
  - Alt+Left mouse: Orbit view
  - WASD keys: Move robot (forward/back/left/right)
  - Q/E keys: Rotate left/right
  - T/G keys: Altitude up/down (for drone)
[INFO] Environment drone mass: 1.5kg
[DBG] Frame 1 - Mode: IDLE, Pos: (0.000, 0.000, 0.000)
[FORCE] env0 pos:(0.00,0.00,0.00) des_vel:(0.00,0.00,-0.00) new_vel:(0.00,0.00,0.16)
[INFO] Starting odometry publishing for 1 environment drone(s)
[DBG] Frame 2 - Mode: IDLE, Pos: (-0.000, -0.000, 2.500)
[Drone 0] Mode: IDLE → LOITER
[INFO] Drone 0 switched to LOITER at position (-0.00, -0.00, 2.50)
[DBG] Frame 3 - Mode: LOITER, Pos: (-0.000, -0.000, 2.500)
[DBG] Frame 4 - Mode: LOITER, Pos: (-0.000, -0.000, 2.500)
[DBG] Frame 5 - Mode: LOITER, Pos: (-0.000, -0.000, 2.499)
[FORCE] env0 pos:(-0.00,-0.00,2.49) des_vel:(-0.00,0.00,0.03) new_vel:(0.00,-0.00,0.08)
[FORCE] env0 pos:(-0.00,-0.00,2.48) des_vel:(-0.00,0.00,0.03) new_vel:(0.00,-0.00,0.08)
[FORCE] env0 pos:(-0.00,-0.00,2.48) des_vel:(-0.00,0.00,0.04) new_vel:(-0.00,-0.00,0.08)
[FORCE] env0 pos:(-0.00,-0.00,2.47) des_vel:(-0.00,0.00,0.04) new_vel:(0.00,-0.00,0.09)
[FORCE] env0 pos:(-0.00,-0.00,2.46) des_vel:(-0.00,0.00,0.05) new_vel:(0.00,-0.00,0.09)
[DBG ODOM] Published /robot0/odom: pos=(-0.000, -0.000, 2.456)
[FORCE] env0 pos:(-0.00,-0.00,2.46) des_vel:(-0.00,0.00,0.05) new_vel:(0.00,0.00,0.09)
[FORCE] env0 pos:(-0.00,-0.00,2.45) des_vel:(-0.00,0.00,0.05) new_vel:(0.00,0.00,0.10)
[FORCE] env0 pos:(-0.00,-0.00,2.45) des_vel:(-0.00,0.00,0.05) new_vel:(0.00,0.00,0.10)
[FORCE] env0 pos:(0.00,-0.00,2.44) des_vel:(-0.00,0.00,0.06) new_vel:(0.00,0.00,0.10)
[FORCE] env0 pos:(0.00,-0.00,2.44) des_vel:(-0.00,0.00,0.06) new_vel:(0.00,-0.00,0.10)
[FORCE] env0 pos:(0.00,-0.00,2.43) des_vel:(-0.00,0.00,0.06) new_vel:(0.00,-0.00,0.10)
[DBG ODOM] Published /robot0/odom: pos=(0.000, -0.000, 2.430)
[FORCE] env0 pos:(0.00,-0.00,2.43) des_vel:(-0.00,0.00,0.06) new_vel:(0.00,-0.00,0.11)
[FORCE] env0 pos:(0.00,-0.00,2.43) des_vel:(-0.00,0.00,0.07) new_vel:(-0.00,-0.00,0.11)
[FORCE] env0 pos:(0.00,-0.00,2.42) des_vel:(-0.00,0.00,0.07) new_vel:(0.00,-0.00,0.11)
[FORCE] env0 pos:(0.00,-0.00,2.42) des_vel:(-0.00,0.00,0.07) new_vel:(-0.00,-0.00,0.11)
[FORCE] env0 pos:(0.00,-0.00,2.42) des_vel:(-0.00,0.00,0.07) new_vel:(0.00,-0.00,0.11)
[FORCE] env0 pos:(-0.00,-0.00,2.42) des_vel:(-0.00,0.00,0.07) new_vel:(0.00,-0.00,0.11)
[DBG ODOM] Published /robot0/odom: pos=(-0.000, -0.000, 2.415)
[FORCE] env0 pos:(-0.00,-0.00,2.42) des_vel:(-0.00,0.00,0.07) new_vel:(0.00,-0.00,0.11)
[FORCE] env0 pos:(-0.00,-0.00,2.41) des_vel:(-0.00,0.00,0.07) new_vel:(0.00,-0.00,0.11)
[FORCE] env0 pos:(-0.00,-0.00,2.41) des_vel:(-0.00,0.00,0.07) new_vel:(0.00,-0.00,0.12)
[FORCE] env0 pos:(-0.00,-0.00,2.41) des_vel:(-0.00,0.00,0.07) new_vel:(0.00,-0.00,0.12)
[FORCE] env0 pos:(-0.00,-0.00,2.41) des_vel:(-0.00,0.00,0.08) new_vel:(-0.00,-0.00,0.12)
[FORCE] env0 pos:(-0.00,-0.00,2.41) des_vel:(-0.00,0.00,0.08) new_vel:(-0.00,-0.00,0.12)
[DBG ODOM] Published /robot0/odom: pos=(-0.000, -0.000, 2.407)
[FORCE] env0 pos:(-0.00,-0.00,2.41) des_vel:(-0.00,0.00,0.08) new_vel:(-0.00,-0.00,0.12)
[FORCE] env0 pos:(-0.00,-0.00,2.41) des_vel:(-0.00,0.00,0.08) new_vel:(-0.00,0.00,0.12)
[FORCE] env0 pos:(-0.00,-0.00,2.40) des_vel:(-0.00,0.00,0.08) new_vel:(-0.00,0.00,0.12)
[FORCE] env0 pos:(-0.00,-0.00,2.40) des_vel:(-0.00,0.00,0.08) new_vel:(-0.00,0.00,0.12)
[FORCE] env0 pos:(-0.00,-0.00,2.40) des_vel:(-0.00,0.00,0.08) new_vel:(-0.00,0.00,0.12)
[FORCE] env0 pos:(-0.00,-0.00,2.40) des_vel:(-0.00,0.00,0.08) new_vel:(-0.00,0.00,0.12)
[DBG ODOM] Published /robot0/odom: pos=(-0.000, -0.000, 2.402)
[FORCE] env0 pos:(-0.00,-0.00,2.40) des_vel:(-0.00,0.00,0.08) new_vel:(-0.00,0.00,0.12)
[FORCE] env0 pos:(-0.00,-0.00,2.40) des_vel:(-0.00,0.00,0.08) new_vel:(-0.00,0.00,0.12)
[FORCE] env0 pos:(-0.00,-0.00,2.40) des_vel:(-0.00,0.00,0.08) new_vel:(-0.00,0.00,0.12)
[FORCE] env0 pos:(-0.00,-0.00,2.40) des_vel:(-0.00,0.00,0.08) new_vel:(-0.00,0.00,0.12)
[FORCE] env0 pos:(-0.00,-0.00,2.40) des_vel:(-0.00,0.00,0.08) new_vel:(-0.00,0.00,0.12)
[FORCE] env0 pos:(-0.00,-0.00,2.40) des_vel:(-0.00,0.00,0.08) new_vel:(-0.00,0.00,0.12)
[DBG ODOM] Published /robot0/odom: pos=(-0.000, -0.000, 2.399)
[FORCE] env0 pos:(-0.00,-0.00,2.40) des_vel:(0.00,0.00,0.08) new_vel:(-0.00,0.00,0.12)
[FORCE] env0 pos:(-0.00,-0.00,2.40) des_vel:(-0.00,0.00,0.08) new_vel:(-0.00,0.00,0.12)
[FORCE] env0 pos:(-0.00,-0.00,2.40) des_vel:(-0.00,0.00,0.08) new_vel:(-0.00,0.00,0.12)
[FORCE] env0 pos:(-0.00,-0.00,2.40) des_vel:(-0.00,0.00,0.08) new_vel:(-0.00,0.00,0.12)
[FORCE] env0 pos:(-0.00,-0.00,2.40) des_vel:(-0.00,0.00,0.08) new_vel:(-0.00,0.00,0.12)
[FORCE] env0 pos:(-0.00,-0.00,2.40) des_vel:(-0.00,0.00,0.08) new_vel:(-0.00,0.00,0.12)
[DBG ODOM] Published /robot0/odom: pos=(-0.000, -0.000, 2.398)
[FORCE] env0 pos:(-0.00,-0.00,2.40) des_vel:(-0.00,0.00,0.08) new_vel:(-0.00,0.00,0.12)
[FORCE] env0 pos:(-0.00,-0.00,2.40) des_vel:(-0.00,0.00,0.08) new_vel:(-0.00,0.00,0.12)
[FORCE] env0 pos:(-0.00,-0.00,2.40) des_vel:(-0.00,0.00,0.08) new_vel:(-0.00,0.00,0.12)
[FORCE] env0 pos:(-0.00,-0.00,2.40) des_vel:(-0.00,0.00,0.08) new_vel:(-0.00,0.00,0.12)
[FORCE] env0 pos:(-0.00,-0.00,2.40) des_vel:(-0.00,0.00,0.08) new_vel:(-0.00,0.00,0.12)
[FORCE] env0 pos:(-0.00,-0.00,2.40) des_vel:(-0.00,0.00,0.08) new_vel:(-0.00,0.00,0.12)
[DBG ODOM] Published /robot0/odom: pos=(-0.000, -0.000, 2.397)
[FORCE] env0 pos:(-0.00,-0.00,2.40) des_vel:(-0.00,0.00,0.08) new_vel:(-0.00,0.00,0.12)
[FORCE] env0 pos:(-0.00,-0.00,2.40) des_vel:(-0.00,0.00,0.08) new_vel:(-0.00,0.00,0.12)
[FORCE] env0 pos:(-0.00,-0.00,2.40) des_vel:(-0.00,0.00,0.08) new_vel:(-0.00,0.00,0.12)
[FORCE] env0 pos:(-0.00,-0.00,2.40) des_vel:(-0.00,0.00,0.08) new_vel:(-0.00,0.00,0.12)
[FORCE] env0 pos:(-0.00,-0.00,2.40) des_vel:(-0.00,0.00,0.08) new_vel:(-0.00,0.00,0.12)
[FORCE] env0 pos:(-0.00,-0.00,2.40) des_vel:(-0.00,0.00,0.08) new_vel:(-0.00,0.00,0.12)
[DBG ODOM] Published /robot0/odom: pos=(-0.000, -0.000, 2.397)
[FORCE] env0 pos:(-0.00,-0.00,2.40) des_vel:(-0.00,0.00,0.08) new_vel:(-0.00,0.00,0.12)
[FORCE] env0 pos:(-0.00,-0.00,2.40) des_vel:(-0.00,0.00,0.08) new_vel:(0.00,0.00,0.12)
[FORCE] env0 pos:(-0.00,-0.00,2.40) des_vel:(-0.00,0.00,0.08) new_vel:(0.00,0.00,0.12)
[FORCE] env0 pos:(-0.00,-0.00,2.40) des_vel:(-0.00,0.00,0.08) new_vel:(-0.00,0.00,0.12)
[FORCE] env0 pos:(-0.00,-0.00,2.40) des_vel:(-0.00,0.00,0.08) new_vel:(-0.00,0.00,0.12)
[FORCE] env0 pos:(-0.00,-0.00,2.40) des_vel:(-0.00,0.00,0.08) new_vel:(-0.00,0.00,0.12)
[DBG ODOM] Published /robot0/odom: pos=(-0.000, -0.000, 2.396)
[FORCE] env0 pos:(-0.00,-0.00,2.40) des_vel:(-0.00,0.00,0.08) new_vel:(-0.00,0.00,0.12)
[FORCE] env0 pos:(-0.00,-0.00,2.40) des_vel:(-0.00,0.00,0.08) new_vel:(-0.00,0.00,0.12)
[FORCE] env0 pos:(-0.00,-0.00,2.40) des_vel:(-0.00,0.00,0.08) new_vel:(-0.00,0.00,0.12)
[FORCE] env0 pos:(-0.00,-0.00,2.40) des_vel:(-0.00,0.00,0.08) new_vel:(-0.00,0.00,0.12)
[FORCE] env0 pos:(-0.00,-0.00,2.40) des_vel:(-0.00,0.00,0.08) new_vel:(-0.00,0.00,0.12)
[FORCE] env0 pos:(-0.00,-0.00,2.40) des_vel:(-0.00,0.00,0.08) new_vel:(-0.00,0.00,0.12)
[DBG ODOM] Published /robot0/odom: pos=(-0.000, -0.000, 2.396)
[FORCE] env0 pos:(-0.00,-0.00,2.40) des_vel:(-0.00,0.00,0.08) new_vel:(-0.00,0.00,0.12)
[FORCE] env0 pos:(-0.00,-0.00,2.40) des_vel:(-0.00,0.00,0.08) new_vel:(-0.00,0.00,0.12)
[FORCE] env0 pos:(-0.00,-0.00,2.40) des_vel:(-0.00,0.00,0.08) new_vel:(-0.00,0.00,0.12)
[FORCE] env0 pos:(-0.00,-0.00,2.40) des_vel:(-0.00,0.00,0.08) new_vel:(-0.00,0.00,0.12)
[FORCE] env0 pos:(-0.00,-0.00,2.40) des_vel:(-0.00,0.00,0.08) new_vel:(-0.00,0.00,0.12)
[FORCE] env0 pos:(-0.00,-0.00,2.40) des_vel:(-0.00,0.00,0.08) new_vel:(-0.00,0.00,0.12)
[DBG ODOM] Published /robot0/odom: pos=(-0.000, -0.000, 2.396)
[FORCE] env0 pos:(-0.00,-0.00,2.40) des_vel:(-0.00,0.00,0.08) new_vel:(-0.00,0.00,0.12)
[FORCE] env0 pos:(-0.00,-0.00,2.40) des_vel:(-0.00,0.00,0.08) new_vel:(-0.00,0.00,0.12)
[FORCE] env0 pos:(-0.00,-0.00,2.40) des_vel:(-0.00,0.00,0.08) new_vel:(-0.00,0.00,0.12)
[FORCE] env0 pos:(-0.00,-0.00,2.40) des_vel:(-0.00,0.00,0.08) new_vel:(-0.00,0.00,0.12)
[FORCE] env0 pos:(-0.00,-0.00,2.40) des_vel:(-0.00,0.00,0.08) new_vel:(-0.00,0.00,0.12)
[FORCE] env0 pos:(-0.00,-0.00,2.40) des_vel:(-0.00,0.00,0.08) new_vel:(-0.00,0.00,0.12)
[DBG ODOM] Published /robot0/odom: pos=(-0.000, -0.000, 2.396)
[FORCE] env0 pos:(-0.00,-0.00,2.40) des_vel:(-0.00,0.00,0.08) new_vel:(-0.00,0.00,0.12)
[FORCE] env0 pos:(-0.00,-0.00,2.40) des_vel:(-0.00,0.00,0.08) new_vel:(-0.00,0.00,0.12)
[FORCE] env0 pos:(-0.00,-0.00,2.40) des_vel:(-0.00,0.00,0.08) new_vel:(-0.00,0.00,0.12)
[FORCE] env0 pos:(-0.00,-0.00,2.40) des_vel:(-0.00,0.00,0.08) new_vel:(-0.00,0.00,0.12)
[FORCE] env0 pos:(-0.00,-0.00,2.40) des_vel:(-0.00,0.00,0.08) new_vel:(-0.00,0.00,0.12)
[FORCE] env0 pos:(-0.00,-0.00,2.40) des_vel:(-0.00,0.00,0.08) new_vel:(-0.00,0.00,0.12)
[DBG ODOM] Published /robot0/odom: pos=(-0.000, -0.000, 2.396)
[FORCE] env0 pos:(-0.00,-0.00,2.40) des_vel:(-0.00,0.00,0.08) new_vel:(-0.00,0.00,0.12)
[FORCE] env0 pos:(-0.00,-0.00,2.40) des_vel:(-0.00,0.00,0.08) new_vel:(-0.00,0.00,0.12)
[FORCE] env0 pos:(-0.00,-0.00,2.40) des_vel:(-0.00,0.00,0.08) new_vel:(-0.00,0.00,0.12)
[FORCE] env0 pos:(-0.00,-0.00,2.40) des_vel:(-0.00,0.00,0.08) new_vel:(-0.00,0.00,0.12)
[FORCE] env0 pos:(-0.00,-0.00,2.40) des_vel:(-0.00,0.00,0.08) new_vel:(-0.00,0.00,0.12)
[FORCE] env0 pos:(-0.00,-0.00,2.40) des_vel:(-0.00,0.00,0.08) new_vel:(-0.00,0.00,0.12)
[DBG ODOM] Published /robot0/odom: pos=(-0.000, -0.000, 2.396)
[FORCE] env0 pos:(-0.00,-0.00,2.40) des_vel:(-0.00,0.00,0.08) new_vel:(-0.00,0.00,0.12)
[FORCE] env0 pos:(-0.00,-0.00,2.40) des_vel:(-0.00,0.00,0.08) new_vel:(-0.00,0.00,0.12)
[FORCE] env0 pos:(-0.00,-0.00,2.40) des_vel:(-0.00,0.00,0.08) new_vel:(-0.00,0.00,0.12)
[FORCE] env0 pos:(-0.00,-0.00,2.40) des_vel:(-0.00,0.00,0.08) new_vel:(-0.00,0.00,0.12)
[FORCE] env0 pos:(-0.00,-0.00,2.40) des_vel:(-0.00,0.00,0.08) new_vel:(-0.00,0.00,0.12)
[FORCE] env0 pos:(-0.00,-0.00,2.40) des_vel:(-0.00,0.00,0.08) new_vel:(-0.00,0.00,0.12)
[DBG ODOM] Published /robot0/odom: pos=(-0.000, -0.000, 2.396)
[FORCE] env0 pos:(-0.00,-0.00,2.40) des_vel:(-0.00,0.00,0.08) new_vel:(-0.00,0.00,0.12)
[FORCE] env0 pos:(-0.00,-0.00,2.40) des_vel:(-0.00,0.00,0.08) new_vel:(-0.00,0.00,0.12)
[FORCE] env0 pos:(-0.00,-0.00,2.40) des_vel:(-0.00,0.00,0.08) new_vel:(-0.00,0.00,0.12)
[FORCE] env0 pos:(-0.00,-0.00,2.40) des_vel:(-0.00,0.00,0.08) new_vel:(-0.00,0.00,0.12)
[FORCE] env0 pos:(-0.00,-0.00,2.40) des_vel:(-0.00,0.00,0.08) new_vel:(-0.00,0.00,0.12)
[FORCE] env0 pos:(-0.00,-0.00,2.40) des_vel:(-0.00,0.00,0.08) new_vel:(-0.00,0.00,0.12)
[DBG ODOM] Published /robot0/odom: pos=(-0.000, -0.000, 2.396)
[FORCE] env0 pos:(-0.00,-0.00,2.40) des_vel:(-0.00,0.00,0.08) new_vel:(-0.00,0.00,0.12)
[FORCE] env0 pos:(-0.00,-0.00,2.40) des_vel:(-0.00,0.00,0.08) new_vel:(-0.00,0.00,0.12)
[FORCE] env0 pos:(-0.00,-0.00,2.40) des_vel:(-0.00,0.00,0.08) new_vel:(-0.00,0.00,0.12)
[FORCE] env0 pos:(-0.00,-0.00,2.40) des_vel:(-0.00,0.00,0.08) new_vel:(-0.00,0.00,0.12)
[FORCE] env0 pos:(-0.00,-0.00,2.40) des_vel:(-0.00,0.00,0.08) new_vel:(-0.00,0.00,0.12)
[FORCE] env0 pos:(-0.00,-0.00,2.40) des_vel:(-0.00,0.00,0.08) new_vel:(-0.00,0.00,0.12)
[DBG ODOM] Published /robot0/odom: pos=(-0.000, -0.000, 2.396)
[FORCE] env0 pos:(-0.00,-0.00,2.40) des_vel:(-0.00,0.00,0.08) new_vel:(-0.00,0.00,0.12)
[FORCE] env0 pos:(-0.00,-0.00,2.40) des_vel:(-0.00,0.00,0.08) new_vel:(-0.00,0.00,0.12)
[FORCE] env0 pos:(-0.00,-0.00,2.40) des_vel:(-0.00,0.00,0.08) new_vel:(-0.00,0.00,0.12)
[FORCE] env0 pos:(-0.00,-0.00,2.40) des_vel:(-0.00,0.00,0.08) new_vel:(-0.00,0.00,0.12)
[FORCE] env0 pos:(-0.00,-0.00,2.40) des_vel:(-0.00,0.00,0.08) new_vel:(-0.00,0.00,0.12)
[FORCE] env0 pos:(-0.00,-0.00,2.40) des_vel:(-0.00,0.00,0.08) new_vel:(-0.00,0.00,0.12)
[DBG ODOM] Published /robot0/odom: pos=(-0.000, -0.000, 2.396)
[FORCE] env0 pos:(-0.00,-0.00,2.40) des_vel:(-0.00,0.00,0.08) new_vel:(-0.00,0.00,0.12)
[FORCE] env0 pos:(-0.00,-0.00,2.40) des_vel:(-0.00,0.00,0.08) new_vel:(-0.00,0.00,0.12)
[FORCE] env0 pos:(-0.00,-0.00,2.40) des_vel:(-0.00,0.00,0.08) new_vel:(-0.00,0.00,0.12)
[FORCE] env0 pos:(-0.00,-0.00,2.40) des_vel:(-0.00,0.00,0.08) new_vel:(-0.00,0.00,0.12)
[FORCE] env0 pos:(-0.00,-0.00,2.40) des_vel:(-0.00,0.00,0.08) new_vel:(-0.00,0.00,0.12)
[FORCE] env0 pos:(-0.00,-0.00,2.40) des_vel:(-0.00,0.00,0.08) new_vel:(-0.00,0.00,0.12)
[DBG ODOM] Published /robot0/odom: pos=(-0.000, -0.000, 2.396)
[FORCE] env0 pos:(-0.00,-0.00,2.40) des_vel:(-0.00,0.00,0.08) new_vel:(-0.00,0.00,0.12)
[FORCE] env0 pos:(-0.00,-0.00,2.40) des_vel:(-0.00,0.00,0.08) new_vel:(-0.00,0.00,0.12)
[FORCE] env0 pos:(-0.00,-0.00,2.40) des_vel:(-0.00,0.00,0.08) new_vel:(-0.00,0.00,0.12)
[FORCE] env0 pos:(-0.00,-0.00,2.40) des_vel:(-0.00,0.00,0.08) new_vel:(-0.00,0.00,0.12)
[Drone 0] Mode: LOITER → LANDING
[FORCE] env0 pos:(-0.00,-0.00,2.39) des_vel:(0.00,0.00,-0.30) new_vel:(0.00,0.00,-0.08)
[FORCE] env0 pos:(-0.00,-0.00,2.34) des_vel:(0.00,0.00,-0.30) new_vel:(0.00,0.00,-0.19)
[DBG ODOM] Published /robot0/odom: pos=(0.000, -0.000, 2.273)
[FORCE] env0 pos:(0.00,-0.00,2.27) des_vel:(0.00,0.00,-0.30) new_vel:(0.00,0.00,-0.19)
[FORCE] env0 pos:(0.00,-0.00,2.21) des_vel:(0.00,0.00,-0.30) new_vel:(0.00,0.00,-0.19)
[FORCE] env0 pos:(0.00,-0.00,2.15) des_vel:(0.00,0.00,-0.30) new_vel:(0.00,0.00,-0.19)
[FORCE] env0 pos:(0.00,-0.00,2.08) des_vel:(0.00,0.00,-0.30) new_vel:(0.00,0.00,-0.19)
[FORCE] env0 pos:(0.00,-0.00,2.02) des_vel:(0.00,0.00,-0.30) new_vel:(0.00,0.00,-0.19)
[FORCE] env0 pos:(0.00,-0.00,1.96) des_vel:(0.00,0.00,-0.30) new_vel:(0.00,0.00,-0.19)
[DBG ODOM] Published /robot0/odom: pos=(0.000, -0.000, 1.893)
[FORCE] env0 pos:(0.00,-0.00,1.89) des_vel:(0.00,0.00,-0.30) new_vel:(0.00,0.00,-0.19)
[FORCE] env0 pos:(0.00,-0.00,1.83) des_vel:(0.00,0.00,-0.30) new_vel:(0.00,0.00,-0.19)
[FORCE] env0 pos:(0.00,-0.00,1.77) des_vel:(0.00,0.00,-0.30) new_vel:(0.00,0.00,-0.19)
[FORCE] env0 pos:(0.00,-0.00,1.70) des_vel:(0.00,0.00,-0.30) new_vel:(0.00,0.00,-0.19)
[FORCE] env0 pos:(0.00,-0.00,1.64) des_vel:(0.00,0.00,-0.30) new_vel:(0.00,0.00,-0.19)
[FORCE] env0 pos:(0.00,-0.00,1.58) des_vel:(0.00,0.00,-0.30) new_vel:(0.00,0.00,-0.19)
[DBG ODOM] Published /robot0/odom: pos=(0.000, -0.000, 1.514)
[FORCE] env0 pos:(0.00,-0.00,1.51) des_vel:(0.00,0.00,-0.30) new_vel:(0.00,0.00,-0.19)
[FORCE] env0 pos:(0.00,-0.00,1.45) des_vel:(0.00,0.00,-0.30) new_vel:(0.00,0.00,-0.19)
[FORCE] env0 pos:(0.00,-0.00,1.39) des_vel:(0.00,0.00,-0.30) new_vel:(0.00,0.00,-0.19)
[FORCE] env0 pos:(0.00,-0.00,1.32) des_vel:(0.00,0.00,-0.30) new_vel:(0.00,0.00,-0.19)
[FORCE] env0 pos:(0.00,-0.00,1.26) des_vel:(0.00,0.00,-0.30) new_vel:(0.00,0.00,-0.19)
[FORCE] env0 pos:(0.00,-0.00,1.20) des_vel:(0.00,0.00,-0.30) new_vel:(0.00,0.00,-0.19)
[DBG ODOM] Published /robot0/odom: pos=(0.000, -0.000, 1.134)
[FORCE] env0 pos:(0.00,-0.00,1.13) des_vel:(0.00,0.00,-0.30) new_vel:(0.00,0.00,-0.19)
[FORCE] env0 pos:(0.00,-0.00,1.07) des_vel:(0.00,0.00,-0.30) new_vel:(0.00,0.00,-0.19)
[FORCE] env0 pos:(0.00,-0.00,1.01) des_vel:(0.00,0.00,-0.30) new_vel:(0.00,0.00,-0.19)
[FORCE] env0 pos:(0.00,-0.00,0.94) des_vel:(0.00,0.00,-0.30) new_vel:(0.00,0.00,-0.19)
[FORCE] env0 pos:(0.00,-0.00,0.88) des_vel:(0.00,0.00,-0.30) new_vel:(0.00,0.00,-0.19)
[FORCE] env0 pos:(0.00,-0.00,0.82) des_vel:(0.00,0.00,-0.30) new_vel:(0.00,0.00,-0.19)
[DBG ODOM] Published /robot0/odom: pos=(0.000, -0.000, 0.755)
[FORCE] env0 pos:(0.00,-0.00,0.75) des_vel:(0.00,0.00,-0.30) new_vel:(0.00,0.00,-0.19)
[FORCE] env0 pos:(0.00,-0.00,0.69) des_vel:(0.00,0.00,-0.30) new_vel:(0.00,0.00,-0.19)
[FORCE] env0 pos:(0.00,-0.00,0.63) des_vel:(0.00,0.00,-0.30) new_vel:(0.00,0.00,-0.19)
[FORCE] env0 pos:(0.00,-0.00,0.57) des_vel:(0.00,0.00,-0.30) new_vel:(0.00,0.00,-0.19)
[FORCE] env0 pos:(0.00,-0.00,0.50) des_vel:(0.00,0.00,-0.30) new_vel:(0.00,0.00,-0.19)
[FORCE] env0 pos:(0.00,-0.00,0.44) des_vel:(0.00,0.00,-0.30) new_vel:(0.00,0.00,-0.19)
[DBG ODOM] Published /robot0/odom: pos=(0.000, -0.000, 0.375)
[FORCE] env0 pos:(0.00,-0.00,0.38) des_vel:(0.00,0.00,-0.30) new_vel:(0.00,0.00,-0.19)
[FORCE] env0 pos:(0.00,-0.00,0.31) des_vel:(0.00,0.00,-0.30) new_vel:(0.00,0.00,-0.19)
[FORCE] env0 pos:(0.00,-0.00,0.25) des_vel:(0.00,0.00,-0.30) new_vel:(0.00,0.00,-0.19)
[FORCE] env0 pos:(0.00,-0.00,0.19) des_vel:(0.00,0.00,-0.30) new_vel:(0.00,-0.00,-0.19)
[FORCE] env0 pos:(0.00,-0.00,0.12) des_vel:(0.00,0.00,-0.30) new_vel:(0.00,-0.00,-0.19)
[Drone 0] Mode: LANDING → DISARMED
[Drone 0] Landed and disarmed
[DBG ODOM] Published /robot0/odom: pos=(-0.000, 0.000, 0.075)
[Drone 0] Mode: DISARMED → IDLE
[Drone 0] Target position: (-0.00, 0.00, 1.50)
[Drone 0] Mode: IDLE → POSITION
[FORCE] env0 pos:(-0.00,0.00,0.08) des_vel:(0.00,0.00,0.80) new_vel:(-0.00,-0.00,0.46)
[DBG ODOM] Published /robot0/odom: pos=(-0.000, 0.000, 0.113)
[FORCE] env0 pos:(-0.00,0.00,0.18) des_vel:(0.00,0.00,0.78) new_vel:(0.00,-0.00,0.70)
[FORCE] env0 pos:(-0.00,0.00,0.29) des_vel:(0.00,-0.00,0.71) new_vel:(0.00,-0.00,0.65)
[FORCE] env0 pos:(-0.00,0.00,0.39) des_vel:(0.00,-0.00,0.65) new_vel:(0.00,-0.00,0.60)
[FORCE] env0 pos:(-0.00,0.00,0.49) des_vel:(0.00,-0.00,0.60) new_vel:(0.00,-0.00,0.56)
[FORCE] env0 pos:(-0.00,0.00,0.57) des_vel:(0.00,-0.00,0.55) new_vel:(0.00,-0.00,0.52)
[FORCE] env0 pos:(-0.00,0.00,0.65) des_vel:(0.00,-0.00,0.51) new_vel:(0.00,-0.00,0.48)
[DBG ODOM] Published /robot0/odom: pos=(-0.000, 0.000, 0.674)
[FORCE] env0 pos:(-0.00,0.00,0.71) des_vel:(0.00,-0.00,0.47) new_vel:(0.00,-0.00,0.45)
[FORCE] env0 pos:(-0.00,0.00,0.78) des_vel:(0.00,-0.00,0.43) new_vel:(0.00,-0.00,0.42)
[FORCE] env0 pos:(-0.00,0.00,0.83) des_vel:(0.00,-0.00,0.40) new_vel:(0.00,-0.00,0.39)
[FORCE] env0 pos:(-0.00,0.00,0.89) des_vel:(0.00,-0.00,0.37) new_vel:(0.00,-0.00,0.37)
[FORCE] env0 pos:(-0.00,0.00,0.93) des_vel:(0.00,-0.00,0.35) new_vel:(0.00,-0.00,0.35)
[FORCE] env0 pos:(-0.00,0.00,0.98) des_vel:(0.00,-0.00,0.32) new_vel:(0.00,-0.00,0.32)
[DBG ODOM] Published /robot0/odom: pos=(-0.000, 0.000, 0.991)
[FORCE] env0 pos:(-0.00,0.00,1.01) des_vel:(0.00,-0.00,0.30) new_vel:(0.00,-0.00,0.31)
[FORCE] env0 pos:(-0.00,0.00,1.05) des_vel:(0.00,-0.00,0.28) new_vel:(0.00,-0.00,0.29)
[FORCE] env0 pos:(-0.00,0.00,1.08) des_vel:(0.00,-0.00,0.26) new_vel:(0.00,-0.00,0.27)
[FORCE] env0 pos:(-0.00,0.00,1.11) des_vel:(0.00,-0.00,0.25) new_vel:(0.00,-0.00,0.26)
[FORCE] env0 pos:(-0.00,0.00,1.14) des_vel:(0.00,-0.00,0.23) new_vel:(0.00,-0.00,0.25)
[FORCE] env0 pos:(-0.00,0.00,1.16) des_vel:(0.00,-0.00,0.22) new_vel:(0.00,-0.00,0.24)
[DBG ODOM] Published /robot0/odom: pos=(-0.000, 0.000, 1.169)
[FORCE] env0 pos:(-0.00,0.00,1.18) des_vel:(0.00,-0.00,0.20) new_vel:(0.00,-0.00,0.23)
[FORCE] env0 pos:(-0.00,0.00,1.20) des_vel:(0.00,-0.00,0.19) new_vel:(0.00,-0.00,0.22)
[FORCE] env0 pos:(-0.00,0.00,1.22) des_vel:(0.00,-0.00,0.18) new_vel:(0.00,-0.00,0.21)
[FORCE] env0 pos:(-0.00,0.00,1.24) des_vel:(0.00,-0.00,0.17) new_vel:(0.00,-0.00,0.20)
[FORCE] env0 pos:(-0.00,0.00,1.25) des_vel:(0.00,-0.00,0.17) new_vel:(0.00,-0.00,0.19)
[FORCE] env0 pos:(-0.00,0.00,1.26) des_vel:(0.00,-0.00,0.16) new_vel:(0.00,-0.00,0.19)
[DBG ODOM] Published /robot0/odom: pos=(-0.000, 0.000, 1.269)
[FORCE] env0 pos:(-0.00,0.00,1.28) des_vel:(0.00,-0.00,0.15) new_vel:(0.00,-0.00,0.18)
[FORCE] env0 pos:(-0.00,0.00,1.29) des_vel:(0.00,-0.00,0.14) new_vel:(0.00,-0.00,0.17)
[FORCE] env0 pos:(-0.00,0.00,1.30) des_vel:(0.00,-0.00,0.14) new_vel:(0.00,-0.00,0.17)
[FORCE] env0 pos:(-0.00,0.00,1.31) des_vel:(0.00,-0.00,0.13) new_vel:(0.00,-0.00,0.17)
[FORCE] env0 pos:(-0.00,0.00,1.31) des_vel:(0.00,-0.00,0.13) new_vel:(0.00,-0.00,0.16)
[Drone 0] Target position: (1.00, 0.50, 1.81)
[FORCE] env0 pos:(0.03,0.02,1.34) des_vel:(0.24,0.12,0.29) new_vel:(0.21,0.11,0.30)
[DBG ODOM] Published /robot0/odom: pos=(0.042, 0.028, 1.354)
[FORCE] env0 pos:(0.07,0.04,1.37) des_vel:(0.23,0.11,0.27) new_vel:(0.19,0.10,0.28)
[FORCE] env0 pos:(0.10,0.06,1.41) des_vel:(0.22,0.11,0.26) new_vel:(0.19,0.09,0.27)
[FORCE] env0 pos:(0.14,0.08,1.43) des_vel:(0.21,0.11,0.24) new_vel:(0.18,0.09,0.26)
[FORCE] env0 pos:(0.18,0.09,1.46) des_vel:(0.21,0.10,0.23) new_vel:(0.17,0.08,0.24)
[FORCE] env0 pos:(0.21,0.11,1.48) des_vel:(0.20,0.10,0.21) new_vel:(0.16,0.08,0.23)
[FORCE] env0 pos:(0.24,0.13,1.50) des_vel:(0.19,0.09,0.20) new_vel:(0.16,0.08,0.22)
[DBG ODOM] Published /robot0/odom: pos=(0.255, 0.133, 1.511)
[FORCE] env0 pos:(0.27,0.14,1.52) des_vel:(0.18,0.09,0.19) new_vel:(0.15,0.07,0.21)
[FORCE] env0 pos:(0.30,0.16,1.54) des_vel:(0.17,0.09,0.18) new_vel:(0.15,0.07,0.20)
[FORCE] env0 pos:(0.33,0.17,1.56) des_vel:(0.17,0.08,0.17) new_vel:(0.14,0.07,0.20)
[FORCE] env0 pos:(0.36,0.18,1.57) des_vel:(0.16,0.08,0.16) new_vel:(0.13,0.07,0.19)
[FORCE] env0 pos:(0.38,0.20,1.58) des_vel:(0.15,0.08,0.16) new_vel:(0.13,0.06,0.18)
[FORCE] env0 pos:(0.41,0.21,1.59) des_vel:(0.15,0.07,0.15) new_vel:(0.12,0.06,0.18)
[DBG ODOM] Published /robot0/odom: pos=(0.420, 0.214, 1.599)
[FORCE] env0 pos:(0.43,0.22,1.60) des_vel:(0.14,0.07,0.14) new_vel:(0.12,0.06,0.17)
[FORCE] env0 pos:(0.46,0.23,1.61) des_vel:(0.14,0.07,0.14) new_vel:(0.11,0.06,0.17)
[FORCE] env0 pos:(0.48,0.24,1.62) des_vel:(0.13,0.06,0.13) new_vel:(0.11,0.05,0.16)
[FORCE] env0 pos:(0.50,0.25,1.63) des_vel:(0.12,0.06,0.13) new_vel:(0.10,0.05,0.16)
[FORCE] env0 pos:(0.52,0.26,1.64) des_vel:(0.12,0.06,0.12) new_vel:(0.10,0.05,0.16)
[FORCE] env0 pos:(0.54,0.27,1.65) des_vel:(0.11,0.06,0.12) new_vel:(0.10,0.05,0.15)
[DBG ODOM] Published /robot0/odom: pos=(0.548, 0.277, 1.648)
[FORCE] env0 pos:(0.56,0.28,1.65) des_vel:(0.11,0.05,0.12) new_vel:(0.09,0.05,0.15)
[FORCE] env0 pos:(0.58,0.29,1.66) des_vel:(0.11,0.05,0.11) new_vel:(0.09,0.04,0.15)
[FORCE] env0 pos:(0.59,0.30,1.66) des_vel:(0.10,0.05,0.11) new_vel:(0.08,0.04,0.15)
[FORCE] env0 pos:(0.61,0.31,1.67) des_vel:(0.10,0.05,0.11) new_vel:(0.08,0.04,0.14)
[FORCE] env0 pos:(0.63,0.32,1.67) des_vel:(0.09,0.05,0.11) new_vel:(0.08,0.04,0.14)
[FORCE] env0 pos:(0.64,0.32,1.67) des_vel:(0.09,0.04,0.10) new_vel:(0.07,0.04,0.14)
[DBG ODOM] Published /robot0/odom: pos=(0.649, 0.327, 1.675)
[FORCE] env0 pos:(0.66,0.33,1.68) des_vel:(0.09,0.04,0.10) new_vel:(0.07,0.04,0.14)
[FORCE] env0 pos:(0.67,0.34,1.68) des_vel:(0.08,0.04,0.10) new_vel:(0.07,0.03,0.14)
[FORCE] env0 pos:(0.68,0.34,1.68) des_vel:(0.08,0.04,0.10) new_vel:(0.07,0.03,0.14)
[FORCE] env0 pos:(0.70,0.35,1.69) des_vel:(0.08,0.04,0.10) new_vel:(0.06,0.03,0.13)
[FORCE] env0 pos:(0.71,0.36,1.69) des_vel:(0.07,0.04,0.10) new_vel:(0.06,0.03,0.13)
[FORCE] env0 pos:(0.72,0.36,1.69) des_vel:(0.07,0.03,0.09) new_vel:(0.06,0.03,0.13)
[DBG ODOM] Published /robot0/odom: pos=(0.726, 0.365, 1.691)
[FORCE] env0 pos:(0.73,0.37,1.69) des_vel:(0.07,0.03,0.09) new_vel:(0.06,0.03,0.13)
[FORCE] env0 pos:(0.74,0.37,1.69) des_vel:(0.06,0.03,0.09) new_vel:(0.05,0.03,0.13)
[FORCE] env0 pos:(0.75,0.38,1.70) des_vel:(0.06,0.03,0.09) new_vel:(0.05,0.03,0.13)
[FORCE] env0 pos:(0.76,0.38,1.70) des_vel:(0.06,0.03,0.09) new_vel:(0.05,0.02,0.13)
[FORCE] env0 pos:(0.77,0.39,1.70) des_vel:(0.06,0.03,0.09) new_vel:(0.05,0.02,0.13)
[FORCE] env0 pos:(0.78,0.39,1.70) des_vel:(0.05,0.03,0.09) new_vel:(0.05,0.02,0.13)
[DBG ODOM] Published /robot0/odom: pos=(0.787, 0.395, 1.700)
[FORCE] env0 pos:(0.79,0.40,1.70) des_vel:(0.05,0.03,0.09) new_vel:(0.04,0.02,0.13)
[FORCE] env0 pos:(0.80,0.40,1.70) des_vel:(0.05,0.02,0.09) new_vel:(0.04,0.02,0.13)
[FORCE] env0 pos:(0.81,0.41,1.70) des_vel:(0.05,0.02,0.09) new_vel:(0.04,0.02,0.13)
[FORCE] env0 pos:(0.82,0.41,1.70) des_vel:(0.05,0.02,0.09) new_vel:(0.04,0.02,0.13)
[FORCE] env0 pos:(0.82,0.41,1.70) des_vel:(0.04,0.02,0.09) new_vel:(0.04,0.02,0.13)
[FORCE] env0 pos:(0.83,0.42,1.70) des_vel:(0.04,0.02,0.09) new_vel:(0.04,0.02,0.13)
[DBG ODOM] Published /robot0/odom: pos=(0.834, 0.418, 1.705)
[FORCE] env0 pos:(0.84,0.42,1.70) des_vel:(0.04,0.02,0.09) new_vel:(0.03,0.02,0.13)
[Drone 0] Mode: POSITION → LANDING
[FORCE] env0 pos:(0.84,0.42,1.68) des_vel:(0.00,0.00,-0.30) new_vel:(0.00,0.00,-0.17)
[FORCE] env0 pos:(0.84,0.42,1.61) des_vel:(0.00,0.00,-0.30) new_vel:(0.00,0.00,-0.19)
[FORCE] env0 pos:(0.84,0.42,1.55) des_vel:(0.00,0.00,-0.30) new_vel:(0.00,0.00,-0.19)
[FORCE] env0 pos:(0.84,0.42,1.49) des_vel:(0.00,0.00,-0.30) new_vel:(0.00,0.00,-0.19)
[FORCE] env0 pos:(0.84,0.42,1.42) des_vel:(0.00,0.00,-0.30) new_vel:(0.00,0.00,-0.19)
[DBG ODOM] Published /robot0/odom: pos=(0.842, 0.422, 1.398)
[FORCE] env0 pos:(0.84,0.42,1.36) des_vel:(0.00,0.00,-0.30) new_vel:(0.00,-0.00,-0.19)
[FORCE] env0 pos:(0.84,0.42,1.30) des_vel:(0.00,0.00,-0.30) new_vel:(-0.00,-0.00,-0.19)
[FORCE] env0 pos:(0.84,0.42,1.23) des_vel:(0.00,0.00,-0.30) new_vel:(0.00,-0.00,-0.19)
[FORCE] env0 pos:(0.84,0.42,1.17) des_vel:(0.00,0.00,-0.30) new_vel:(0.00,-0.00,-0.19)
[FORCE] env0 pos:(0.84,0.42,1.11) des_vel:(0.00,0.00,-0.30) new_vel:(0.00,-0.00,-0.19)
[FORCE] env0 pos:(0.84,0.42,1.04) des_vel:(0.00,0.00,-0.30) new_vel:(-0.00,-0.00,-0.19)
[DBG ODOM] Published /robot0/odom: pos=(0.842, 0.422, 1.019)
[FORCE] env0 pos:(0.84,0.42,0.98) des_vel:(0.00,0.00,-0.30) new_vel:(0.00,-0.00,-0.19)
[FORCE] env0 pos:(0.84,0.42,0.92) des_vel:(0.00,0.00,-0.30) new_vel:(-0.00,-0.00,-0.19)
[FORCE] env0 pos:(0.84,0.42,0.85) des_vel:(0.00,0.00,-0.30) new_vel:(0.00,-0.00,-0.19)
[FORCE] env0 pos:(0.84,0.42,0.79) des_vel:(0.00,0.00,-0.30) new_vel:(0.00,-0.00,-0.19)
[FORCE] env0 pos:(0.84,0.42,0.73) des_vel:(0.00,0.00,-0.30) new_vel:(0.00,-0.00,-0.19)
[FORCE] env0 pos:(0.84,0.42,0.66) des_vel:(0.00,0.00,-0.30) new_vel:(-0.00,-0.00,-0.19)
[DBG ODOM] Published /robot0/odom: pos=(0.842, 0.422, 0.639)
[FORCE] env0 pos:(0.84,0.42,0.60) des_vel:(0.00,0.00,-0.30) new_vel:(-0.00,-0.00,-0.19)
[FORCE] env0 pos:(0.84,0.42,0.54) des_vel:(0.00,0.00,-0.30) new_vel:(0.00,-0.00,-0.19)
[FORCE] env0 pos:(0.84,0.42,0.47) des_vel:(0.00,0.00,-0.30) new_vel:(0.00,-0.00,-0.19)
[FORCE] env0 pos:(0.84,0.42,0.41) des_vel:(0.00,0.00,-0.30) new_vel:(-0.00,-0.00,-0.19)
[FORCE] env0 pos:(0.84,0.42,0.35) des_vel:(0.00,0.00,-0.30) new_vel:(-0.00,-0.00,-0.19)
[FORCE] env0 pos:(0.84,0.42,0.29) des_vel:(0.00,0.00,-0.30) new_vel:(0.00,-0.00,-0.19)
[DBG ODOM] Published /robot0/odom: pos=(0.842, 0.422, 0.260)
[FORCE] env0 pos:(0.84,0.42,0.22) des_vel:(0.00,0.00,-0.30) new_vel:(-0.00,-0.00,-0.19)
[FORCE] env0 pos:(0.84,0.42,0.16) des_vel:(0.00,0.00,-0.30) new_vel:(0.00,-0.00,-0.19)
[FORCE] env0 pos:(0.84,0.42,0.10) des_vel:(0.00,0.00,-0.30) new_vel:(0.00,-0.00,-0.19)
[Drone 0] Mode: LANDING → DISARMED
[Drone 0] Landed and disarmed
[DBG ODOM] Published /robot0/odom: pos=(0.842, 0.422, 0.075)
[DBG ODOM] Published /robot0/odom: pos=(0.842, 0.422, 0.075)
[DBG ODOM] Published /robot0/odom: pos=(0.842, 0.422, 0.075)
[DBG ODOM] Published /robot0/odom: pos=(0.842, 0.422, 0.075)
[DBG ODOM] Published /robot0/odom: pos=(0.842, 0.422, 0.075)
[DBG ODOM] Published /robot0/odom: pos=(0.842, 0.422, 0.075)
[DBG ODOM] Published /robot0/odom: pos=(0.842, 0.422, 0.075)
[DBG ODOM] Published /robot0/odom: pos=(0.842, 0.422, 0.075)
[DBG ODOM] Published /robot0/odom: pos=(0.842, 0.422, 0.075)
[DBG ODOM] Published /robot0/odom: pos=(0.842, 0.422, 0.075)
[DBG ODOM] Published /robot0/odom: pos=(0.842, 0.422, 0.075)
[DBG ODOM] Published /robot0/odom: pos=(0.842, 0.422, 0.075)
[DBG ODOM] Published /robot0/odom: pos=(0.842, 0.422, 0.075)
[DBG ODOM] Published /robot0/odom: pos=(0.842, 0.422, 0.075)
[DBG ODOM] Published /robot0/odom: pos=(0.842, 0.422, 0.075)
[DBG ODOM] Published /robot0/odom: pos=(0.842, 0.422, 0.075)
[DBG ODOM] Published /robot0/odom: pos=(0.842, 0.422, 0.075)
[DBG ODOM] Published /robot0/odom: pos=(0.842, 0.422, 0.075)
[DBG ODOM] Published /robot0/odom: pos=(0.842, 0.422, 0.075)
[DBG ODOM] Published /robot0/odom: pos=(0.842, 0.422, 0.075)
[DBG ODOM] Published /robot0/odom: pos=(0.842, 0.422, 0.075)
[DBG ODOM] Published /robot0/odom: pos=(0.842, 0.422, 0.075)
[DBG ODOM] Published /robot0/odom: pos=(0.842, 0.422, 0.075)
[DBG ODOM] Published /robot0/odom: pos=(0.842, 0.422, 0.075)
[DBG ODOM] Published /robot0/odom: pos=(0.842, 0.422, 0.075)
[DBG ODOM] Published /robot0/odom: pos=(0.842, 0.422, 0.075)
[DBG ODOM] Published /robot0/odom: pos=(0.842, 0.422, 0.075)
[DBG ODOM] Published /robot0/odom: pos=(0.842, 0.422, 0.075)
[DBG ODOM] Published /robot0/odom: pos=(0.842, 0.422, 0.075)
[DBG ODOM] Published /robot0/odom: pos=(0.842, 0.422, 0.075)
[DBG ODOM] Published /robot0/odom: pos=(0.842, 0.422, 0.075)
[DBG ODOM] Published /robot0/odom: pos=(0.842, 0.422, 0.075)
[DBG ODOM] Published /robot0/odom: pos=(0.842, 0.422, 0.075)
[DBG ODOM] Published /robot0/odom: pos=(0.842, 0.422, 0.075)
[DBG ODOM] Published /robot0/odom: pos=(0.842, 0.422, 0.075)
[DBG ODOM] Published /robot0/odom: pos=(0.842, 0.422, 0.075)
[DBG ODOM] Published /robot0/odom: pos=(0.842, 0.422, 0.075)
[DBG ODOM] Published /robot0/odom: pos=(0.842, 0.422, 0.075)
[DBG ODOM] Published /robot0/odom: pos=(0.842, 0.422, 0.075)
[DBG ODOM] Published /robot0/odom: pos=(0.842, 0.422, 0.075)
[DBG ODOM] Published /robot0/odom: pos=(0.842, 0.422, 0.075)
[DBG ODOM] Published /robot0/odom: pos=(0.842, 0.422, 0.075)
[DBG ODOM] Published /robot0/odom: pos=(0.842, 0.422, 0.075)
[DBG ODOM] Published /robot0/odom: pos=(0.842, 0.422, 0.075)
[DBG ODOM] Published /robot0/odom: pos=(0.842, 0.422, 0.075)
[DBG ODOM] Published /robot0/odom: pos=(0.842, 0.422, 0.075)
[DBG ODOM] Published /robot0/odom: pos=(0.842, 0.422, 0.075)
[DBG ODOM] Published /robot0/odom: pos=(0.842, 0.422, 0.075)
[DBG ODOM] Published /robot0/odom: pos=(0.842, 0.422, 0.075)
[DBG ODOM] Published /robot0/odom: pos=(0.842, 0.422, 0.075)
[DBG ODOM] Published /robot0/odom: pos=(0.842, 0.422, 0.075)
[DBG ODOM] Published /robot0/odom: pos=(0.842, 0.422, 0.075)
[DBG ODOM] Published /robot0/odom: pos=(0.842, 0.422, 0.075)
[DBG ODOM] Published /robot0/odom: pos=(0.842, 0.422, 0.075)
[DBG ODOM] Published /robot0/odom: pos=(0.842, 0.422, 0.075)
[DBG ODOM] Published /robot0/odom: pos=(0.842, 0.422, 0.075)
[DBG ODOM] Published /robot0/odom: pos=(0.842, 0.422, 0.075)
[DBG ODOM] Published /robot0/odom: pos=(0.842, 0.422, 0.075)
[DBG ODOM] Published /robot0/odom: pos=(0.842, 0.422, 0.075)
[DBG ODOM] Published /robot0/odom: pos=(0.842, 0.422, 0.075)
[DBG ODOM] Published /robot0/odom: pos=(0.842, 0.422, 0.075)
[DBG ODOM] Published /robot0/odom: pos=(0.842, 0.422, 0.075)
[DBG ODOM] Published /robot0/odom: pos=(0.842, 0.422, 0.075)
[DBG ODOM] Published /robot0/odom: pos=(0.842, 0.422, 0.075)
[DBG ODOM] Published /robot0/odom: pos=(0.842, 0.422, 0.075)
[DBG ODOM] Published /robot0/odom: pos=(0.842, 0.422, 0.075)
[DBG ODOM] Published /robot0/odom: pos=(0.842, 0.422, 0.075)
[DBG ODOM] Published /robot0/odom: pos=(0.842, 0.422, 0.075)
[DBG ODOM] Published /robot0/odom: pos=(0.842, 0.422, 0.075)
[DBG ODOM] Published /robot0/odom: pos=(0.842, 0.422, 0.075)
[DBG ODOM] Published /robot0/odom: pos=(0.842, 0.422, 0.075)
[DBG ODOM] Published /robot0/odom: pos=(0.842, 0.422, 0.075)
[DBG ODOM] Published /robot0/odom: pos=(0.842, 0.422, 0.075)
[DBG ODOM] Published /robot0/odom: pos=(0.842, 0.422, 0.075)
[DBG ODOM] Published /robot0/odom: pos=(0.842, 0.422, 0.075)
[DBG ODOM] Published /robot0/odom: pos=(0.842, 0.422, 0.075)
[DBG ODOM] Published /robot0/odom: pos=(0.842, 0.422, 0.075)
[DBG ODOM] Published /robot0/odom: pos=(0.842, 0.422, 0.075)
[DBG ODOM] Published /robot0/odom: pos=(0.842, 0.422, 0.075)
[DBG ODOM] Published /robot0/odom: pos=(0.842, 0.422, 0.075)
[DBG ODOM] Published /robot0/odom: pos=(0.842, 0.422, 0.075)
[DBG ODOM] Published /robot0/odom: pos=(0.842, 0.422, 0.075)
[DBG ODOM] Published /robot0/odom: pos=(0.842, 0.422, 0.075)
[DBG ODOM] Published /robot0/odom: pos=(0.842, 0.422, 0.075)
[DBG ODOM] Published /robot0/odom: pos=(0.842, 0.422, 0.075)
[DBG ODOM] Published /robot0/odom: pos=(0.842, 0.422, 0.075)
[DBG ODOM] Published /robot0/odom: pos=(0.842, 0.422, 0.075)
[DBG ODOM] Published /robot0/odom: pos=(0.842, 0.422, 0.075)
[DBG ODOM] Published /robot0/odom: pos=(0.842, 0.422, 0.075)
[DBG ODOM] Published /robot0/odom: pos=(0.842, 0.422, 0.075)
[DBG ODOM] Published /robot0/odom: pos=(0.842, 0.422, 0.075)
[DBG ODOM] Published /robot0/odom: pos=(0.842, 0.422, 0.075)
[DBG ODOM] Published /robot0/odom: pos=(0.842, 0.422, 0.075)
[DBG ODOM] Published /robot0/odom: pos=(0.842, 0.422, 0.075)
[DBG ODOM] Published /robot0/odom: pos=(0.842, 0.422, 0.075)
[DBG ODOM] Published /robot0/odom: pos=(0.842, 0.422, 0.075)
[DBG ODOM] Published /robot0/odom: pos=(0.842, 0.422, 0.075)
[DBG ODOM] Published /robot0/odom: pos=(0.842, 0.422, 0.075)
[DBG ODOM] Published /robot0/odom: pos=(0.842, 0.422, 0.075)
[DBG ODOM] Published /robot0/odom: pos=(0.842, 0.422, 0.075)
[DBG ODOM] Published /robot0/odom: pos=(0.842, 0.422, 0.075)
[DBG ODOM] Published /robot0/odom: pos=(0.842, 0.422, 0.075)
[DBG ODOM] Published /robot0/odom: pos=(0.842, 0.422, 0.075)
[DBG ODOM] Published /robot0/odom: pos=(0.842, 0.422, 0.075)
[DBG ODOM] Published /robot0/odom: pos=(0.842, 0.422, 0.075)
[DBG ODOM] Published /robot0/odom: pos=(0.842, 0.422, 0.075)
[DBG ODOM] Published /robot0/odom: pos=(0.842, 0.422, 0.075)
[DBG ODOM] Published /robot0/odom: pos=(0.842, 0.422, 0.075)
[DBG ODOM] Published /robot0/odom: pos=(0.842, 0.422, 0.075)
[DBG ODOM] Published /robot0/odom: pos=(0.842, 0.422, 0.075)
[DBG ODOM] Published /robot0/odom: pos=(0.842, 0.422, 0.075)
[DBG ODOM] Published /robot0/odom: pos=(0.842, 0.422, 0.075)
[DBG ODOM] Published /robot0/odom: pos=(0.842, 0.422, 0.075)
[DBG ODOM] Published /robot0/odom: pos=(0.842, 0.422, 0.075)
[DBG ODOM] Published /robot0/odom: pos=(0.842, 0.422, 0.075)
[DBG ODOM] Published /robot0/odom: pos=(0.842, 0.422, 0.075)
[DBG ODOM] Published /robot0/odom: pos=(0.842, 0.422, 0.075)
[DBG ODOM] Published /robot0/odom: pos=(0.842, 0.422, 0.075)
[DBG ODOM] Published /robot0/odom: pos=(0.842, 0.422, 0.075)
[DBG ODOM] Published /robot0/odom: pos=(0.842, 0.422, 0.075)
[DBG ODOM] Published /robot0/odom: pos=(0.842, 0.422, 0.075)
[DBG ODOM] Published /robot0/odom: pos=(0.842, 0.422, 0.075)
[DBG ODOM] Published /robot0/odom: pos=(0.842, 0.422, 0.075)
[DBG ODOM] Published /robot0/odom: pos=(0.842, 0.422, 0.075)
[DBG ODOM] Published /robot0/odom: pos=(0.842, 0.422, 0.075)
[DBG ODOM] Published /robot0/odom: pos=(0.842, 0.422, 0.075)
[DBG ODOM] Published /robot0/odom: pos=(0.842, 0.422, 0.075)
[DBG ODOM] Published /robot0/odom: pos=(0.842, 0.422, 0.075)
[DBG ODOM] Published /robot0/odom: pos=(0.842, 0.422, 0.075)
[DBG ODOM] Published /robot0/odom: pos=(0.842, 0.422, 0.075)
[DBG ODOM] Published /robot0/odom: pos=(0.842, 0.422, 0.075)
[DBG ODOM] Published /robot0/odom: pos=(0.842, 0.422, 0.075)
[DBG ODOM] Published /robot0/odom: pos=(0.842, 0.422, 0.075)
[DBG ODOM] Published /robot0/odom: pos=(0.842, 0.422, 0.075)
[DBG ODOM] Published /robot0/odom: pos=(0.842, 0.422, 0.075)
[DBG ODOM] Published /robot0/odom: pos=(0.842, 0.422, 0.075)
[DBG ODOM] Published /robot0/odom: pos=(0.842, 0.422, 0.075)
[DBG ODOM] Published /robot0/odom: pos=(0.842, 0.422, 0.075)
[DBG ODOM] Published /robot0/odom: pos=(0.842, 0.422, 0.075)
[DBG ODOM] Published /robot0/odom: pos=(0.842, 0.422, 0.075)
[DBG ODOM] Published /robot0/odom: pos=(0.842, 0.422, 0.075)
[DBG ODOM] Published /robot0/odom: pos=(0.842, 0.422, 0.075)
[DBG ODOM] Published /robot0/odom: pos=(0.842, 0.422, 0.075)
[DBG ODOM] Published /robot0/odom: pos=(0.842, 0.422, 0.075)
[DBG ODOM] Published /robot0/odom: pos=(0.842, 0.422, 0.075)
[DBG ODOM] Published /robot0/odom: pos=(0.842, 0.422, 0.075)
[DBG ODOM] Published /robot0/odom: pos=(0.842, 0.422, 0.075)
[DBG ODOM] Published /robot0/odom: pos=(0.842, 0.422, 0.075)
[DBG ODOM] Published /robot0/odom: pos=(0.842, 0.422, 0.075)
[DBG ODOM] Published /robot0/odom: pos=(0.842, 0.422, 0.075)
[DBG ODOM] Published /robot0/odom: pos=(0.842, 0.422, 0.075)
[DBG ODOM] Published /robot0/odom: pos=(0.842, 0.422, 0.075)
[DBG ODOM] Published /robot0/odom: pos=(0.842, 0.422, 0.075)
[DBG ODOM] Published /robot0/odom: pos=(0.842, 0.422, 0.075)
[DBG ODOM] Published /robot0/odom: pos=(0.842, 0.422, 0.075)
[DBG ODOM] Published /robot0/odom: pos=(0.842, 0.422, 0.075)
[DBG ODOM] Published /robot0/odom: pos=(0.842, 0.422, 0.075)
[DBG ODOM] Published /robot0/odom: pos=(0.842, 0.422, 0.075)
[DBG ODOM] Published /robot0/odom: pos=(0.842, 0.422, 0.075)
[DBG ODOM] Published /robot0/odom: pos=(0.842, 0.422, 0.075)
[DBG ODOM] Published /robot0/odom: pos=(0.842, 0.422, 0.075)
[DBG ODOM] Published /robot0/odom: pos=(0.842, 0.422, 0.075)
[DBG ODOM] Published /robot0/odom: pos=(0.842, 0.422, 0.075)
[DBG ODOM] Published /robot0/odom: pos=(0.842, 0.422, 0.075)
[DBG ODOM] Published /robot0/odom: pos=(0.842, 0.422, 0.075)
[DBG ODOM] Published /robot0/odom: pos=(0.842, 0.422, 0.075)
[DBG ODOM] Published /robot0/odom: pos=(0.842, 0.422, 0.075)
[DBG ODOM] Published /robot0/odom: pos=(0.842, 0.422, 0.075)
[DBG ODOM] Published /robot0/odom: pos=(0.842, 0.422, 0.075)
[DBG ODOM] Published /robot0/odom: pos=(0.842, 0.422, 0.075)
[DBG ODOM] Published /robot0/odom: pos=(0.842, 0.422, 0.075)
[DBG ODOM] Published /robot0/odom: pos=(0.842, 0.422, 0.075)
[DBG ODOM] Published /robot0/odom: pos=(0.842, 0.422, 0.075)
[DBG ODOM] Published /robot0/odom: pos=(0.842, 0.422, 0.075)
[DBG ODOM] Published /robot0/odom: pos=(0.842, 0.422, 0.075)
[DBG ODOM] Published /robot0/odom: pos=(0.842, 0.422, 0.075)
[DBG ODOM] Published /robot0/odom: pos=(0.842, 0.422, 0.075)
