================================================================================
SIMULATION LOG - 2025-11-16 17:19:02
Log file: /home/kishi/ResQoUnity/logs/simulation/drone_sim_20251116_171902.log
================================================================================

[INFO] Creating environment: Isaac-Velocity-Rough-Unitree-Go2-v0
[INFO] Robot: go2, Amount: 1, Terrain: flat
[INFO]: Base environment:
	Environment device    : cuda:0
	Physics step-size     : 0.005
	Rendering step-size   : 0.005
	Environment step-size : 0.02
	Physics GPU pipeline  : True
	Physics GPU simulation: True
[INFO]: Time taken for scene creation : 3.468091 seconds
[INFO]: Scene manager:  <class InteractiveScene>
	Number of environments: 1
	Environment spacing   : 2.5
	Source prim name      : /World/envs/env_0
	Global prim paths     : ['/World/ground']
	Replicate physics     : True
[INFO]: Starting the simulation. This may take a few seconds. Please wait...
[INFO]: Time taken for simulation start : 1.043874 seconds
[INFO] Command Manager:  <CommandManager> contains 1 active terms.
+------------------------------------------------+
|              Active Command Terms              |
+-------+---------------+------------------------+
| Index | Name          |          Type          |
+-------+---------------+------------------------+
|   0   | base_velocity | UniformVelocityCommand |
+-------+---------------+------------------------+

[INFO] Action Manager:  <ActionManager> contains 1 active terms.
+------------------------------------+
|  Active Action Terms (shape: 12)   |
+--------+-------------+-------------+
| Index  | Name        |   Dimension |
+--------+-------------+-------------+
|   0    | joint_pos   |          12 |
+--------+-------------+-------------+

Module omni.isaac.orbit.utils.warp.kernels load on device 'cuda:0' took 1.23 ms
[INFO] Observation Manager: <ObservationManager> contains 1 groups.
+----------------------------------------------------------+
| Active Observation Terms in Group: 'policy' (shape: (235,)) |
+-----------+--------------------------------+-------------+
|   Index   | Name                           |    Shape    |
+-----------+--------------------------------+-------------+
|     0     | base_lin_vel                   |     (3,)    |
|     1     | base_ang_vel                   |     (3,)    |
|     2     | projected_gravity              |     (3,)    |
|     3     | velocity_commands              |     (3,)    |
|     4     | joint_pos                      |    (12,)    |
|     5     | joint_vel                      |    (12,)    |
|     6     | actions                        |    (12,)    |
|     7     | height_scan                    |    (187,)   |
+-----------+--------------------------------+-------------+

[INFO] Event Manager:  <EventManager> contains 1 active terms.
+--------------------------------------+
| Active Event Terms in Mode: 'startup' |
+----------+---------------------------+
|  Index   | Name                      |
+----------+---------------------------+
|    0     | physics_material          |
+----------+---------------------------+

[INFO] Termination Manager:  <TerminationManager> contains 2 active terms.
+---------------------------------+
|     Active Termination Terms    |
+-------+--------------+----------+
| Index | Name         | Time Out |
+-------+--------------+----------+
|   0   | time_out     |   True   |
|   1   | base_contact |  False   |
+-------+--------------+----------+

[INFO] Reward Manager:  <RewardManager> contains 10 active terms.
+-----------------------------------------+
|           Active Reward Terms           |
+-------+----------------------+----------+
| Index | Name                 |   Weight |
+-------+----------------------+----------+
|   0   | track_lin_vel_xy_exp |      1.5 |
|   1   | track_ang_vel_z_exp  |     0.75 |
|   2   | lin_vel_z_l2         |     -2.0 |
|   3   | ang_vel_xy_l2        |    -0.05 |
|   4   | dof_torques_l2       |  -0.0002 |
|   5   | dof_acc_l2           | -2.5e-07 |
|   6   | action_rate_l2       |    -0.01 |
|   7   | feet_air_time        |     0.01 |
|   8   | flat_orientation_l2  |      0.0 |
|   9   | dof_pos_limits       |      0.0 |
+-------+----------------------+----------+

[INFO] Curriculum Manager:  <CurriculumManager> contains 0 active terms.
+----------------------+
| Active Curriculum Terms |
+-----------+----------+
|   Index   | Name     |
+-----------+----------+
+-----------+----------+

Creating window for environment.
[INFO]: Completed setting up the environment...
[INFO] Environment created successfully!
[INFO] Environment wrapped for RSL-RL
[INFO] Loading experiment from directory: /home/kishi/ResQoUnity/logs/rsl_rl/unitree_go2_rough
[INFO]: Loading model checkpoint from: /home/kishi/ResQoUnity/logs/rsl_rl/unitree_go2_rough/2024-04-06_02-37-07/model_7850.pt
--------------------------------------------------------------------------------
Resolved observation sets: 
	 policy :  ['policy']
	 critic :  ['policy']
--------------------------------------------------------------------------------
Actor MLP: MLP(
  (0): Linear(in_features=235, out_features=512, bias=True)
  (1): ELU(alpha=1.0)
  (2): Linear(in_features=512, out_features=256, bias=True)
  (3): ELU(alpha=1.0)
  (4): Linear(in_features=256, out_features=128, bias=True)
  (5): ELU(alpha=1.0)
  (6): Linear(in_features=128, out_features=12, bias=True)
)
Critic MLP: MLP(
  (0): Linear(in_features=235, out_features=512, bias=True)
  (1): ELU(alpha=1.0)
  (2): Linear(in_features=512, out_features=256, bias=True)
  (3): ELU(alpha=1.0)
  (4): Linear(in_features=256, out_features=128, bias=True)
  (5): ELU(alpha=1.0)
  (6): Linear(in_features=128, out_features=1, bias=True)
)
[INFO]: Checkpoint loaded successfully
[INFO] Resetting environment and getting initial observations...
[INFO] Environment reset complete, starting simulation loop...
[INFO] Spawning world-level drone at /World/Drone...
[INFO] Drone USD loaded at /World/Drone
[INFO] Drone spawned at position (0.0, 0.0, 2.5)
[INFO] ArticulationView will be initialized after first physics step
[Drone drone] Mode: DISARMED → LOITER

================================================================================
DRONE DEBUG LOGGER INITIALIZED FOR world_drone
================================================================================

[INFO] Drone controller initialized in ARMED mode (auto-armed)
[INFO] Mode set to LOITER - will hold spawn position
[INFO] Debug logger enabled - verbose output active
[INFO] Drone bottom camera initialized
[INFO] Drone ROS2 publishers initialized on /drone namespace
[INFO] Adding /drone namespace ROS2 interface
[INFO] Drone topics created: cmd_vel, cmd_position, cmd_altitude
[INFO] Drone services created:
  - /drone/arm: True
  - /drone/takeoff: True
  - /drone/land: True
  - /drone/emergency_stop: True
[INFO] Drone control interface ready on /drone namespace
Error loading custom environment. You should download custom envs folder from: https://drive.google.com/drive/folders/1vVGuO1KIX1K6mD6mBHDZGm9nk2vaRyj3?usp=sharing
[INFO] Setting up viewport camera...
[INFO] Camera positioned to view robot
[INFO] Robot(s) should now be visible in the viewport!
[INFO] Use these controls to navigate:
  - Press 'F' to focus on robot
  - Mouse wheel: Zoom in/out
  - Middle mouse: Pan camera
  - Alt+Left mouse: Orbit view
  - WASD keys: Move robot (forward/back/left/right)
  - Q/E keys: Rotate left/right
[INFO] Initializing ArticulationView after physics step...
[INFO] Drone mass set to: 0.5 kg (Crazyflie scaled estimate)
[INFO] Using Hybrid Physics-Velocity Control (GPU PhysX compatible)
[INFO] Forces → Acceleration → Velocity integration (F=ma)
[INFO] LOITER target set to spawn position: (-0.00, -0.00, 2.50)
[SAFETY] World drone initialized:
  Current pos: (-0.000, -0.000, 2.498)
  Target pos:  (-0.000, -0.000, 2.498)
  Mode: LOITER, Armed: True
[INIT] Drone spawned at position: (-0.000, -0.000, 2.498)
[INIT] Initial velocity: (0.000, 0.000, -0.196)
[INIT] Initial mode: LOITER
[INIT] Ready for control


********************************************************************************
[ARM EVENT] Drone ARMED
********************************************************************************

[INFO] ArticulationView ready - found 1 drone(s)
[DEBUG] ArticulationView prim paths: ['/World/Drone']
[DEBUG] Controller initialized at position: (-0.00, -0.00, 2.50)
[DEBUG] Drone has 4 DOFs: ['m1_joint', 'm2_joint', 'm3_joint', 'm4_joint']
[DEBUG] Prim at /World/Drone exists: True
[DEBUG] Found root body (fallback) at: /World/Drone/body
[DEBUG] Found articulation root at: /World/Drone

────────────────────────────────────────────────────────────────────────────────
[FRAME 4] Δt = 1.00s
────────────────────────────────────────────────────────────────────────────────
  State      : Armed=True, Mode=LOITER
  Position   : ( -0.000,  -0.000,   2.490)
  Velocity   : (  0.000,  -0.000,  -0.211)
  Target Pos : ( -0.000,  -0.000,   2.498)
  Error      : ( -0.000,   0.000,   0.008) = 0.008m
  PID Output : ( -0.000,   0.000,   0.016) m/s
  Applied Force: (  -0.00,    0.00,    5.81) N (|F|=5.81N)
  ✅ Gravity compensation active (Fz > 0)
  Actual Vel: (  0.000,  -0.000,  -0.017) m/s
  ℹ️  Velocity differs from PID (hybrid physics integration active)
────────────────────────────────────────────────────────────────────────────────


────────────────────────────────────────────────────────────────────────────────
[FRAME 21] Δt = 1.00s
────────────────────────────────────────────────────────────────────────────────
  State      : Armed=True, Mode=LOITER
  Position   : ( -0.000,  -0.000,   2.447)
  Velocity   : (  0.000,   0.000,  -0.172)
  Target Pos : ( -0.000,  -0.000,   2.498)
  Error      : (  0.000,   0.000,   0.051) = 0.051m
  PID Output : (  0.000,   0.000,   0.105) m/s
  Applied Force: (  -0.00,   -0.00,    6.01) N (|F|=6.01N)
  ✅ Gravity compensation active (Fz > 0)
  Actual Vel: (  0.000,   0.000,   0.028) m/s
  ℹ️  Velocity differs from PID (hybrid physics integration active)
────────────────────────────────────────────────────────────────────────────────


────────────────────────────────────────────────────────────────────────────────
[FRAME 40] Δt = 1.00s
────────────────────────────────────────────────────────────────────────────────
  State      : Armed=True, Mode=LOITER
  Position   : ( -0.000,  -0.000,   2.424)
  Velocity   : (  0.000,  -0.000,  -0.106)
  Target Pos : ( -0.000,  -0.000,   2.498)
  Error      : ( -0.000,   0.000,   0.074) = 0.074m
  PID Output : ( -0.000,   0.000,   0.158) m/s
  Applied Force: (  -0.00,    0.00,    5.96) N (|F|=5.96N)
  ✅ Gravity compensation active (Fz > 0)
  Actual Vel: (  0.000,  -0.000,   0.093) m/s
  ℹ️  Velocity differs from PID (hybrid physics integration active)
────────────────────────────────────────────────────────────────────────────────


────────────────────────────────────────────────────────────────────────────────
[FRAME 59] Δt = 1.00s
────────────────────────────────────────────────────────────────────────────────
  State      : Armed=True, Mode=LOITER
  Position   : ( -0.000,  -0.000,   2.418)
  Velocity   : (  0.000,   0.000,  -0.076)
  Target Pos : ( -0.000,  -0.000,   2.498)
  Error      : (  0.000,   0.000,   0.079) = 0.079m
  PID Output : (  0.000,   0.000,   0.176) m/s
  Applied Force: (  -0.00,   -0.00,    5.91) N (|F|=5.91N)
  ✅ Gravity compensation active (Fz > 0)
  Actual Vel: (  0.000,   0.000,   0.121) m/s
  ℹ️  Velocity differs from PID (hybrid physics integration active)
────────────────────────────────────────────────────────────────────────────────

[DBG CACHE] Frame 60: Updating cache with pos=(-0.000,-0.000,2.418)
[DBG ROS2] Publishing to /drone/odom: pos=(-0.000,-0.000,2.418)

────────────────────────────────────────────────────────────────────────────────
[FRAME 78] Δt = 1.00s
────────────────────────────────────────────────────────────────────────────────
  State      : Armed=True, Mode=LOITER
  Position   : ( -0.000,  -0.000,   2.420)
  Velocity   : (  0.000,  -0.000,  -0.066)
  Target Pos : ( -0.000,  -0.000,   2.498)
  Error      : (  0.000,   0.000,   0.078) = 0.078m
  PID Output : (  0.000,   0.000,   0.181) m/s
  Applied Force: (   0.00,    0.00,    5.89) N (|F|=5.89N)
  ✅ Gravity compensation active (Fz > 0)
  Actual Vel: (  0.000,  -0.000,   0.131) m/s
  ℹ️  Velocity differs from PID (hybrid physics integration active)
────────────────────────────────────────────────────────────────────────────────


────────────────────────────────────────────────────────────────────────────────
[FRAME 97] Δt = 1.00s
────────────────────────────────────────────────────────────────────────────────
  State      : Armed=True, Mode=LOITER
  Position   : ( -0.000,  -0.000,   2.423)
  Velocity   : (  0.000,  -0.000,  -0.064)
  Target Pos : ( -0.000,  -0.000,   2.498)
  Error      : (  0.000,   0.000,   0.074) = 0.074m
  PID Output : (  0.000,   0.000,   0.182) m/s
  Applied Force: (   0.00,    0.00,    5.89) N (|F|=5.89N)
  ✅ Gravity compensation active (Fz > 0)
  Actual Vel: (  0.000,  -0.000,   0.133) m/s
  ℹ️  Velocity differs from PID (hybrid physics integration active)
────────────────────────────────────────────────────────────────────────────────


────────────────────────────────────────────────────────────────────────────────
[FRAME 116] Δt = 1.00s
────────────────────────────────────────────────────────────────────────────────
  State      : Armed=True, Mode=LOITER
  Position   : ( -0.000,  -0.000,   2.427)
  Velocity   : (  0.000,  -0.000,  -0.064)
  Target Pos : ( -0.000,  -0.000,   2.498)
  Error      : (  0.000,   0.000,   0.070) = 0.070m
  PID Output : (  0.000,   0.000,   0.182) m/s
  Applied Force: (  -0.00,    0.00,    5.89) N (|F|=5.89N)
  ✅ Gravity compensation active (Fz > 0)
  Actual Vel: (  0.000,  -0.000,   0.133) m/s
  ℹ️  Velocity differs from PID (hybrid physics integration active)
────────────────────────────────────────────────────────────────────────────────

[DBG CACHE] Frame 120: Updating cache with pos=(-0.000,-0.000,2.428)
[DBG ROS2] Publishing to /drone/odom: pos=(-0.000,-0.000,2.428)

────────────────────────────────────────────────────────────────────────────────
[FRAME 134] Δt = 1.00s
────────────────────────────────────────────────────────────────────────────────
  State      : Armed=True, Mode=LOITER
  Position   : ( -0.000,  -0.000,   2.431)
  Velocity   : (  0.000,   0.000,  -0.064)
  Target Pos : ( -0.000,  -0.000,   2.498)
  Error      : (  0.000,   0.000,   0.067) = 0.067m
  PID Output : (  0.000,   0.000,   0.181) m/s
  Applied Force: (  -0.00,   -0.00,    5.89) N (|F|=5.89N)
  ✅ Gravity compensation active (Fz > 0)
  Actual Vel: (  0.000,   0.000,   0.132) m/s
  ℹ️  Velocity differs from PID (hybrid physics integration active)
────────────────────────────────────────────────────────────────────────────────


────────────────────────────────────────────────────────────────────────────────
[FRAME 153] Δt = 1.00s
────────────────────────────────────────────────────────────────────────────────
  State      : Armed=True, Mode=LOITER
  Position   : ( -0.000,  -0.000,   2.434)
  Velocity   : (  0.000,   0.000,  -0.064)
  Target Pos : ( -0.000,  -0.000,   2.498)
  Error      : (  0.000,   0.000,   0.063) = 0.063m
  PID Output : (  0.000,   0.000,   0.181) m/s
  Applied Force: (  -0.00,   -0.00,    5.89) N (|F|=5.89N)
  ✅ Gravity compensation active (Fz > 0)
  Actual Vel: (  0.000,   0.000,   0.132) m/s
  ℹ️  Velocity differs from PID (hybrid physics integration active)
────────────────────────────────────────────────────────────────────────────────


────────────────────────────────────────────────────────────────────────────────
[FRAME 172] Δt = 1.00s
────────────────────────────────────────────────────────────────────────────────
  State      : Armed=True, Mode=LOITER
  Position   : ( -0.000,  -0.000,   2.438)
  Velocity   : (  0.000,  -0.000,  -0.065)
  Target Pos : ( -0.000,  -0.000,   2.498)
  Error      : (  0.000,   0.000,   0.060) = 0.060m
  PID Output : (  0.000,   0.000,   0.180) m/s
  Applied Force: (   0.00,    0.00,    5.89) N (|F|=5.89N)
  ✅ Gravity compensation active (Fz > 0)
  Actual Vel: (  0.000,  -0.000,   0.131) m/s
  ℹ️  Velocity differs from PID (hybrid physics integration active)
────────────────────────────────────────────────────────────────────────────────

[DBG CACHE] Frame 180: Updating cache with pos=(-0.000,-0.000,2.439)
[DBG ROS2] Publishing to /drone/odom: pos=(-0.000,-0.000,2.439)

────────────────────────────────────────────────────────────────────────────────
[FRAME 191] Δt = 1.00s
────────────────────────────────────────────────────────────────────────────────
  State      : Armed=True, Mode=LOITER
  Position   : ( -0.000,  -0.000,   2.441)
  Velocity   : (  0.000,   0.000,  -0.065)
  Target Pos : ( -0.000,  -0.000,   2.498)
  Error      : (  0.000,   0.000,   0.057) = 0.057m
  PID Output : (  0.000,   0.000,   0.180) m/s
  Applied Force: (  -0.00,   -0.00,    5.89) N (|F|=5.89N)
  ✅ Gravity compensation active (Fz > 0)
  Actual Vel: (  0.000,   0.000,   0.131) m/s
  ℹ️  Velocity differs from PID (hybrid physics integration active)
────────────────────────────────────────────────────────────────────────────────


────────────────────────────────────────────────────────────────────────────────
[FRAME 210] Δt = 1.00s
────────────────────────────────────────────────────────────────────────────────
  State      : Armed=True, Mode=LOITER
  Position   : ( -0.000,  -0.000,   2.444)
  Velocity   : (  0.000,   0.000,  -0.066)
  Target Pos : ( -0.000,  -0.000,   2.498)
  Error      : (  0.000,   0.000,   0.054) = 0.054m
  PID Output : (  0.000,   0.000,   0.179) m/s
  Applied Force: (  -0.00,   -0.00,    5.89) N (|F|=5.89N)
  ✅ Gravity compensation active (Fz > 0)
  Actual Vel: (  0.000,   0.000,   0.130) m/s
  ℹ️  Velocity differs from PID (hybrid physics integration active)
────────────────────────────────────────────────────────────────────────────────


────────────────────────────────────────────────────────────────────────────────
[FRAME 229] Δt = 1.00s
────────────────────────────────────────────────────────────────────────────────
  State      : Armed=True, Mode=LOITER
  Position   : ( -0.000,  -0.000,   2.447)
  Velocity   : (  0.000,   0.000,  -0.066)
  Target Pos : ( -0.000,  -0.000,   2.498)
  Error      : (  0.000,   0.000,   0.051) = 0.051m
  PID Output : (  0.000,   0.000,   0.179) m/s
  Applied Force: (   0.00,   -0.00,    5.89) N (|F|=5.89N)
  ✅ Gravity compensation active (Fz > 0)
  Actual Vel: (  0.000,   0.000,   0.130) m/s
  ℹ️  Velocity differs from PID (hybrid physics integration active)
────────────────────────────────────────────────────────────────────────────────

[DBG CACHE] Frame 240: Updating cache with pos=(-0.000,-0.000,2.448)
[DBG ROS2] Publishing to /drone/odom: pos=(-0.000,-0.000,2.448)

────────────────────────────────────────────────────────────────────────────────
[FRAME 248] Δt = 1.00s
────────────────────────────────────────────────────────────────────────────────
  State      : Armed=True, Mode=LOITER
  Position   : ( -0.000,  -0.000,   2.450)
  Velocity   : (  0.000,  -0.000,  -0.067)
  Target Pos : ( -0.000,  -0.000,   2.498)
  Error      : (  0.000,   0.000,   0.048) = 0.048m
  PID Output : (  0.000,   0.000,   0.179) m/s
  Applied Force: (  -0.00,    0.00,    5.89) N (|F|=5.89N)
  ✅ Gravity compensation active (Fz > 0)
  Actual Vel: (  0.000,  -0.000,   0.130) m/s
  ℹ️  Velocity differs from PID (hybrid physics integration active)
────────────────────────────────────────────────────────────────────────────────


********************************************************************************
[ARM EVENT] Drone ARMED
********************************************************************************


────────────────────────────────────────────────────────────────────────────────
[FRAME 267] Δt = 1.00s
────────────────────────────────────────────────────────────────────────────────
  State      : Armed=True, Mode=LOITER
  Position   : ( -0.000,  -0.000,   2.452)
  Velocity   : (  0.000,  -0.000,  -0.067)
  Target Pos : ( -0.000,  -0.000,   2.498)
  Error      : (  0.000,   0.000,   0.045) = 0.045m
  PID Output : (  0.000,   0.000,   0.178) m/s
  Applied Force: (  -0.00,    0.00,    5.89) N (|F|=5.89N)
  ✅ Gravity compensation active (Fz > 0)
  Actual Vel: (  0.000,  -0.000,   0.129) m/s
  ℹ️  Velocity differs from PID (hybrid physics integration active)
────────────────────────────────────────────────────────────────────────────────


────────────────────────────────────────────────────────────────────────────────
[FRAME 286] Δt = 1.00s
────────────────────────────────────────────────────────────────────────────────
  State      : Armed=True, Mode=LOITER
  Position   : ( -0.000,  -0.000,   2.455)
  Velocity   : (  0.000,   0.000,  -0.067)
  Target Pos : ( -0.000,  -0.000,   2.498)
  Error      : (  0.000,   0.000,   0.043) = 0.043m
  PID Output : (  0.000,   0.000,   0.178) m/s
  Applied Force: (   0.00,   -0.00,    5.89) N (|F|=5.89N)
  ✅ Gravity compensation active (Fz > 0)
  Actual Vel: (  0.000,   0.000,   0.129) m/s
  ℹ️  Velocity differs from PID (hybrid physics integration active)
────────────────────────────────────────────────────────────────────────────────

[DBG CACHE] Frame 300: Updating cache with pos=(-0.000,-0.000,2.456)
[DBG ROS2] Publishing to /drone/odom: pos=(-0.000,-0.000,2.456)

────────────────────────────────────────────────────────────────────────────────
[FRAME 305] Δt = 1.00s
────────────────────────────────────────────────────────────────────────────────
  State      : Armed=True, Mode=LOITER
  Position   : ( -0.000,  -0.000,   2.457)
  Velocity   : (  0.000,  -0.000,  -0.068)
  Target Pos : ( -0.000,  -0.000,   2.498)
  Error      : (  0.000,   0.000,   0.041) = 0.041m
  PID Output : (  0.000,   0.000,   0.177) m/s
  Applied Force: (  -0.00,    0.00,    5.89) N (|F|=5.89N)
  ✅ Gravity compensation active (Fz > 0)
  Actual Vel: (  0.000,  -0.000,   0.129) m/s
  ℹ️  Velocity differs from PID (hybrid physics integration active)
────────────────────────────────────────────────────────────────────────────────


────────────────────────────────────────────────────────────────────────────────
[FRAME 324] Δt = 1.00s
────────────────────────────────────────────────────────────────────────────────
  State      : Armed=True, Mode=LOITER
  Position   : ( -0.000,  -0.000,   2.459)
  Velocity   : (  0.000,  -0.000,  -0.068)
  Target Pos : ( -0.000,  -0.000,   2.498)
  Error      : (  0.000,   0.000,   0.038) = 0.038m
  PID Output : (  0.000,   0.000,   0.177) m/s
  Applied Force: (  -0.00,    0.00,    5.89) N (|F|=5.89N)
  ✅ Gravity compensation active (Fz > 0)
  Actual Vel: (  0.000,  -0.000,   0.128) m/s
  ℹ️  Velocity differs from PID (hybrid physics integration active)
────────────────────────────────────────────────────────────────────────────────


────────────────────────────────────────────────────────────────────────────────
[FRAME 344] Δt = 1.00s
────────────────────────────────────────────────────────────────────────────────
  State      : Armed=True, Mode=LOITER
  Position   : ( -0.000,  -0.000,   2.461)
  Velocity   : (  0.000,  -0.000,  -0.068)
  Target Pos : ( -0.000,  -0.000,   2.498)
  Error      : (  0.000,   0.000,   0.036) = 0.036m
  PID Output : (  0.000,   0.000,   0.177) m/s
  Applied Force: (   0.00,    0.00,    5.89) N (|F|=5.89N)
  ✅ Gravity compensation active (Fz > 0)
  Actual Vel: (  0.000,  -0.000,   0.128) m/s
  ℹ️  Velocity differs from PID (hybrid physics integration active)
────────────────────────────────────────────────────────────────────────────────

[DBG CACHE] Frame 360: Updating cache with pos=(-0.000,-0.000,2.463)
[DBG ROS2] Publishing to /drone/odom: pos=(-0.000,-0.000,2.463)

────────────────────────────────────────────────────────────────────────────────
[FRAME 363] Δt = 1.00s
────────────────────────────────────────────────────────────────────────────────
  State      : Armed=True, Mode=LOITER
  Position   : ( -0.000,  -0.000,   2.463)
  Velocity   : (  0.000,   0.000,  -0.069)
  Target Pos : ( -0.000,  -0.000,   2.498)
  Error      : (  0.000,   0.000,   0.034) = 0.034m
  PID Output : (  0.000,   0.000,   0.177) m/s
  Applied Force: (   0.00,   -0.00,    5.89) N (|F|=5.89N)
  ✅ Gravity compensation active (Fz > 0)
  Actual Vel: (  0.000,   0.000,   0.128) m/s
  ℹ️  Velocity differs from PID (hybrid physics integration active)
────────────────────────────────────────────────────────────────────────────────

[Drone drone] Target position: (-0.00, -0.00, 1.50)
[Drone drone] Mode: LOITER → POSITION
[SAFETY] Takeoff service executed:
  Mode: POSITION
  Target: (-0.000, -0.000, 1.500)
  Current: (-0.000, -0.000, 2.464)

────────────────────────────────────────────────────────────────────────────────
[FRAME 382] Δt = 1.00s
────────────────────────────────────────────────────────────────────────────────
  State      : Armed=True, Mode=POSITION
  Position   : ( -0.000,  -0.000,   2.296)
  Velocity   : (  0.000,  -0.000,  -1.344)
  Target Pos : ( -0.000,  -0.000,   1.500)
  Error      : (  0.000,   0.000,  -0.796) = 0.796m
  PID Output : (  0.000,   0.000,  -1.500) m/s
  Applied Force: (  -0.00,    0.00,    4.28) N (|F|=4.28N)
  ✅ Gravity compensation active (Fz > 0)
  Actual Vel: (  0.000,  -0.000,  -1.202) m/s
  ℹ️  Velocity differs from PID (hybrid physics integration active)
  ⚠️  WARNING: Large altitude error (0.80m)
────────────────────────────────────────────────────────────────────────────────


────────────────────────────────────────────────────────────────────────────────
[FRAME 401] Δt = 1.00s
────────────────────────────────────────────────────────────────────────────────
  State      : Armed=True, Mode=POSITION
  Position   : ( -0.000,  -0.000,   1.776)
  Velocity   : (  0.000,  -0.000,  -1.213)
  Target Pos : ( -0.000,  -0.000,   1.500)
  Error      : (  0.000,   0.000,  -0.276) = 0.276m
  PID Output : (  0.000,   0.000,  -0.658) m/s
  Applied Force: (  -0.00,    0.00,    7.13) N (|F|=7.13N)
  ✅ Gravity compensation active (Fz > 0)
  Actual Vel: (  0.000,  -0.000,  -0.976) m/s
  ℹ️  Velocity differs from PID (hybrid physics integration active)
────────────────────────────────────────────────────────────────────────────────


────────────────────────────────────────────────────────────────────────────────
[FRAME 420] Δt = 1.00s
────────────────────────────────────────────────────────────────────────────────
  State      : Armed=True, Mode=POSITION
  Position   : ( -0.000,  -0.000,   1.489)
  Velocity   : (  0.000,  -0.000,  -0.532)
  Target Pos : ( -0.000,  -0.000,   1.500)
  Error      : (  0.000,   0.000,   0.011) = 0.011m
  PID Output : (  0.000,   0.000,  -0.095) m/s
  Applied Force: (   0.00,    0.00,    6.66) N (|F|=6.66N)
  ✅ Gravity compensation active (Fz > 0)
  Actual Vel: (  0.000,  -0.000,  -0.311) m/s
  ℹ️  Velocity differs from PID (hybrid physics integration active)
────────────────────────────────────────────────────────────────────────────────

[DBG CACHE] Frame 420: Updating cache with pos=(-0.000,-0.000,1.489)
[DBG ROS2] Publishing to /drone/odom: pos=(-0.000,-0.000,1.489)

────────────────────────────────────────────────────────────────────────────────
[FRAME 439] Δt = 1.00s
────────────────────────────────────────────────────────────────────────────────
  State      : Armed=True, Mode=POSITION
  Position   : ( -0.000,  -0.000,   1.390)
  Velocity   : (  0.000,   0.000,  -0.206)
  Target Pos : ( -0.000,  -0.000,   1.500)
  Error      : (  0.000,   0.000,   0.110) = 0.110m
  PID Output : (  0.000,   0.000,   0.111) m/s
  Applied Force: (  -0.00,   -0.00,    6.18) N (|F|=6.18N)
  ✅ Gravity compensation active (Fz > 0)
  Actual Vel: (  0.000,   0.000,  -0.000) m/s
  ℹ️  Velocity differs from PID (hybrid physics integration active)
────────────────────────────────────────────────────────────────────────────────


────────────────────────────────────────────────────────────────────────────────
[FRAME 458] Δt = 1.00s
────────────────────────────────────────────────────────────────────────────────
  State      : Armed=True, Mode=POSITION
  Position   : ( -0.000,  -0.000,   1.366)
  Velocity   : (  0.000,   0.000,  -0.095)
  Target Pos : ( -0.000,  -0.000,   1.500)
  Error      : (  0.000,   0.000,   0.134) = 0.134m
  PID Output : (  0.000,   0.000,   0.172) m/s
  Applied Force: (   0.00,   -0.00,    5.97) N (|F|=5.97N)
  ✅ Gravity compensation active (Fz > 0)
  Actual Vel: (  0.000,   0.000,   0.104) m/s
  ℹ️  Velocity differs from PID (hybrid physics integration active)
────────────────────────────────────────────────────────────────────────────────


────────────────────────────────────────────────────────────────────────────────
[FRAME 477] Δt = 1.00s
────────────────────────────────────────────────────────────────────────────────
  State      : Armed=True, Mode=POSITION
  Position   : ( -0.000,  -0.000,   1.365)
  Velocity   : (  0.000,  -0.000,  -0.063)
  Target Pos : ( -0.000,  -0.000,   1.500)
  Error      : (  0.000,   0.000,   0.135) = 0.135m
  PID Output : (  0.000,   0.000,   0.187) m/s
  Applied Force: (  -0.00,    0.00,    5.91) N (|F|=5.91N)
  ✅ Gravity compensation active (Fz > 0)
  Actual Vel: (  0.000,  -0.000,   0.133) m/s
  ℹ️  Velocity differs from PID (hybrid physics integration active)
────────────────────────────────────────────────────────────────────────────────

[DBG CACHE] Frame 480: Updating cache with pos=(-0.000,-0.000,1.366)
[DBG ROS2] Publishing to /drone/odom: pos=(-0.000,-0.000,1.366)

────────────────────────────────────────────────────────────────────────────────
[FRAME 496] Δt = 1.00s
────────────────────────────────────────────────────────────────────────────────
  State      : Armed=True, Mode=POSITION
  Position   : ( -0.000,  -0.000,   1.371)
  Velocity   : (  0.000,  -0.000,  -0.057)
  Target Pos : ( -0.000,  -0.000,   1.500)
  Error      : (  0.000,   0.000,   0.129) = 0.129m
  PID Output : (  0.000,   0.000,   0.189) m/s
  Applied Force: (  -0.00,    0.00,    5.89) N (|F|=5.89N)
  ✅ Gravity compensation active (Fz > 0)
  Actual Vel: (  0.000,  -0.000,   0.140) m/s
  ℹ️  Velocity differs from PID (hybrid physics integration active)
────────────────────────────────────────────────────────────────────────────────


────────────────────────────────────────────────────────────────────────────────
[FRAME 516] Δt = 1.00s
────────────────────────────────────────────────────────────────────────────────
  State      : Armed=True, Mode=POSITION
  Position   : ( -0.000,  -0.000,   1.378)
  Velocity   : (  0.000,   0.000,  -0.056)
  Target Pos : ( -0.000,  -0.000,   1.500)
  Error      : (  0.000,   0.000,   0.122) = 0.122m
  PID Output : (  0.000,   0.000,   0.189) m/s
  Applied Force: (  -0.00,   -0.00,    5.89) N (|F|=5.89N)
  ✅ Gravity compensation active (Fz > 0)
  Actual Vel: (  0.000,   0.000,   0.140) m/s
  ℹ️  Velocity differs from PID (hybrid physics integration active)
────────────────────────────────────────────────────────────────────────────────


────────────────────────────────────────────────────────────────────────────────
[FRAME 536] Δt = 1.00s
────────────────────────────────────────────────────────────────────────────────
  State      : Armed=True, Mode=POSITION
  Position   : ( -0.000,  -0.000,   1.385)
  Velocity   : (  0.000,   0.000,  -0.057)
  Target Pos : ( -0.000,  -0.000,   1.500)
  Error      : (  0.000,   0.000,   0.115) = 0.115m
  PID Output : (  0.000,   0.000,   0.188) m/s
  Applied Force: (  -0.00,   -0.00,    5.88) N (|F|=5.88N)
  ✅ Gravity compensation active (Fz > 0)
  Actual Vel: (  0.000,   0.000,   0.139) m/s
  ℹ️  Velocity differs from PID (hybrid physics integration active)
────────────────────────────────────────────────────────────────────────────────

[DBG CACHE] Frame 540: Updating cache with pos=(-0.000,-0.000,1.386)
[DBG ROS2] Publishing to /drone/odom: pos=(-0.000,-0.000,1.386)

────────────────────────────────────────────────────────────────────────────────
[FRAME 555] Δt = 1.00s
────────────────────────────────────────────────────────────────────────────────
  State      : Armed=True, Mode=POSITION
  Position   : ( -0.000,  -0.000,   1.391)
  Velocity   : (  0.000,   0.000,  -0.058)
  Target Pos : ( -0.000,  -0.000,   1.500)
  Error      : (  0.000,   0.000,   0.109) = 0.109m
  PID Output : (  0.000,   0.000,   0.187) m/s
  Applied Force: (  -0.00,   -0.00,    5.88) N (|F|=5.88N)
  ✅ Gravity compensation active (Fz > 0)
  Actual Vel: (  0.000,   0.000,   0.138) m/s
  ℹ️  Velocity differs from PID (hybrid physics integration active)
────────────────────────────────────────────────────────────────────────────────

[Drone drone] Target position: (1.00, 0.50, 1.89)

────────────────────────────────────────────────────────────────────────────────
[FRAME 574] Δt = 1.00s
────────────────────────────────────────────────────────────────────────────────
  State      : Armed=True, Mode=POSITION
  Position   : (  0.137,   0.068,   1.485)
  Velocity   : (  0.900,   0.450,   0.510)
  Target Pos : (  1.000,   0.500,   1.893)
  Error      : (  0.863,   0.432,   0.408) = 1.048m
  PID Output : (  1.056,   0.528,   0.819) m/s
  Applied Force: (   0.63,    0.31,    6.14) N (|F|=6.18N)
  ✅ Gravity compensation active (Fz > 0)
  Actual Vel: (  0.921,   0.460,   0.714) m/s
  ℹ️  Velocity differs from PID (hybrid physics integration active)
────────────────────────────────────────────────────────────────────────────────


────────────────────────────────────────────────────────────────────────────────
[FRAME 593] Δt = 1.00s
────────────────────────────────────────────────────────────────────────────────
  State      : Armed=True, Mode=POSITION
  Position   : (  0.480,   0.240,   1.684)
  Velocity   : (  0.795,   0.398,   0.326)
  Target Pos : (  1.000,   0.500,   1.893)
  Error      : (  0.520,   0.260,   0.209) = 0.618m
  PID Output : (  0.668,   0.334,   0.452) m/s
  Applied Force: (  -0.51,   -0.26,    5.41) N (|F|=5.44N)
  ✅ Gravity compensation active (Fz > 0)
  Actual Vel: (  0.778,   0.389,   0.506) m/s
  ℹ️  Velocity differs from PID (hybrid physics integration active)
────────────────────────────────────────────────────────────────────────────────

[DBG CACHE] Frame 600: Updating cache with pos=(0.582,0.291,1.731)
[DBG ROS2] Publishing to /drone/odom: pos=(0.582,0.291,1.731)

────────────────────────────────────────────────────────────────────────────────
[FRAME 612] Δt = 1.00s
────────────────────────────────────────────────────────────────────────────────
  State      : Armed=True, Mode=POSITION
  Position   : (  0.719,   0.360,   1.783)
  Velocity   : (  0.493,   0.247,   0.086)
  Target Pos : (  1.000,   0.500,   1.893)
  Error      : (  0.281,   0.140,   0.110) = 0.332m
  PID Output : (  0.393,   0.197,   0.269) m/s
  Applied Force: (  -0.40,   -0.20,    5.63) N (|F|=5.65N)
  ✅ Gravity compensation active (Fz > 0)
  Actual Vel: (  0.480,   0.240,   0.274) m/s
  ℹ️  Velocity differs from PID (hybrid physics integration active)
────────────────────────────────────────────────────────────────────────────────


────────────────────────────────────────────────────────────────────────────────
[FRAME 631] Δt = 1.00s
────────────────────────────────────────────────────────────────────────────────
  State      : Armed=True, Mode=POSITION
  Position   : (  0.863,   0.431,   1.820)
  Velocity   : (  0.289,   0.145,  -0.018)
  Target Pos : (  1.000,   0.500,   1.893)
  Error      : (  0.137,   0.069,   0.073) = 0.170m
  PID Output : (  0.228,   0.114,   0.204) m/s
  Applied Force: (  -0.25,   -0.12,    5.80) N (|F|=5.80N)
  ✅ Gravity compensation active (Fz > 0)
  Actual Vel: (  0.281,   0.141,   0.175) m/s
  ℹ️  Velocity differs from PID (hybrid physics integration active)
────────────────────────────────────────────────────────────────────────────────


────────────────────────────────────────────────────────────────────────────────
[FRAME 650] Δt = 1.00s
────────────────────────────────────────────────────────────────────────────────
  State      : Armed=True, Mode=POSITION
  Position   : (  0.946,   0.473,   1.833)
  Velocity   : (  0.167,   0.083,  -0.053)
  Target Pos : (  1.000,   0.500,   1.893)
  Error      : (  0.054,   0.027,   0.060) = 0.085m
  PID Output : (  0.131,   0.065,   0.186) m/s
  Applied Force: (  -0.14,   -0.07,    5.86) N (|F|=5.86N)
  ✅ Gravity compensation active (Fz > 0)
  Actual Vel: (  0.162,   0.081,   0.142) m/s
  ℹ️  Velocity differs from PID (hybrid physics integration active)
────────────────────────────────────────────────────────────────────────────────

[DBG CACHE] Frame 660: Updating cache with pos=(0.975,0.487,1.836)
[DBG ROS2] Publishing to /drone/odom: pos=(0.975,0.487,1.836)

────────────────────────────────────────────────────────────────────────────────
[FRAME 669] Δt = 1.00s
────────────────────────────────────────────────────────────────────────────────
  State      : Armed=True, Mode=POSITION
  Position   : (  0.994,   0.497,   1.838)
  Velocity   : (  0.095,   0.048,  -0.063)
  Target Pos : (  1.000,   0.500,   1.893)
  Error      : (  0.006,   0.003,   0.055) = 0.055m
  PID Output : (  0.074,   0.037,   0.181) m/s
  Applied Force: (  -0.08,   -0.04,    5.88) N (|F|=5.88N)
  ✅ Gravity compensation active (Fz > 0)
  Actual Vel: (  0.093,   0.046,   0.133) m/s
  ℹ️  Velocity differs from PID (hybrid physics integration active)
────────────────────────────────────────────────────────────────────────────────


────────────────────────────────────────────────────────────────────────────────
[FRAME 688] Δt = 1.00s
────────────────────────────────────────────────────────────────────────────────
  State      : Armed=True, Mode=POSITION
  Position   : (  1.021,   0.511,   1.841)
  Velocity   : (  0.054,   0.027,  -0.066)
  Target Pos : (  1.000,   0.500,   1.893)
  Error      : ( -0.021,  -0.011,   0.052) = 0.057m
  PID Output : (  0.041,   0.021,   0.179) m/s
  Applied Force: (  -0.05,   -0.02,    5.88) N (|F|=5.88N)
  ✅ Gravity compensation active (Fz > 0)
  Actual Vel: (  0.052,   0.026,   0.131) m/s
  ℹ️  Velocity differs from PID (hybrid physics integration active)
────────────────────────────────────────────────────────────────────────────────


────────────────────────────────────────────────────────────────────────────────
[FRAME 707] Δt = 1.00s
────────────────────────────────────────────────────────────────────────────────
  State      : Armed=True, Mode=POSITION
  Position   : (  1.037,   0.518,   1.844)
  Velocity   : (  0.029,   0.015,  -0.066)
  Target Pos : (  1.000,   0.500,   1.893)
  Error      : ( -0.037,  -0.018,   0.049) = 0.064m
  PID Output : (  0.022,   0.011,   0.179) m/s
  Applied Force: (  -0.03,   -0.01,    5.89) N (|F|=5.89N)
  ✅ Gravity compensation active (Fz > 0)
  Actual Vel: (  0.028,   0.014,   0.130) m/s
  ℹ️  Velocity differs from PID (hybrid physics integration active)
────────────────────────────────────────────────────────────────────────────────

[DBG CACHE] Frame 720: Updating cache with pos=(1.043,0.521,1.846)
[DBG ROS2] Publishing to /drone/odom: pos=(1.043,0.521,1.846)

────────────────────────────────────────────────────────────────────────────────
[FRAME 726] Δt = 1.00s
────────────────────────────────────────────────────────────────────────────────
  State      : Armed=True, Mode=POSITION
  Position   : (  1.045,   0.522,   1.847)
  Velocity   : (  0.015,   0.008,  -0.067)
  Target Pos : (  1.000,   0.500,   1.893)
  Error      : ( -0.045,  -0.022,   0.046) = 0.068m
  PID Output : (  0.011,   0.006,   0.178) m/s
  Applied Force: (  -0.02,   -0.01,    5.89) N (|F|=5.89N)
  ✅ Gravity compensation active (Fz > 0)
  Actual Vel: (  0.015,   0.007,   0.129) m/s
  ℹ️  Velocity differs from PID (hybrid physics integration active)
────────────────────────────────────────────────────────────────────────────────


────────────────────────────────────────────────────────────────────────────────
[FRAME 745] Δt = 1.00s
────────────────────────────────────────────────────────────────────────────────
  State      : Armed=True, Mode=POSITION
  Position   : (  1.049,   0.524,   1.849)
  Velocity   : (  0.007,   0.004,  -0.067)
  Target Pos : (  1.000,   0.500,   1.893)
  Error      : ( -0.049,  -0.024,   0.044) = 0.070m
  PID Output : (  0.005,   0.002,   0.178) m/s
  Applied Force: (  -0.01,   -0.00,    5.89) N (|F|=5.89N)
  ✅ Gravity compensation active (Fz > 0)
  Actual Vel: (  0.007,   0.003,   0.129) m/s
  ℹ️  Velocity differs from PID (hybrid physics integration active)
────────────────────────────────────────────────────────────────────────────────


────────────────────────────────────────────────────────────────────────────────
[FRAME 764] Δt = 1.00s
────────────────────────────────────────────────────────────────────────────────
  State      : Armed=True, Mode=POSITION
  Position   : (  1.050,   0.525,   1.852)
  Velocity   : (  0.002,   0.001,  -0.068)
  Target Pos : (  1.000,   0.500,   1.893)
  Error      : ( -0.050,  -0.025,   0.041) = 0.070m
  PID Output : (  0.001,   0.000,   0.178) m/s
  Applied Force: (  -0.01,   -0.00,    5.89) N (|F|=5.89N)
  ✅ Gravity compensation active (Fz > 0)
  Actual Vel: (  0.002,   0.001,   0.129) m/s
  ℹ️  Velocity differs from PID (hybrid physics integration active)
────────────────────────────────────────────────────────────────────────────────

[DBG CACHE] Frame 780: Updating cache with pos=(1.051,0.525,1.854)
[DBG ROS2] Publishing to /drone/odom: pos=(1.051,0.525,1.854)

────────────────────────────────────────────────────────────────────────────────
[FRAME 783] Δt = 1.00s
────────────────────────────────────────────────────────────────────────────────
  State      : Armed=True, Mode=POSITION
  Position   : (  1.051,   0.525,   1.854)
  Velocity   : ( -0.000,  -0.000,  -0.068)
  Target Pos : (  1.000,   0.500,   1.893)
  Error      : ( -0.051,  -0.025,   0.039) = 0.069m
  PID Output : ( -0.001,  -0.001,   0.177) m/s
  Applied Force: (  -0.00,   -0.00,    5.89) N (|F|=5.89N)
  ✅ Gravity compensation active (Fz > 0)
  Actual Vel: ( -0.000,  -0.000,   0.128) m/s
  ℹ️  Velocity differs from PID (hybrid physics integration active)
────────────────────────────────────────────────────────────────────────────────


────────────────────────────────────────────────────────────────────────────────
[FRAME 802] Δt = 1.00s
────────────────────────────────────────────────────────────────────────────────
  State      : Armed=True, Mode=POSITION
  Position   : (  1.050,   0.525,   1.856)
  Velocity   : ( -0.002,  -0.001,  -0.068)
  Target Pos : (  1.000,   0.500,   1.893)
  Error      : ( -0.050,  -0.025,   0.037) = 0.067m
  PID Output : ( -0.002,  -0.001,   0.177) m/s
  Applied Force: (  -0.00,   -0.00,    5.89) N (|F|=5.89N)
  ✅ Gravity compensation active (Fz > 0)
  Actual Vel: ( -0.002,  -0.001,   0.128) m/s
  ℹ️  Velocity differs from PID (hybrid physics integration active)
────────────────────────────────────────────────────────────────────────────────


────────────────────────────────────────────────────────────────────────────────
[FRAME 821] Δt = 1.00s
────────────────────────────────────────────────────────────────────────────────
  State      : Armed=True, Mode=POSITION
  Position   : (  1.049,   0.525,   1.858)
  Velocity   : ( -0.003,  -0.001,  -0.068)
  Target Pos : (  1.000,   0.500,   1.893)
  Error      : ( -0.049,  -0.025,   0.035) = 0.065m
  PID Output : ( -0.003,  -0.001,   0.177) m/s
  Applied Force: (  -0.00,   -0.00,    5.89) N (|F|=5.89N)
  ✅ Gravity compensation active (Fz > 0)
  Actual Vel: ( -0.003,  -0.001,   0.128) m/s
  ℹ️  Velocity differs from PID (hybrid physics integration active)
────────────────────────────────────────────────────────────────────────────────


────────────────────────────────────────────────────────────────────────────────
[FRAME 840] Δt = 1.00s
────────────────────────────────────────────────────────────────────────────────
  State      : Armed=True, Mode=POSITION
  Position   : (  1.048,   0.524,   1.860)
  Velocity   : ( -0.003,  -0.002,  -0.069)
  Target Pos : (  1.000,   0.500,   1.893)
  Error      : ( -0.048,  -0.024,   0.033) = 0.063m
  PID Output : ( -0.003,  -0.002,   0.176) m/s
  Applied Force: (  -0.00,   -0.00,    5.89) N (|F|=5.89N)
  ✅ Gravity compensation active (Fz > 0)
  Actual Vel: ( -0.003,  -0.002,   0.127) m/s
  ℹ️  Velocity differs from PID (hybrid physics integration active)
────────────────────────────────────────────────────────────────────────────────

[DBG CACHE] Frame 840: Updating cache with pos=(1.048,0.524,1.860)
[DBG ROS2] Publishing to /drone/odom: pos=(1.048,0.524,1.860)
[Drone drone] Mode: POSITION → LANDING

────────────────────────────────────────────────────────────────────────────────
[FRAME 859] Δt = 1.00s
────────────────────────────────────────────────────────────────────────────────
  State      : Armed=True, Mode=LANDING
  Position   : (  1.048,   0.524,   1.774)
  Velocity   : ( -0.000,  -0.000,  -0.490)
  Target Pos : (  1.000,   0.500,   1.893)
  Error      : ( -0.048,  -0.024,   0.120) = 0.131m
  PID Output : (  0.000,   0.000,  -0.300) m/s
  Applied Force: (   0.00,    0.00,    5.66) N (|F|=5.66N)
  Actual Vel: ( -0.000,  -0.000,  -0.301) m/s
  ✅ Velocity matches PID output
────────────────────────────────────────────────────────────────────────────────


────────────────────────────────────────────────────────────────────────────────
[FRAME 879] Δt = 1.00s
────────────────────────────────────────────────────────────────────────────────
  State      : Armed=True, Mode=LANDING
  Position   : (  1.048,   0.524,   1.592)
  Velocity   : ( -0.000,  -0.000,  -0.542)
  Target Pos : (  1.000,   0.500,   1.893)
  Error      : ( -0.048,  -0.024,   0.301) = 0.306m
  PID Output : (  0.000,   0.000,  -0.300) m/s
  Applied Force: (   0.00,    0.00,    5.87) N (|F|=5.87N)
  Actual Vel: ( -0.000,  -0.000,  -0.346) m/s
  ℹ️  Velocity differs from PID (hybrid physics integration active)
────────────────────────────────────────────────────────────────────────────────


────────────────────────────────────────────────────────────────────────────────
[FRAME 898] Δt = 1.00s
────────────────────────────────────────────────────────────────────────────────
  State      : Armed=True, Mode=LANDING
  Position   : (  1.048,   0.524,   1.413)
  Velocity   : ( -0.000,  -0.000,  -0.545)
  Target Pos : (  1.000,   0.500,   1.893)
  Error      : ( -0.048,  -0.024,   0.480) = 0.483m
  PID Output : (  0.000,   0.000,  -0.300) m/s
  Applied Force: (   0.00,    0.00,    5.89) N (|F|=5.89N)
  Actual Vel: ( -0.000,  -0.000,  -0.349) m/s
  ℹ️  Velocity differs from PID (hybrid physics integration active)
────────────────────────────────────────────────────────────────────────────────

[DBG CACHE] Frame 900: Updating cache with pos=(1.048,0.524,1.394)
[DBG ROS2] Publishing to /drone/odom: pos=(1.048,0.524,1.394)

────────────────────────────────────────────────────────────────────────────────
[FRAME 917] Δt = 1.00s
────────────────────────────────────────────────────────────────────────────────
  State      : Armed=True, Mode=LANDING
  Position   : (  1.048,   0.524,   1.234)
  Velocity   : ( -0.000,  -0.000,  -0.545)
  Target Pos : (  1.000,   0.500,   1.893)
  Error      : ( -0.048,  -0.024,   0.659) = 0.662m
  PID Output : (  0.000,   0.000,  -0.300) m/s
  Applied Force: (   0.00,    0.00,    5.89) N (|F|=5.89N)
  Actual Vel: ( -0.000,  -0.000,  -0.349) m/s
  ℹ️  Velocity differs from PID (hybrid physics integration active)
────────────────────────────────────────────────────────────────────────────────


────────────────────────────────────────────────────────────────────────────────
[FRAME 936] Δt = 1.00s
────────────────────────────────────────────────────────────────────────────────
  State      : Armed=True, Mode=LANDING
  Position   : (  1.048,   0.524,   1.054)
  Velocity   : ( -0.000,  -0.000,  -0.545)
  Target Pos : (  1.000,   0.500,   1.893)
  Error      : ( -0.048,  -0.024,   0.839) = 0.840m
  PID Output : (  0.000,   0.000,  -0.300) m/s
  Applied Force: (   0.00,    0.00,    5.89) N (|F|=5.89N)
  Actual Vel: ( -0.000,  -0.000,  -0.349) m/s
  ℹ️  Velocity differs from PID (hybrid physics integration active)
────────────────────────────────────────────────────────────────────────────────


────────────────────────────────────────────────────────────────────────────────
[FRAME 955] Δt = 1.00s
────────────────────────────────────────────────────────────────────────────────
  State      : Armed=True, Mode=LANDING
  Position   : (  1.048,   0.524,   0.875)
  Velocity   : ( -0.000,   0.000,  -0.545)
  Target Pos : (  1.000,   0.500,   1.893)
  Error      : ( -0.048,  -0.024,   1.018) = 1.019m
  PID Output : (  0.000,   0.000,  -0.300) m/s
  Applied Force: (   0.00,   -0.00,    5.89) N (|F|=5.89N)
  Actual Vel: ( -0.000,   0.000,  -0.349) m/s
  ℹ️  Velocity differs from PID (hybrid physics integration active)
────────────────────────────────────────────────────────────────────────────────

[DBG CACHE] Frame 960: Updating cache with pos=(1.048,0.524,0.828)
[DBG ROS2] Publishing to /drone/odom: pos=(1.048,0.524,0.828)
