================================================================================
SIMULATION LOG - 2025-11-16 20:44:57
Log file: /home/kishi/ResQoUnity/logs/simulation/drone_sim_20251116_204457.log
================================================================================

[INFO] Creating environment: Isaac-Velocity-Rough-Unitree-Go2-v0
[INFO] Robot: go2, Amount: 1, Terrain: flat
[INFO]: Base environment:
	Environment device    : cuda:0
	Physics step-size     : 0.005
	Rendering step-size   : 0.005
	Environment step-size : 0.02
	Physics GPU pipeline  : True
	Physics GPU simulation: True
[INFO]: Time taken for scene creation : 0.972875 seconds
[INFO]: Scene manager:  <class InteractiveScene>
	Number of environments: 1
	Environment spacing   : 2.5
	Source prim name      : /World/envs/env_0
	Global prim paths     : ['/World/ground']
	Replicate physics     : True
[INFO]: Starting the simulation. This may take a few seconds. Please wait...
[INFO]: Time taken for simulation start : 0.956440 seconds
[INFO] Command Manager:  <CommandManager> contains 1 active terms.
+------------------------------------------------+
|              Active Command Terms              |
+-------+---------------+------------------------+
| Index | Name          |          Type          |
+-------+---------------+------------------------+
|   0   | base_velocity | UniformVelocityCommand |
+-------+---------------+------------------------+

[INFO] Action Manager:  <ActionManager> contains 1 active terms.
+------------------------------------+
|  Active Action Terms (shape: 12)   |
+--------+-------------+-------------+
| Index  | Name        |   Dimension |
+--------+-------------+-------------+
|   0    | joint_pos   |          12 |
+--------+-------------+-------------+

Module omni.isaac.orbit.utils.warp.kernels load on device 'cuda:0' took 1.18 ms
[INFO] Observation Manager: <ObservationManager> contains 1 groups.
+----------------------------------------------------------+
| Active Observation Terms in Group: 'policy' (shape: (235,)) |
+-----------+--------------------------------+-------------+
|   Index   | Name                           |    Shape    |
+-----------+--------------------------------+-------------+
|     0     | base_lin_vel                   |     (3,)    |
|     1     | base_ang_vel                   |     (3,)    |
|     2     | projected_gravity              |     (3,)    |
|     3     | velocity_commands              |     (3,)    |
|     4     | joint_pos                      |    (12,)    |
|     5     | joint_vel                      |    (12,)    |
|     6     | actions                        |    (12,)    |
|     7     | height_scan                    |    (187,)   |
+-----------+--------------------------------+-------------+

[INFO] Event Manager:  <EventManager> contains 1 active terms.
+--------------------------------------+
| Active Event Terms in Mode: 'startup' |
+----------+---------------------------+
|  Index   | Name                      |
+----------+---------------------------+
|    0     | physics_material          |
+----------+---------------------------+

[INFO] Termination Manager:  <TerminationManager> contains 2 active terms.
+---------------------------------+
|     Active Termination Terms    |
+-------+--------------+----------+
| Index | Name         | Time Out |
+-------+--------------+----------+
|   0   | time_out     |   True   |
|   1   | base_contact |  False   |
+-------+--------------+----------+

[INFO] Reward Manager:  <RewardManager> contains 10 active terms.
+-----------------------------------------+
|           Active Reward Terms           |
+-------+----------------------+----------+
| Index | Name                 |   Weight |
+-------+----------------------+----------+
|   0   | track_lin_vel_xy_exp |      1.5 |
|   1   | track_ang_vel_z_exp  |     0.75 |
|   2   | lin_vel_z_l2         |     -2.0 |
|   3   | ang_vel_xy_l2        |    -0.05 |
|   4   | dof_torques_l2       |  -0.0002 |
|   5   | dof_acc_l2           | -2.5e-07 |
|   6   | action_rate_l2       |    -0.01 |
|   7   | feet_air_time        |     0.01 |
|   8   | flat_orientation_l2  |      0.0 |
|   9   | dof_pos_limits       |      0.0 |
+-------+----------------------+----------+

[INFO] Curriculum Manager:  <CurriculumManager> contains 0 active terms.
+----------------------+
| Active Curriculum Terms |
+-----------+----------+
|   Index   | Name     |
+-----------+----------+
+-----------+----------+

Creating window for environment.
[INFO]: Completed setting up the environment...
[INFO] Environment created successfully!
[INFO] Environment wrapped for RSL-RL
[INFO] Loading experiment from directory: /home/kishi/ResQoUnity/logs/rsl_rl/unitree_go2_rough
[INFO]: Loading model checkpoint from: /home/kishi/ResQoUnity/logs/rsl_rl/unitree_go2_rough/2024-04-06_02-37-07/model_7850.pt
--------------------------------------------------------------------------------
Resolved observation sets: 
	 policy :  ['policy']
	 critic :  ['policy']
--------------------------------------------------------------------------------
Actor MLP: MLP(
  (0): Linear(in_features=235, out_features=512, bias=True)
  (1): ELU(alpha=1.0)
  (2): Linear(in_features=512, out_features=256, bias=True)
  (3): ELU(alpha=1.0)
  (4): Linear(in_features=256, out_features=128, bias=True)
  (5): ELU(alpha=1.0)
  (6): Linear(in_features=128, out_features=12, bias=True)
)
Critic MLP: MLP(
  (0): Linear(in_features=235, out_features=512, bias=True)
  (1): ELU(alpha=1.0)
  (2): Linear(in_features=512, out_features=256, bias=True)
  (3): ELU(alpha=1.0)
  (4): Linear(in_features=256, out_features=128, bias=True)
  (5): ELU(alpha=1.0)
  (6): Linear(in_features=128, out_features=1, bias=True)
)
[INFO]: Checkpoint loaded successfully
[INFO] Resetting environment and getting initial observations...
[INFO] Environment reset complete, starting simulation loop...
[INFO] Spawning world-level drone alongside environment robots...
[INFO] Spawning drone at /World/envs/env_0/Drone (inside env for physics stepping)
[INFO] Drone USD loaded at /World/envs/env_0/Drone
[INFO] Drone spawned at position (0.0, 0.0, 2.5)
[INFO] ArticulationView will be initialized after first physics step
[Drone drone] Mode: DISARMED → IDLE

================================================================================
DRONE DEBUG LOGGER INITIALIZED FOR world_drone
================================================================================

[INFO] Drone controller initialized in ARMED mode (auto-armed)
[INFO] Mode set to IDLE - will switch to LOITER after spawn
[INFO] Debug logger enabled - verbose output active
[INFO] Drone bottom camera initialized
[INFO] Drone ROS2 publishers initialized on /drone namespace
[INFO] Adding /drone namespace ROS2 interface
[INFO] Drone topics created: cmd_vel, cmd_position, cmd_altitude
[INFO] Drone services created:
  - /drone/arm: True
  - /drone/takeoff: True
  - /drone/land: True
  - /drone/emergency_stop: True
[INFO] Drone control interface ready on /drone namespace
Error loading custom environment. You should download custom envs folder from: https://drive.google.com/drive/folders/1vVGuO1KIX1K6mD6mBHDZGm9nk2vaRyj3?usp=sharing
[INFO] Setting up viewport camera...
[INFO] Camera positioned to view robot
[INFO] Robot(s) should now be visible in the viewport!
[INFO] Use these controls to navigate:
  - Press 'F' to focus on robot
  - Mouse wheel: Zoom in/out
  - Middle mouse: Pan camera
  - Alt+Left mouse: Orbit view
  - WASD keys: Move robot (forward/back/left/right)
  - Q/E keys: Rotate left/right
[INFO] Initializing ArticulationView after physics step...
[INFO] Drone mass set to: 0.5 kg (Crazyflie scaled estimate)
[INFO] Using Hybrid Physics-Velocity Control (GPU PhysX compatible)
[INFO] Forces → Acceleration → Velocity integration (F=ma)
[INFO] LOITER target set to spawn position: (-0.00, -0.00, 2.50)
[SAFETY] World drone initialized:
  Current pos: (-0.000, -0.000, 2.498)
  Target pos:  (-0.000, -0.000, 2.498)
  Mode: IDLE, Armed: True
[INIT] Drone spawned at position: (-0.000, -0.000, 2.498)
[INIT] Initial velocity: (0.000, 0.000, -0.196)
[INIT] Initial mode: IDLE
[INIT] Ready for control


********************************************************************************
[ARM EVENT] Drone ARMED
********************************************************************************

[INFO] ArticulationView ready - found 1 drone(s)
[DEBUG] ArticulationView prim paths: ['/World/envs/env_0/Drone']
[DEBUG] Controller initialized at position: (-0.00, -0.00, 2.50)
[DEBUG] Drone has 4 DOFs: ['m1_joint', 'm2_joint', 'm3_joint', 'm4_joint']
[DEBUG] Prim at /World/envs/env_0/Drone exists: True
[DEBUG] Found root body (fallback) at: /World/envs/env_0/Drone/body
[DEBUG] Found articulation root at: /World/envs/env_0/Drone
[Drone drone] Mode: IDLE → LOITER
[INFO] World drone switched to LOITER at position (-0.00, -0.00, 2.50)
[DBG RENDER] Viewport sync triggered at pos (-0.000, -0.000, 2.498)

────────────────────────────────────────────────────────────────────────────────
[FRAME 1] Δt = 1.00s
────────────────────────────────────────────────────────────────────────────────
  State      : Armed=True, Mode=LOITER
  Position   : ( -0.000,  -0.000,   2.498)
  Velocity   : (  0.000,   0.000,  -0.196)
  Target Pos : ( -0.000,  -0.000,   2.498)
  Error      : (  0.000,   0.000,   0.000) = 0.000m
  PID Output : (  0.000,   0.000,   0.000) m/s
  Applied Force: (  -0.00,    0.00,    6.38) N (|F|=6.38N)
  ✅ Gravity compensation active (Fz > 0)
  Actual Vel: (  0.000,   0.000,   0.016) m/s
  ℹ️  Velocity differs from PID (hybrid physics integration active)
────────────────────────────────────────────────────────────────────────────────


────────────────────────────────────────────────────────────────────────────────
[FRAME 11] Δt = 1.00s
────────────────────────────────────────────────────────────────────────────────
  State      : Armed=True, Mode=LOITER
  Position   : ( -0.000,  -0.000,   2.492)
  Velocity   : (  0.000,  -0.000,  -0.125)
  Target Pos : ( -0.000,  -0.000,   2.498)
  Error      : (  0.000,   0.000,   0.005) = 0.005m
  PID Output : (  0.000,   0.000,   0.011) m/s
  Applied Force: (   0.00,    0.00,    5.92) N (|F|=5.92N)
  ✅ Gravity compensation active (Fz > 0)
  Actual Vel: (  0.000,  -0.000,   0.073) m/s
  ℹ️  Velocity differs from PID (hybrid physics integration active)
────────────────────────────────────────────────────────────────────────────────

[DBG RENDER] Viewport sync triggered at pos (-0.000, -0.000, 2.495)

────────────────────────────────────────────────────────────────────────────────
[FRAME 24] Δt = 1.00s
────────────────────────────────────────────────────────────────────────────────
  State      : Armed=True, Mode=LOITER
  Position   : ( -0.000,  -0.000,   2.495)
  Velocity   : (  0.000,   0.000,  -0.124)
  Target Pos : ( -0.000,  -0.000,   2.498)
  Error      : (  0.000,   0.000,   0.002) = 0.002m
  PID Output : (  0.000,   0.000,   0.005) m/s
  Applied Force: (   0.00,   -0.00,    5.87) N (|F|=5.87N)
  ✅ Gravity compensation active (Fz > 0)
  Actual Vel: (  0.000,   0.000,   0.071) m/s
  ℹ️  Velocity differs from PID (hybrid physics integration active)
────────────────────────────────────────────────────────────────────────────────


────────────────────────────────────────────────────────────────────────────────
[FRAME 37] Δt = 1.00s
────────────────────────────────────────────────────────────────────────────────
  State      : Armed=True, Mode=LOITER
  Position   : ( -0.000,  -0.000,   2.497)
  Velocity   : (  0.000,  -0.000,  -0.128)
  Target Pos : ( -0.000,  -0.000,   2.498)
  Error      : (  0.000,   0.000,   0.001) = 0.001m
  PID Output : (  0.000,   0.000,   0.002) m/s
  Applied Force: (   0.00,    0.00,    5.88) N (|F|=5.88N)
  ✅ Gravity compensation active (Fz > 0)
  Actual Vel: (  0.000,  -0.000,   0.068) m/s
  ℹ️  Velocity differs from PID (hybrid physics integration active)
────────────────────────────────────────────────────────────────────────────────

[DBG RENDER] Viewport sync triggered at pos (-0.000, -0.000, 2.497)

────────────────────────────────────────────────────────────────────────────────
[FRAME 50] Δt = 1.00s
────────────────────────────────────────────────────────────────────────────────
  State      : Armed=True, Mode=LOITER
  Position   : ( -0.000,  -0.000,   2.497)
  Velocity   : (  0.000,   0.000,  -0.129)
  Target Pos : ( -0.000,  -0.000,   2.498)
  Error      : (  0.000,   0.000,   0.001) = 0.001m
  PID Output : (  0.000,   0.000,   0.002) m/s
  Applied Force: (   0.00,   -0.00,    5.88) N (|F|=5.88N)
  ✅ Gravity compensation active (Fz > 0)
  Actual Vel: (  0.000,   0.000,   0.067) m/s
  ℹ️  Velocity differs from PID (hybrid physics integration active)
────────────────────────────────────────────────────────────────────────────────

[DBG CACHE] Frame 60: Updating cache with pos=(-0.000,-0.000,2.498)
[DBG ROS2] Publishing to /drone/odom: pos=(-0.000,-0.000,2.498)
[DBG RENDER] Viewport sync triggered at pos (-0.000, -0.000, 2.497)

────────────────────────────────────────────────────────────────────────────────
[FRAME 62] Δt = 1.00s
────────────────────────────────────────────────────────────────────────────────
  State      : Armed=True, Mode=LOITER
  Position   : ( -0.000,  -0.000,   2.497)
  Velocity   : (  0.000,   0.000,  -0.129)
  Target Pos : ( -0.000,  -0.000,   2.498)
  Error      : (  0.000,   0.000,   0.000) = 0.000m
  PID Output : (  0.000,   0.000,   0.002) m/s
  Applied Force: (  -0.00,   -0.00,    5.89) N (|F|=5.89N)
  ✅ Gravity compensation active (Fz > 0)
  Actual Vel: (  0.000,   0.000,   0.067) m/s
  ℹ️  Velocity differs from PID (hybrid physics integration active)
────────────────────────────────────────────────────────────────────────────────


────────────────────────────────────────────────────────────────────────────────
[FRAME 74] Δt = 1.00s
────────────────────────────────────────────────────────────────────────────────
  State      : Armed=True, Mode=LOITER
  Position   : ( -0.000,  -0.000,   2.497)
  Velocity   : (  0.000,  -0.000,  -0.129)
  Target Pos : ( -0.000,  -0.000,   2.498)
  Error      : (  0.000,   0.000,   0.000) = 0.000m
  PID Output : (  0.000,   0.000,   0.002) m/s
  Applied Force: (   0.00,    0.00,    5.89) N (|F|=5.89N)
  ✅ Gravity compensation active (Fz > 0)
  Actual Vel: (  0.000,  -0.000,   0.067) m/s
  ℹ️  Velocity differs from PID (hybrid physics integration active)
────────────────────────────────────────────────────────────────────────────────

[DBG RENDER] Viewport sync triggered at pos (-0.000, -0.000, 2.497)

────────────────────────────────────────────────────────────────────────────────
[FRAME 87] Δt = 1.00s
────────────────────────────────────────────────────────────────────────────────
  State      : Armed=True, Mode=LOITER
  Position   : ( -0.000,  -0.000,   2.497)
  Velocity   : (  0.000,   0.000,  -0.129)
  Target Pos : ( -0.000,  -0.000,   2.498)
  Error      : (  0.000,   0.000,   0.000) = 0.000m
  PID Output : (  0.000,   0.000,   0.002) m/s
  Applied Force: (  -0.00,   -0.00,    5.89) N (|F|=5.89N)
  ✅ Gravity compensation active (Fz > 0)
  Actual Vel: (  0.000,   0.000,   0.067) m/s
  ℹ️  Velocity differs from PID (hybrid physics integration active)
────────────────────────────────────────────────────────────────────────────────


────────────────────────────────────────────────────────────────────────────────
[FRAME 100] Δt = 1.00s
────────────────────────────────────────────────────────────────────────────────
  State      : Armed=True, Mode=LOITER
  Position   : ( -0.000,  -0.000,   2.497)
  Velocity   : (  0.000,  -0.000,  -0.129)
  Target Pos : ( -0.000,  -0.000,   2.498)
  Error      : (  0.000,   0.000,   0.000) = 0.000m
  PID Output : (  0.000,   0.000,   0.002) m/s
  Applied Force: (   0.00,    0.00,    5.89) N (|F|=5.89N)
  ✅ Gravity compensation active (Fz > 0)
  Actual Vel: (  0.000,  -0.000,   0.067) m/s
  ℹ️  Velocity differs from PID (hybrid physics integration active)
────────────────────────────────────────────────────────────────────────────────

[DBG RENDER] Viewport sync triggered at pos (-0.000, -0.000, 2.497)

────────────────────────────────────────────────────────────────────────────────
[FRAME 113] Δt = 1.00s
────────────────────────────────────────────────────────────────────────────────
  State      : Armed=True, Mode=LOITER
  Position   : ( -0.000,  -0.000,   2.497)
  Velocity   : (  0.000,  -0.000,  -0.129)
  Target Pos : ( -0.000,  -0.000,   2.498)
  Error      : (  0.000,   0.000,   0.000) = 0.000m
  PID Output : (  0.000,   0.000,   0.002) m/s
  Applied Force: (   0.00,    0.00,    5.89) N (|F|=5.89N)
  ✅ Gravity compensation active (Fz > 0)
  Actual Vel: (  0.000,  -0.000,   0.067) m/s
  ℹ️  Velocity differs from PID (hybrid physics integration active)
────────────────────────────────────────────────────────────────────────────────

[DBG CACHE] Frame 120: Updating cache with pos=(-0.000,-0.000,2.498)
[DBG ROS2] Publishing to /drone/odom: pos=(-0.000,-0.000,2.498)
[DBG RENDER] Viewport sync triggered at pos (-0.000, -0.000, 2.497)

********************************************************************************
[ARM EVENT] Drone ARMED
********************************************************************************


────────────────────────────────────────────────────────────────────────────────
[FRAME 126] Δt = 1.00s
────────────────────────────────────────────────────────────────────────────────
  State      : Armed=True, Mode=LOITER
  Position   : ( -0.000,  -0.000,   2.497)
  Velocity   : (  0.000,  -0.000,  -0.129)
  Target Pos : ( -0.000,  -0.000,   2.498)
  Error      : (  0.000,   0.000,   0.000) = 0.000m
  PID Output : (  0.000,   0.000,   0.002) m/s
  Applied Force: (   0.00,    0.00,    5.89) N (|F|=5.89N)
  ✅ Gravity compensation active (Fz > 0)
  Actual Vel: (  0.000,  -0.000,   0.067) m/s
  ℹ️  Velocity differs from PID (hybrid physics integration active)
────────────────────────────────────────────────────────────────────────────────


────────────────────────────────────────────────────────────────────────────────
[FRAME 139] Δt = 1.00s
────────────────────────────────────────────────────────────────────────────────
  State      : Armed=True, Mode=LOITER
  Position   : ( -0.000,  -0.000,   2.497)
  Velocity   : (  0.000,  -0.000,  -0.129)
  Target Pos : ( -0.000,  -0.000,   2.498)
  Error      : (  0.000,   0.000,   0.000) = 0.000m
  PID Output : (  0.000,   0.000,   0.002) m/s
  Applied Force: (   0.00,    0.00,    5.89) N (|F|=5.89N)
  ✅ Gravity compensation active (Fz > 0)
  Actual Vel: (  0.000,  -0.000,   0.067) m/s
  ℹ️  Velocity differs from PID (hybrid physics integration active)
────────────────────────────────────────────────────────────────────────────────

[DBG RENDER] Viewport sync triggered at pos (-0.000, -0.000, 2.497)

────────────────────────────────────────────────────────────────────────────────
[FRAME 152] Δt = 1.00s
────────────────────────────────────────────────────────────────────────────────
  State      : Armed=True, Mode=LOITER
  Position   : ( -0.000,  -0.000,   2.497)
  Velocity   : (  0.000,  -0.000,  -0.129)
  Target Pos : ( -0.000,  -0.000,   2.498)
  Error      : (  0.000,   0.000,   0.000) = 0.000m
  PID Output : (  0.000,   0.000,   0.002) m/s
  Applied Force: (  -0.00,    0.00,    5.89) N (|F|=5.89N)
  ✅ Gravity compensation active (Fz > 0)
  Actual Vel: (  0.000,  -0.000,   0.067) m/s
  ℹ️  Velocity differs from PID (hybrid physics integration active)
────────────────────────────────────────────────────────────────────────────────

[DBG RENDER] Viewport sync triggered at pos (-0.000, -0.000, 2.497)

────────────────────────────────────────────────────────────────────────────────
[FRAME 165] Δt = 1.00s
────────────────────────────────────────────────────────────────────────────────
  State      : Armed=True, Mode=LOITER
  Position   : ( -0.000,  -0.000,   2.497)
  Velocity   : (  0.000,   0.000,  -0.129)
  Target Pos : ( -0.000,  -0.000,   2.498)
  Error      : (  0.000,   0.000,   0.000) = 0.000m
  PID Output : (  0.000,   0.000,   0.002) m/s
  Applied Force: (  -0.00,   -0.00,    5.89) N (|F|=5.89N)
  ✅ Gravity compensation active (Fz > 0)
  Actual Vel: (  0.000,   0.000,   0.067) m/s
  ℹ️  Velocity differs from PID (hybrid physics integration active)
────────────────────────────────────────────────────────────────────────────────


────────────────────────────────────────────────────────────────────────────────
[FRAME 178] Δt = 1.00s
────────────────────────────────────────────────────────────────────────────────
  State      : Armed=True, Mode=LOITER
  Position   : ( -0.000,  -0.000,   2.497)
  Velocity   : (  0.000,   0.000,  -0.129)
  Target Pos : ( -0.000,  -0.000,   2.498)
  Error      : (  0.000,   0.000,   0.000) = 0.000m
  PID Output : (  0.000,   0.000,   0.002) m/s
  Applied Force: (   0.00,   -0.00,    5.89) N (|F|=5.89N)
  ✅ Gravity compensation active (Fz > 0)
  Actual Vel: (  0.000,   0.000,   0.067) m/s
  ℹ️  Velocity differs from PID (hybrid physics integration active)
────────────────────────────────────────────────────────────────────────────────

[DBG CACHE] Frame 180: Updating cache with pos=(-0.000,-0.000,2.498)
[DBG ROS2] Publishing to /drone/odom: pos=(-0.000,-0.000,2.498)
[ROS2 SERVICE] /drone/land called
[Drone drone] Mode: LOITER → LANDING
[ROS2 SERVICE] /drone/land success: Mode set to LANDING
[DBG RENDER] Viewport sync triggered at pos (-0.000, -0.000, 2.497)

────────────────────────────────────────────────────────────────────────────────
[FRAME 190] Δt = 1.00s
────────────────────────────────────────────────────────────────────────────────
  State      : Armed=True, Mode=LANDING
  Position   : ( -0.000,  -0.000,   2.428)
  Velocity   : (  0.000,   0.000,  -0.408)
  Target Pos : ( -0.000,  -0.000,   2.498)
  Error      : (  0.000,   0.000,   0.069) = 0.069m
  PID Output : (  0.000,   0.000,  -0.300) m/s
  Applied Force: (  -0.00,   -0.00,    5.72) N (|F|=5.72N)
  Actual Vel: (  0.000,   0.000,  -0.218) m/s
  ℹ️  Velocity differs from PID (hybrid physics integration active)
────────────────────────────────────────────────────────────────────────────────

[DBG RENDER] Viewport sync triggered at pos (-0.000, -0.000, 2.309)

────────────────────────────────────────────────────────────────────────────────
[FRAME 203] Δt = 1.00s
────────────────────────────────────────────────────────────────────────────────
  State      : Armed=True, Mode=LANDING
  Position   : ( -0.000,  -0.000,   2.287)
  Velocity   : ( -0.000,   0.000,  -0.430)
  Target Pos : ( -0.000,  -0.000,   2.498)
  Error      : (  0.000,   0.000,   0.210) = 0.210m
  PID Output : (  0.000,   0.000,  -0.300) m/s
  Applied Force: (   0.00,   -0.00,    5.88) N (|F|=5.88N)
  Actual Vel: ( -0.000,   0.000,  -0.234) m/s
  ℹ️  Velocity differs from PID (hybrid physics integration active)
────────────────────────────────────────────────────────────────────────────────


────────────────────────────────────────────────────────────────────────────────
[FRAME 216] Δt = 1.00s
────────────────────────────────────────────────────────────────────────────────
  State      : Armed=True, Mode=LANDING
  Position   : ( -0.000,  -0.000,   2.143)
  Velocity   : ( -0.000,   0.000,  -0.431)
  Target Pos : ( -0.000,  -0.000,   2.498)
  Error      : (  0.000,   0.000,   0.354) = 0.354m
  PID Output : (  0.000,   0.000,  -0.300) m/s
  Applied Force: (   0.00,   -0.00,    5.89) N (|F|=5.89N)
  Actual Vel: ( -0.000,   0.000,  -0.235) m/s
  ℹ️  Velocity differs from PID (hybrid physics integration active)
────────────────────────────────────────────────────────────────────────────────

[DBG RENDER] Viewport sync triggered at pos (-0.000, -0.000, 2.088)

────────────────────────────────────────────────────────────────────────────────
[FRAME 229] Δt = 1.00s
────────────────────────────────────────────────────────────────────────────────
  State      : Armed=True, Mode=LANDING
  Position   : ( -0.000,  -0.000,   2.000)
  Velocity   : (  0.000,   0.000,  -0.431)
  Target Pos : ( -0.000,  -0.000,   2.498)
  Error      : (  0.000,   0.000,   0.498) = 0.498m
  PID Output : (  0.000,   0.000,  -0.300) m/s
  Applied Force: (  -0.00,   -0.00,    5.89) N (|F|=5.89N)
  Actual Vel: (  0.000,   0.000,  -0.235) m/s
  ℹ️  Velocity differs from PID (hybrid physics integration active)
────────────────────────────────────────────────────────────────────────────────

[DBG CACHE] Frame 240: Updating cache with pos=(-0.000,-0.000,1.874)
[DBG ROS2] Publishing to /drone/odom: pos=(-0.000,-0.000,1.874)
[DBG RENDER] Viewport sync triggered at pos (-0.000, -0.000, 1.867)

────────────────────────────────────────────────────────────────────────────────
[FRAME 242] Δt = 1.00s
────────────────────────────────────────────────────────────────────────────────
  State      : Armed=True, Mode=LANDING
  Position   : ( -0.000,  -0.000,   1.856)
  Velocity   : (  0.000,  -0.000,  -0.431)
  Target Pos : ( -0.000,  -0.000,   2.498)
  Error      : (  0.000,   0.000,   0.641) = 0.641m
  PID Output : (  0.000,   0.000,  -0.300) m/s
  Applied Force: (  -0.00,    0.00,    5.89) N (|F|=5.89N)
  Actual Vel: (  0.000,  -0.000,  -0.235) m/s
  ℹ️  Velocity differs from PID (hybrid physics integration active)
────────────────────────────────────────────────────────────────────────────────


────────────────────────────────────────────────────────────────────────────────
[FRAME 255] Δt = 1.00s
────────────────────────────────────────────────────────────────────────────────
  State      : Armed=True, Mode=LANDING
  Position   : ( -0.000,  -0.000,   1.712)
  Velocity   : ( -0.000,  -0.000,  -0.431)
  Target Pos : ( -0.000,  -0.000,   2.498)
  Error      : (  0.000,   0.000,   0.785) = 0.785m
  PID Output : (  0.000,   0.000,  -0.300) m/s
  Applied Force: (   0.00,    0.00,    5.89) N (|F|=5.89N)
  Actual Vel: ( -0.000,  -0.000,  -0.235) m/s
  ℹ️  Velocity differs from PID (hybrid physics integration active)
────────────────────────────────────────────────────────────────────────────────

[DBG RENDER] Viewport sync triggered at pos (-0.000, -0.000, 1.646)

────────────────────────────────────────────────────────────────────────────────
[FRAME 268] Δt = 1.00s
────────────────────────────────────────────────────────────────────────────────
  State      : Armed=True, Mode=LANDING
  Position   : ( -0.000,  -0.000,   1.569)
  Velocity   : ( -0.000,  -0.000,  -0.431)
  Target Pos : ( -0.000,  -0.000,   2.498)
  Error      : (  0.000,   0.000,   0.929) = 0.929m
  PID Output : (  0.000,   0.000,  -0.300) m/s
  Applied Force: (   0.00,    0.00,    5.89) N (|F|=5.89N)
  Actual Vel: ( -0.000,  -0.000,  -0.235) m/s
  ℹ️  Velocity differs from PID (hybrid physics integration active)
────────────────────────────────────────────────────────────────────────────────

[DBG RENDER] Viewport sync triggered at pos (-0.000, -0.000, 1.425)

────────────────────────────────────────────────────────────────────────────────
[FRAME 281] Δt = 1.00s
────────────────────────────────────────────────────────────────────────────────
  State      : Armed=True, Mode=LANDING
  Position   : ( -0.000,  -0.000,   1.425)
  Velocity   : (  0.000,  -0.000,  -0.431)
  Target Pos : ( -0.000,  -0.000,   2.498)
  Error      : (  0.000,   0.000,   1.073) = 1.073m
  PID Output : (  0.000,   0.000,  -0.300) m/s
  Applied Force: (  -0.00,    0.00,    5.89) N (|F|=5.89N)
  Actual Vel: (  0.000,  -0.000,  -0.235) m/s
  ℹ️  Velocity differs from PID (hybrid physics integration active)
────────────────────────────────────────────────────────────────────────────────


────────────────────────────────────────────────────────────────────────────────
[FRAME 294] Δt = 1.00s
────────────────────────────────────────────────────────────────────────────────
  State      : Armed=True, Mode=LANDING
  Position   : ( -0.000,  -0.000,   1.281)
  Velocity   : ( -0.000,  -0.000,  -0.431)
  Target Pos : ( -0.000,  -0.000,   2.498)
  Error      : (  0.000,   0.000,   1.216) = 1.216m
  PID Output : (  0.000,   0.000,  -0.300) m/s
  Applied Force: (   0.00,    0.00,    5.89) N (|F|=5.89N)
  Actual Vel: ( -0.000,  -0.000,  -0.235) m/s
  ℹ️  Velocity differs from PID (hybrid physics integration active)
────────────────────────────────────────────────────────────────────────────────

[DBG CACHE] Frame 300: Updating cache with pos=(-0.000,-0.000,1.211)
[DBG ROS2] Publishing to /drone/odom: pos=(-0.000,-0.000,1.211)
[DBG RENDER] Viewport sync triggered at pos (-0.000, -0.000, 1.204)

────────────────────────────────────────────────────────────────────────────────
[FRAME 307] Δt = 1.00s
────────────────────────────────────────────────────────────────────────────────
  State      : Armed=True, Mode=LANDING
  Position   : ( -0.000,  -0.000,   1.138)
  Velocity   : ( -0.000,   0.000,  -0.431)
  Target Pos : ( -0.000,  -0.000,   2.498)
  Error      : (  0.000,   0.000,   1.360) = 1.360m
  PID Output : (  0.000,   0.000,  -0.300) m/s
  Applied Force: (   0.00,   -0.00,    5.89) N (|F|=5.89N)
  Actual Vel: ( -0.000,   0.000,  -0.235) m/s
  ℹ️  Velocity differs from PID (hybrid physics integration active)
────────────────────────────────────────────────────────────────────────────────


────────────────────────────────────────────────────────────────────────────────
[FRAME 320] Δt = 1.00s
────────────────────────────────────────────────────────────────────────────────
  State      : Armed=True, Mode=LANDING
  Position   : ( -0.000,  -0.000,   0.994)
  Velocity   : ( -0.000,   0.000,  -0.431)
  Target Pos : ( -0.000,  -0.000,   2.498)
  Error      : (  0.000,   0.000,   1.504) = 1.504m
  PID Output : (  0.000,   0.000,  -0.300) m/s
  Applied Force: (   0.00,   -0.00,    5.89) N (|F|=5.89N)
  Actual Vel: ( -0.000,   0.000,  -0.235) m/s
  ℹ️  Velocity differs from PID (hybrid physics integration active)
────────────────────────────────────────────────────────────────────────────────

[DBG RENDER] Viewport sync triggered at pos (-0.000, -0.000, 0.983)

────────────────────────────────────────────────────────────────────────────────
[FRAME 333] Δt = 1.00s
────────────────────────────────────────────────────────────────────────────────
  State      : Armed=True, Mode=LANDING
  Position   : ( -0.000,  -0.000,   0.850)
  Velocity   : ( -0.000,   0.000,  -0.431)
  Target Pos : ( -0.000,  -0.000,   2.498)
  Error      : (  0.000,   0.000,   1.647) = 1.647m
  PID Output : (  0.000,   0.000,  -0.300) m/s
  Applied Force: (   0.00,   -0.00,    5.89) N (|F|=5.89N)
  Actual Vel: ( -0.000,   0.000,  -0.235) m/s
  ℹ️  Velocity differs from PID (hybrid physics integration active)
────────────────────────────────────────────────────────────────────────────────

[DBG RENDER] Viewport sync triggered at pos (-0.000, -0.000, 0.762)

────────────────────────────────────────────────────────────────────────────────
[FRAME 346] Δt = 1.00s
────────────────────────────────────────────────────────────────────────────────
  State      : Armed=True, Mode=LANDING
  Position   : ( -0.000,  -0.000,   0.706)
  Velocity   : ( -0.000,   0.000,  -0.431)
  Target Pos : ( -0.000,  -0.000,   2.498)
  Error      : (  0.000,   0.000,   1.791) = 1.791m
  PID Output : (  0.000,   0.000,  -0.300) m/s
  Applied Force: (   0.00,   -0.00,    5.89) N (|F|=5.89N)
  Actual Vel: ( -0.000,   0.000,  -0.235) m/s
  ℹ️  Velocity differs from PID (hybrid physics integration active)
────────────────────────────────────────────────────────────────────────────────


────────────────────────────────────────────────────────────────────────────────
[FRAME 359] Δt = 1.00s
────────────────────────────────────────────────────────────────────────────────
  State      : Armed=True, Mode=LANDING
  Position   : ( -0.000,  -0.000,   0.563)
  Velocity   : ( -0.000,   0.000,  -0.431)
  Target Pos : ( -0.000,  -0.000,   2.498)
  Error      : (  0.000,   0.000,   1.935) = 1.935m
  PID Output : (  0.000,   0.000,  -0.300) m/s
  Applied Force: (   0.00,   -0.00,    5.89) N (|F|=5.89N)
  Actual Vel: ( -0.000,   0.000,  -0.235) m/s
  ℹ️  Velocity differs from PID (hybrid physics integration active)
────────────────────────────────────────────────────────────────────────────────

[DBG CACHE] Frame 360: Updating cache with pos=(0.001,0.000,0.549)
[DBG ROS2] Publishing to /drone/odom: pos=(0.001,0.000,0.549)
[DBG RENDER] Viewport sync triggered at pos (-0.001, 0.003, 0.552)

────────────────────────────────────────────────────────────────────────────────
[FRAME 371] Δt = 1.00s
────────────────────────────────────────────────────────────────────────────────
  State      : Armed=True, Mode=LANDING
  Position   : ( -0.009,   0.005,   0.551)
  Velocity   : ( -0.004,   0.020,  -0.017)
  Target Pos : ( -0.000,  -0.000,   2.498)
  Error      : (  0.009,  -0.005,   1.947) = 1.947m
  PID Output : (  0.000,   0.000,  -0.300) m/s
  Applied Force: (   0.03,   -0.15,    2.78) N (|F|=2.79N)
  Actual Vel: ( -0.003,   0.015,   0.076) m/s
  ℹ️  Velocity differs from PID (hybrid physics integration active)
────────────────────────────────────────────────────────────────────────────────

[DBG RENDER] Viewport sync triggered at pos (-0.010, 0.004, 0.551)

────────────────────────────────────────────────────────────────────────────────
[FRAME 383] Δt = 1.00s
────────────────────────────────────────────────────────────────────────────────
  State      : Armed=True, Mode=LANDING
  Position   : ( -0.010,   0.003,   0.551)
  Velocity   : (  0.008,   0.036,  -0.031)
  Target Pos : ( -0.000,  -0.000,   2.498)
  Error      : (  0.010,  -0.003,   1.947) = 1.947m
  PID Output : (  0.000,   0.000,  -0.300) m/s
  Applied Force: (  -0.06,   -0.27,    2.89) N (|F|=2.90N)
  Actual Vel: (  0.006,   0.027,   0.065) m/s
  ℹ️  Velocity differs from PID (hybrid physics integration active)
────────────────────────────────────────────────────────────────────────────────


────────────────────────────────────────────────────────────────────────────────
[FRAME 395] Δt = 1.00s
────────────────────────────────────────────────────────────────────────────────
  State      : Armed=True, Mode=LANDING
  Position   : ( -0.007,   0.006,   0.551)
  Velocity   : ( -0.006,   0.006,  -0.106)
  Target Pos : ( -0.000,  -0.000,   2.498)
  Error      : (  0.007,  -0.006,   1.946) = 1.946m
  PID Output : (  0.000,   0.000,  -0.300) m/s
  Applied Force: (   0.05,   -0.04,    3.45) N (|F|=3.45N)
  Actual Vel: ( -0.005,   0.004,   0.009) m/s
  ℹ️  Velocity differs from PID (hybrid physics integration active)
────────────────────────────────────────────────────────────────────────────────

[DBG RENDER] Viewport sync triggered at pos (-0.007, 0.006, 0.551)

────────────────────────────────────────────────────────────────────────────────
[FRAME 408] Δt = 1.00s
────────────────────────────────────────────────────────────────────────────────
  State      : Armed=True, Mode=LANDING
  Position   : ( -0.006,   0.006,   0.550)
  Velocity   : ( -0.000,   0.004,   0.002)
  Target Pos : ( -0.000,  -0.000,   2.498)
  Error      : (  0.006,  -0.006,   1.947) = 1.947m
  PID Output : (  0.000,   0.000,  -0.300) m/s
  Applied Force: (   0.00,   -0.03,    2.64) N (|F|=2.64N)
  Actual Vel: ( -0.000,   0.003,   0.090) m/s
  ℹ️  Velocity differs from PID (hybrid physics integration active)
  ⚠️  WARNING: Drone is STUCK (not moving toward target)
────────────────────────────────────────────────────────────────────────────────


────────────────────────────────────────────────────────────────────────────────
[FRAME 420] Δt = 1.00s
────────────────────────────────────────────────────────────────────────────────
  State      : Armed=True, Mode=LANDING
  Position   : ( -0.007,   0.006,   0.551)
  Velocity   : (  0.013,   0.039,  -0.031)
  Target Pos : ( -0.000,  -0.000,   2.498)
  Error      : (  0.007,  -0.006,   1.947) = 1.947m
  PID Output : (  0.000,   0.000,  -0.300) m/s
  Applied Force: (  -0.10,   -0.30,    2.89) N (|F|=2.91N)
  Actual Vel: (  0.010,   0.030,   0.065) m/s
  ℹ️  Velocity differs from PID (hybrid physics integration active)
────────────────────────────────────────────────────────────────────────────────

[DBG CACHE] Frame 420: Updating cache with pos=(-0.006,0.006,0.552)
[DBG ROS2] Publishing to /drone/odom: pos=(-0.006,0.006,0.552)
[DBG RENDER] Viewport sync triggered at pos (-0.006, 0.007, 0.551)

────────────────────────────────────────────────────────────────────────────────
[FRAME 432] Δt = 1.00s
────────────────────────────────────────────────────────────────────────────────
  State      : Armed=True, Mode=LANDING
  Position   : ( -0.004,   0.007,   0.551)
  Velocity   : ( -0.014,  -0.032,  -0.012)
  Target Pos : ( -0.000,  -0.000,   2.498)
  Error      : (  0.004,  -0.007,   1.947) = 1.947m
  PID Output : (  0.000,   0.000,  -0.300) m/s
  Applied Force: (   0.11,    0.24,    2.75) N (|F|=2.76N)
  Actual Vel: ( -0.011,  -0.024,   0.079) m/s
  ℹ️  Velocity differs from PID (hybrid physics integration active)
────────────────────────────────────────────────────────────────────────────────

[DBG RENDER] Viewport sync triggered at pos (-0.004, 0.005, 0.551)

────────────────────────────────────────────────────────────────────────────────
[FRAME 444] Δt = 1.00s
────────────────────────────────────────────────────────────────────────────────
  State      : Armed=True, Mode=LANDING
  Position   : ( -0.003,   0.005,   0.550)
  Velocity   : (  0.005,  -0.004,  -0.000)
  Target Pos : ( -0.000,  -0.000,   2.498)
  Error      : (  0.003,  -0.005,   1.947) = 1.947m
  PID Output : (  0.000,   0.000,  -0.300) m/s
  Applied Force: (  -0.03,    0.03,    2.66) N (|F|=2.66N)
  Actual Vel: (  0.003,  -0.003,   0.088) m/s
  ℹ️  Velocity differs from PID (hybrid physics integration active)
  ⚠️  WARNING: Drone is STUCK (not moving toward target)
────────────────────────────────────────────────────────────────────────────────


────────────────────────────────────────────────────────────────────────────────
[FRAME 456] Δt = 1.00s
────────────────────────────────────────────────────────────────────────────────
  State      : Armed=True, Mode=LANDING
  Position   : ( -0.007,   0.005,   0.551)
  Velocity   : ( -0.012,  -0.001,   0.001)
  Target Pos : ( -0.000,  -0.000,   2.498)
  Error      : (  0.007,  -0.005,   1.947) = 1.947m
  PID Output : (  0.000,   0.000,  -0.300) m/s
  Applied Force: (   0.09,    0.01,    2.64) N (|F|=2.65N)
  Actual Vel: ( -0.009,  -0.001,   0.090) m/s
  ℹ️  Velocity differs from PID (hybrid physics integration active)
────────────────────────────────────────────────────────────────────────────────

[DBG RENDER] Viewport sync triggered at pos (-0.008, 0.004, 0.551)

────────────────────────────────────────────────────────────────────────────────
[FRAME 468] Δt = 1.00s
────────────────────────────────────────────────────────────────────────────────
  State      : Armed=True, Mode=LANDING
  Position   : ( -0.007,   0.004,   0.550)
  Velocity   : ( -0.002,   0.005,   0.001)
  Target Pos : ( -0.000,  -0.000,   2.498)
  Error      : (  0.007,  -0.004,   1.947) = 1.947m
  PID Output : (  0.000,   0.000,  -0.300) m/s
  Applied Force: (   0.01,   -0.04,    2.65) N (|F|=2.65N)
  Actual Vel: ( -0.001,   0.004,   0.089) m/s
  ℹ️  Velocity differs from PID (hybrid physics integration active)
  ⚠️  WARNING: Drone is STUCK (not moving toward target)
────────────────────────────────────────────────────────────────────────────────


────────────────────────────────────────────────────────────────────────────────
[FRAME 480] Δt = 1.00s
────────────────────────────────────────────────────────────────────────────────
  State      : Armed=True, Mode=LANDING
  Position   : ( -0.008,   0.003,   0.551)
  Velocity   : ( -0.006,   0.001,   0.001)
  Target Pos : ( -0.000,  -0.000,   2.498)
  Error      : (  0.008,  -0.003,   1.947) = 1.947m
  PID Output : (  0.000,   0.000,  -0.300) m/s
  Applied Force: (   0.05,   -0.01,    2.65) N (|F|=2.65N)
  Actual Vel: ( -0.005,   0.001,   0.089) m/s
  ℹ️  Velocity differs from PID (hybrid physics integration active)
  ⚠️  WARNING: Drone is STUCK (not moving toward target)
────────────────────────────────────────────────────────────────────────────────

[DBG CACHE] Frame 480: Updating cache with pos=(-0.008,0.003,0.552)
[DBG ROS2] Publishing to /drone/odom: pos=(-0.008,0.003,0.552)
[DBG RENDER] Viewport sync triggered at pos (-0.008, 0.003, 0.551)

────────────────────────────────────────────────────────────────────────────────
[FRAME 492] Δt = 1.00s
────────────────────────────────────────────────────────────────────────────────
  State      : Armed=True, Mode=LANDING
  Position   : ( -0.009,   0.004,   0.551)
  Velocity   : (  0.009,   0.018,   0.008)
  Target Pos : ( -0.000,  -0.000,   2.498)
  Error      : (  0.009,  -0.004,   1.947) = 1.947m
  PID Output : (  0.000,   0.000,  -0.300) m/s
  Applied Force: (  -0.07,   -0.13,    2.59) N (|F|=2.60N)
  Actual Vel: (  0.007,   0.013,   0.095) m/s
  ℹ️  Velocity differs from PID (hybrid physics integration active)
────────────────────────────────────────────────────────────────────────────────

[DBG RENDER] Viewport sync triggered at pos (-0.010, 0.004, 0.552)

────────────────────────────────────────────────────────────────────────────────
[FRAME 504] Δt = 1.00s
────────────────────────────────────────────────────────────────────────────────
  State      : Armed=True, Mode=LANDING
  Position   : ( -0.010,   0.003,   0.551)
  Velocity   : (  0.001,   0.007,  -0.001)
  Target Pos : ( -0.000,  -0.000,   2.498)
  Error      : (  0.010,  -0.003,   1.947) = 1.947m
  PID Output : (  0.000,   0.000,  -0.300) m/s
  Applied Force: (  -0.01,   -0.05,    2.66) N (|F|=2.66N)
  Actual Vel: (  0.001,   0.005,   0.088) m/s
  ℹ️  Velocity differs from PID (hybrid physics integration active)
  ⚠️  WARNING: Drone is STUCK (not moving toward target)
────────────────────────────────────────────────────────────────────────────────


────────────────────────────────────────────────────────────────────────────────
[FRAME 517] Δt = 1.00s
────────────────────────────────────────────────────────────────────────────────
  State      : Armed=True, Mode=LANDING
  Position   : ( -0.011,   0.004,   0.552)
  Velocity   : ( -0.000,   0.000,  -0.107)
  Target Pos : ( -0.000,  -0.000,   2.498)
  Error      : (  0.011,  -0.004,   1.946) = 1.946m
  PID Output : (  0.000,   0.000,  -0.300) m/s
  Applied Force: (   0.00,   -0.00,    3.46) N (|F|=3.46N)
  Actual Vel: ( -0.000,   0.000,   0.008) m/s
  ℹ️  Velocity differs from PID (hybrid physics integration active)
────────────────────────────────────────────────────────────────────────────────

[DBG RENDER] Viewport sync triggered at pos (-0.011, 0.005, 0.552)

────────────────────────────────────────────────────────────────────────────────
[FRAME 529] Δt = 1.00s
────────────────────────────────────────────────────────────────────────────────
  State      : Armed=True, Mode=LANDING
  Position   : ( -0.011,   0.006,   0.552)
  Velocity   : ( -0.008,   0.004,  -0.106)
  Target Pos : ( -0.000,  -0.000,   2.498)
  Error      : (  0.011,  -0.006,   1.946) = 1.946m
  PID Output : (  0.000,   0.000,  -0.300) m/s
  Applied Force: (   0.06,   -0.03,    3.45) N (|F|=3.45N)
  Actual Vel: ( -0.006,   0.003,   0.009) m/s
  ℹ️  Velocity differs from PID (hybrid physics integration active)
────────────────────────────────────────────────────────────────────────────────

[DBG CACHE] Frame 540: Updating cache with pos=(-0.012,0.006,0.552)
[DBG ROS2] Publishing to /drone/odom: pos=(-0.012,0.006,0.552)
[DBG RENDER] Viewport sync triggered at pos (-0.012, 0.006, 0.552)

────────────────────────────────────────────────────────────────────────────────
[FRAME 541] Δt = 1.00s
────────────────────────────────────────────────────────────────────────────────
  State      : Armed=True, Mode=LANDING
  Position   : ( -0.012,   0.006,   0.552)
  Velocity   : (  0.008,   0.000,  -0.108)
  Target Pos : ( -0.000,  -0.000,   2.498)
  Error      : (  0.012,  -0.006,   1.946) = 1.946m
  PID Output : (  0.000,   0.000,  -0.300) m/s
  Applied Force: (  -0.06,   -0.00,    3.46) N (|F|=3.46N)
  Actual Vel: (  0.006,   0.000,   0.008) m/s
  ℹ️  Velocity differs from PID (hybrid physics integration active)
────────────────────────────────────────────────────────────────────────────────


────────────────────────────────────────────────────────────────────────────────
[FRAME 553] Δt = 1.00s
────────────────────────────────────────────────────────────────────────────────
  State      : Armed=True, Mode=LANDING
  Position   : ( -0.012,   0.007,   0.552)
  Velocity   : ( -0.008,   0.001,  -0.107)
  Target Pos : ( -0.000,  -0.000,   2.498)
  Error      : (  0.012,  -0.007,   1.946) = 1.946m
  PID Output : (  0.000,   0.000,  -0.300) m/s
  Applied Force: (   0.06,   -0.00,    3.45) N (|F|=3.46N)
  Actual Vel: ( -0.006,   0.000,   0.009) m/s
  ℹ️  Velocity differs from PID (hybrid physics integration active)
────────────────────────────────────────────────────────────────────────────────

[DBG RENDER] Viewport sync triggered at pos (-0.012, 0.007, 0.552)

────────────────────────────────────────────────────────────────────────────────
[FRAME 565] Δt = 1.00s
────────────────────────────────────────────────────────────────────────────────
  State      : Armed=True, Mode=LANDING
  Position   : ( -0.012,   0.008,   0.552)
  Velocity   : (  0.010,   0.000,  -0.108)
  Target Pos : ( -0.000,  -0.000,   2.498)
  Error      : (  0.012,  -0.008,   1.946) = 1.946m
  PID Output : (  0.000,   0.000,  -0.300) m/s
  Applied Force: (  -0.07,   -0.00,    3.47) N (|F|=3.47N)
  Actual Vel: (  0.007,   0.000,   0.007) m/s
  ℹ️  Velocity differs from PID (hybrid physics integration active)
────────────────────────────────────────────────────────────────────────────────


────────────────────────────────────────────────────────────────────────────────
[FRAME 577] Δt = 1.00s
────────────────────────────────────────────────────────────────────────────────
  State      : Armed=True, Mode=LANDING
  Position   : ( -0.012,   0.008,   0.552)
  Velocity   : (  0.001,  -0.002,  -0.108)
  Target Pos : ( -0.000,  -0.000,   2.498)
  Error      : (  0.012,  -0.008,   1.946) = 1.946m
  PID Output : (  0.000,   0.000,  -0.300) m/s
  Applied Force: (  -0.01,    0.01,    3.46) N (|F|=3.46N)
  Actual Vel: (  0.001,  -0.001,   0.008) m/s
  ℹ️  Velocity differs from PID (hybrid physics integration active)
────────────────────────────────────────────────────────────────────────────────

[DBG RENDER] Viewport sync triggered at pos (-0.011, 0.008, 0.552)

────────────────────────────────────────────────────────────────────────────────
[FRAME 589] Δt = 1.00s
────────────────────────────────────────────────────────────────────────────────
  State      : Armed=True, Mode=LANDING
  Position   : ( -0.009,   0.008,   0.551)
  Velocity   : (  0.003,  -0.000,  -0.107)
  Target Pos : ( -0.000,  -0.000,   2.498)
  Error      : (  0.009,  -0.008,   1.946) = 1.946m
  PID Output : (  0.000,   0.000,  -0.300) m/s
  Applied Force: (  -0.02,    0.00,    3.46) N (|F|=3.46N)
  Actual Vel: (  0.002,  -0.000,   0.008) m/s
  ℹ️  Velocity differs from PID (hybrid physics integration active)
────────────────────────────────────────────────────────────────────────────────

[DBG CACHE] Frame 600: Updating cache with pos=(-0.009,0.009,0.552)
[DBG ROS2] Publishing to /drone/odom: pos=(-0.009,0.009,0.552)
[DBG RENDER] Viewport sync triggered at pos (-0.009, 0.009, 0.552)

────────────────────────────────────────────────────────────────────────────────
[FRAME 601] Δt = 1.00s
────────────────────────────────────────────────────────────────────────────────
  State      : Armed=True, Mode=LANDING
  Position   : ( -0.009,   0.009,   0.552)
  Velocity   : ( -0.007,   0.002,  -0.107)
  Target Pos : ( -0.000,  -0.000,   2.498)
  Error      : (  0.009,  -0.009,   1.946) = 1.946m
  PID Output : (  0.000,   0.000,  -0.300) m/s
  Applied Force: (   0.05,   -0.01,    3.46) N (|F|=3.46N)
  Actual Vel: ( -0.005,   0.001,   0.008) m/s
  ℹ️  Velocity differs from PID (hybrid physics integration active)
────────────────────────────────────────────────────────────────────────────────


────────────────────────────────────────────────────────────────────────────────
[FRAME 614] Δt = 1.00s
────────────────────────────────────────────────────────────────────────────────
  State      : Armed=True, Mode=LANDING
  Position   : ( -0.010,   0.010,   0.551)
  Velocity   : ( -0.010,   0.004,   0.002)
  Target Pos : ( -0.000,  -0.000,   2.498)
  Error      : (  0.010,  -0.010,   1.947) = 1.947m
  PID Output : (  0.000,   0.000,  -0.300) m/s
  Applied Force: (   0.08,   -0.03,    2.64) N (|F|=2.64N)
  Actual Vel: ( -0.008,   0.003,   0.090) m/s
  ℹ️  Velocity differs from PID (hybrid physics integration active)
────────────────────────────────────────────────────────────────────────────────

[DBG RENDER] Viewport sync triggered at pos (-0.014, 0.010, 0.552)

────────────────────────────────────────────────────────────────────────────────
[FRAME 626] Δt = 1.00s
────────────────────────────────────────────────────────────────────────────────
  State      : Armed=True, Mode=LANDING
  Position   : ( -0.016,   0.009,   0.551)
  Velocity   : ( -0.010,  -0.007,   0.001)
  Target Pos : ( -0.000,  -0.000,   2.498)
  Error      : (  0.016,  -0.009,   1.946) = 1.946m
  PID Output : (  0.000,   0.000,  -0.300) m/s
  Applied Force: (   0.08,    0.05,    2.65) N (|F|=2.65N)
  Actual Vel: ( -0.008,  -0.005,   0.089) m/s
  ℹ️  Velocity differs from PID (hybrid physics integration active)
────────────────────────────────────────────────────────────────────────────────

[INFO] Shutting down simulation...
[INFO] ROS2 shutdown complete
[INFO] Simulation shutdown complete
