================================================================================
SIMULATION LOG - 2025-11-16 19:37:35
Log file: /home/kishi/ResQoUnity/logs/simulation/drone_sim_20251116_193735.log
================================================================================

[INFO] Creating environment: Isaac-Velocity-Rough-Unitree-Go2-v0
[INFO] Robot: drone, Amount: 1, Terrain: flat
[INFO]: Base environment:
	Environment device    : cuda:0
	Physics step-size     : 0.005
	Rendering step-size   : 0.005
	Environment step-size : 0.02
	Physics GPU pipeline  : True
	Physics GPU simulation: True
[INFO]: Time taken for scene creation : 16.983428 seconds
[INFO]: Scene manager:  <class InteractiveScene>
	Number of environments: 1
	Environment spacing   : 2.5
	Source prim name      : /World/envs/env_0
	Global prim paths     : ['/World/ground']
	Replicate physics     : True
[INFO]: Starting the simulation. This may take a few seconds. Please wait...
[INFO]: Time taken for simulation start : 2.071642 seconds
[INFO] Command Manager:  <CommandManager> contains 1 active terms.
+------------------------------------------------+
|              Active Command Terms              |
+-------+---------------+------------------------+
| Index | Name          |          Type          |
+-------+---------------+------------------------+
|   0   | base_velocity | UniformVelocityCommand |
+-------+---------------+------------------------+

[INFO] Action Manager:  <ActionManager> contains 1 active terms.
+----------------------------------+
|  Active Action Terms (shape: 4)  |
+--------+------------+------------+
| Index  | Name       |  Dimension |
+--------+------------+------------+
|   0    | joint_pos  |          4 |
+--------+------------+------------+

[INFO] Observation Manager: <ObservationManager> contains 1 groups.
+---------------------------------------------------------+
| Active Observation Terms in Group: 'policy' (shape: (24,)) |
+-----------+---------------------------------+-----------+
|   Index   | Name                            |   Shape   |
+-----------+---------------------------------+-----------+
|     0     | base_lin_vel                    |    (3,)   |
|     1     | base_ang_vel                    |    (3,)   |
|     2     | projected_gravity               |    (3,)   |
|     3     | velocity_commands               |    (3,)   |
|     4     | joint_pos                       |    (4,)   |
|     5     | joint_vel                       |    (4,)   |
|     6     | actions                         |    (4,)   |
+-----------+---------------------------------+-----------+

[INFO] Event Manager:  <EventManager> contains 1 active terms.
+--------------------------------------+
| Active Event Terms in Mode: 'startup' |
+----------+---------------------------+
|  Index   | Name                      |
+----------+---------------------------+
|    0     | physics_material          |
+----------+---------------------------+

[INFO] Termination Manager:  <TerminationManager> contains 1 active terms.
+-----------------------------+
|   Active Termination Terms  |
+-------+----------+----------+
| Index | Name     | Time Out |
+-------+----------+----------+
|   0   | time_out |   True   |
+-------+----------+----------+

[INFO] Reward Manager:  <RewardManager> contains 9 active terms.
+-----------------------------------------+
|           Active Reward Terms           |
+-------+----------------------+----------+
| Index | Name                 |   Weight |
+-------+----------------------+----------+
|   0   | track_lin_vel_xy_exp |      1.0 |
|   1   | track_ang_vel_z_exp  |      0.5 |
|   2   | lin_vel_z_l2         |     -1.0 |
|   3   | ang_vel_xy_l2        |     -0.1 |
|   4   | dof_torques_l2       |   -1e-06 |
|   5   | dof_acc_l2           | -2.5e-07 |
|   6   | action_rate_l2       |    -0.01 |
|   7   | flat_orientation_l2  |     -1.0 |
|   8   | dof_pos_limits       |      0.0 |
+-------+----------------------+----------+

[INFO] Curriculum Manager:  <CurriculumManager> contains 0 active terms.
+----------------------+
| Active Curriculum Terms |
+-----------+----------+
|   Index   | Name     |
+-----------+----------+
+-----------+----------+

Creating window for environment.
[INFO]: Completed setting up the environment...
[INFO] Environment created successfully!
[INFO] Environment wrapped for RSL-RL
[INFO] Loading experiment from directory: /home/kishi/ResQoUnity/logs/rsl_rl/quadcopter_rough
[WARN] No checkpoint found at /home/kishi/ResQoUnity/logs/rsl_rl/quadcopter_rough
[INFO] Running in MANUAL CONTROL mode (keyboard only, no RL policy)
[INFO] Initializing drone controllers...
[Drone 0] Mode: DISARMED → IDLE
[INFO] Drone 0 controller initialized and ARMED in IDLE (will switch to LOITER after spawn)
[INFO] Resetting environment and getting initial observations...
[INFO] Environment reset complete, starting simulation loop...
Error loading custom environment. You should download custom envs folder from: https://drive.google.com/drive/folders/1vVGuO1KIX1K6mD6mBHDZGm9nk2vaRyj3?usp=sharing
[INFO] Setting up viewport camera...
[INFO] Camera positioned to view robot
[INFO] Robot(s) should now be visible in the viewport!
[INFO] Use these controls to navigate:
  - Press 'F' to focus on robot
  - Mouse wheel: Zoom in/out
  - Middle mouse: Pan camera
  - Alt+Left mouse: Orbit view
  - WASD keys: Move robot (forward/back/left/right)
  - Q/E keys: Rotate left/right
  - T/G keys: Altitude up/down (for drone)
[INFO] Environment drone mass: 1.5kg
[DBG] Frame 1 - Mode: IDLE, Pos: (0.000, 0.000, 0.000)
[FORCE] env0 pos:(0.00,0.00,0.00) des_vel:(0.00,0.00,0.00) new_vel:(0.00,0.00,0.16)
[INFO] Starting odometry publishing for 1 environment drone(s)
[DBG] Frame 2 - Mode: IDLE, Pos: (-0.000, -0.000, 2.500)
[Drone 0] Mode: IDLE → LOITER
[INFO] Drone 0 switched to LOITER at position (-0.00, -0.00, 2.50)
[DBG] Frame 3 - Mode: LOITER, Pos: (-0.000, -0.000, 2.500)
[DBG] Frame 4 - Mode: LOITER, Pos: (-0.000, -0.000, 2.500)
[DBG] Frame 5 - Mode: LOITER, Pos: (-0.000, -0.000, 2.499)
[FORCE] env0 pos:(-0.00,-0.00,2.49) des_vel:(-0.00,0.00,0.04) new_vel:(0.00,0.00,0.06)
[FORCE] env0 pos:(-0.00,-0.00,2.48) des_vel:(-0.00,0.00,0.05) new_vel:(0.00,0.00,0.06)
[FORCE] env0 pos:(-0.00,-0.00,2.47) des_vel:(-0.00,0.00,0.05) new_vel:(0.00,0.00,0.07)
[FORCE] env0 pos:(-0.00,-0.00,2.46) des_vel:(-0.00,0.00,0.06) new_vel:(0.00,0.00,0.07)
[FORCE] env0 pos:(-0.00,-0.00,2.45) des_vel:(-0.00,0.00,0.07) new_vel:(0.00,0.00,0.08)
[DBG ODOM] Published /robot0/odom: pos=(0.000, -0.000, 2.438)
[FORCE] env0 pos:(0.00,-0.00,2.44) des_vel:(-0.00,0.00,0.07) new_vel:(0.00,0.00,0.08)
[FORCE] env0 pos:(0.00,-0.00,2.43) des_vel:(-0.00,0.00,0.08) new_vel:(0.00,0.00,0.08)
[FORCE] env0 pos:(0.00,-0.00,2.42) des_vel:(-0.00,0.00,0.08) new_vel:(0.00,0.00,0.09)
[FORCE] env0 pos:(-0.00,-0.00,2.42) des_vel:(-0.00,0.00,0.08) new_vel:(0.00,0.00,0.09)
[FORCE] env0 pos:(-0.00,-0.00,2.41) des_vel:(-0.00,0.00,0.09) new_vel:(0.00,0.00,0.09)
[FORCE] env0 pos:(-0.00,-0.00,2.40) des_vel:(-0.00,0.00,0.09) new_vel:(0.00,0.00,0.10)
[DBG ODOM] Published /robot0/odom: pos=(-0.000, -0.000, 2.399)
[FORCE] env0 pos:(-0.00,-0.00,2.40) des_vel:(-0.00,0.00,0.09) new_vel:(0.00,0.00,0.10)
[FORCE] env0 pos:(-0.00,-0.00,2.39) des_vel:(-0.00,0.00,0.10) new_vel:(0.00,0.00,0.10)
[FORCE] env0 pos:(0.00,-0.00,2.39) des_vel:(-0.00,0.00,0.10) new_vel:(0.00,0.00,0.10)
[FORCE] env0 pos:(0.00,-0.00,2.39) des_vel:(-0.00,0.00,0.10) new_vel:(0.00,0.00,0.10)
[FORCE] env0 pos:(0.00,-0.00,2.38) des_vel:(-0.00,0.00,0.10) new_vel:(0.00,-0.00,0.11)
[FORCE] env0 pos:(0.00,-0.00,2.38) des_vel:(-0.00,0.00,0.10) new_vel:(0.00,-0.00,0.11)
[DBG ODOM] Published /robot0/odom: pos=(0.000, -0.000, 2.376)
[FORCE] env0 pos:(0.00,-0.00,2.38) des_vel:(-0.00,0.00,0.11) new_vel:(0.00,-0.00,0.11)
[FORCE] env0 pos:(0.00,-0.00,2.37) des_vel:(-0.00,0.00,0.11) new_vel:(-0.00,-0.00,0.11)
[FORCE] env0 pos:(0.00,-0.00,2.37) des_vel:(-0.00,0.00,0.11) new_vel:(0.00,-0.00,0.11)
[FORCE] env0 pos:(0.00,-0.00,2.37) des_vel:(-0.00,0.00,0.11) new_vel:(0.00,-0.00,0.11)
[FORCE] env0 pos:(0.00,-0.00,2.37) des_vel:(-0.00,0.00,0.11) new_vel:(-0.00,-0.00,0.11)
[FORCE] env0 pos:(0.00,-0.00,2.37) des_vel:(-0.00,0.00,0.11) new_vel:(0.00,-0.00,0.11)
[DBG ODOM] Published /robot0/odom: pos=(0.000, -0.000, 2.364)
[FORCE] env0 pos:(0.00,-0.00,2.36) des_vel:(-0.00,0.00,0.11) new_vel:(0.00,-0.00,0.11)
[FORCE] env0 pos:(0.00,-0.00,2.36) des_vel:(-0.00,0.00,0.11) new_vel:(0.00,-0.00,0.12)
[FORCE] env0 pos:(0.00,-0.00,2.36) des_vel:(-0.00,0.00,0.11) new_vel:(-0.00,-0.00,0.12)
[FORCE] env0 pos:(0.00,-0.00,2.36) des_vel:(-0.00,0.00,0.11) new_vel:(-0.00,-0.00,0.12)
[FORCE] env0 pos:(0.00,-0.00,2.36) des_vel:(-0.00,0.00,0.12) new_vel:(-0.00,-0.00,0.12)
[FORCE] env0 pos:(0.00,-0.00,2.36) des_vel:(-0.00,0.00,0.12) new_vel:(-0.00,-0.00,0.12)
[DBG ODOM] Published /robot0/odom: pos=(0.000, -0.000, 2.357)
[FORCE] env0 pos:(0.00,-0.00,2.36) des_vel:(-0.00,0.00,0.12) new_vel:(-0.00,-0.00,0.12)
[FORCE] env0 pos:(0.00,-0.00,2.36) des_vel:(-0.00,0.00,0.12) new_vel:(-0.00,-0.00,0.12)
[FORCE] env0 pos:(0.00,-0.00,2.36) des_vel:(-0.00,0.00,0.12) new_vel:(-0.00,-0.00,0.12)
[FORCE] env0 pos:(0.00,-0.00,2.35) des_vel:(-0.00,0.00,0.12) new_vel:(-0.00,0.00,0.12)
[FORCE] env0 pos:(0.00,-0.00,2.35) des_vel:(-0.00,0.00,0.12) new_vel:(-0.00,0.00,0.12)
[FORCE] env0 pos:(0.00,-0.00,2.35) des_vel:(-0.00,0.00,0.12) new_vel:(-0.00,0.00,0.12)
[DBG ODOM] Published /robot0/odom: pos=(0.000, -0.000, 2.353)
[FORCE] env0 pos:(0.00,-0.00,2.35) des_vel:(-0.00,0.00,0.12) new_vel:(-0.00,0.00,0.12)
[FORCE] env0 pos:(0.00,-0.00,2.35) des_vel:(-0.00,0.00,0.12) new_vel:(-0.00,0.00,0.12)
[FORCE] env0 pos:(0.00,-0.00,2.35) des_vel:(-0.00,0.00,0.12) new_vel:(-0.00,0.00,0.12)
[FORCE] env0 pos:(0.00,-0.00,2.35) des_vel:(-0.00,0.00,0.12) new_vel:(-0.00,0.00,0.12)
[FORCE] env0 pos:(0.00,-0.00,2.35) des_vel:(-0.00,0.00,0.12) new_vel:(-0.00,0.00,0.12)
[FORCE] env0 pos:(0.00,-0.00,2.35) des_vel:(-0.00,0.00,0.12) new_vel:(-0.00,0.00,0.12)
[DBG ODOM] Published /robot0/odom: pos=(0.000, -0.000, 2.350)
[FORCE] env0 pos:(0.00,-0.00,2.35) des_vel:(-0.00,0.00,0.12) new_vel:(-0.00,0.00,0.12)
[FORCE] env0 pos:(0.00,-0.00,2.35) des_vel:(-0.00,0.00,0.12) new_vel:(-0.00,0.00,0.12)
[FORCE] env0 pos:(0.00,-0.00,2.35) des_vel:(-0.00,0.00,0.12) new_vel:(-0.00,0.00,0.12)
[FORCE] env0 pos:(0.00,-0.00,2.35) des_vel:(-0.00,0.00,0.12) new_vel:(-0.00,0.00,0.12)
[FORCE] env0 pos:(0.00,-0.00,2.35) des_vel:(-0.00,0.00,0.12) new_vel:(-0.00,0.00,0.12)
[FORCE] env0 pos:(0.00,-0.00,2.35) des_vel:(-0.00,0.00,0.12) new_vel:(-0.00,0.00,0.12)
[DBG ODOM] Published /robot0/odom: pos=(0.000, -0.000, 2.349)
[FORCE] env0 pos:(0.00,-0.00,2.35) des_vel:(-0.00,0.00,0.12) new_vel:(-0.00,0.00,0.12)
[FORCE] env0 pos:(-0.00,-0.00,2.35) des_vel:(-0.00,0.00,0.12) new_vel:(-0.00,0.00,0.12)
[FORCE] env0 pos:(-0.00,-0.00,2.35) des_vel:(-0.00,0.00,0.12) new_vel:(-0.00,0.00,0.12)
[FORCE] env0 pos:(-0.00,-0.00,2.35) des_vel:(-0.00,0.00,0.12) new_vel:(-0.00,0.00,0.12)
[FORCE] env0 pos:(-0.00,-0.00,2.35) des_vel:(-0.00,0.00,0.12) new_vel:(-0.00,0.00,0.12)
[FORCE] env0 pos:(-0.00,-0.00,2.35) des_vel:(-0.00,0.00,0.12) new_vel:(-0.00,0.00,0.12)
[DBG ODOM] Published /robot0/odom: pos=(-0.000, -0.000, 2.348)
[FORCE] env0 pos:(-0.00,-0.00,2.35) des_vel:(-0.00,0.00,0.12) new_vel:(-0.00,0.00,0.12)
[FORCE] env0 pos:(-0.00,-0.00,2.35) des_vel:(-0.00,0.00,0.12) new_vel:(-0.00,0.00,0.12)
[FORCE] env0 pos:(-0.00,-0.00,2.35) des_vel:(-0.00,0.00,0.12) new_vel:(-0.00,0.00,0.12)
[FORCE] env0 pos:(-0.00,-0.00,2.35) des_vel:(-0.00,0.00,0.12) new_vel:(-0.00,0.00,0.12)
[FORCE] env0 pos:(-0.00,-0.00,2.35) des_vel:(-0.00,0.00,0.12) new_vel:(-0.00,0.00,0.12)
[FORCE] env0 pos:(-0.00,-0.00,2.35) des_vel:(-0.00,0.00,0.12) new_vel:(-0.00,0.00,0.12)
[DBG ODOM] Published /robot0/odom: pos=(-0.000, -0.000, 2.348)
[FORCE] env0 pos:(-0.00,-0.00,2.35) des_vel:(-0.00,0.00,0.12) new_vel:(-0.00,0.00,0.12)
[Drone 0] Target position: (-0.00, -0.00, 1.50)
[Drone 0] Mode: LOITER → POSITION
[FORCE] env0 pos:(-0.00,-0.00,2.34) des_vel:(0.00,0.00,-0.59) new_vel:(-0.00,0.00,-0.15)
[FORCE] env0 pos:(-0.00,-0.00,2.27) des_vel:(-0.00,0.00,-0.41) new_vel:(0.00,0.00,-0.30)
[FORCE] env0 pos:(-0.00,-0.00,2.18) des_vel:(-0.00,0.00,-0.36) new_vel:(0.00,0.00,-0.27)
[FORCE] env0 pos:(-0.00,-0.00,2.11) des_vel:(-0.00,0.00,-0.31) new_vel:(0.00,0.00,-0.23)
[FORCE] env0 pos:(0.00,-0.00,2.04) des_vel:(-0.00,0.00,-0.28) new_vel:(0.00,0.00,-0.20)
[DBG ODOM] Published /robot0/odom: pos=(0.000, -0.000, 1.978)
[FORCE] env0 pos:(0.00,-0.00,1.98) des_vel:(-0.00,0.00,-0.24) new_vel:(0.00,0.00,-0.17)
[FORCE] env0 pos:(-0.00,-0.00,1.92) des_vel:(-0.00,0.00,-0.21) new_vel:(0.00,0.00,-0.15)
[FORCE] env0 pos:(-0.00,-0.00,1.87) des_vel:(-0.00,0.00,-0.18) new_vel:(0.00,0.00,-0.12)
[FORCE] env0 pos:(-0.00,-0.00,1.82) des_vel:(-0.00,0.00,-0.15) new_vel:(0.00,0.00,-0.10)
[FORCE] env0 pos:(0.00,-0.00,1.78) des_vel:(-0.00,0.00,-0.13) new_vel:(0.00,0.00,-0.08)
[FORCE] env0 pos:(0.00,-0.00,1.74) des_vel:(-0.00,0.00,-0.10) new_vel:(0.00,0.00,-0.06)
[DBG ODOM] Published /robot0/odom: pos=(0.000, -0.000, 1.706)
[FORCE] env0 pos:(0.00,-0.00,1.71) des_vel:(-0.00,0.00,-0.08) new_vel:(0.00,0.00,-0.05)
[FORCE] env0 pos:(0.00,-0.00,1.67) des_vel:(-0.00,0.00,-0.07) new_vel:(0.00,0.00,-0.03)
[FORCE] env0 pos:(0.00,-0.00,1.64) des_vel:(-0.00,0.00,-0.05) new_vel:(0.00,0.00,-0.02)
[FORCE] env0 pos:(0.00,-0.00,1.62) des_vel:(-0.00,0.00,-0.03) new_vel:(0.00,0.00,-0.00)
[FORCE] env0 pos:(0.00,-0.00,1.59) des_vel:(-0.00,0.00,-0.02) new_vel:(0.00,0.00,0.01)
[FORCE] env0 pos:(0.00,-0.00,1.57) des_vel:(-0.00,0.00,-0.01) new_vel:(-0.00,0.00,0.02)
[DBG ODOM] Published /robot0/odom: pos=(0.000, -0.000, 1.552)
[FORCE] env0 pos:(0.00,-0.00,1.55) des_vel:(-0.00,0.00,0.01) new_vel:(0.00,0.00,0.03)
[FORCE] env0 pos:(0.00,-0.00,1.53) des_vel:(-0.00,0.00,0.02) new_vel:(0.00,0.00,0.04)
[FORCE] env0 pos:(0.00,-0.00,1.52) des_vel:(-0.00,0.00,0.03) new_vel:(0.00,0.00,0.04)
[FORCE] env0 pos:(0.00,-0.00,1.50) des_vel:(-0.00,0.00,0.03) new_vel:(0.00,0.00,0.05)
[FORCE] env0 pos:(0.00,-0.00,1.49) des_vel:(-0.00,0.00,0.04) new_vel:(0.00,-0.00,0.06)
[FORCE] env0 pos:(0.00,-0.00,1.47) des_vel:(-0.00,0.00,0.05) new_vel:(0.00,-0.00,0.06)
[DBG ODOM] Published /robot0/odom: pos=(0.000, -0.000, 1.464)
[FORCE] env0 pos:(0.00,-0.00,1.46) des_vel:(-0.00,0.00,0.06) new_vel:(0.00,-0.00,0.07)
[FORCE] env0 pos:(0.00,-0.00,1.45) des_vel:(-0.00,0.00,0.06) new_vel:(0.00,-0.00,0.07)
[FORCE] env0 pos:(0.00,-0.00,1.44) des_vel:(-0.00,0.00,0.07) new_vel:(0.00,-0.00,0.08)
[FORCE] env0 pos:(0.00,-0.00,1.43) des_vel:(-0.00,0.00,0.07) new_vel:(0.00,-0.00,0.08)
[FORCE] env0 pos:(0.00,-0.00,1.43) des_vel:(-0.00,0.00,0.08) new_vel:(-0.00,-0.00,0.09)
[FORCE] env0 pos:(0.00,-0.00,1.42) des_vel:(-0.00,0.00,0.08) new_vel:(-0.00,-0.00,0.09)
[DBG ODOM] Published /robot0/odom: pos=(0.000, -0.000, 1.413)
[FORCE] env0 pos:(0.00,-0.00,1.41) des_vel:(-0.00,0.00,0.08) new_vel:(-0.00,-0.00,0.09)
[FORCE] env0 pos:(0.00,-0.00,1.41) des_vel:(-0.00,0.00,0.09) new_vel:(0.00,-0.00,0.09)
[Drone 0] Target position: (1.00, 0.50, 1.91)
[FORCE] env0 pos:(0.03,0.02,1.42) des_vel:(0.24,0.12,0.31) new_vel:(0.19,0.11,0.27)
[FORCE] env0 pos:(0.07,0.04,1.45) des_vel:(0.23,0.12,0.29) new_vel:(0.19,0.09,0.26)
[FORCE] env0 pos:(0.10,0.06,1.48) des_vel:(0.23,0.11,0.28) new_vel:(0.18,0.09,0.25)
[FORCE] env0 pos:(0.14,0.07,1.51) des_vel:(0.22,0.11,0.26) new_vel:(0.17,0.09,0.24)
[DBG ODOM] Published /robot0/odom: pos=(0.172, 0.092, 1.528)
[FORCE] env0 pos:(0.17,0.09,1.53) des_vel:(0.21,0.10,0.25) new_vel:(0.17,0.08,0.23)
[FORCE] env0 pos:(0.20,0.11,1.55) des_vel:(0.20,0.10,0.24) new_vel:(0.16,0.08,0.22)
[FORCE] env0 pos:(0.24,0.12,1.57) des_vel:(0.19,0.09,0.23) new_vel:(0.15,0.08,0.21)
[FORCE] env0 pos:(0.27,0.14,1.58) des_vel:(0.18,0.09,0.22) new_vel:(0.15,0.07,0.20)
[FORCE] env0 pos:(0.30,0.15,1.60) des_vel:(0.18,0.09,0.21) new_vel:(0.14,0.07,0.20)
[FORCE] env0 pos:(0.32,0.17,1.61) des_vel:(0.17,0.08,0.20) new_vel:(0.14,0.07,0.19)
[DBG ODOM] Published /robot0/odom: pos=(0.350, 0.180, 1.625)
[FORCE] env0 pos:(0.35,0.18,1.63) des_vel:(0.16,0.08,0.20) new_vel:(0.13,0.06,0.18)
[FORCE] env0 pos:(0.38,0.19,1.64) des_vel:(0.16,0.08,0.19) new_vel:(0.13,0.06,0.18)
[FORCE] env0 pos:(0.40,0.20,1.65) des_vel:(0.15,0.07,0.18) new_vel:(0.12,0.06,0.17)
[FORCE] env0 pos:(0.42,0.22,1.66) des_vel:(0.14,0.07,0.18) new_vel:(0.12,0.06,0.17)
[FORCE] env0 pos:(0.45,0.23,1.67) des_vel:(0.14,0.07,0.17) new_vel:(0.11,0.05,0.16)
[FORCE] env0 pos:(0.47,0.24,1.67) des_vel:(0.13,0.07,0.17) new_vel:(0.11,0.05,0.16)
[DBG ODOM] Published /robot0/odom: pos=(0.490, 0.249, 1.680)
[FORCE] env0 pos:(0.49,0.25,1.68) des_vel:(0.13,0.06,0.16) new_vel:(0.10,0.05,0.16)
[FORCE] env0 pos:(0.51,0.26,1.69) des_vel:(0.12,0.06,0.16) new_vel:(0.10,0.05,0.15)
[FORCE] env0 pos:(0.53,0.27,1.69) des_vel:(0.12,0.06,0.16) new_vel:(0.09,0.05,0.15)
[FORCE] env0 pos:(0.55,0.28,1.70) des_vel:(0.11,0.06,0.15) new_vel:(0.09,0.04,0.15)
[FORCE] env0 pos:(0.57,0.29,1.70) des_vel:(0.11,0.05,0.15) new_vel:(0.09,0.04,0.15)
[FORCE] env0 pos:(0.58,0.29,1.71) des_vel:(0.10,0.05,0.15) new_vel:(0.08,0.04,0.14)
[DBG ODOM] Published /robot0/odom: pos=(0.600, 0.303, 1.712)
[FORCE] env0 pos:(0.60,0.30,1.71) des_vel:(0.10,0.05,0.15) new_vel:(0.08,0.04,0.14)
[FORCE] env0 pos:(0.62,0.31,1.72) des_vel:(0.10,0.05,0.14) new_vel:(0.08,0.04,0.14)
[FORCE] env0 pos:(0.63,0.32,1.72) des_vel:(0.09,0.05,0.14) new_vel:(0.07,0.04,0.14)
[FORCE] env0 pos:(0.65,0.33,1.72) des_vel:(0.09,0.04,0.14) new_vel:(0.07,0.04,0.14)
[FORCE] env0 pos:(0.66,0.33,1.73) des_vel:(0.09,0.04,0.14) new_vel:(0.07,0.03,0.14)
[FORCE] env0 pos:(0.67,0.34,1.73) des_vel:(0.08,0.04,0.14) new_vel:(0.07,0.03,0.13)
[DBG ODOM] Published /robot0/odom: pos=(0.686, 0.345, 1.730)
[FORCE] env0 pos:(0.69,0.35,1.73) des_vel:(0.08,0.04,0.14) new_vel:(0.06,0.03,0.13)
[FORCE] env0 pos:(0.70,0.35,1.73) des_vel:(0.08,0.04,0.13) new_vel:(0.06,0.03,0.13)
[FORCE] env0 pos:(0.71,0.36,1.73) des_vel:(0.07,0.04,0.13) new_vel:(0.06,0.03,0.13)
[FORCE] env0 pos:(0.72,0.36,1.74) des_vel:(0.07,0.03,0.13) new_vel:(0.06,0.03,0.13)
[FORCE] env0 pos:(0.73,0.37,1.74) des_vel:(0.07,0.03,0.13) new_vel:(0.05,0.03,0.13)
[FORCE] env0 pos:(0.74,0.37,1.74) des_vel:(0.06,0.03,0.13) new_vel:(0.05,0.03,0.13)
[DBG ODOM] Published /robot0/odom: pos=(0.753, 0.378, 1.740)
[FORCE] env0 pos:(0.75,0.38,1.74) des_vel:(0.06,0.03,0.13) new_vel:(0.05,0.02,0.13)
[FORCE] env0 pos:(0.76,0.38,1.74) des_vel:(0.06,0.03,0.13) new_vel:(0.05,0.02,0.13)
[FORCE] env0 pos:(0.77,0.39,1.74) des_vel:(0.06,0.03,0.13) new_vel:(0.05,0.02,0.13)
[FORCE] env0 pos:(0.78,0.39,1.74) des_vel:(0.05,0.03,0.13) new_vel:(0.04,0.02,0.13)
[FORCE] env0 pos:(0.79,0.40,1.74) des_vel:(0.05,0.03,0.13) new_vel:(0.04,0.02,0.13)
[FORCE] env0 pos:(0.80,0.40,1.75) des_vel:(0.05,0.02,0.13) new_vel:(0.04,0.02,0.13)
[DBG ODOM] Published /robot0/odom: pos=(0.807, 0.405, 1.746)
[FORCE] env0 pos:(0.81,0.40,1.75) des_vel:(0.05,0.02,0.13) new_vel:(0.04,0.02,0.13)
[FORCE] env0 pos:(0.81,0.41,1.75) des_vel:(0.05,0.02,0.13) new_vel:(0.04,0.02,0.13)
[FORCE] env0 pos:(0.82,0.41,1.75) des_vel:(0.04,0.02,0.13) new_vel:(0.04,0.02,0.13)
[FORCE] env0 pos:(0.83,0.42,1.75) des_vel:(0.04,0.02,0.13) new_vel:(0.03,0.02,0.13)
[FORCE] env0 pos:(0.84,0.42,1.75) des_vel:(0.04,0.02,0.13) new_vel:(0.03,0.02,0.13)
[Drone 0] Mode: POSITION → LANDING
[FORCE] env0 pos:(0.84,0.42,1.73) des_vel:(0.00,0.00,-0.30) new_vel:(0.01,0.00,-0.15)
[DBG ODOM] Published /robot0/odom: pos=(0.841, 0.421, 1.669)
[FORCE] env0 pos:(0.84,0.42,1.67) des_vel:(0.00,0.00,-0.30) new_vel:(0.00,0.00,-0.21)
[FORCE] env0 pos:(0.84,0.42,1.60) des_vel:(0.00,0.00,-0.30) new_vel:(0.00,0.00,-0.21)
[FORCE] env0 pos:(0.84,0.42,1.54) des_vel:(0.00,0.00,-0.30) new_vel:(0.00,0.00,-0.21)
[FORCE] env0 pos:(0.84,0.42,1.47) des_vel:(0.00,0.00,-0.30) new_vel:(0.00,0.00,-0.21)
[FORCE] env0 pos:(0.84,0.42,1.40) des_vel:(0.00,0.00,-0.30) new_vel:(0.00,0.00,-0.21)
[FORCE] env0 pos:(0.84,0.42,1.34) des_vel:(0.00,0.00,-0.30) new_vel:(0.00,0.00,-0.21)
[DBG ODOM] Published /robot0/odom: pos=(0.841, 0.421, 1.269)
[FORCE] env0 pos:(0.84,0.42,1.27) des_vel:(0.00,0.00,-0.30) new_vel:(0.00,0.00,-0.21)
[FORCE] env0 pos:(0.84,0.42,1.20) des_vel:(0.00,0.00,-0.30) new_vel:(0.00,0.00,-0.21)
[FORCE] env0 pos:(0.84,0.42,1.14) des_vel:(0.00,0.00,-0.30) new_vel:(0.00,0.00,-0.21)
[FORCE] env0 pos:(0.84,0.42,1.07) des_vel:(0.00,0.00,-0.30) new_vel:(0.00,0.00,-0.21)
[FORCE] env0 pos:(0.84,0.42,1.00) des_vel:(0.00,0.00,-0.30) new_vel:(0.00,0.00,-0.21)
[FORCE] env0 pos:(0.84,0.42,0.93) des_vel:(0.00,0.00,-0.30) new_vel:(0.00,0.00,-0.21)
[DBG ODOM] Published /robot0/odom: pos=(0.841, 0.421, 0.868)
[FORCE] env0 pos:(0.84,0.42,0.87) des_vel:(0.00,0.00,-0.30) new_vel:(0.00,0.00,-0.21)
[FORCE] env0 pos:(0.84,0.42,0.80) des_vel:(0.00,0.00,-0.30) new_vel:(0.00,0.00,-0.21)
[FORCE] env0 pos:(0.84,0.42,0.73) des_vel:(0.00,0.00,-0.30) new_vel:(0.00,0.00,-0.21)
[FORCE] env0 pos:(0.84,0.42,0.67) des_vel:(0.00,0.00,-0.30) new_vel:(0.00,0.00,-0.21)
[FORCE] env0 pos:(0.84,0.42,0.60) des_vel:(0.00,0.00,-0.30) new_vel:(0.00,0.00,-0.21)
[FORCE] env0 pos:(0.84,0.42,0.53) des_vel:(0.00,0.00,-0.30) new_vel:(-0.00,0.00,-0.21)
[DBG ODOM] Published /robot0/odom: pos=(0.841, 0.421, 0.467)
[FORCE] env0 pos:(0.84,0.42,0.47) des_vel:(0.00,0.00,-0.30) new_vel:(-0.00,0.00,-0.21)
[FORCE] env0 pos:(0.84,0.42,0.40) des_vel:(0.00,0.00,-0.30) new_vel:(-0.00,0.00,-0.21)
[FORCE] env0 pos:(0.84,0.42,0.33) des_vel:(0.00,0.00,-0.30) new_vel:(-0.00,0.00,-0.21)
[FORCE] env0 pos:(0.84,0.42,0.27) des_vel:(0.00,0.00,-0.30) new_vel:(-0.00,0.00,-0.21)
[FORCE] env0 pos:(0.84,0.42,0.20) des_vel:(0.00,0.00,-0.30) new_vel:(-0.00,0.00,-0.21)
[FORCE] env0 pos:(0.84,0.42,0.13) des_vel:(0.00,0.00,-0.30) new_vel:(-0.00,0.00,-0.21)
[Drone 0] Mode: LANDING → DISARMED
[Drone 0] Landed and disarmed
[DBG ODOM] Published /robot0/odom: pos=(0.840, 0.422, 0.075)
[DBG ODOM] Published /robot0/odom: pos=(0.840, 0.422, 0.075)
[DBG ODOM] Published /robot0/odom: pos=(0.840, 0.422, 0.075)
[DBG ODOM] Published /robot0/odom: pos=(0.840, 0.422, 0.075)
