================================================================================
SIMULATION LOG - 2025-11-16 17:02:20
Log file: /home/kishi/ResQoUnity/logs/simulation/drone_sim_20251116_170220.log
================================================================================

[INFO] Creating environment: Isaac-Velocity-Rough-Unitree-Go2-v0
[INFO] Robot: go2, Amount: 1, Terrain: flat
[INFO]: Base environment:
	Environment device    : cuda:0
	Physics step-size     : 0.005
	Rendering step-size   : 0.005
	Environment step-size : 0.02
	Physics GPU pipeline  : True
	Physics GPU simulation: True
[INFO]: Time taken for scene creation : 1.562306 seconds
[INFO]: Scene manager:  <class InteractiveScene>
	Number of environments: 1
	Environment spacing   : 2.5
	Source prim name      : /World/envs/env_0
	Global prim paths     : ['/World/ground']
	Replicate physics     : True
[INFO]: Starting the simulation. This may take a few seconds. Please wait...
[INFO]: Time taken for simulation start : 1.006329 seconds
[INFO] Command Manager:  <CommandManager> contains 1 active terms.
+------------------------------------------------+
|              Active Command Terms              |
+-------+---------------+------------------------+
| Index | Name          |          Type          |
+-------+---------------+------------------------+
|   0   | base_velocity | UniformVelocityCommand |
+-------+---------------+------------------------+

[INFO] Action Manager:  <ActionManager> contains 1 active terms.
+------------------------------------+
|  Active Action Terms (shape: 12)   |
+--------+-------------+-------------+
| Index  | Name        |   Dimension |
+--------+-------------+-------------+
|   0    | joint_pos   |          12 |
+--------+-------------+-------------+

Module omni.isaac.orbit.utils.warp.kernels load on device 'cuda:0' took 1.31 ms
[INFO] Observation Manager: <ObservationManager> contains 1 groups.
+----------------------------------------------------------+
| Active Observation Terms in Group: 'policy' (shape: (235,)) |
+-----------+--------------------------------+-------------+
|   Index   | Name                           |    Shape    |
+-----------+--------------------------------+-------------+
|     0     | base_lin_vel                   |     (3,)    |
|     1     | base_ang_vel                   |     (3,)    |
|     2     | projected_gravity              |     (3,)    |
|     3     | velocity_commands              |     (3,)    |
|     4     | joint_pos                      |    (12,)    |
|     5     | joint_vel                      |    (12,)    |
|     6     | actions                        |    (12,)    |
|     7     | height_scan                    |    (187,)   |
+-----------+--------------------------------+-------------+

[INFO] Event Manager:  <EventManager> contains 1 active terms.
+--------------------------------------+
| Active Event Terms in Mode: 'startup' |
+----------+---------------------------+
|  Index   | Name                      |
+----------+---------------------------+
|    0     | physics_material          |
+----------+---------------------------+

[INFO] Termination Manager:  <TerminationManager> contains 2 active terms.
+---------------------------------+
|     Active Termination Terms    |
+-------+--------------+----------+
| Index | Name         | Time Out |
+-------+--------------+----------+
|   0   | time_out     |   True   |
|   1   | base_contact |  False   |
+-------+--------------+----------+

[INFO] Reward Manager:  <RewardManager> contains 10 active terms.
+-----------------------------------------+
|           Active Reward Terms           |
+-------+----------------------+----------+
| Index | Name                 |   Weight |
+-------+----------------------+----------+
|   0   | track_lin_vel_xy_exp |      1.5 |
|   1   | track_ang_vel_z_exp  |     0.75 |
|   2   | lin_vel_z_l2         |     -2.0 |
|   3   | ang_vel_xy_l2        |    -0.05 |
|   4   | dof_torques_l2       |  -0.0002 |
|   5   | dof_acc_l2           | -2.5e-07 |
|   6   | action_rate_l2       |    -0.01 |
|   7   | feet_air_time        |     0.01 |
|   8   | flat_orientation_l2  |      0.0 |
|   9   | dof_pos_limits       |      0.0 |
+-------+----------------------+----------+

[INFO] Curriculum Manager:  <CurriculumManager> contains 0 active terms.
+----------------------+
| Active Curriculum Terms |
+-----------+----------+
|   Index   | Name     |
+-----------+----------+
+-----------+----------+

Creating window for environment.
[INFO]: Completed setting up the environment...
[INFO] Environment created successfully!
[INFO] Environment wrapped for RSL-RL
[INFO] Loading experiment from directory: /home/kishi/ResQoUnity/logs/rsl_rl/unitree_go2_rough
[INFO]: Loading model checkpoint from: /home/kishi/ResQoUnity/logs/rsl_rl/unitree_go2_rough/2024-04-06_02-37-07/model_7850.pt
--------------------------------------------------------------------------------
Resolved observation sets: 
	 policy :  ['policy']
	 critic :  ['policy']
--------------------------------------------------------------------------------
Actor MLP: MLP(
  (0): Linear(in_features=235, out_features=512, bias=True)
  (1): ELU(alpha=1.0)
  (2): Linear(in_features=512, out_features=256, bias=True)
  (3): ELU(alpha=1.0)
  (4): Linear(in_features=256, out_features=128, bias=True)
  (5): ELU(alpha=1.0)
  (6): Linear(in_features=128, out_features=12, bias=True)
)
Critic MLP: MLP(
  (0): Linear(in_features=235, out_features=512, bias=True)
  (1): ELU(alpha=1.0)
  (2): Linear(in_features=512, out_features=256, bias=True)
  (3): ELU(alpha=1.0)
  (4): Linear(in_features=256, out_features=128, bias=True)
  (5): ELU(alpha=1.0)
  (6): Linear(in_features=128, out_features=1, bias=True)
)
[INFO]: Checkpoint loaded successfully
[INFO] Resetting environment and getting initial observations...
[INFO] Environment reset complete, starting simulation loop...
[INFO] Spawning world-level drone at /World/Drone...
[INFO] Drone USD loaded at /World/Drone
[INFO] Drone spawned at position (0.0, 0.0, 2.5)
[INFO] ArticulationView will be initialized after first physics step
[Drone drone] Mode: DISARMED → LOITER

================================================================================
DRONE DEBUG LOGGER INITIALIZED FOR world_drone
================================================================================

[INFO] Drone controller initialized in ARMED mode (auto-armed)
[INFO] Mode set to LOITER - will hold spawn position
[INFO] Debug logger enabled - verbose output active
[INFO] Drone bottom camera initialized
[INFO] Drone ROS2 publishers initialized on /drone namespace
[INFO] Adding /drone namespace ROS2 interface
[INFO] Drone topics created: cmd_vel, cmd_position, cmd_altitude
[INFO] Drone services created:
  - /drone/arm: True
  - /drone/takeoff: True
  - /drone/land: True
  - /drone/emergency_stop: True
[INFO] Drone control interface ready on /drone namespace
Error loading custom environment. You should download custom envs folder from: https://drive.google.com/drive/folders/1vVGuO1KIX1K6mD6mBHDZGm9nk2vaRyj3?usp=sharing
[INFO] Setting up viewport camera...
[INFO] Camera positioned to view robot
[INFO] Robot(s) should now be visible in the viewport!
[INFO] Use these controls to navigate:
  - Press 'F' to focus on robot
  - Mouse wheel: Zoom in/out
  - Middle mouse: Pan camera
  - Alt+Left mouse: Orbit view
  - WASD keys: Move robot (forward/back/left/right)
  - Q/E keys: Rotate left/right
[INFO] Initializing ArticulationView after physics step...
[INFO] Drone mass set to: 0.5 kg (Crazyflie scaled estimate)
[INFO] Using Hybrid Physics-Velocity Control (GPU PhysX compatible)
[INFO] Forces → Acceleration → Velocity integration (F=ma)
[INFO] LOITER target set to spawn position: (-0.00, -0.00, 2.50)
[SAFETY] World drone initialized:
  Current pos: (-0.000, -0.000, 2.498)
  Target pos:  (-0.000, -0.000, 2.498)
  Mode: LOITER, Armed: True
[INIT] Drone spawned at position: (-0.000, -0.000, 2.498)
[INIT] Initial velocity: (0.000, 0.000, -0.196)
[INIT] Initial mode: LOITER
[INIT] Ready for control


********************************************************************************
[ARM EVENT] Drone ARMED
********************************************************************************

[INFO] ArticulationView ready - found 1 drone(s)
[DEBUG] ArticulationView prim paths: ['/World/Drone']
[DEBUG] Controller initialized at position: (-0.00, -0.00, 2.50)
[DEBUG] Drone has 4 DOFs: ['m1_joint', 'm2_joint', 'm3_joint', 'm4_joint']
[DEBUG] Prim at /World/Drone exists: True
[DEBUG] Found root body (fallback) at: /World/Drone/body
[DEBUG] Found articulation root at: /World/Drone

────────────────────────────────────────────────────────────────────────────────
[FRAME 3] Δt = 1.00s
────────────────────────────────────────────────────────────────────────────────
  State      : Armed=True, Mode=LOITER
  Position   : ( -0.000,  -0.000,   2.492)
  Velocity   : (  0.000,  -0.000,  -0.207)
  Target Pos : ( -0.000,  -0.000,   2.498)
  Error      : ( -0.000,   0.000,   0.005) = 0.005m
  PID Output : ( -0.000,   0.000,   0.011) m/s
  Applied Force: (  -0.00,    0.00,    5.77) N (|F|=5.77N)
  ✅ Gravity compensation active (Fz > 0)
  Actual Vel: (  0.000,  -0.000,  -0.014) m/s
  ℹ️  Velocity differs from PID (hybrid physics integration active)
────────────────────────────────────────────────────────────────────────────────


────────────────────────────────────────────────────────────────────────────────
[FRAME 19] Δt = 1.00s
────────────────────────────────────────────────────────────────────────────────
  State      : Armed=True, Mode=LOITER
  Position   : ( -0.000,  -0.000,   2.451)
  Velocity   : (  0.000,  -0.000,  -0.182)
  Target Pos : ( -0.000,  -0.000,   2.498)
  Error      : (  0.000,   0.000,   0.046) = 0.046m
  PID Output : (  0.000,   0.000,   0.095) m/s
  Applied Force: (  -0.00,    0.00,    6.01) N (|F|=6.01N)
  ✅ Gravity compensation active (Fz > 0)
  Actual Vel: (  0.000,  -0.000,   0.017) m/s
  ℹ️  Velocity differs from PID (hybrid physics integration active)
────────────────────────────────────────────────────────────────────────────────


────────────────────────────────────────────────────────────────────────────────
[FRAME 38] Δt = 1.00s
────────────────────────────────────────────────────────────────────────────────
  State      : Armed=True, Mode=LOITER
  Position   : ( -0.000,  -0.000,   2.421)
  Velocity   : (  0.000,   0.000,  -0.129)
  Target Pos : ( -0.000,  -0.000,   2.498)
  Error      : (  0.000,   0.000,   0.076) = 0.076m
  PID Output : (  0.000,   0.000,   0.160) m/s
  Applied Force: (  -0.00,   -0.00,    6.06) N (|F|=6.06N)
  ✅ Gravity compensation active (Fz > 0)
  Actual Vel: (  0.000,   0.000,   0.070) m/s
  ℹ️  Velocity differs from PID (hybrid physics integration active)
────────────────────────────────────────────────────────────────────────────────


────────────────────────────────────────────────────────────────────────────────
[FRAME 57] Δt = 1.00s
────────────────────────────────────────────────────────────────────────────────
  State      : Armed=True, Mode=LOITER
  Position   : ( -0.000,  -0.000,   2.407)
  Velocity   : (  0.000,   0.000,  -0.097)
  Target Pos : ( -0.000,  -0.000,   2.498)
  Error      : (  0.000,   0.000,   0.090) = 0.090m
  PID Output : (  0.000,   0.000,   0.196) m/s
  Applied Force: (   0.00,   -0.00,    6.08) N (|F|=6.08N)
  ✅ Gravity compensation active (Fz > 0)
  Actual Vel: (  0.000,   0.000,   0.100) m/s
  ℹ️  Velocity differs from PID (hybrid physics integration active)
────────────────────────────────────────────────────────────────────────────────

[DBG CACHE] Frame 60: Updating cache with pos=(-0.000,-0.000,2.406)
[DBG ROS2] Publishing to /drone/odom: pos=(-0.000,-0.000,2.406)

────────────────────────────────────────────────────────────────────────────────
[FRAME 76] Δt = 1.00s
────────────────────────────────────────────────────────────────────────────────
  State      : Armed=True, Mode=LOITER
  Position   : ( -0.000,  -0.000,   2.402)
  Velocity   : (  0.000,   0.000,  -0.080)
  Target Pos : ( -0.000,  -0.000,   2.498)
  Error      : (  0.000,   0.000,   0.095) = 0.095m
  PID Output : (  0.000,   0.000,   0.216) m/s
  Applied Force: (  -0.00,   -0.00,    6.09) N (|F|=6.09N)
  ✅ Gravity compensation active (Fz > 0)
  Actual Vel: (  0.000,   0.000,   0.116) m/s
  ℹ️  Velocity differs from PID (hybrid physics integration active)
────────────────────────────────────────────────────────────────────────────────


────────────────────────────────────────────────────────────────────────────────
[FRAME 95] Δt = 1.00s
────────────────────────────────────────────────────────────────────────────────
  State      : Armed=True, Mode=LOITER
  Position   : ( -0.000,  -0.000,   2.402)
  Velocity   : (  0.000,  -0.000,  -0.071)
  Target Pos : ( -0.000,  -0.000,   2.498)
  Error      : (  0.000,   0.000,   0.096) = 0.096m
  PID Output : (  0.000,   0.000,   0.226) m/s
  Applied Force: (   0.00,    0.00,    6.09) N (|F|=6.09N)
  ✅ Gravity compensation active (Fz > 0)
  Actual Vel: (  0.000,  -0.000,   0.125) m/s
  ℹ️  Velocity differs from PID (hybrid physics integration active)
────────────────────────────────────────────────────────────────────────────────


────────────────────────────────────────────────────────────────────────────────
[FRAME 114] Δt = 1.00s
────────────────────────────────────────────────────────────────────────────────
  State      : Armed=True, Mode=LOITER
  Position   : ( -0.000,  -0.000,   2.403)
  Velocity   : (  0.000,  -0.000,  -0.067)
  Target Pos : ( -0.000,  -0.000,   2.498)
  Error      : (  0.000,   0.000,   0.094) = 0.094m
  PID Output : (  0.000,   0.000,   0.231) m/s
  Applied Force: (   0.00,    0.00,    6.10) N (|F|=6.10N)
  ✅ Gravity compensation active (Fz > 0)
  Actual Vel: (  0.000,  -0.000,   0.130) m/s
  ℹ️  Velocity differs from PID (hybrid physics integration active)
────────────────────────────────────────────────────────────────────────────────

[DBG CACHE] Frame 120: Updating cache with pos=(-0.000,-0.000,2.404)
[DBG ROS2] Publishing to /drone/odom: pos=(-0.000,-0.000,2.404)

────────────────────────────────────────────────────────────────────────────────
[FRAME 133] Δt = 1.00s
────────────────────────────────────────────────────────────────────────────────
  State      : Armed=True, Mode=LOITER
  Position   : ( -0.000,  -0.000,   2.406)
  Velocity   : (  0.000,  -0.000,  -0.065)
  Target Pos : ( -0.000,  -0.000,   2.498)
  Error      : (  0.000,   0.000,   0.091) = 0.091m
  PID Output : (  0.000,   0.000,   0.233) m/s
  Applied Force: (   0.00,    0.00,    6.10) N (|F|=6.10N)
  ✅ Gravity compensation active (Fz > 0)
  Actual Vel: (  0.000,  -0.000,   0.132) m/s
  ℹ️  Velocity differs from PID (hybrid physics integration active)
────────────────────────────────────────────────────────────────────────────────


────────────────────────────────────────────────────────────────────────────────
[FRAME 152] Δt = 1.00s
────────────────────────────────────────────────────────────────────────────────
  State      : Armed=True, Mode=LOITER
  Position   : ( -0.000,  -0.000,   2.410)
  Velocity   : (  0.000,  -0.000,  -0.064)
  Target Pos : ( -0.000,  -0.000,   2.498)
  Error      : (  0.000,   0.000,   0.087) = 0.087m
  PID Output : (  0.000,   0.000,   0.234) m/s
  Applied Force: (   0.00,    0.00,    6.10) N (|F|=6.10N)
  ✅ Gravity compensation active (Fz > 0)
  Actual Vel: (  0.000,  -0.000,   0.133) m/s
  ℹ️  Velocity differs from PID (hybrid physics integration active)
────────────────────────────────────────────────────────────────────────────────


────────────────────────────────────────────────────────────────────────────────
[FRAME 170] Δt = 1.00s
────────────────────────────────────────────────────────────────────────────────
  State      : Armed=True, Mode=LOITER
  Position   : ( -0.000,  -0.000,   2.414)
  Velocity   : (  0.000,  -0.000,  -0.063)
  Target Pos : ( -0.000,  -0.000,   2.498)
  Error      : (  0.000,   0.000,   0.084) = 0.084m
  PID Output : (  0.000,   0.000,   0.234) m/s
  Applied Force: (   0.00,    0.00,    6.10) N (|F|=6.10N)
  ✅ Gravity compensation active (Fz > 0)
  Actual Vel: (  0.000,  -0.000,   0.133) m/s
  ℹ️  Velocity differs from PID (hybrid physics integration active)
────────────────────────────────────────────────────────────────────────────────

[DBG CACHE] Frame 180: Updating cache with pos=(-0.000,-0.000,2.416)
[DBG ROS2] Publishing to /drone/odom: pos=(-0.000,-0.000,2.416)

────────────────────────────────────────────────────────────────────────────────
[FRAME 189] Δt = 1.00s
────────────────────────────────────────────────────────────────────────────────
  State      : Armed=True, Mode=LOITER
  Position   : ( -0.000,  -0.000,   2.418)
  Velocity   : (  0.000,  -0.000,  -0.063)
  Target Pos : ( -0.000,  -0.000,   2.498)
  Error      : (  0.000,   0.000,   0.080) = 0.080m
  PID Output : (  0.000,   0.000,   0.234) m/s
  Applied Force: (   0.00,    0.00,    6.10) N (|F|=6.10N)
  ✅ Gravity compensation active (Fz > 0)
  Actual Vel: (  0.000,  -0.000,   0.133) m/s
  ℹ️  Velocity differs from PID (hybrid physics integration active)
────────────────────────────────────────────────────────────────────────────────


────────────────────────────────────────────────────────────────────────────────
[FRAME 208] Δt = 1.00s
────────────────────────────────────────────────────────────────────────────────
  State      : Armed=True, Mode=LOITER
  Position   : ( -0.000,  -0.000,   2.422)
  Velocity   : (  0.000,  -0.000,  -0.064)
  Target Pos : ( -0.000,  -0.000,   2.498)
  Error      : (  0.000,   0.000,   0.076) = 0.076m
  PID Output : (  0.000,   0.000,   0.234) m/s
  Applied Force: (   0.00,    0.00,    6.09) N (|F|=6.09N)
  ✅ Gravity compensation active (Fz > 0)
  Actual Vel: (  0.000,  -0.000,   0.133) m/s
  ℹ️  Velocity differs from PID (hybrid physics integration active)
────────────────────────────────────────────────────────────────────────────────


********************************************************************************
[ARM EVENT] Drone ARMED
********************************************************************************


────────────────────────────────────────────────────────────────────────────────
[FRAME 227] Δt = 1.00s
────────────────────────────────────────────────────────────────────────────────
  State      : Armed=True, Mode=LOITER
  Position   : ( -0.000,  -0.000,   2.425)
  Velocity   : (  0.000,  -0.000,  -0.064)
  Target Pos : ( -0.000,  -0.000,   2.498)
  Error      : (  0.000,   0.000,   0.072) = 0.072m
  PID Output : (  0.000,   0.000,   0.233) m/s
  Applied Force: (   0.00,    0.00,    6.09) N (|F|=6.09N)
  ✅ Gravity compensation active (Fz > 0)
  Actual Vel: (  0.000,  -0.000,   0.132) m/s
  ℹ️  Velocity differs from PID (hybrid physics integration active)
────────────────────────────────────────────────────────────────────────────────

[DBG CACHE] Frame 240: Updating cache with pos=(-0.000,-0.000,2.428)
[DBG ROS2] Publishing to /drone/odom: pos=(-0.000,-0.000,2.428)

────────────────────────────────────────────────────────────────────────────────
[FRAME 246] Δt = 1.00s
────────────────────────────────────────────────────────────────────────────────
  State      : Armed=True, Mode=LOITER
  Position   : ( -0.000,  -0.000,   2.429)
  Velocity   : (  0.000,  -0.000,  -0.064)
  Target Pos : ( -0.000,  -0.000,   2.498)
  Error      : (  0.000,   0.000,   0.069) = 0.069m
  PID Output : (  0.000,   0.000,   0.233) m/s
  Applied Force: (   0.00,    0.00,    6.09) N (|F|=6.09N)
  ✅ Gravity compensation active (Fz > 0)
  Actual Vel: (  0.000,  -0.000,   0.132) m/s
  ℹ️  Velocity differs from PID (hybrid physics integration active)
────────────────────────────────────────────────────────────────────────────────


────────────────────────────────────────────────────────────────────────────────
[FRAME 265] Δt = 1.00s
────────────────────────────────────────────────────────────────────────────────
  State      : Armed=True, Mode=LOITER
  Position   : ( -0.000,  -0.000,   2.432)
  Velocity   : (  0.000,  -0.000,  -0.065)
  Target Pos : ( -0.000,  -0.000,   2.498)
  Error      : (  0.000,   0.000,   0.065) = 0.065m
  PID Output : (  0.000,   0.000,   0.232) m/s
  Applied Force: (   0.00,    0.00,    6.09) N (|F|=6.09N)
  ✅ Gravity compensation active (Fz > 0)
  Actual Vel: (  0.000,  -0.000,   0.131) m/s
  ℹ️  Velocity differs from PID (hybrid physics integration active)
────────────────────────────────────────────────────────────────────────────────


────────────────────────────────────────────────────────────────────────────────
[FRAME 284] Δt = 1.00s
────────────────────────────────────────────────────────────────────────────────
  State      : Armed=True, Mode=LOITER
  Position   : ( -0.000,  -0.000,   2.435)
  Velocity   : (  0.000,   0.000,  -0.065)
  Target Pos : ( -0.000,  -0.000,   2.498)
  Error      : (  0.000,   0.000,   0.062) = 0.062m
  PID Output : (  0.000,   0.000,   0.232) m/s
  Applied Force: (   0.00,   -0.00,    6.09) N (|F|=6.09N)
  ✅ Gravity compensation active (Fz > 0)
  Actual Vel: (  0.000,   0.000,   0.131) m/s
  ℹ️  Velocity differs from PID (hybrid physics integration active)
────────────────────────────────────────────────────────────────────────────────

[DBG CACHE] Frame 300: Updating cache with pos=(-0.000,-0.000,2.438)
[DBG ROS2] Publishing to /drone/odom: pos=(-0.000,-0.000,2.438)

────────────────────────────────────────────────────────────────────────────────
[FRAME 303] Δt = 1.00s
────────────────────────────────────────────────────────────────────────────────
  State      : Armed=True, Mode=LOITER
  Position   : ( -0.000,  -0.000,   2.439)
  Velocity   : (  0.000,   0.000,  -0.066)
  Target Pos : ( -0.000,  -0.000,   2.498)
  Error      : (  0.000,   0.000,   0.059) = 0.059m
  PID Output : (  0.000,   0.000,   0.231) m/s
  Applied Force: (   0.00,   -0.00,    6.09) N (|F|=6.09N)
  ✅ Gravity compensation active (Fz > 0)
  Actual Vel: (  0.000,   0.000,   0.131) m/s
  ℹ️  Velocity differs from PID (hybrid physics integration active)
────────────────────────────────────────────────────────────────────────────────

[Drone drone] Target position: (-0.00, -0.00, 1.50)
[Drone drone] Mode: LOITER → POSITION
[SAFETY] Takeoff service executed:
  Mode: POSITION
  Target: (-0.000, -0.000, 1.500)
  Current: (-0.000, -0.000, 2.441)

────────────────────────────────────────────────────────────────────────────────
[FRAME 322] Δt = 1.00s
────────────────────────────────────────────────────────────────────────────────
  State      : Armed=True, Mode=POSITION
  Position   : ( -0.000,  -0.000,   2.429)
  Velocity   : (  0.000,   0.000,  -0.466)
  Target Pos : ( -0.000,  -0.000,   1.500)
  Error      : ( -0.000,   0.000,  -0.929) = 0.929m
  PID Output : ( -0.000,   0.000,  -1.500) m/s
  Applied Force: (  -0.00,   -0.00,    0.77) N (|F|=0.77N)
  ✅ Gravity compensation active (Fz > 0)
  Actual Vel: (  0.000,   0.000,  -0.418) m/s
  ℹ️  Velocity differs from PID (hybrid physics integration active)
  ⚠️  WARNING: Large altitude error (0.93m)
────────────────────────────────────────────────────────────────────────────────


────────────────────────────────────────────────────────────────────────────────
[FRAME 341] Δt = 1.00s
────────────────────────────────────────────────────────────────────────────────
  State      : Armed=True, Mode=POSITION
  Position   : ( -0.000,  -0.000,   2.043)
  Velocity   : (  0.000,   0.000,  -1.183)
  Target Pos : ( -0.000,  -0.000,   1.500)
  Error      : (  0.000,   0.000,  -0.543) = 0.543m
  PID Output : (  0.000,   0.000,  -1.170) m/s
  Applied Force: (  -0.00,   -0.00,    4.96) N (|F|=4.96N)
  ✅ Gravity compensation active (Fz > 0)
  Actual Vel: (  0.000,   0.000,  -0.967) m/s
  ℹ️  Velocity differs from PID (hybrid physics integration active)
  ⚠️  WARNING: Large altitude error (0.54m)
────────────────────────────────────────────────────────────────────────────────


────────────────────────────────────────────────────────────────────────────────
[FRAME 360] Δt = 1.00s
────────────────────────────────────────────────────────────────────────────────
  State      : Armed=True, Mode=POSITION
  Position   : ( -0.000,  -0.000,   1.712)
  Velocity   : (  0.000,   0.000,  -0.735)
  Target Pos : ( -0.000,  -0.000,   1.500)
  Error      : (  0.000,   0.000,  -0.212) = 0.212m
  PID Output : (  0.000,   0.000,  -0.539) m/s
  Applied Force: (   0.00,   -0.00,    5.69) N (|F|=5.69N)
  ✅ Gravity compensation active (Fz > 0)
  Actual Vel: (  0.000,   0.000,  -0.518) m/s
  ℹ️  Velocity differs from PID (hybrid physics integration active)
────────────────────────────────────────────────────────────────────────────────

[DBG CACHE] Frame 360: Updating cache with pos=(-0.000,-0.000,1.712)
[DBG ROS2] Publishing to /drone/odom: pos=(-0.000,-0.000,1.712)

────────────────────────────────────────────────────────────────────────────────
[FRAME 379] Δt = 1.00s
────────────────────────────────────────────────────────────────────────────────
  State      : Armed=True, Mode=POSITION
  Position   : ( -0.000,  -0.000,   1.527)
  Velocity   : (  0.000,   0.000,  -0.427)
  Target Pos : ( -0.000,  -0.000,   1.500)
  Error      : (  0.000,   0.000,  -0.027) = 0.027m
  PID Output : (  0.000,   0.000,  -0.180) m/s
  Applied Force: (   0.00,   -0.00,    5.89) N (|F|=5.89N)
  ✅ Gravity compensation active (Fz > 0)
  Actual Vel: (  0.000,   0.000,  -0.219) m/s
  ℹ️  Velocity differs from PID (hybrid physics integration active)
────────────────────────────────────────────────────────────────────────────────


────────────────────────────────────────────────────────────────────────────────
[FRAME 398] Δt = 1.00s
────────────────────────────────────────────────────────────────────────────────
  State      : Armed=True, Mode=POSITION
  Position   : ( -0.000,  -0.000,   1.430)
  Velocity   : (  0.000,  -0.000,  -0.256)
  Target Pos : ( -0.000,  -0.000,   1.500)
  Error      : (  0.000,   0.000,   0.070) = 0.070m
  PID Output : (  0.000,   0.000,   0.016) m/s
  Applied Force: (   0.00,    0.00,    6.00) N (|F|=6.00N)
  ✅ Gravity compensation active (Fz > 0)
  Actual Vel: (  0.000,  -0.000,  -0.053) m/s
  ℹ️  Velocity differs from PID (hybrid physics integration active)
────────────────────────────────────────────────────────────────────────────────


────────────────────────────────────────────────────────────────────────────────
[FRAME 417] Δt = 1.00s
────────────────────────────────────────────────────────────────────────────────
  State      : Armed=True, Mode=POSITION
  Position   : ( -0.000,  -0.000,   1.381)
  Velocity   : (  0.000,  -0.000,  -0.163)
  Target Pos : ( -0.000,  -0.000,   1.500)
  Error      : (  0.000,   0.000,   0.119) = 0.119m
  PID Output : (  0.000,   0.000,   0.123) m/s
  Applied Force: (   0.00,    0.00,    6.05) N (|F|=6.05N)
  ✅ Gravity compensation active (Fz > 0)
  Actual Vel: (  0.000,  -0.000,   0.037) m/s
  ℹ️  Velocity differs from PID (hybrid physics integration active)
────────────────────────────────────────────────────────────────────────────────

[DBG CACHE] Frame 420: Updating cache with pos=(-0.000,-0.000,1.376)
[DBG ROS2] Publishing to /drone/odom: pos=(-0.000,-0.000,1.376)

────────────────────────────────────────────────────────────────────────────────
[FRAME 436] Δt = 1.00s
────────────────────────────────────────────────────────────────────────────────
  State      : Armed=True, Mode=POSITION
  Position   : ( -0.000,  -0.000,   1.359)
  Velocity   : (  0.000,  -0.000,  -0.112)
  Target Pos : ( -0.000,  -0.000,   1.500)
  Error      : (  0.000,   0.000,   0.141) = 0.141m
  PID Output : (  0.000,   0.000,   0.181) m/s
  Applied Force: (   0.00,    0.00,    6.08) N (|F|=6.08N)
  ✅ Gravity compensation active (Fz > 0)
  Actual Vel: (  0.000,  -0.000,   0.086) m/s
  ℹ️  Velocity differs from PID (hybrid physics integration active)
────────────────────────────────────────────────────────────────────────────────


────────────────────────────────────────────────────────────────────────────────
[FRAME 455] Δt = 1.00s
────────────────────────────────────────────────────────────────────────────────
  State      : Armed=True, Mode=POSITION
  Position   : ( -0.000,  -0.000,   1.350)
  Velocity   : (  0.000,   0.000,  -0.085)
  Target Pos : ( -0.000,  -0.000,   1.500)
  Error      : (  0.000,   0.000,   0.150) = 0.150m
  PID Output : (  0.000,   0.000,   0.212) m/s
  Applied Force: (   0.00,   -0.00,    6.09) N (|F|=6.09N)
  ✅ Gravity compensation active (Fz > 0)
  Actual Vel: (  0.000,   0.000,   0.112) m/s
  ℹ️  Velocity differs from PID (hybrid physics integration active)
────────────────────────────────────────────────────────────────────────────────


────────────────────────────────────────────────────────────────────────────────
[FRAME 474] Δt = 1.00s
────────────────────────────────────────────────────────────────────────────────
  State      : Armed=True, Mode=POSITION
  Position   : ( -0.000,  -0.000,   1.349)
  Velocity   : (  0.000,   0.000,  -0.070)
  Target Pos : ( -0.000,  -0.000,   1.500)
  Error      : (  0.000,   0.000,   0.151) = 0.151m
  PID Output : (  0.000,   0.000,   0.229) m/s
  Applied Force: (   0.00,   -0.00,    6.10) N (|F|=6.10N)
  ✅ Gravity compensation active (Fz > 0)
  Actual Vel: (  0.000,   0.000,   0.126) m/s
  ℹ️  Velocity differs from PID (hybrid physics integration active)
────────────────────────────────────────────────────────────────────────────────

[DBG CACHE] Frame 480: Updating cache with pos=(-0.000,-0.000,1.349)
[DBG ROS2] Publishing to /drone/odom: pos=(-0.000,-0.000,1.349)

────────────────────────────────────────────────────────────────────────────────
[FRAME 493] Δt = 1.00s
────────────────────────────────────────────────────────────────────────────────
  State      : Armed=True, Mode=POSITION
  Position   : ( -0.000,  -0.000,   1.352)
  Velocity   : (  0.000,   0.000,  -0.063)
  Target Pos : ( -0.000,  -0.000,   1.500)
  Error      : (  0.000,   0.000,   0.148) = 0.148m
  PID Output : (  0.000,   0.000,   0.237) m/s
  Applied Force: (   0.00,   -0.00,    6.10) N (|F|=6.10N)
  ✅ Gravity compensation active (Fz > 0)
  Actual Vel: (  0.000,   0.000,   0.133) m/s
  ℹ️  Velocity differs from PID (hybrid physics integration active)
────────────────────────────────────────────────────────────────────────────────

[Drone drone] Target position: (1.00, 0.50, 1.85)

────────────────────────────────────────────────────────────────────────────────
[FRAME 512] Δt = 1.00s
────────────────────────────────────────────────────────────────────────────────
  State      : Armed=True, Mode=POSITION
  Position   : (  0.048,   0.024,   1.385)
  Velocity   : (  0.584,   0.292,   0.283)
  Target Pos : (  1.000,   0.500,   1.855)
  Error      : (  0.952,   0.476,   0.470) = 1.164m
  PID Output : (  1.154,   0.577,   0.905) m/s
  Applied Force: (   2.28,    1.14,    7.40) N (|F|=7.82N)
  ✅ Gravity compensation active (Fz > 0)
  Actual Vel: (  0.627,   0.314,   0.503) m/s
  ℹ️  Velocity differs from PID (hybrid physics integration active)
────────────────────────────────────────────────────────────────────────────────


────────────────────────────────────────────────────────────────────────────────
[FRAME 531] Δt = 1.00s
────────────────────────────────────────────────────────────────────────────────
  State      : Armed=True, Mode=POSITION
  Position   : (  0.316,   0.158,   1.537)
  Velocity   : (  0.670,   0.335,   0.276)
  Target Pos : (  1.000,   0.500,   1.855)
  Error      : (  0.684,   0.342,   0.318) = 0.828m
  PID Output : (  0.857,   0.429,   0.637) m/s
  Applied Force: (   0.75,    0.37,    6.35) N (|F|=6.41N)
  ✅ Gravity compensation active (Fz > 0)
  Actual Vel: (  0.660,   0.330,   0.463) m/s
  ℹ️  Velocity differs from PID (hybrid physics integration active)
────────────────────────────────────────────────────────────────────────────────

[DBG CACHE] Frame 540: Updating cache with pos=(0.428,0.214,1.592)
[DBG ROS2] Publishing to /drone/odom: pos=(0.428,0.214,1.592)

────────────────────────────────────────────────────────────────────────────────
[FRAME 550] Δt = 1.00s
────────────────────────────────────────────────────────────────────────────────
  State      : Armed=True, Mode=POSITION
  Position   : (  0.533,   0.267,   1.639)
  Velocity   : (  0.488,   0.244,   0.130)
  Target Pos : (  1.000,   0.500,   1.855)
  Error      : (  0.467,   0.233,   0.216) = 0.565m
  PID Output : (  0.614,   0.307,   0.458) m/s
  Applied Force: (   0.50,    0.25,    6.22) N (|F|=6.24N)
  ✅ Gravity compensation active (Fz > 0)
  Actual Vel: (  0.480,   0.240,   0.321) m/s
  ℹ️  Velocity differs from PID (hybrid physics integration active)
────────────────────────────────────────────────────────────────────────────────


────────────────────────────────────────────────────────────────────────────────
[FRAME 569] Δt = 1.00s
────────────────────────────────────────────────────────────────────────────────
  State      : Armed=True, Mode=POSITION
  Position   : (  0.690,   0.345,   1.697)
  Velocity   : (  0.349,   0.174,   0.044)
  Target Pos : (  1.000,   0.500,   1.855)
  Error      : (  0.310,   0.155,   0.157) = 0.381m
  PID Output : (  0.438,   0.219,   0.358) m/s
  Applied Force: (   0.36,    0.18,    6.16) N (|F|=6.17N)
  ✅ Gravity compensation active (Fz > 0)
  Actual Vel: (  0.343,   0.171,   0.237) m/s
  ℹ️  Velocity differs from PID (hybrid physics integration active)
────────────────────────────────────────────────────────────────────────────────


────────────────────────────────────────────────────────────────────────────────
[FRAME 588] Δt = 1.00s
────────────────────────────────────────────────────────────────────────────────
  State      : Armed=True, Mode=POSITION
  Position   : (  0.801,   0.401,   1.731)
  Velocity   : (  0.249,   0.124,  -0.004)
  Target Pos : (  1.000,   0.500,   1.855)
  Error      : (  0.199,   0.099,   0.123) = 0.254m
  PID Output : (  0.312,   0.156,   0.302) m/s
  Applied Force: (   0.25,    0.13,    6.13) N (|F|=6.14N)
  ✅ Gravity compensation active (Fz > 0)
  Actual Vel: (  0.244,   0.122,   0.190) m/s
  ℹ️  Velocity differs from PID (hybrid physics integration active)
────────────────────────────────────────────────────────────────────────────────

[DBG CACHE] Frame 600: Updating cache with pos=(0.854,0.427,1.745)
[DBG ROS2] Publishing to /drone/odom: pos=(0.854,0.427,1.745)

────────────────────────────────────────────────────────────────────────────────
[FRAME 607] Δt = 1.00s
────────────────────────────────────────────────────────────────────────────────
  State      : Armed=True, Mode=POSITION
  Position   : (  0.880,   0.440,   1.752)
  Velocity   : (  0.177,   0.088,  -0.031)
  Target Pos : (  1.000,   0.500,   1.855)
  Error      : (  0.120,   0.060,   0.103) = 0.169m
  PID Output : (  0.222,   0.111,   0.272) m/s
  Applied Force: (   0.18,    0.09,    6.12) N (|F|=6.12N)
  ✅ Gravity compensation active (Fz > 0)
  Actual Vel: (  0.174,   0.087,   0.164) m/s
  ℹ️  Velocity differs from PID (hybrid physics integration active)
────────────────────────────────────────────────────────────────────────────────


────────────────────────────────────────────────────────────────────────────────
[FRAME 626] Δt = 1.00s
────────────────────────────────────────────────────────────────────────────────
  State      : Armed=True, Mode=POSITION
  Position   : (  0.937,   0.468,   1.765)
  Velocity   : (  0.125,   0.063,  -0.046)
  Target Pos : (  1.000,   0.500,   1.855)
  Error      : (  0.063,   0.032,   0.090) = 0.114m
  PID Output : (  0.157,   0.078,   0.255) m/s
  Applied Force: (   0.13,    0.06,    6.11) N (|F|=6.11N)
  ✅ Gravity compensation active (Fz > 0)
  Actual Vel: (  0.123,   0.061,   0.150) m/s
  ℹ️  Velocity differs from PID (hybrid physics integration active)
────────────────────────────────────────────────────────────────────────────────


────────────────────────────────────────────────────────────────────────────────
[FRAME 645] Δt = 1.00s
────────────────────────────────────────────────────────────────────────────────
  State      : Armed=True, Mode=POSITION
  Position   : (  0.977,   0.488,   1.774)
  Velocity   : (  0.088,   0.044,  -0.054)
  Target Pos : (  1.000,   0.500,   1.855)
  Error      : (  0.023,   0.012,   0.081) = 0.085m
  PID Output : (  0.110,   0.055,   0.245) m/s
  Applied Force: (   0.09,    0.04,    6.10) N (|F|=6.10N)
  ✅ Gravity compensation active (Fz > 0)
  Actual Vel: (  0.087,   0.043,   0.142) m/s
  ℹ️  Velocity differs from PID (hybrid physics integration active)
────────────────────────────────────────────────────────────────────────────────

[DBG CACHE] Frame 660: Updating cache with pos=(0.999,0.500,1.779)
[DBG ROS2] Publishing to /drone/odom: pos=(0.999,0.500,1.779)

────────────────────────────────────────────────────────────────────────────────
[FRAME 664] Δt = 1.00s
────────────────────────────────────────────────────────────────────────────────
  State      : Armed=True, Mode=POSITION
  Position   : (  1.005,   0.502,   1.780)
  Velocity   : (  0.062,   0.031,  -0.059)
  Target Pos : (  1.000,   0.500,   1.855)
  Error      : ( -0.005,  -0.002,   0.075) = 0.075m
  PID Output : (  0.077,   0.038,   0.239) m/s
  Applied Force: (   0.06,    0.03,    6.10) N (|F|=6.10N)
  ✅ Gravity compensation active (Fz > 0)
  Actual Vel: (  0.061,   0.030,   0.137) m/s
  ℹ️  Velocity differs from PID (hybrid physics integration active)
────────────────────────────────────────────────────────────────────────────────


────────────────────────────────────────────────────────────────────────────────
[FRAME 683] Δt = 1.00s
────────────────────────────────────────────────────────────────────────────────
  State      : Armed=True, Mode=POSITION
  Position   : (  1.024,   0.512,   1.785)
  Velocity   : (  0.043,   0.021,  -0.062)
  Target Pos : (  1.000,   0.500,   1.855)
  Error      : ( -0.024,  -0.012,   0.070) = 0.075m
  PID Output : (  0.053,   0.027,   0.236) m/s
  Applied Force: (   0.04,    0.02,    6.09) N (|F|=6.10N)
  ✅ Gravity compensation active (Fz > 0)
  Actual Vel: (  0.042,   0.021,   0.135) m/s
  ℹ️  Velocity differs from PID (hybrid physics integration active)
────────────────────────────────────────────────────────────────────────────────


────────────────────────────────────────────────────────────────────────────────
[FRAME 702] Δt = 1.00s
────────────────────────────────────────────────────────────────────────────────
  State      : Armed=True, Mode=POSITION
  Position   : (  1.037,   0.519,   1.789)
  Velocity   : (  0.029,   0.015,  -0.063)
  Target Pos : (  1.000,   0.500,   1.855)
  Error      : ( -0.037,  -0.019,   0.065) = 0.078m
  PID Output : (  0.036,   0.018,   0.234) m/s
  Applied Force: (   0.03,    0.01,    6.09) N (|F|=6.09N)
  ✅ Gravity compensation active (Fz > 0)
  Actual Vel: (  0.029,   0.014,   0.133) m/s
  ℹ️  Velocity differs from PID (hybrid physics integration active)
────────────────────────────────────────────────────────────────────────────────

[DBG CACHE] Frame 720: Updating cache with pos=(1.046,0.523,1.793)
[DBG ROS2] Publishing to /drone/odom: pos=(1.046,0.523,1.793)

────────────────────────────────────────────────────────────────────────────────
[FRAME 721] Δt = 1.00s
────────────────────────────────────────────────────────────────────────────────
  State      : Armed=True, Mode=POSITION
  Position   : (  1.047,   0.523,   1.793)
  Velocity   : (  0.020,   0.010,  -0.064)
  Target Pos : (  1.000,   0.500,   1.855)
  Error      : ( -0.047,  -0.023,   0.062) = 0.081m
  PID Output : (  0.024,   0.012,   0.232) m/s
  Applied Force: (   0.02,    0.01,    6.09) N (|F|=6.09N)
  ✅ Gravity compensation active (Fz > 0)
  Actual Vel: (  0.019,   0.010,   0.132) m/s
  ℹ️  Velocity differs from PID (hybrid physics integration active)
────────────────────────────────────────────────────────────────────────────────


────────────────────────────────────────────────────────────────────────────────
[FRAME 740] Δt = 1.00s
────────────────────────────────────────────────────────────────────────────────
  State      : Armed=True, Mode=POSITION
  Position   : (  1.052,   0.526,   1.796)
  Velocity   : (  0.013,   0.006,  -0.065)
  Target Pos : (  1.000,   0.500,   1.855)
  Error      : ( -0.052,  -0.026,   0.058) = 0.083m
  PID Output : (  0.015,   0.008,   0.231) m/s
  Applied Force: (   0.01,    0.01,    6.09) N (|F|=6.09N)
  ✅ Gravity compensation active (Fz > 0)
  Actual Vel: (  0.012,   0.006,   0.131) m/s
  ℹ️  Velocity differs from PID (hybrid physics integration active)
────────────────────────────────────────────────────────────────────────────────


────────────────────────────────────────────────────────────────────────────────
[FRAME 759] Δt = 1.00s
────────────────────────────────────────────────────────────────────────────────
  State      : Armed=True, Mode=POSITION
  Position   : (  1.056,   0.528,   1.799)
  Velocity   : (  0.008,   0.004,  -0.066)
  Target Pos : (  1.000,   0.500,   1.855)
  Error      : ( -0.056,  -0.028,   0.055) = 0.084m
  PID Output : (  0.009,   0.004,   0.231) m/s
  Applied Force: (   0.01,    0.00,    6.09) N (|F|=6.09N)
  ✅ Gravity compensation active (Fz > 0)
  Actual Vel: (  0.007,   0.004,   0.130) m/s
  ℹ️  Velocity differs from PID (hybrid physics integration active)
────────────────────────────────────────────────────────────────────────────────


────────────────────────────────────────────────────────────────────────────────
[FRAME 778] Δt = 1.00s
────────────────────────────────────────────────────────────────────────────────
  State      : Armed=True, Mode=POSITION
  Position   : (  1.058,   0.529,   1.802)
  Velocity   : (  0.004,   0.002,  -0.066)
  Target Pos : (  1.000,   0.500,   1.855)
  Error      : ( -0.058,  -0.029,   0.053) = 0.084m
  PID Output : (  0.005,   0.002,   0.230) m/s
  Applied Force: (   0.00,    0.00,    6.09) N (|F|=6.09N)
  ✅ Gravity compensation active (Fz > 0)
  Actual Vel: (  0.004,   0.002,   0.130) m/s
  ℹ️  Velocity differs from PID (hybrid physics integration active)
────────────────────────────────────────────────────────────────────────────────

[DBG CACHE] Frame 780: Updating cache with pos=(1.059,0.529,1.802)
[DBG ROS2] Publishing to /drone/odom: pos=(1.059,0.529,1.802)
[Drone drone] Mode: POSITION → LANDING

────────────────────────────────────────────────────────────────────────────────
[FRAME 797] Δt = 1.00s
────────────────────────────────────────────────────────────────────────────────
  State      : Armed=True, Mode=LANDING
  Position   : (  1.059,   0.530,   1.745)
  Velocity   : (  0.000,   0.000,  -0.410)
  Target Pos : (  1.000,   0.500,   1.855)
  Error      : ( -0.059,  -0.030,   0.109) = 0.128m
  PID Output : (  0.000,   0.000,  -0.300) m/s
  Applied Force: (  -0.00,   -0.00,    5.34) N (|F|=5.34N)
  Actual Vel: (  0.000,   0.000,  -0.220) m/s
  ℹ️  Velocity differs from PID (hybrid physics integration active)
────────────────────────────────────────────────────────────────────────────────


────────────────────────────────────────────────────────────────────────────────
[FRAME 816] Δt = 1.00s
────────────────────────────────────────────────────────────────────────────────
  State      : Armed=True, Mode=LANDING
  Position   : (  1.059,   0.530,   1.607)
  Velocity   : (  0.000,   0.000,  -0.446)
  Target Pos : (  1.000,   0.500,   1.855)
  Error      : ( -0.059,  -0.030,   0.247) = 0.256m
  PID Output : (  0.000,   0.000,  -0.300) m/s
  Applied Force: (  -0.00,   -0.00,    5.49) N (|F|=5.49N)
  Actual Vel: (  0.000,   0.000,  -0.250) m/s
  ℹ️  Velocity differs from PID (hybrid physics integration active)
────────────────────────────────────────────────────────────────────────────────


────────────────────────────────────────────────────────────────────────────────
[FRAME 835] Δt = 1.00s
────────────────────────────────────────────────────────────────────────────────
  State      : Armed=True, Mode=LANDING
  Position   : (  1.059,   0.530,   1.465)
  Velocity   : (  0.000,   0.000,  -0.446)
  Target Pos : (  1.000,   0.500,   1.855)
  Error      : ( -0.059,  -0.030,   0.389) = 0.395m
  PID Output : (  0.000,   0.000,  -0.300) m/s
  Applied Force: (  -0.00,   -0.00,    5.49) N (|F|=5.49N)
  Actual Vel: (  0.000,   0.000,  -0.250) m/s
  ℹ️  Velocity differs from PID (hybrid physics integration active)
────────────────────────────────────────────────────────────────────────────────

[DBG CACHE] Frame 840: Updating cache with pos=(1.059,0.530,1.428)
[DBG ROS2] Publishing to /drone/odom: pos=(1.059,0.530,1.428)

────────────────────────────────────────────────────────────────────────────────
[FRAME 854] Δt = 1.00s
────────────────────────────────────────────────────────────────────────────────
  State      : Armed=True, Mode=LANDING
  Position   : (  1.059,   0.530,   1.324)
  Velocity   : (  0.000,   0.000,  -0.446)
  Target Pos : (  1.000,   0.500,   1.855)
  Error      : ( -0.059,  -0.030,   0.531) = 0.535m
  PID Output : (  0.000,   0.000,  -0.300) m/s
  Applied Force: (  -0.00,   -0.00,    5.49) N (|F|=5.49N)
  Actual Vel: (  0.000,   0.000,  -0.250) m/s
  ℹ️  Velocity differs from PID (hybrid physics integration active)
────────────────────────────────────────────────────────────────────────────────


────────────────────────────────────────────────────────────────────────────────
[FRAME 873] Δt = 1.00s
────────────────────────────────────────────────────────────────────────────────
  State      : Armed=True, Mode=LANDING
  Position   : (  1.059,   0.530,   1.182)
  Velocity   : (  0.000,  -0.000,  -0.446)
  Target Pos : (  1.000,   0.500,   1.855)
  Error      : ( -0.059,  -0.030,   0.672) = 0.676m
  PID Output : (  0.000,   0.000,  -0.300) m/s
  Applied Force: (  -0.00,    0.00,    5.49) N (|F|=5.49N)
  Actual Vel: (  0.000,  -0.000,  -0.250) m/s
  ℹ️  Velocity differs from PID (hybrid physics integration active)
────────────────────────────────────────────────────────────────────────────────


────────────────────────────────────────────────────────────────────────────────
[FRAME 892] Δt = 1.00s
────────────────────────────────────────────────────────────────────────────────
  State      : Armed=True, Mode=LANDING
  Position   : (  1.059,   0.530,   1.040)
  Velocity   : ( -0.000,  -0.000,  -0.446)
  Target Pos : (  1.000,   0.500,   1.855)
  Error      : ( -0.059,  -0.030,   0.814) = 0.817m
  PID Output : (  0.000,   0.000,  -0.300) m/s
  Applied Force: (   0.00,    0.00,    5.49) N (|F|=5.49N)
  Actual Vel: ( -0.000,  -0.000,  -0.250) m/s
  ℹ️  Velocity differs from PID (hybrid physics integration active)
────────────────────────────────────────────────────────────────────────────────

[DBG CACHE] Frame 900: Updating cache with pos=(1.059,0.530,0.981)
[DBG ROS2] Publishing to /drone/odom: pos=(1.059,0.530,0.981)

────────────────────────────────────────────────────────────────────────────────
[FRAME 911] Δt = 1.00s
────────────────────────────────────────────────────────────────────────────────
  State      : Armed=True, Mode=LANDING
  Position   : (  1.059,   0.530,   0.899)
  Velocity   : ( -0.000,   0.000,  -0.446)
  Target Pos : (  1.000,   0.500,   1.855)
  Error      : ( -0.059,  -0.030,   0.956) = 0.958m
  PID Output : (  0.000,   0.000,  -0.300) m/s
  Applied Force: (   0.00,   -0.00,    5.49) N (|F|=5.49N)
  Actual Vel: ( -0.000,   0.000,  -0.250) m/s
  ℹ️  Velocity differs from PID (hybrid physics integration active)
────────────────────────────────────────────────────────────────────────────────


────────────────────────────────────────────────────────────────────────────────
[FRAME 930] Δt = 1.00s
────────────────────────────────────────────────────────────────────────────────
  State      : Armed=True, Mode=LANDING
  Position   : (  1.059,   0.530,   0.757)
  Velocity   : ( -0.000,   0.000,  -0.446)
  Target Pos : (  1.000,   0.500,   1.855)
  Error      : ( -0.059,  -0.030,   1.098) = 1.099m
  PID Output : (  0.000,   0.000,  -0.300) m/s
  Applied Force: (   0.00,   -0.00,    5.49) N (|F|=5.49N)
  Actual Vel: ( -0.000,   0.000,  -0.250) m/s
  ℹ️  Velocity differs from PID (hybrid physics integration active)
────────────────────────────────────────────────────────────────────────────────


────────────────────────────────────────────────────────────────────────────────
[FRAME 949] Δt = 1.00s
────────────────────────────────────────────────────────────────────────────────
  State      : Armed=True, Mode=LANDING
  Position   : (  1.059,   0.530,   0.615)
  Velocity   : (  0.000,  -0.000,  -0.446)
  Target Pos : (  1.000,   0.500,   1.855)
  Error      : ( -0.059,  -0.030,   1.239) = 1.241m
  PID Output : (  0.000,   0.000,  -0.300) m/s
  Applied Force: (  -0.00,    0.00,    5.49) N (|F|=5.49N)
  Actual Vel: (  0.000,  -0.000,  -0.250) m/s
  ℹ️  Velocity differs from PID (hybrid physics integration active)
────────────────────────────────────────────────────────────────────────────────

[DBG CACHE] Frame 960: Updating cache with pos=(1.059,0.530,0.533)
[DBG ROS2] Publishing to /drone/odom: pos=(1.059,0.530,0.533)

────────────────────────────────────────────────────────────────────────────────
[FRAME 968] Δt = 1.00s
────────────────────────────────────────────────────────────────────────────────
  State      : Armed=True, Mode=LANDING
  Position   : (  1.059,   0.530,   0.474)
  Velocity   : (  0.000,  -0.000,  -0.446)
  Target Pos : (  1.000,   0.500,   1.855)
  Error      : ( -0.059,  -0.030,   1.381) = 1.382m
  PID Output : (  0.000,   0.000,  -0.300) m/s
  Applied Force: (  -0.00,    0.00,    5.49) N (|F|=5.49N)
  Actual Vel: (  0.000,  -0.000,  -0.250) m/s
  ℹ️  Velocity differs from PID (hybrid physics integration active)
────────────────────────────────────────────────────────────────────────────────


────────────────────────────────────────────────────────────────────────────────
[FRAME 987] Δt = 1.00s
────────────────────────────────────────────────────────────────────────────────
  State      : Armed=True, Mode=LANDING
  Position   : (  1.059,   0.530,   0.332)
  Velocity   : (  0.000,  -0.000,  -0.446)
  Target Pos : (  1.000,   0.500,   1.855)
  Error      : ( -0.059,  -0.030,   1.523) = 1.524m
  PID Output : (  0.000,   0.000,  -0.300) m/s
  Applied Force: (  -0.00,    0.00,    5.49) N (|F|=5.49N)
  Actual Vel: (  0.000,  -0.000,  -0.250) m/s
  ℹ️  Velocity differs from PID (hybrid physics integration active)
────────────────────────────────────────────────────────────────────────────────


────────────────────────────────────────────────────────────────────────────────
[FRAME 1006] Δt = 1.00s
────────────────────────────────────────────────────────────────────────────────
  State      : Armed=True, Mode=LANDING
  Position   : (  1.059,   0.530,   0.190)
  Velocity   : ( -0.000,   0.000,  -0.446)
  Target Pos : (  1.000,   0.500,   1.855)
  Error      : ( -0.059,  -0.030,   1.664) = 1.666m
  PID Output : (  0.000,   0.000,  -0.300) m/s
  Applied Force: (   0.00,   -0.00,    5.49) N (|F|=5.49N)
  Actual Vel: ( -0.000,   0.000,  -0.250) m/s
  ℹ️  Velocity differs from PID (hybrid physics integration active)
────────────────────────────────────────────────────────────────────────────────

[DBG CACHE] Frame 1020: Updating cache with pos=(1.059,0.530,0.086)
[DBG ROS2] Publishing to /drone/odom: pos=(1.059,0.530,0.086)
[Drone drone] Mode: LANDING → DISARMED
[Drone drone] Landed and disarmed
[DBG CACHE] Frame 1080: Updating cache with pos=(1.059,0.530,0.075)
[DBG ROS2] Publishing to /drone/odom: pos=(1.059,0.530,0.075)
[DBG CACHE] Frame 1140: Updating cache with pos=(1.059,0.530,0.075)
[DBG ROS2] Publishing to /drone/odom: pos=(1.059,0.530,0.075)
[DBG CACHE] Frame 1200: Updating cache with pos=(1.059,0.530,0.075)
[DBG ROS2] Publishing to /drone/odom: pos=(1.059,0.530,0.075)
[DBG CACHE] Frame 1260: Updating cache with pos=(1.059,0.530,0.075)
[DBG ROS2] Publishing to /drone/odom: pos=(1.059,0.530,0.075)
[INFO] Shutting down simulation...
[INFO] ROS2 shutdown complete
[INFO] Simulation shutdown complete
