================================================================================
SIMULATION LOG - 2025-11-16 20:10:30
Log file: /home/kishi/ResQoUnity/logs/simulation/drone_sim_20251116_201030.log
================================================================================

[INFO] Creating environment: Isaac-Velocity-Rough-Unitree-Go2-v0
[INFO] Robot: drone, Amount: 1, Terrain: flat
[INFO]: Base environment:
	Environment device    : cuda:0
	Physics step-size     : 0.005
	Rendering step-size   : 0.005
	Environment step-size : 0.02
	Physics GPU pipeline  : True
	Physics GPU simulation: True
[INFO]: Time taken for scene creation : 0.931414 seconds
[INFO]: Scene manager:  <class InteractiveScene>
	Number of environments: 1
	Environment spacing   : 2.5
	Source prim name      : /World/envs/env_0
	Global prim paths     : ['/World/ground']
	Replicate physics     : True
[INFO]: Starting the simulation. This may take a few seconds. Please wait...
[INFO]: Time taken for simulation start : 0.830792 seconds
[INFO] Command Manager:  <CommandManager> contains 1 active terms.
+------------------------------------------------+
|              Active Command Terms              |
+-------+---------------+------------------------+
| Index | Name          |          Type          |
+-------+---------------+------------------------+
|   0   | base_velocity | UniformVelocityCommand |
+-------+---------------+------------------------+

[INFO] Action Manager:  <ActionManager> contains 1 active terms.
+----------------------------------+
|  Active Action Terms (shape: 4)  |
+--------+------------+------------+
| Index  | Name       |  Dimension |
+--------+------------+------------+
|   0    | joint_pos  |          4 |
+--------+------------+------------+

[INFO] Observation Manager: <ObservationManager> contains 1 groups.
+---------------------------------------------------------+
| Active Observation Terms in Group: 'policy' (shape: (24,)) |
+-----------+---------------------------------+-----------+
|   Index   | Name                            |   Shape   |
+-----------+---------------------------------+-----------+
|     0     | base_lin_vel                    |    (3,)   |
|     1     | base_ang_vel                    |    (3,)   |
|     2     | projected_gravity               |    (3,)   |
|     3     | velocity_commands               |    (3,)   |
|     4     | joint_pos                       |    (4,)   |
|     5     | joint_vel                       |    (4,)   |
|     6     | actions                         |    (4,)   |
+-----------+---------------------------------+-----------+

[INFO] Event Manager:  <EventManager> contains 1 active terms.
+--------------------------------------+
| Active Event Terms in Mode: 'startup' |
+----------+---------------------------+
|  Index   | Name                      |
+----------+---------------------------+
|    0     | physics_material          |
+----------+---------------------------+

[INFO] Termination Manager:  <TerminationManager> contains 1 active terms.
+-----------------------------+
|   Active Termination Terms  |
+-------+----------+----------+
| Index | Name     | Time Out |
+-------+----------+----------+
|   0   | time_out |   True   |
+-------+----------+----------+

[INFO] Reward Manager:  <RewardManager> contains 9 active terms.
+-----------------------------------------+
|           Active Reward Terms           |
+-------+----------------------+----------+
| Index | Name                 |   Weight |
+-------+----------------------+----------+
|   0   | track_lin_vel_xy_exp |      1.0 |
|   1   | track_ang_vel_z_exp  |      0.5 |
|   2   | lin_vel_z_l2         |     -1.0 |
|   3   | ang_vel_xy_l2        |     -0.1 |
|   4   | dof_torques_l2       |   -1e-06 |
|   5   | dof_acc_l2           | -2.5e-07 |
|   6   | action_rate_l2       |    -0.01 |
|   7   | flat_orientation_l2  |     -1.0 |
|   8   | dof_pos_limits       |      0.0 |
+-------+----------------------+----------+

[INFO] Curriculum Manager:  <CurriculumManager> contains 0 active terms.
+----------------------+
| Active Curriculum Terms |
+-----------+----------+
|   Index   | Name     |
+-----------+----------+
+-----------+----------+

Creating window for environment.
[INFO]: Completed setting up the environment...
[INFO] Environment created successfully!
[INFO] Environment wrapped for RSL-RL
[INFO] Loading experiment from directory: /home/kishi/ResQoUnity/logs/rsl_rl/quadcopter_rough
[WARN] No checkpoint found at /home/kishi/ResQoUnity/logs/rsl_rl/quadcopter_rough
[INFO] Running in MANUAL CONTROL mode (keyboard only, no RL policy)
[INFO] Initializing drone controllers...
[Drone 0] Mode: DISARMED → IDLE
[INFO] Drone 0 controller initialized and ARMED in IDLE (will switch to LOITER after spawn)
[INFO] Resetting environment and getting initial observations...
[INFO] Environment reset complete, starting simulation loop...
Error loading custom environment. You should download custom envs folder from: https://drive.google.com/drive/folders/1vVGuO1KIX1K6mD6mBHDZGm9nk2vaRyj3?usp=sharing
[INFO] Setting up viewport camera...
[INFO] Camera positioned to view robot
[INFO] Robot(s) should now be visible in the viewport!
[INFO] Use these controls to navigate:
  - Press 'F' to focus on robot
  - Mouse wheel: Zoom in/out
  - Middle mouse: Pan camera
  - Alt+Left mouse: Orbit view
  - WASD keys: Move robot (forward/back/left/right)
  - Q/E keys: Rotate left/right
  - T/G keys: Altitude up/down (for drone)
[INFO] Environment drone mass: 1.5kg
[DBG] Frame 1 - Mode: IDLE, Pos: (0.000, 0.000, 0.000)
[FORCE] env0 pos:(0.00,0.00,0.00) des_vel:(0.00,0.00,-0.00) new_vel:(0.00,0.00,0.16)
[INFO] Starting odometry publishing for 1 environment drone(s)
[DBG] Frame 2 - Mode: IDLE, Pos: (-0.000, -0.000, 2.500)
[Drone 0] Mode: IDLE → LOITER
[INFO] Drone 0 switched to LOITER at position (-0.00, -0.00, 2.50)
[DBG] Frame 3 - Mode: LOITER, Pos: (-0.000, -0.000, 2.500)
[DBG] Frame 4 - Mode: LOITER, Pos: (-0.000, -0.000, 2.500)
[DBG] Frame 5 - Mode: LOITER, Pos: (-0.000, -0.000, 2.499)
[FORCE] env0 pos:(-0.00,-0.00,2.49) des_vel:(-0.00,0.00,0.03) new_vel:(0.00,-0.00,0.08)
[FORCE] env0 pos:(-0.00,-0.00,2.48) des_vel:(-0.00,0.00,0.03) new_vel:(0.00,-0.00,0.08)
[FORCE] env0 pos:(-0.00,-0.00,2.48) des_vel:(-0.00,0.00,0.04) new_vel:(-0.00,-0.00,0.08)
[FORCE] env0 pos:(-0.00,-0.00,2.47) des_vel:(-0.00,0.00,0.04) new_vel:(0.00,-0.00,0.09)
[FORCE] env0 pos:(-0.00,-0.00,2.46) des_vel:(-0.00,0.00,0.05) new_vel:(0.00,-0.00,0.09)
[DBG ODOM] Published /robot0/odom: pos=(-0.000, -0.000, 2.456)
[FORCE] env0 pos:(-0.00,-0.00,2.46) des_vel:(-0.00,0.00,0.05) new_vel:(0.00,0.00,0.09)
[FORCE] env0 pos:(-0.00,-0.00,2.45) des_vel:(-0.00,0.00,0.05) new_vel:(0.00,0.00,0.10)
[FORCE] env0 pos:(-0.00,-0.00,2.45) des_vel:(-0.00,0.00,0.05) new_vel:(0.00,0.00,0.10)
[FORCE] env0 pos:(0.00,-0.00,2.44) des_vel:(-0.00,0.00,0.06) new_vel:(0.00,0.00,0.10)
[FORCE] env0 pos:(0.00,-0.00,2.44) des_vel:(-0.00,0.00,0.06) new_vel:(0.00,-0.00,0.10)
[FORCE] env0 pos:(0.00,-0.00,2.43) des_vel:(-0.00,0.00,0.06) new_vel:(0.00,-0.00,0.10)
[DBG ODOM] Published /robot0/odom: pos=(0.000, -0.000, 2.430)
[FORCE] env0 pos:(0.00,-0.00,2.43) des_vel:(-0.00,0.00,0.06) new_vel:(0.00,-0.00,0.11)
[FORCE] env0 pos:(0.00,-0.00,2.43) des_vel:(-0.00,0.00,0.07) new_vel:(-0.00,-0.00,0.11)
[FORCE] env0 pos:(0.00,-0.00,2.42) des_vel:(-0.00,0.00,0.07) new_vel:(0.00,-0.00,0.11)
[FORCE] env0 pos:(0.00,-0.00,2.42) des_vel:(-0.00,0.00,0.07) new_vel:(-0.00,-0.00,0.11)
[FORCE] env0 pos:(0.00,-0.00,2.42) des_vel:(-0.00,0.00,0.07) new_vel:(0.00,-0.00,0.11)
[FORCE] env0 pos:(-0.00,-0.00,2.42) des_vel:(-0.00,0.00,0.07) new_vel:(0.00,-0.00,0.11)
[DBG ODOM] Published /robot0/odom: pos=(-0.000, -0.000, 2.415)
[FORCE] env0 pos:(-0.00,-0.00,2.42) des_vel:(-0.00,0.00,0.07) new_vel:(0.00,-0.00,0.11)
[FORCE] env0 pos:(-0.00,-0.00,2.41) des_vel:(-0.00,0.00,0.07) new_vel:(0.00,-0.00,0.11)
[FORCE] env0 pos:(-0.00,-0.00,2.41) des_vel:(-0.00,0.00,0.07) new_vel:(0.00,-0.00,0.12)
[FORCE] env0 pos:(-0.00,-0.00,2.41) des_vel:(-0.00,0.00,0.07) new_vel:(0.00,-0.00,0.12)
[FORCE] env0 pos:(-0.00,-0.00,2.41) des_vel:(-0.00,0.00,0.08) new_vel:(-0.00,-0.00,0.12)
[FORCE] env0 pos:(-0.00,-0.00,2.41) des_vel:(-0.00,0.00,0.08) new_vel:(-0.00,-0.00,0.12)
[DBG ODOM] Published /robot0/odom: pos=(-0.000, -0.000, 2.407)
[FORCE] env0 pos:(-0.00,-0.00,2.41) des_vel:(-0.00,0.00,0.08) new_vel:(-0.00,-0.00,0.12)
[FORCE] env0 pos:(-0.00,-0.00,2.41) des_vel:(-0.00,0.00,0.08) new_vel:(-0.00,0.00,0.12)
[FORCE] env0 pos:(-0.00,-0.00,2.40) des_vel:(-0.00,0.00,0.08) new_vel:(-0.00,0.00,0.12)
[FORCE] env0 pos:(-0.00,-0.00,2.40) des_vel:(-0.00,0.00,0.08) new_vel:(-0.00,0.00,0.12)
[FORCE] env0 pos:(-0.00,-0.00,2.40) des_vel:(-0.00,0.00,0.08) new_vel:(-0.00,0.00,0.12)
[FORCE] env0 pos:(-0.00,-0.00,2.40) des_vel:(-0.00,0.00,0.08) new_vel:(-0.00,0.00,0.12)
[DBG ODOM] Published /robot0/odom: pos=(-0.000, -0.000, 2.402)
[FORCE] env0 pos:(-0.00,-0.00,2.40) des_vel:(-0.00,0.00,0.08) new_vel:(-0.00,0.00,0.12)
[FORCE] env0 pos:(-0.00,-0.00,2.40) des_vel:(-0.00,0.00,0.08) new_vel:(-0.00,0.00,0.12)
[FORCE] env0 pos:(-0.00,-0.00,2.40) des_vel:(-0.00,0.00,0.08) new_vel:(-0.00,0.00,0.12)
[FORCE] env0 pos:(-0.00,-0.00,2.40) des_vel:(-0.00,0.00,0.08) new_vel:(-0.00,0.00,0.12)
[FORCE] env0 pos:(-0.00,-0.00,2.40) des_vel:(-0.00,0.00,0.08) new_vel:(-0.00,0.00,0.12)
[FORCE] env0 pos:(-0.00,-0.00,2.40) des_vel:(-0.00,0.00,0.08) new_vel:(-0.00,0.00,0.12)
[DBG ODOM] Published /robot0/odom: pos=(-0.000, -0.000, 2.399)
[FORCE] env0 pos:(-0.00,-0.00,2.40) des_vel:(0.00,0.00,0.08) new_vel:(-0.00,0.00,0.12)
[FORCE] env0 pos:(-0.00,-0.00,2.40) des_vel:(-0.00,0.00,0.08) new_vel:(-0.00,0.00,0.12)
[FORCE] env0 pos:(-0.00,-0.00,2.40) des_vel:(-0.00,0.00,0.08) new_vel:(-0.00,0.00,0.12)
[FORCE] env0 pos:(-0.00,-0.00,2.40) des_vel:(-0.00,0.00,0.08) new_vel:(-0.00,0.00,0.12)
[FORCE] env0 pos:(-0.00,-0.00,2.40) des_vel:(-0.00,0.00,0.08) new_vel:(-0.00,0.00,0.12)
[FORCE] env0 pos:(-0.00,-0.00,2.40) des_vel:(-0.00,0.00,0.08) new_vel:(-0.00,0.00,0.12)
[DBG ODOM] Published /robot0/odom: pos=(-0.000, -0.000, 2.398)
[FORCE] env0 pos:(-0.00,-0.00,2.40) des_vel:(-0.00,0.00,0.08) new_vel:(-0.00,0.00,0.12)
[FORCE] env0 pos:(-0.00,-0.00,2.40) des_vel:(-0.00,0.00,0.08) new_vel:(-0.00,0.00,0.12)
[FORCE] env0 pos:(-0.00,-0.00,2.40) des_vel:(-0.00,0.00,0.08) new_vel:(-0.00,0.00,0.12)
[FORCE] env0 pos:(-0.00,-0.00,2.40) des_vel:(-0.00,0.00,0.08) new_vel:(-0.00,0.00,0.12)
[FORCE] env0 pos:(-0.00,-0.00,2.40) des_vel:(-0.00,0.00,0.08) new_vel:(-0.00,0.00,0.12)
[FORCE] env0 pos:(-0.00,-0.00,2.40) des_vel:(-0.00,0.00,0.08) new_vel:(-0.00,0.00,0.12)
[DBG ODOM] Published /robot0/odom: pos=(-0.000, -0.000, 2.397)
[FORCE] env0 pos:(-0.00,-0.00,2.40) des_vel:(-0.00,0.00,0.08) new_vel:(-0.00,0.00,0.12)
[FORCE] env0 pos:(-0.00,-0.00,2.40) des_vel:(-0.00,0.00,0.08) new_vel:(-0.00,0.00,0.12)
[FORCE] env0 pos:(-0.00,-0.00,2.40) des_vel:(-0.00,0.00,0.08) new_vel:(-0.00,0.00,0.12)
[FORCE] env0 pos:(-0.00,-0.00,2.40) des_vel:(-0.00,0.00,0.08) new_vel:(-0.00,0.00,0.12)
[FORCE] env0 pos:(-0.00,-0.00,2.40) des_vel:(-0.00,0.00,0.08) new_vel:(-0.00,0.00,0.12)
[Drone 0] Mode: LOITER → LANDING
[FORCE] env0 pos:(-0.00,-0.00,2.38) des_vel:(0.00,0.00,-0.30) new_vel:(0.00,0.00,-0.15)
[DBG ODOM] Published /robot0/odom: pos=(-0.000, -0.000, 2.317)
[FORCE] env0 pos:(-0.00,-0.00,2.32) des_vel:(0.00,0.00,-0.30) new_vel:(0.00,0.00,-0.19)
[FORCE] env0 pos:(-0.00,-0.00,2.25) des_vel:(0.00,0.00,-0.30) new_vel:(0.00,0.00,-0.19)
[FORCE] env0 pos:(0.00,-0.00,2.19) des_vel:(0.00,0.00,-0.30) new_vel:(0.00,0.00,-0.19)
[FORCE] env0 pos:(0.00,-0.00,2.13) des_vel:(0.00,0.00,-0.30) new_vel:(0.00,0.00,-0.19)
[FORCE] env0 pos:(0.00,-0.00,2.06) des_vel:(0.00,0.00,-0.30) new_vel:(0.00,0.00,-0.19)
[FORCE] env0 pos:(0.00,-0.00,2.00) des_vel:(0.00,0.00,-0.30) new_vel:(0.00,0.00,-0.19)
[DBG ODOM] Published /robot0/odom: pos=(0.000, -0.000, 1.938)
[FORCE] env0 pos:(0.00,-0.00,1.94) des_vel:(0.00,0.00,-0.30) new_vel:(0.00,0.00,-0.19)
[FORCE] env0 pos:(0.00,-0.00,1.87) des_vel:(0.00,0.00,-0.30) new_vel:(0.00,0.00,-0.19)
[FORCE] env0 pos:(0.00,-0.00,1.81) des_vel:(0.00,0.00,-0.30) new_vel:(0.00,0.00,-0.19)
[FORCE] env0 pos:(0.00,-0.00,1.75) des_vel:(0.00,0.00,-0.30) new_vel:(0.00,0.00,-0.19)
[FORCE] env0 pos:(0.00,-0.00,1.69) des_vel:(0.00,0.00,-0.30) new_vel:(0.00,0.00,-0.19)
[FORCE] env0 pos:(0.00,-0.00,1.62) des_vel:(0.00,0.00,-0.30) new_vel:(0.00,0.00,-0.19)
[DBG ODOM] Published /robot0/odom: pos=(0.000, -0.000, 1.559)
[FORCE] env0 pos:(0.00,-0.00,1.56) des_vel:(0.00,0.00,-0.30) new_vel:(0.00,0.00,-0.19)
[FORCE] env0 pos:(0.00,-0.00,1.50) des_vel:(0.00,0.00,-0.30) new_vel:(0.00,0.00,-0.19)
[FORCE] env0 pos:(0.00,-0.00,1.43) des_vel:(0.00,0.00,-0.30) new_vel:(0.00,0.00,-0.19)
[FORCE] env0 pos:(0.00,-0.00,1.37) des_vel:(0.00,0.00,-0.30) new_vel:(0.00,0.00,-0.19)
[FORCE] env0 pos:(0.00,-0.00,1.31) des_vel:(0.00,0.00,-0.30) new_vel:(0.00,0.00,-0.19)
[FORCE] env0 pos:(0.00,-0.00,1.24) des_vel:(0.00,0.00,-0.30) new_vel:(0.00,0.00,-0.19)
[DBG ODOM] Published /robot0/odom: pos=(0.000, -0.000, 1.179)
[FORCE] env0 pos:(0.00,-0.00,1.18) des_vel:(0.00,0.00,-0.30) new_vel:(0.00,0.00,-0.19)
[FORCE] env0 pos:(0.00,-0.00,1.12) des_vel:(0.00,0.00,-0.30) new_vel:(0.00,0.00,-0.19)
[FORCE] env0 pos:(0.00,-0.00,1.05) des_vel:(0.00,0.00,-0.30) new_vel:(0.00,0.00,-0.19)
[FORCE] env0 pos:(0.00,-0.00,0.99) des_vel:(0.00,0.00,-0.30) new_vel:(0.00,0.00,-0.19)
[FORCE] env0 pos:(0.00,-0.00,0.93) des_vel:(0.00,0.00,-0.30) new_vel:(0.00,0.00,-0.19)
[FORCE] env0 pos:(0.00,-0.00,0.86) des_vel:(0.00,0.00,-0.30) new_vel:(0.00,0.00,-0.19)
[DBG ODOM] Published /robot0/odom: pos=(0.000, -0.000, 0.800)
[FORCE] env0 pos:(0.00,-0.00,0.80) des_vel:(0.00,0.00,-0.30) new_vel:(0.00,0.00,-0.19)
[FORCE] env0 pos:(0.00,-0.00,0.74) des_vel:(0.00,0.00,-0.30) new_vel:(0.00,0.00,-0.19)
[FORCE] env0 pos:(0.00,-0.00,0.67) des_vel:(0.00,0.00,-0.30) new_vel:(0.00,0.00,-0.19)
[FORCE] env0 pos:(0.00,-0.00,0.61) des_vel:(0.00,0.00,-0.30) new_vel:(0.00,0.00,-0.19)
[FORCE] env0 pos:(0.00,-0.00,0.55) des_vel:(0.00,0.00,-0.30) new_vel:(0.00,0.00,-0.19)
[FORCE] env0 pos:(0.00,-0.00,0.48) des_vel:(0.00,0.00,-0.30) new_vel:(0.00,0.00,-0.19)
[DBG ODOM] Published /robot0/odom: pos=(0.000, -0.000, 0.420)
[FORCE] env0 pos:(0.00,-0.00,0.42) des_vel:(0.00,0.00,-0.30) new_vel:(0.00,0.00,-0.19)
[FORCE] env0 pos:(0.00,-0.00,0.36) des_vel:(0.00,0.00,-0.30) new_vel:(0.00,0.00,-0.19)
[FORCE] env0 pos:(0.00,-0.00,0.29) des_vel:(0.00,0.00,-0.30) new_vel:(0.00,0.00,-0.19)
[FORCE] env0 pos:(0.00,-0.00,0.23) des_vel:(0.00,0.00,-0.30) new_vel:(0.00,0.00,-0.19)
[FORCE] env0 pos:(0.00,-0.00,0.17) des_vel:(0.00,0.00,-0.30) new_vel:(0.00,-0.00,-0.19)
[FORCE] env0 pos:(0.00,-0.00,0.10) des_vel:(0.00,0.00,-0.30) new_vel:(0.00,-0.00,-0.19)
[Drone 0] Mode: LANDING → DISARMED
[Drone 0] Landed and disarmed
[DBG ODOM] Published /robot0/odom: pos=(0.000, 0.000, 0.075)
[DBG ODOM] Published /robot0/odom: pos=(0.000, 0.000, 0.075)
[DBG ODOM] Published /robot0/odom: pos=(0.000, 0.000, 0.075)
[DBG ODOM] Published /robot0/odom: pos=(0.000, 0.000, 0.075)
[DBG ODOM] Published /robot0/odom: pos=(0.000, 0.000, 0.075)
[DBG ODOM] Published /robot0/odom: pos=(0.000, 0.000, 0.075)
[DBG ODOM] Published /robot0/odom: pos=(0.000, 0.000, 0.075)
[DBG ODOM] Published /robot0/odom: pos=(0.000, 0.000, 0.075)
[DBG ODOM] Published /robot0/odom: pos=(0.000, 0.000, 0.075)
[DBG ODOM] Published /robot0/odom: pos=(0.000, 0.000, 0.075)
[DBG ODOM] Published /robot0/odom: pos=(0.000, 0.000, 0.075)
[DBG ODOM] Published /robot0/odom: pos=(0.000, 0.000, 0.075)
[DBG ODOM] Published /robot0/odom: pos=(0.000, 0.000, 0.075)
[DBG ODOM] Published /robot0/odom: pos=(0.000, 0.000, 0.075)
[DBG ODOM] Published /robot0/odom: pos=(0.000, 0.000, 0.075)
[DBG ODOM] Published /robot0/odom: pos=(0.000, 0.000, 0.075)
[DBG ODOM] Published /robot0/odom: pos=(0.000, 0.000, 0.075)
[DBG ODOM] Published /robot0/odom: pos=(0.000, 0.000, 0.075)
[DBG ODOM] Published /robot0/odom: pos=(0.000, 0.000, 0.075)
[DBG ODOM] Published /robot0/odom: pos=(0.000, 0.000, 0.075)
[DBG ODOM] Published /robot0/odom: pos=(0.000, 0.000, 0.075)
[DBG ODOM] Published /robot0/odom: pos=(0.000, 0.000, 0.075)
[DBG ODOM] Published /robot0/odom: pos=(0.000, 0.000, 0.075)
[DBG ODOM] Published /robot0/odom: pos=(0.000, 0.000, 0.075)
[DBG ODOM] Published /robot0/odom: pos=(0.000, 0.000, 0.075)
[DBG ODOM] Published /robot0/odom: pos=(0.000, 0.000, 0.075)
[DBG ODOM] Published /robot0/odom: pos=(0.000, 0.000, 0.075)
[DBG ODOM] Published /robot0/odom: pos=(0.000, 0.000, 0.075)
[DBG ODOM] Published /robot0/odom: pos=(0.000, 0.000, 0.075)
[DBG ODOM] Published /robot0/odom: pos=(0.000, 0.000, 0.075)
[DBG ODOM] Published /robot0/odom: pos=(0.000, 0.000, 0.075)
[DBG ODOM] Published /robot0/odom: pos=(0.000, 0.000, 0.075)
[DBG ODOM] Published /robot0/odom: pos=(0.000, 0.000, 0.075)
[DBG ODOM] Published /robot0/odom: pos=(0.000, 0.000, 0.075)
[DBG ODOM] Published /robot0/odom: pos=(0.000, 0.000, 0.075)
[DBG ODOM] Published /robot0/odom: pos=(0.000, 0.000, 0.075)
[DBG ODOM] Published /robot0/odom: pos=(0.000, 0.000, 0.075)
[DBG ODOM] Published /robot0/odom: pos=(0.000, 0.000, 0.075)
[DBG ODOM] Published /robot0/odom: pos=(0.000, 0.000, 0.075)
[DBG ODOM] Published /robot0/odom: pos=(0.000, 0.000, 0.075)
[DBG ODOM] Published /robot0/odom: pos=(0.000, 0.000, 0.075)
[DBG ODOM] Published /robot0/odom: pos=(0.000, 0.000, 0.075)
[DBG ODOM] Published /robot0/odom: pos=(0.000, 0.000, 0.075)
[DBG ODOM] Published /robot0/odom: pos=(0.000, 0.000, 0.075)
[DBG ODOM] Published /robot0/odom: pos=(0.000, 0.000, 0.075)
[DBG ODOM] Published /robot0/odom: pos=(0.000, 0.000, 0.075)
[DBG ODOM] Published /robot0/odom: pos=(0.000, 0.000, 0.075)
[DBG ODOM] Published /robot0/odom: pos=(0.000, 0.000, 0.075)
[DBG ODOM] Published /robot0/odom: pos=(0.000, 0.000, 0.075)
[DBG ODOM] Published /robot0/odom: pos=(0.000, 0.000, 0.075)
[DBG ODOM] Published /robot0/odom: pos=(0.000, 0.000, 0.075)
[DBG ODOM] Published /robot0/odom: pos=(0.000, 0.000, 0.075)
[DBG ODOM] Published /robot0/odom: pos=(0.000, 0.000, 0.075)
[DBG ODOM] Published /robot0/odom: pos=(0.000, 0.000, 0.075)
[DBG ODOM] Published /robot0/odom: pos=(0.000, 0.000, 0.075)
[DBG ODOM] Published /robot0/odom: pos=(0.000, 0.000, 0.075)
[DBG ODOM] Published /robot0/odom: pos=(0.000, 0.000, 0.075)
[DBG ODOM] Published /robot0/odom: pos=(0.000, 0.000, 0.075)
[DBG ODOM] Published /robot0/odom: pos=(0.000, 0.000, 0.075)
[DBG ODOM] Published /robot0/odom: pos=(0.000, 0.000, 0.075)
[DBG ODOM] Published /robot0/odom: pos=(0.000, 0.000, 0.075)
[DBG ODOM] Published /robot0/odom: pos=(0.000, 0.000, 0.075)
[DBG ODOM] Published /robot0/odom: pos=(0.000, 0.000, 0.075)
[DBG ODOM] Published /robot0/odom: pos=(0.000, 0.000, 0.075)
[DBG ODOM] Published /robot0/odom: pos=(0.000, 0.000, 0.075)
[DBG ODOM] Published /robot0/odom: pos=(0.000, 0.000, 0.075)
[DBG ODOM] Published /robot0/odom: pos=(0.000, 0.000, 0.075)
[DBG ODOM] Published /robot0/odom: pos=(0.000, 0.000, 0.075)
[DBG ODOM] Published /robot0/odom: pos=(0.000, 0.000, 0.075)
[DBG ODOM] Published /robot0/odom: pos=(0.000, 0.000, 0.075)
[DBG ODOM] Published /robot0/odom: pos=(0.000, 0.000, 0.075)
