================================================================================
SIMULATION LOG - 2025-11-16 17:21:43
Log file: /home/kishi/ResQoUnity/logs/simulation/drone_sim_20251116_172143.log
================================================================================

[INFO] Creating environment: Isaac-Velocity-Rough-Unitree-Go2-v0
[INFO] Robot: go2, Amount: 1, Terrain: flat
[INFO]: Base environment:
	Environment device    : cuda:0
	Physics step-size     : 0.005
	Rendering step-size   : 0.005
	Environment step-size : 0.02
	Physics GPU pipeline  : True
	Physics GPU simulation: True
[INFO]: Time taken for scene creation : 8.510410 seconds
[INFO]: Scene manager:  <class InteractiveScene>
	Number of environments: 1
	Environment spacing   : 2.5
	Source prim name      : /World/envs/env_0
	Global prim paths     : ['/World/ground']
	Replicate physics     : True
[INFO]: Starting the simulation. This may take a few seconds. Please wait...
[INFO]: Time taken for simulation start : 2.688656 seconds
[INFO] Command Manager:  <CommandManager> contains 1 active terms.
+------------------------------------------------+
|              Active Command Terms              |
+-------+---------------+------------------------+
| Index | Name          |          Type          |
+-------+---------------+------------------------+
|   0   | base_velocity | UniformVelocityCommand |
+-------+---------------+------------------------+

[INFO] Action Manager:  <ActionManager> contains 1 active terms.
+------------------------------------+
|  Active Action Terms (shape: 12)   |
+--------+-------------+-------------+
| Index  | Name        |   Dimension |
+--------+-------------+-------------+
|   0    | joint_pos   |          12 |
+--------+-------------+-------------+

Module omni.isaac.orbit.utils.warp.kernels load on device 'cuda:0' took 1.27 ms
[INFO] Observation Manager: <ObservationManager> contains 1 groups.
+----------------------------------------------------------+
| Active Observation Terms in Group: 'policy' (shape: (235,)) |
+-----------+--------------------------------+-------------+
|   Index   | Name                           |    Shape    |
+-----------+--------------------------------+-------------+
|     0     | base_lin_vel                   |     (3,)    |
|     1     | base_ang_vel                   |     (3,)    |
|     2     | projected_gravity              |     (3,)    |
|     3     | velocity_commands              |     (3,)    |
|     4     | joint_pos                      |    (12,)    |
|     5     | joint_vel                      |    (12,)    |
|     6     | actions                        |    (12,)    |
|     7     | height_scan                    |    (187,)   |
+-----------+--------------------------------+-------------+

[INFO] Event Manager:  <EventManager> contains 1 active terms.
+--------------------------------------+
| Active Event Terms in Mode: 'startup' |
+----------+---------------------------+
|  Index   | Name                      |
+----------+---------------------------+
|    0     | physics_material          |
+----------+---------------------------+

[INFO] Termination Manager:  <TerminationManager> contains 2 active terms.
+---------------------------------+
|     Active Termination Terms    |
+-------+--------------+----------+
| Index | Name         | Time Out |
+-------+--------------+----------+
|   0   | time_out     |   True   |
|   1   | base_contact |  False   |
+-------+--------------+----------+

[INFO] Reward Manager:  <RewardManager> contains 10 active terms.
+-----------------------------------------+
|           Active Reward Terms           |
+-------+----------------------+----------+
| Index | Name                 |   Weight |
+-------+----------------------+----------+
|   0   | track_lin_vel_xy_exp |      1.5 |
|   1   | track_ang_vel_z_exp  |     0.75 |
|   2   | lin_vel_z_l2         |     -2.0 |
|   3   | ang_vel_xy_l2        |    -0.05 |
|   4   | dof_torques_l2       |  -0.0002 |
|   5   | dof_acc_l2           | -2.5e-07 |
|   6   | action_rate_l2       |    -0.01 |
|   7   | feet_air_time        |     0.01 |
|   8   | flat_orientation_l2  |      0.0 |
|   9   | dof_pos_limits       |      0.0 |
+-------+----------------------+----------+

[INFO] Curriculum Manager:  <CurriculumManager> contains 0 active terms.
+----------------------+
| Active Curriculum Terms |
+-----------+----------+
|   Index   | Name     |
+-----------+----------+
+-----------+----------+

Creating window for environment.
[INFO]: Completed setting up the environment...
[INFO] Environment created successfully!
[INFO] Environment wrapped for RSL-RL
[INFO] Loading experiment from directory: /home/kishi/ResQoUnity/logs/rsl_rl/unitree_go2_rough
[INFO]: Loading model checkpoint from: /home/kishi/ResQoUnity/logs/rsl_rl/unitree_go2_rough/2024-04-06_02-37-07/model_7850.pt
--------------------------------------------------------------------------------
Resolved observation sets: 
	 policy :  ['policy']
	 critic :  ['policy']
--------------------------------------------------------------------------------
Actor MLP: MLP(
  (0): Linear(in_features=235, out_features=512, bias=True)
  (1): ELU(alpha=1.0)
  (2): Linear(in_features=512, out_features=256, bias=True)
  (3): ELU(alpha=1.0)
  (4): Linear(in_features=256, out_features=128, bias=True)
  (5): ELU(alpha=1.0)
  (6): Linear(in_features=128, out_features=12, bias=True)
)
Critic MLP: MLP(
  (0): Linear(in_features=235, out_features=512, bias=True)
  (1): ELU(alpha=1.0)
  (2): Linear(in_features=512, out_features=256, bias=True)
  (3): ELU(alpha=1.0)
  (4): Linear(in_features=256, out_features=128, bias=True)
  (5): ELU(alpha=1.0)
  (6): Linear(in_features=128, out_features=1, bias=True)
)
[INFO]: Checkpoint loaded successfully
[INFO] Resetting environment and getting initial observations...
[INFO] Environment reset complete, starting simulation loop...
[INFO] Spawning world-level drone at /World/Drone...
[INFO] Drone USD loaded at /World/Drone
[INFO] Drone spawned at position (0.0, 0.0, 2.5)
[INFO] ArticulationView will be initialized after first physics step
[Drone drone] Mode: DISARMED → LOITER

================================================================================
DRONE DEBUG LOGGER INITIALIZED FOR world_drone
================================================================================

[INFO] Drone controller initialized in ARMED mode (auto-armed)
[INFO] Mode set to LOITER - will hold spawn position
[INFO] Debug logger enabled - verbose output active
[INFO] Drone bottom camera initialized
[INFO] Drone ROS2 publishers initialized on /drone namespace
[INFO] Adding /drone namespace ROS2 interface
[INFO] Drone topics created: cmd_vel, cmd_position, cmd_altitude
[INFO] Drone services created:
  - /drone/arm: True
  - /drone/takeoff: True
  - /drone/land: True
  - /drone/emergency_stop: True
[INFO] Drone control interface ready on /drone namespace
Error loading custom environment. You should download custom envs folder from: https://drive.google.com/drive/folders/1vVGuO1KIX1K6mD6mBHDZGm9nk2vaRyj3?usp=sharing
[INFO] Setting up viewport camera...
[INFO] Camera positioned to view robot
[INFO] Robot(s) should now be visible in the viewport!
[INFO] Use these controls to navigate:
  - Press 'F' to focus on robot
  - Mouse wheel: Zoom in/out
  - Middle mouse: Pan camera
  - Alt+Left mouse: Orbit view
  - WASD keys: Move robot (forward/back/left/right)
  - Q/E keys: Rotate left/right
[INFO] Initializing ArticulationView after physics step...
[INFO] Drone mass set to: 0.5 kg (Crazyflie scaled estimate)
[INFO] Using Hybrid Physics-Velocity Control (GPU PhysX compatible)
[INFO] Forces → Acceleration → Velocity integration (F=ma)
[INFO] LOITER target set to spawn position: (-0.00, -0.00, 2.50)
[SAFETY] World drone initialized:
  Current pos: (-0.000, -0.000, 2.498)
  Target pos:  (-0.000, -0.000, 2.498)
  Mode: LOITER, Armed: True
[INIT] Drone spawned at position: (-0.000, -0.000, 2.498)
[INIT] Initial velocity: (0.000, 0.000, -0.196)
[INIT] Initial mode: LOITER
[INIT] Ready for control


********************************************************************************
[ARM EVENT] Drone ARMED
********************************************************************************

[INFO] ArticulationView ready - found 1 drone(s)
[DEBUG] ArticulationView prim paths: ['/World/Drone']
[DEBUG] Controller initialized at position: (-0.00, -0.00, 2.50)
[DEBUG] Drone has 4 DOFs: ['m1_joint', 'm2_joint', 'm3_joint', 'm4_joint']
[DEBUG] Prim at /World/Drone exists: True
[DEBUG] Found root body (fallback) at: /World/Drone/body
[DEBUG] Found articulation root at: /World/Drone

────────────────────────────────────────────────────────────────────────────────
[FRAME 4] Δt = 1.00s
────────────────────────────────────────────────────────────────────────────────
  State      : Armed=True, Mode=LOITER
  Position   : ( -0.000,  -0.000,   2.489)
  Velocity   : (  0.000,  -0.000,  -0.211)
  Target Pos : ( -0.000,  -0.000,   2.498)
  Error      : (  0.000,   0.000,   0.009) = 0.009m
  PID Output : (  0.000,   0.000,   0.017) m/s
  Applied Force: (   0.00,    0.00,    5.82) N (|F|=5.82N)
  ✅ Gravity compensation active (Fz > 0)
  Actual Vel: (  0.000,  -0.000,  -0.017) m/s
  ℹ️  Velocity differs from PID (hybrid physics integration active)
────────────────────────────────────────────────────────────────────────────────


────────────────────────────────────────────────────────────────────────────────
[FRAME 20] Δt = 1.00s
────────────────────────────────────────────────────────────────────────────────
  State      : Armed=True, Mode=LOITER
  Position   : ( -0.000,  -0.000,   2.448)
  Velocity   : (  0.000,  -0.000,  -0.173)
  Target Pos : ( -0.000,  -0.000,   2.498)
  Error      : (  0.000,   0.000,   0.050) = 0.050m
  PID Output : (  0.000,   0.000,   0.102) m/s
  Applied Force: (   0.00,    0.00,    6.01) N (|F|=6.01N)
  ✅ Gravity compensation active (Fz > 0)
  Actual Vel: (  0.000,  -0.000,   0.027) m/s
  ℹ️  Velocity differs from PID (hybrid physics integration active)
────────────────────────────────────────────────────────────────────────────────


────────────────────────────────────────────────────────────────────────────────
[FRAME 38] Δt = 1.00s
────────────────────────────────────────────────────────────────────────────────
  State      : Armed=True, Mode=LOITER
  Position   : ( -0.000,  -0.000,   2.438)
  Velocity   : (  0.000,   0.000,  -0.126)
  Target Pos : ( -0.000,  -0.000,   2.498)
  Error      : (  0.000,   0.000,   0.059) = 0.059m
  PID Output : (  0.000,   0.000,   0.127) m/s
  Applied Force: (   0.00,   -0.00,    5.92) N (|F|=5.92N)
  ✅ Gravity compensation active (Fz > 0)
  Actual Vel: (  0.000,   0.000,   0.071) m/s
  ℹ️  Velocity differs from PID (hybrid physics integration active)
────────────────────────────────────────────────────────────────────────────────


────────────────────────────────────────────────────────────────────────────────
[FRAME 56] Δt = 1.00s
────────────────────────────────────────────────────────────────────────────────
  State      : Armed=True, Mode=LOITER
  Position   : ( -0.000,  -0.000,   2.443)
  Velocity   : (  0.000,  -0.000,  -0.122)
  Target Pos : ( -0.000,  -0.000,   2.498)
  Error      : (  0.000,   0.000,   0.054) = 0.054m
  PID Output : (  0.000,   0.000,   0.122) m/s
  Applied Force: (   0.00,    0.00,    5.88) N (|F|=5.88N)
  ✅ Gravity compensation active (Fz > 0)
  Actual Vel: (  0.000,  -0.000,   0.074) m/s
  ℹ️  Velocity differs from PID (hybrid physics integration active)
────────────────────────────────────────────────────────────────────────────────

[DBG CACHE] Frame 60: Updating cache with pos=(-0.000,-0.000,2.446)
[DBG ROS2] Publishing to /drone/odom: pos=(-0.000,-0.000,2.446)

────────────────────────────────────────────────────────────────────────────────
[FRAME 74] Δt = 1.00s
────────────────────────────────────────────────────────────────────────────────
  State      : Armed=True, Mode=LOITER
  Position   : ( -0.000,  -0.000,   2.447)
  Velocity   : (  0.000,   0.000,  -0.125)
  Target Pos : ( -0.000,  -0.000,   2.498)
  Error      : (  0.000,   0.000,   0.050) = 0.050m
  PID Output : (  0.000,   0.000,   0.120) m/s
  Applied Force: (   0.00,   -0.00,    5.88) N (|F|=5.88N)
  ✅ Gravity compensation active (Fz > 0)
  Actual Vel: (  0.000,   0.000,   0.071) m/s
  ℹ️  Velocity differs from PID (hybrid physics integration active)
────────────────────────────────────────────────────────────────────────────────


────────────────────────────────────────────────────────────────────────────────
[FRAME 92] Δt = 1.00s
────────────────────────────────────────────────────────────────────────────────
  State      : Armed=True, Mode=LOITER
  Position   : ( -0.000,  -0.000,   2.450)
  Velocity   : (  0.000,   0.000,  -0.126)
  Target Pos : ( -0.000,  -0.000,   2.498)
  Error      : (  0.000,   0.000,   0.048) = 0.048m
  PID Output : (  0.000,   0.000,   0.119) m/s
  Applied Force: (  -0.00,   -0.00,    5.89) N (|F|=5.89N)
  ✅ Gravity compensation active (Fz > 0)
  Actual Vel: (  0.000,   0.000,   0.070) m/s
  ℹ️  Velocity differs from PID (hybrid physics integration active)
────────────────────────────────────────────────────────────────────────────────


────────────────────────────────────────────────────────────────────────────────
[FRAME 110] Δt = 1.00s
────────────────────────────────────────────────────────────────────────────────
  State      : Armed=True, Mode=LOITER
  Position   : ( -0.000,  -0.000,   2.452)
  Velocity   : (  0.000,  -0.000,  -0.126)
  Target Pos : ( -0.000,  -0.000,   2.498)
  Error      : (  0.000,   0.000,   0.046) = 0.046m
  PID Output : (  0.000,   0.000,   0.119) m/s
  Applied Force: (   0.00,    0.00,    5.89) N (|F|=5.89N)
  ✅ Gravity compensation active (Fz > 0)
  Actual Vel: (  0.000,  -0.000,   0.070) m/s
  ℹ️  Velocity differs from PID (hybrid physics integration active)
────────────────────────────────────────────────────────────────────────────────

[DBG CACHE] Frame 120: Updating cache with pos=(-0.000,-0.000,2.454)
[DBG ROS2] Publishing to /drone/odom: pos=(-0.000,-0.000,2.454)

────────────────────────────────────────────────────────────────────────────────
[FRAME 129] Δt = 1.00s
────────────────────────────────────────────────────────────────────────────────
  State      : Armed=True, Mode=LOITER
  Position   : ( -0.000,  -0.000,   2.454)
  Velocity   : (  0.000,  -0.000,  -0.126)
  Target Pos : ( -0.000,  -0.000,   2.498)
  Error      : (  0.000,   0.000,   0.043) = 0.043m
  PID Output : (  0.000,   0.000,   0.119) m/s
  Applied Force: (   0.00,    0.00,    5.89) N (|F|=5.89N)
  ✅ Gravity compensation active (Fz > 0)
  Actual Vel: (  0.000,  -0.000,   0.070) m/s
  ℹ️  Velocity differs from PID (hybrid physics integration active)
────────────────────────────────────────────────────────────────────────────────


────────────────────────────────────────────────────────────────────────────────
[FRAME 147] Δt = 1.00s
────────────────────────────────────────────────────────────────────────────────
  State      : Armed=True, Mode=LOITER
  Position   : ( -0.000,  -0.000,   2.457)
  Velocity   : (  0.000,  -0.000,  -0.126)
  Target Pos : ( -0.000,  -0.000,   2.498)
  Error      : (  0.000,   0.000,   0.041) = 0.041m
  PID Output : (  0.000,   0.000,   0.119) m/s
  Applied Force: (  -0.00,    0.00,    5.89) N (|F|=5.89N)
  ✅ Gravity compensation active (Fz > 0)
  Actual Vel: (  0.000,  -0.000,   0.070) m/s
  ℹ️  Velocity differs from PID (hybrid physics integration active)
────────────────────────────────────────────────────────────────────────────────


────────────────────────────────────────────────────────────────────────────────
[FRAME 165] Δt = 1.00s
────────────────────────────────────────────────────────────────────────────────
  State      : Armed=True, Mode=LOITER
  Position   : ( -0.000,  -0.000,   2.459)
  Velocity   : (  0.000,  -0.000,  -0.126)
  Target Pos : ( -0.000,  -0.000,   2.498)
  Error      : (  0.000,   0.000,   0.039) = 0.039m
  PID Output : (  0.000,   0.000,   0.119) m/s
  Applied Force: (  -0.00,    0.00,    5.89) N (|F|=5.89N)
  ✅ Gravity compensation active (Fz > 0)
  Actual Vel: (  0.000,  -0.000,   0.070) m/s
  ℹ️  Velocity differs from PID (hybrid physics integration active)
────────────────────────────────────────────────────────────────────────────────

[DBG CACHE] Frame 180: Updating cache with pos=(-0.000,-0.000,2.461)
[DBG ROS2] Publishing to /drone/odom: pos=(-0.000,-0.000,2.461)

────────────────────────────────────────────────────────────────────────────────
[FRAME 183] Δt = 1.00s
────────────────────────────────────────────────────────────────────────────────
  State      : Armed=True, Mode=LOITER
  Position   : ( -0.000,  -0.000,   2.460)
  Velocity   : (  0.000,  -0.000,  -0.126)
  Target Pos : ( -0.000,  -0.000,   2.498)
  Error      : (  0.000,   0.000,   0.037) = 0.037m
  PID Output : (  0.000,   0.000,   0.119) m/s
  Applied Force: (  -0.00,    0.00,    5.89) N (|F|=5.89N)
  ✅ Gravity compensation active (Fz > 0)
  Actual Vel: (  0.000,  -0.000,   0.070) m/s
  ℹ️  Velocity differs from PID (hybrid physics integration active)
────────────────────────────────────────────────────────────────────────────────


────────────────────────────────────────────────────────────────────────────────
[FRAME 201] Δt = 1.00s
────────────────────────────────────────────────────────────────────────────────
  State      : Armed=True, Mode=LOITER
  Position   : ( -0.000,  -0.000,   2.462)
  Velocity   : (  0.000,   0.000,  -0.127)
  Target Pos : ( -0.000,  -0.000,   2.498)
  Error      : (  0.000,   0.000,   0.035) = 0.035m
  PID Output : (  0.000,   0.000,   0.119) m/s
  Applied Force: (  -0.00,   -0.00,    5.89) N (|F|=5.89N)
  ✅ Gravity compensation active (Fz > 0)
  Actual Vel: (  0.000,   0.000,   0.070) m/s
  ℹ️  Velocity differs from PID (hybrid physics integration active)
────────────────────────────────────────────────────────────────────────────────


────────────────────────────────────────────────────────────────────────────────
[FRAME 219] Δt = 1.00s
────────────────────────────────────────────────────────────────────────────────
  State      : Armed=True, Mode=LOITER
  Position   : ( -0.000,  -0.000,   2.464)
  Velocity   : (  0.000,   0.000,  -0.127)
  Target Pos : ( -0.000,  -0.000,   2.498)
  Error      : (  0.000,   0.000,   0.034) = 0.034m
  PID Output : (  0.000,   0.000,   0.118) m/s
  Applied Force: (  -0.00,   -0.00,    5.89) N (|F|=5.89N)
  ✅ Gravity compensation active (Fz > 0)
  Actual Vel: (  0.000,   0.000,   0.069) m/s
  ℹ️  Velocity differs from PID (hybrid physics integration active)
────────────────────────────────────────────────────────────────────────────────


********************************************************************************
[ARM EVENT] Drone ARMED
********************************************************************************


────────────────────────────────────────────────────────────────────────────────
[FRAME 237] Δt = 1.00s
────────────────────────────────────────────────────────────────────────────────
  State      : Armed=True, Mode=LOITER
  Position   : ( -0.000,  -0.000,   2.466)
  Velocity   : (  0.000,   0.000,  -0.127)
  Target Pos : ( -0.000,  -0.000,   2.498)
  Error      : (  0.000,   0.000,   0.032) = 0.032m
  PID Output : (  0.000,   0.000,   0.118) m/s
  Applied Force: (   0.00,   -0.00,    5.89) N (|F|=5.89N)
  ✅ Gravity compensation active (Fz > 0)
  Actual Vel: (  0.000,   0.000,   0.069) m/s
  ℹ️  Velocity differs from PID (hybrid physics integration active)
────────────────────────────────────────────────────────────────────────────────

[DBG CACHE] Frame 240: Updating cache with pos=(-0.000,-0.000,2.467)
[DBG ROS2] Publishing to /drone/odom: pos=(-0.000,-0.000,2.467)

────────────────────────────────────────────────────────────────────────────────
[FRAME 255] Δt = 1.00s
────────────────────────────────────────────────────────────────────────────────
  State      : Armed=True, Mode=LOITER
  Position   : ( -0.000,  -0.000,   2.467)
  Velocity   : (  0.000,   0.000,  -0.127)
  Target Pos : ( -0.000,  -0.000,   2.498)
  Error      : (  0.000,   0.000,   0.030) = 0.030m
  PID Output : (  0.000,   0.000,   0.118) m/s
  Applied Force: (  -0.00,   -0.00,    5.89) N (|F|=5.89N)
  ✅ Gravity compensation active (Fz > 0)
  Actual Vel: (  0.000,   0.000,   0.069) m/s
  ℹ️  Velocity differs from PID (hybrid physics integration active)
────────────────────────────────────────────────────────────────────────────────


────────────────────────────────────────────────────────────────────────────────
[FRAME 274] Δt = 1.00s
────────────────────────────────────────────────────────────────────────────────
  State      : Armed=True, Mode=LOITER
  Position   : ( -0.000,  -0.000,   2.469)
  Velocity   : (  0.000,  -0.000,  -0.127)
  Target Pos : ( -0.000,  -0.000,   2.498)
  Error      : (  0.000,   0.000,   0.029) = 0.029m
  PID Output : (  0.000,   0.000,   0.118) m/s
  Applied Force: (   0.00,    0.00,    5.89) N (|F|=5.89N)
  ✅ Gravity compensation active (Fz > 0)
  Actual Vel: (  0.000,  -0.000,   0.069) m/s
  ℹ️  Velocity differs from PID (hybrid physics integration active)
────────────────────────────────────────────────────────────────────────────────


────────────────────────────────────────────────────────────────────────────────
[FRAME 291] Δt = 1.00s
────────────────────────────────────────────────────────────────────────────────
  State      : Armed=True, Mode=LOITER
  Position   : ( -0.000,  -0.000,   2.470)
  Velocity   : (  0.000,   0.000,  -0.127)
  Target Pos : ( -0.000,  -0.000,   2.498)
  Error      : (  0.000,   0.000,   0.027) = 0.027m
  PID Output : (  0.000,   0.000,   0.118) m/s
  Applied Force: (   0.00,   -0.00,    5.89) N (|F|=5.89N)
  ✅ Gravity compensation active (Fz > 0)
  Actual Vel: (  0.000,   0.000,   0.069) m/s
  ℹ️  Velocity differs from PID (hybrid physics integration active)
────────────────────────────────────────────────────────────────────────────────

[DBG CACHE] Frame 300: Updating cache with pos=(-0.000,-0.000,2.472)
[DBG ROS2] Publishing to /drone/odom: pos=(-0.000,-0.000,2.472)

────────────────────────────────────────────────────────────────────────────────
[FRAME 309] Δt = 1.00s
────────────────────────────────────────────────────────────────────────────────
  State      : Armed=True, Mode=LOITER
  Position   : ( -0.000,  -0.000,   2.471)
  Velocity   : (  0.000,   0.000,  -0.127)
  Target Pos : ( -0.000,  -0.000,   2.498)
  Error      : (  0.000,   0.000,   0.026) = 0.026m
  PID Output : (  0.000,   0.000,   0.118) m/s
  Applied Force: (   0.00,   -0.00,    5.89) N (|F|=5.89N)
  ✅ Gravity compensation active (Fz > 0)
  Actual Vel: (  0.000,   0.000,   0.069) m/s
  ℹ️  Velocity differs from PID (hybrid physics integration active)
────────────────────────────────────────────────────────────────────────────────

[Drone drone] Target position: (-0.00, -0.00, 1.50)
[Drone drone] Mode: LOITER → POSITION
[SAFETY] Takeoff service executed:
  Mode: POSITION
  Target: (-0.000, -0.000, 1.500)
  Current: (-0.000, -0.000, 2.473)

────────────────────────────────────────────────────────────────────────────────
[FRAME 327] Δt = 1.00s
────────────────────────────────────────────────────────────────────────────────
  State      : Armed=True, Mode=POSITION
  Position   : ( -0.000,  -0.000,   2.473)
  Velocity   : (  0.000,  -0.000,  -0.127)
  Target Pos : ( -0.000,  -0.000,   1.500)
  Error      : ( -0.000,   0.000,  -0.973) = 0.973m
  PID Output : ( -0.000,   0.000,  -1.500) m/s
  Applied Force: (  -0.00,    0.00,   -0.59) N (|F|=0.59N)
  ⚠️  WARNING: No upward force (drone will fall!)
  Actual Vel: (  0.000,  -0.000,  -0.147) m/s
  ℹ️  Velocity differs from PID (hybrid physics integration active)
  ⚠️  WARNING: Large altitude error (0.97m)
────────────────────────────────────────────────────────────────────────────────


────────────────────────────────────────────────────────────────────────────────
[FRAME 345] Δt = 1.00s
────────────────────────────────────────────────────────────────────────────────
  State      : Armed=True, Mode=POSITION
  Position   : ( -0.000,  -0.000,   1.807)
  Velocity   : (  0.000,  -0.000,  -1.291)
  Target Pos : ( -0.000,  -0.000,   1.500)
  Error      : (  0.000,   0.000,  -0.307) = 0.307m
  PID Output : (  0.000,   0.000,  -0.685) m/s
  Applied Force: (   0.00,    0.00,    7.33) N (|F|=7.33N)
  ✅ Gravity compensation active (Fz > 0)
  Actual Vel: (  0.000,  -0.000,  -1.046) m/s
  ℹ️  Velocity differs from PID (hybrid physics integration active)
────────────────────────────────────────────────────────────────────────────────

[DBG CACHE] Frame 360: Updating cache with pos=(-0.000,-0.000,1.409)
[DBG ROS2] Publishing to /drone/odom: pos=(-0.000,-0.000,1.409)

────────────────────────────────────────────────────────────────────────────────
[FRAME 363] Δt = 1.00s
────────────────────────────────────────────────────────────────────────────────
  State      : Armed=True, Mode=POSITION
  Position   : ( -0.000,  -0.000,   1.385)
  Velocity   : (  0.000,  -0.000,  -0.348)
  Target Pos : ( -0.000,  -0.000,   1.500)
  Error      : (  0.000,   0.000,   0.115) = 0.115m
  PID Output : (  0.000,   0.000,   0.157) m/s
  Applied Force: (   0.00,    0.00,    6.93) N (|F|=6.93N)
  ✅ Gravity compensation active (Fz > 0)
  Actual Vel: (  0.000,  -0.000,  -0.118) m/s
  ℹ️  Velocity differs from PID (hybrid physics integration active)
────────────────────────────────────────────────────────────────────────────────


────────────────────────────────────────────────────────────────────────────────
[FRAME 381] Δt = 1.00s
────────────────────────────────────────────────────────────────────────────────
  State      : Armed=True, Mode=POSITION
  Position   : ( -0.000,  -0.000,   1.373)
  Velocity   : (  0.000,  -0.000,  -0.063)
  Target Pos : ( -0.000,  -0.000,   1.500)
  Error      : (  0.000,   0.000,   0.127) = 0.127m
  PID Output : (  0.000,   0.000,   0.193) m/s
  Applied Force: (   0.00,    0.00,    5.93) N (|F|=5.93N)
  ✅ Gravity compensation active (Fz > 0)
  Actual Vel: (  0.000,  -0.000,   0.134) m/s
  ℹ️  Velocity differs from PID (hybrid physics integration active)
────────────────────────────────────────────────────────────────────────────────


────────────────────────────────────────────────────────────────────────────────
[FRAME 399] Δt = 1.00s
────────────────────────────────────────────────────────────────────────────────
  State      : Armed=True, Mode=POSITION
  Position   : ( -0.000,  -0.000,   1.410)
  Velocity   : (  0.000,  -0.000,  -0.096)
  Target Pos : ( -0.000,  -0.000,   1.500)
  Error      : (  0.000,   0.000,   0.090) = 0.090m
  PID Output : (  0.000,   0.000,   0.130) m/s
  Applied Force: (   0.00,    0.00,    5.81) N (|F|=5.81N)
  ✅ Gravity compensation active (Fz > 0)
  Actual Vel: (  0.000,  -0.000,   0.098) m/s
  ℹ️  Velocity differs from PID (hybrid physics integration active)
────────────────────────────────────────────────────────────────────────────────


────────────────────────────────────────────────────────────────────────────────
[FRAME 417] Δt = 1.00s
────────────────────────────────────────────────────────────────────────────────
  State      : Armed=True, Mode=POSITION
  Position   : ( -0.000,  -0.000,   1.420)
  Velocity   : (  0.000,  -0.000,  -0.124)
  Target Pos : ( -0.000,  -0.000,   1.500)
  Error      : (  0.000,   0.000,   0.080) = 0.080m
  PID Output : (  0.000,   0.000,   0.118) m/s
  Applied Force: (   0.00,    0.00,    5.87) N (|F|=5.87N)
  ✅ Gravity compensation active (Fz > 0)
  Actual Vel: (  0.000,  -0.000,   0.072) m/s
  ℹ️  Velocity differs from PID (hybrid physics integration active)
────────────────────────────────────────────────────────────────────────────────

[DBG CACHE] Frame 420: Updating cache with pos=(-0.000,-0.000,1.422)
[DBG ROS2] Publishing to /drone/odom: pos=(-0.000,-0.000,1.422)

────────────────────────────────────────────────────────────────────────────────
[FRAME 435] Δt = 1.00s
────────────────────────────────────────────────────────────────────────────────
  State      : Armed=True, Mode=POSITION
  Position   : ( -0.000,  -0.000,   1.422)
  Velocity   : (  0.000,  -0.000,  -0.126)
  Target Pos : ( -0.000,  -0.000,   1.500)
  Error      : (  0.000,   0.000,   0.078) = 0.078m
  PID Output : (  0.000,   0.000,   0.120) m/s
  Applied Force: (   0.00,    0.00,    5.89) N (|F|=5.89N)
  ✅ Gravity compensation active (Fz > 0)
  Actual Vel: (  0.000,  -0.000,   0.071) m/s
  ℹ️  Velocity differs from PID (hybrid physics integration active)
────────────────────────────────────────────────────────────────────────────────


────────────────────────────────────────────────────────────────────────────────
[FRAME 453] Δt = 1.00s
────────────────────────────────────────────────────────────────────────────────
  State      : Armed=True, Mode=POSITION
  Position   : ( -0.000,  -0.000,   1.426)
  Velocity   : (  0.000,  -0.000,  -0.124)
  Target Pos : ( -0.000,  -0.000,   1.500)
  Error      : (  0.000,   0.000,   0.074) = 0.074m
  PID Output : (  0.000,   0.000,   0.122) m/s
  Applied Force: (   0.00,    0.00,    5.89) N (|F|=5.89N)
  ✅ Gravity compensation active (Fz > 0)
  Actual Vel: (  0.000,  -0.000,   0.072) m/s
  ℹ️  Velocity differs from PID (hybrid physics integration active)
────────────────────────────────────────────────────────────────────────────────


────────────────────────────────────────────────────────────────────────────────
[FRAME 471] Δt = 1.00s
────────────────────────────────────────────────────────────────────────────────
  State      : Armed=True, Mode=POSITION
  Position   : ( -0.000,  -0.000,   1.429)
  Velocity   : (  0.000,  -0.000,  -0.124)
  Target Pos : ( -0.000,  -0.000,   1.500)
  Error      : (  0.000,   0.000,   0.071) = 0.071m
  PID Output : (  0.000,   0.000,   0.121) m/s
  Applied Force: (   0.00,    0.00,    5.89) N (|F|=5.89N)
  ✅ Gravity compensation active (Fz > 0)
  Actual Vel: (  0.000,  -0.000,   0.072) m/s
  ℹ️  Velocity differs from PID (hybrid physics integration active)
────────────────────────────────────────────────────────────────────────────────

[DBG CACHE] Frame 480: Updating cache with pos=(-0.000,-0.000,1.432)
[DBG ROS2] Publishing to /drone/odom: pos=(-0.000,-0.000,1.432)

────────────────────────────────────────────────────────────────────────────────
[FRAME 489] Δt = 1.00s
────────────────────────────────────────────────────────────────────────────────
  State      : Armed=True, Mode=POSITION
  Position   : ( -0.000,  -0.000,   1.433)
  Velocity   : (  0.000,  -0.000,  -0.124)
  Target Pos : ( -0.000,  -0.000,   1.500)
  Error      : (  0.000,   0.000,   0.067) = 0.067m
  PID Output : (  0.000,   0.000,   0.121) m/s
  Applied Force: (  -0.00,    0.00,    5.89) N (|F|=5.89N)
  ✅ Gravity compensation active (Fz > 0)
  Actual Vel: (  0.000,  -0.000,   0.072) m/s
  ℹ️  Velocity differs from PID (hybrid physics integration active)
────────────────────────────────────────────────────────────────────────────────

[Drone drone] Target position: (1.00, 0.50, 1.94)

────────────────────────────────────────────────────────────────────────────────
[FRAME 507] Δt = 1.00s
────────────────────────────────────────────────────────────────────────────────
  State      : Armed=True, Mode=POSITION
  Position   : (  0.032,   0.016,   1.459)
  Velocity   : (  0.417,   0.208,   0.178)
  Target Pos : (  1.000,   0.500,   1.937)
  Error      : (  0.968,   0.484,   0.477) = 1.183m
  PID Output : (  1.169,   0.584,   0.956) m/s
  Applied Force: (   3.01,    1.50,    8.02) N (|F|=8.70N)
  ✅ Gravity compensation active (Fz > 0)
  Actual Vel: (  0.517,   0.258,   0.445) m/s
  ℹ️  Velocity differs from PID (hybrid physics integration active)
────────────────────────────────────────────────────────────────────────────────


────────────────────────────────────────────────────────────────────────────────
[FRAME 525] Δt = 1.00s
────────────────────────────────────────────────────────────────────────────────
  State      : Armed=True, Mode=POSITION
  Position   : (  0.547,   0.273,   1.793)
  Velocity   : (  0.753,   0.377,   0.272)
  Target Pos : (  1.000,   0.500,   1.937)
  Error      : (  0.453,   0.227,   0.144) = 0.527m
  PID Output : (  0.574,   0.287,   0.319) m/s
  Applied Force: (  -0.72,   -0.36,    5.09) N (|F|=5.16N)
  ✅ Gravity compensation active (Fz > 0)
  Actual Vel: (  0.729,   0.365,   0.442) m/s
  ℹ️  Velocity differs from PID (hybrid physics integration active)
────────────────────────────────────────────────────────────────────────────────

[DBG CACHE] Frame 540: Updating cache with pos=(0.855,0.428,1.910)
[DBG ROS2] Publishing to /drone/odom: pos=(0.855,0.428,1.910)

────────────────────────────────────────────────────────────────────────────────
[FRAME 543] Δt = 1.00s
────────────────────────────────────────────────────────────────────────────────
  State      : Armed=True, Mode=POSITION
  Position   : (  0.886,   0.443,   1.914)
  Velocity   : (  0.317,   0.158,  -0.090)
  Target Pos : (  1.000,   0.500,   1.937)
  Error      : (  0.114,   0.057,   0.023) = 0.129m
  PID Output : (  0.174,   0.087,   0.082) m/s
  Applied Force: (  -0.57,   -0.28,    5.59) N (|F|=5.63N)
  ✅ Gravity compensation active (Fz > 0)
  Actual Vel: (  0.298,   0.149,   0.097) m/s
  ℹ️  Velocity differs from PID (hybrid physics integration active)
────────────────────────────────────────────────────────────────────────────────


────────────────────────────────────────────────────────────────────────────────
[FRAME 561] Δt = 1.00s
────────────────────────────────────────────────────────────────────────────────
  State      : Armed=True, Mode=POSITION
  Position   : (  1.003,   0.502,   1.908)
  Velocity   : (  0.087,   0.044,  -0.153)
  Target Pos : (  1.000,   0.500,   1.937)
  Error      : ( -0.003,  -0.002,   0.029) = 0.029m
  PID Output : (  0.035,   0.018,   0.097) m/s
  Applied Force: (  -0.21,   -0.10,    5.90) N (|F|=5.91N)
  ✅ Gravity compensation active (Fz > 0)
  Actual Vel: (  0.080,   0.040,   0.044) m/s
  ℹ️  Velocity differs from PID (hybrid physics integration active)
────────────────────────────────────────────────────────────────────────────────


────────────────────────────────────────────────────────────────────────────────
[FRAME 579] Δt = 1.00s
────────────────────────────────────────────────────────────────────────────────
  State      : Armed=True, Mode=POSITION
  Position   : (  1.031,   0.515,   1.899)
  Velocity   : (  0.015,   0.007,  -0.133)
  Target Pos : (  1.000,   0.500,   1.937)
  Error      : ( -0.031,  -0.015,   0.038) = 0.051m
  PID Output : (  0.002,   0.001,   0.118) m/s
  Applied Force: (  -0.05,   -0.03,    5.91) N (|F|=5.91N)
  ✅ Gravity compensation active (Fz > 0)
  Actual Vel: (  0.013,   0.007,   0.064) m/s
  ℹ️  Velocity differs from PID (hybrid physics integration active)
────────────────────────────────────────────────────────────────────────────────


────────────────────────────────────────────────────────────────────────────────
[FRAME 597] Δt = 1.00s
────────────────────────────────────────────────────────────────────────────────
  State      : Armed=True, Mode=POSITION
  Position   : (  1.034,   0.517,   1.900)
  Velocity   : ( -0.001,  -0.000,  -0.125)
  Target Pos : (  1.000,   0.500,   1.937)
  Error      : ( -0.034,  -0.017,   0.037) = 0.053m
  PID Output : ( -0.003,  -0.001,   0.120) m/s
  Applied Force: (  -0.01,   -0.00,    5.89) N (|F|=5.89N)
  ✅ Gravity compensation active (Fz > 0)
  Actual Vel: ( -0.001,  -0.000,   0.071) m/s
  ℹ️  Velocity differs from PID (hybrid physics integration active)
────────────────────────────────────────────────────────────────────────────────

[DBG CACHE] Frame 600: Updating cache with pos=(1.033,0.517,1.901)
[DBG ROS2] Publishing to /drone/odom: pos=(1.033,0.517,1.901)

────────────────────────────────────────────────────────────────────────────────
[FRAME 615] Δt = 1.00s
────────────────────────────────────────────────────────────────────────────────
  State      : Armed=True, Mode=POSITION
  Position   : (  1.032,   0.516,   1.902)
  Velocity   : ( -0.002,  -0.001,  -0.126)
  Target Pos : (  1.000,   0.500,   1.937)
  Error      : ( -0.032,  -0.016,   0.034) = 0.050m
  PID Output : ( -0.002,  -0.001,   0.119) m/s
  Applied Force: (   0.00,    0.00,    5.88) N (|F|=5.88N)
  ✅ Gravity compensation active (Fz > 0)
  Actual Vel: ( -0.002,  -0.001,   0.070) m/s
  ℹ️  Velocity differs from PID (hybrid physics integration active)
────────────────────────────────────────────────────────────────────────────────


────────────────────────────────────────────────────────────────────────────────
[FRAME 633] Δt = 1.00s
────────────────────────────────────────────────────────────────────────────────
  State      : Armed=True, Mode=POSITION
  Position   : (  1.031,   0.515,   1.904)
  Velocity   : ( -0.002,  -0.001,  -0.127)
  Target Pos : (  1.000,   0.500,   1.937)
  Error      : ( -0.031,  -0.015,   0.033) = 0.048m
  PID Output : ( -0.002,  -0.001,   0.118) m/s
  Applied Force: (   0.00,    0.00,    5.89) N (|F|=5.89N)
  ✅ Gravity compensation active (Fz > 0)
  Actual Vel: ( -0.002,  -0.001,   0.069) m/s
  ℹ️  Velocity differs from PID (hybrid physics integration active)
────────────────────────────────────────────────────────────────────────────────


────────────────────────────────────────────────────────────────────────────────
[FRAME 651] Δt = 1.00s
────────────────────────────────────────────────────────────────────────────────
  State      : Armed=True, Mode=POSITION
  Position   : (  1.030,   0.515,   1.906)
  Velocity   : ( -0.001,  -0.001,  -0.127)
  Target Pos : (  1.000,   0.500,   1.937)
  Error      : ( -0.030,  -0.015,   0.031) = 0.046m
  PID Output : ( -0.001,  -0.001,   0.118) m/s
  Applied Force: (   0.00,    0.00,    5.89) N (|F|=5.89N)
  ✅ Gravity compensation active (Fz > 0)
  Actual Vel: ( -0.001,  -0.001,   0.069) m/s
  ℹ️  Velocity differs from PID (hybrid physics integration active)
────────────────────────────────────────────────────────────────────────────────

[DBG CACHE] Frame 660: Updating cache with pos=(1.029,0.515,1.907)
[DBG ROS2] Publishing to /drone/odom: pos=(1.029,0.515,1.907)

────────────────────────────────────────────────────────────────────────────────
[FRAME 669] Δt = 1.00s
────────────────────────────────────────────────────────────────────────────────
  State      : Armed=True, Mode=POSITION
  Position   : (  1.029,   0.514,   1.907)
  Velocity   : ( -0.001,  -0.001,  -0.127)
  Target Pos : (  1.000,   0.500,   1.937)
  Error      : ( -0.029,  -0.014,   0.030) = 0.044m
  PID Output : ( -0.001,  -0.001,   0.118) m/s
  Applied Force: (   0.00,    0.00,    5.89) N (|F|=5.89N)
  ✅ Gravity compensation active (Fz > 0)
  Actual Vel: ( -0.001,  -0.001,   0.069) m/s
  ℹ️  Velocity differs from PID (hybrid physics integration active)
────────────────────────────────────────────────────────────────────────────────


────────────────────────────────────────────────────────────────────────────────
[FRAME 687] Δt = 1.00s
────────────────────────────────────────────────────────────────────────────────
  State      : Armed=True, Mode=POSITION
  Position   : (  1.028,   0.514,   1.909)
  Velocity   : ( -0.001,  -0.001,  -0.127)
  Target Pos : (  1.000,   0.500,   1.937)
  Error      : ( -0.028,  -0.014,   0.028) = 0.042m
  PID Output : ( -0.001,  -0.001,   0.118) m/s
  Applied Force: (   0.00,    0.00,    5.89) N (|F|=5.89N)
  ✅ Gravity compensation active (Fz > 0)
  Actual Vel: ( -0.001,  -0.001,   0.069) m/s
  ℹ️  Velocity differs from PID (hybrid physics integration active)
────────────────────────────────────────────────────────────────────────────────


────────────────────────────────────────────────────────────────────────────────
[FRAME 705] Δt = 1.00s
────────────────────────────────────────────────────────────────────────────────
  State      : Armed=True, Mode=POSITION
  Position   : (  1.027,   0.514,   1.910)
  Velocity   : ( -0.001,  -0.001,  -0.127)
  Target Pos : (  1.000,   0.500,   1.937)
  Error      : ( -0.027,  -0.014,   0.027) = 0.041m
  PID Output : ( -0.001,  -0.001,   0.118) m/s
  Applied Force: (   0.00,    0.00,    5.89) N (|F|=5.89N)
  ✅ Gravity compensation active (Fz > 0)
  Actual Vel: ( -0.001,  -0.001,   0.069) m/s
  ℹ️  Velocity differs from PID (hybrid physics integration active)
────────────────────────────────────────────────────────────────────────────────

[DBG CACHE] Frame 720: Updating cache with pos=(1.027,0.513,1.912)
[DBG ROS2] Publishing to /drone/odom: pos=(1.027,0.513,1.912)

────────────────────────────────────────────────────────────────────────────────
[FRAME 723] Δt = 1.00s
────────────────────────────────────────────────────────────────────────────────
  State      : Armed=True, Mode=POSITION
  Position   : (  1.027,   0.513,   1.911)
  Velocity   : ( -0.001,  -0.001,  -0.127)
  Target Pos : (  1.000,   0.500,   1.937)
  Error      : ( -0.027,  -0.013,   0.025) = 0.039m
  PID Output : ( -0.001,  -0.001,   0.118) m/s
  Applied Force: (   0.00,    0.00,    5.89) N (|F|=5.89N)
  ✅ Gravity compensation active (Fz > 0)
  Actual Vel: ( -0.001,  -0.001,   0.069) m/s
  ℹ️  Velocity differs from PID (hybrid physics integration active)
────────────────────────────────────────────────────────────────────────────────


────────────────────────────────────────────────────────────────────────────────
[FRAME 741] Δt = 1.00s
────────────────────────────────────────────────────────────────────────────────
  State      : Armed=True, Mode=POSITION
  Position   : (  1.026,   0.513,   1.912)
  Velocity   : ( -0.001,  -0.001,  -0.127)
  Target Pos : (  1.000,   0.500,   1.937)
  Error      : ( -0.026,  -0.013,   0.024) = 0.038m
  PID Output : ( -0.001,  -0.001,   0.118) m/s
  Applied Force: (   0.00,    0.00,    5.89) N (|F|=5.89N)
  ✅ Gravity compensation active (Fz > 0)
  Actual Vel: ( -0.001,  -0.001,   0.069) m/s
  ℹ️  Velocity differs from PID (hybrid physics integration active)
────────────────────────────────────────────────────────────────────────────────


────────────────────────────────────────────────────────────────────────────────
[FRAME 759] Δt = 1.00s
────────────────────────────────────────────────────────────────────────────────
  State      : Armed=True, Mode=POSITION
  Position   : (  1.025,   0.513,   1.914)
  Velocity   : ( -0.001,  -0.001,  -0.128)
  Target Pos : (  1.000,   0.500,   1.937)
  Error      : ( -0.025,  -0.013,   0.023) = 0.036m
  PID Output : ( -0.001,  -0.001,   0.118) m/s
  Applied Force: (   0.00,    0.00,    5.89) N (|F|=5.89N)
  ✅ Gravity compensation active (Fz > 0)
  Actual Vel: ( -0.001,  -0.001,   0.069) m/s
  ℹ️  Velocity differs from PID (hybrid physics integration active)
────────────────────────────────────────────────────────────────────────────────

[Drone drone] Mode: POSITION → LANDING

────────────────────────────────────────────────────────────────────────────────
[FRAME 777] Δt = 1.00s
────────────────────────────────────────────────────────────────────────────────
  State      : Armed=True, Mode=LANDING
  Position   : (  1.025,   0.512,   1.813)
  Velocity   : ( -0.000,  -0.000,  -0.470)
  Target Pos : (  1.000,   0.500,   1.937)
  Error      : ( -0.025,  -0.012,   0.124) = 0.127m
  PID Output : (  0.000,   0.000,  -0.300) m/s
  Applied Force: (   0.00,    0.00,    5.59) N (|F|=5.59N)
  Actual Vel: ( -0.000,  -0.000,  -0.284) m/s
  ℹ️  Velocity differs from PID (hybrid physics integration active)
────────────────────────────────────────────────────────────────────────────────

[DBG CACHE] Frame 780: Updating cache with pos=(1.025,0.512,1.768)
[DBG ROS2] Publishing to /drone/odom: pos=(1.025,0.512,1.768)

────────────────────────────────────────────────────────────────────────────────
[FRAME 795] Δt = 1.00s
────────────────────────────────────────────────────────────────────────────────
  State      : Armed=True, Mode=LANDING
  Position   : (  1.025,   0.512,   1.555)
  Velocity   : ( -0.000,  -0.000,  -0.540)
  Target Pos : (  1.000,   0.500,   1.937)
  Error      : ( -0.025,  -0.012,   0.382) = 0.383m
  PID Output : (  0.000,   0.000,  -0.300) m/s
  Applied Force: (   0.00,    0.00,    5.86) N (|F|=5.86N)
  Actual Vel: ( -0.000,  -0.000,  -0.344) m/s
  ℹ️  Velocity differs from PID (hybrid physics integration active)
────────────────────────────────────────────────────────────────────────────────


────────────────────────────────────────────────────────────────────────────────
[FRAME 813] Δt = 1.00s
────────────────────────────────────────────────────────────────────────────────
  State      : Armed=True, Mode=LANDING
  Position   : (  1.025,   0.512,   1.281)
  Velocity   : ( -0.000,  -0.000,  -0.545)
  Target Pos : (  1.000,   0.500,   1.937)
  Error      : ( -0.025,  -0.012,   0.655) = 0.656m
  PID Output : (  0.000,   0.000,  -0.300) m/s
  Applied Force: (   0.00,    0.00,    5.88) N (|F|=5.88N)
  Actual Vel: ( -0.000,  -0.000,  -0.349) m/s
  ℹ️  Velocity differs from PID (hybrid physics integration active)
────────────────────────────────────────────────────────────────────────────────


────────────────────────────────────────────────────────────────────────────────
[FRAME 831] Δt = 1.00s
────────────────────────────────────────────────────────────────────────────────
  State      : Armed=True, Mode=LANDING
  Position   : (  1.025,   0.512,   1.007)
  Velocity   : ( -0.000,  -0.000,  -0.545)
  Target Pos : (  1.000,   0.500,   1.937)
  Error      : ( -0.025,  -0.012,   0.930) = 0.930m
  PID Output : (  0.000,   0.000,  -0.300) m/s
  Applied Force: (   0.00,    0.00,    5.89) N (|F|=5.89N)
  Actual Vel: ( -0.000,  -0.000,  -0.349) m/s
  ℹ️  Velocity differs from PID (hybrid physics integration active)
────────────────────────────────────────────────────────────────────────────────

[DBG CACHE] Frame 840: Updating cache with pos=(1.025,0.512,0.864)
[DBG ROS2] Publishing to /drone/odom: pos=(1.025,0.512,0.864)

────────────────────────────────────────────────────────────────────────────────
[FRAME 849] Δt = 1.00s
────────────────────────────────────────────────────────────────────────────────
  State      : Armed=True, Mode=LANDING
  Position   : (  1.025,   0.512,   0.732)
  Velocity   : ( -0.000,  -0.000,  -0.545)
  Target Pos : (  1.000,   0.500,   1.937)
  Error      : ( -0.025,  -0.012,   1.204) = 1.204m
  PID Output : (  0.000,   0.000,  -0.300) m/s
  Applied Force: (   0.00,    0.00,    5.89) N (|F|=5.89N)
  Actual Vel: ( -0.000,  -0.000,  -0.349) m/s
  ℹ️  Velocity differs from PID (hybrid physics integration active)
────────────────────────────────────────────────────────────────────────────────


────────────────────────────────────────────────────────────────────────────────
[FRAME 867] Δt = 1.00s
────────────────────────────────────────────────────────────────────────────────
  State      : Armed=True, Mode=LANDING
  Position   : (  1.025,   0.512,   0.458)
  Velocity   : ( -0.000,   0.000,  -0.545)
  Target Pos : (  1.000,   0.500,   1.937)
  Error      : ( -0.025,  -0.012,   1.479) = 1.479m
  PID Output : (  0.000,   0.000,  -0.300) m/s
  Applied Force: (   0.00,   -0.00,    5.89) N (|F|=5.89N)
  Actual Vel: ( -0.000,   0.000,  -0.349) m/s
  ℹ️  Velocity differs from PID (hybrid physics integration active)
────────────────────────────────────────────────────────────────────────────────


────────────────────────────────────────────────────────────────────────────────
[FRAME 885] Δt = 1.00s
────────────────────────────────────────────────────────────────────────────────
  State      : Armed=True, Mode=LANDING
  Position   : (  1.025,   0.512,   0.183)
  Velocity   : ( -0.000,   0.000,  -0.545)
  Target Pos : (  1.000,   0.500,   1.937)
  Error      : ( -0.025,  -0.012,   1.753) = 1.753m
  PID Output : (  0.000,   0.000,  -0.300) m/s
  Applied Force: (   0.00,   -0.00,    5.89) N (|F|=5.89N)
  Actual Vel: ( -0.000,   0.000,  -0.349) m/s
  ℹ️  Velocity differs from PID (hybrid physics integration active)
────────────────────────────────────────────────────────────────────────────────

[Drone drone] Mode: LANDING → DISARMED
[Drone drone] Landed and disarmed
[DBG CACHE] Frame 900: Updating cache with pos=(1.026,0.511,0.075)
[DBG ROS2] Publishing to /drone/odom: pos=(1.026,0.511,0.075)
[DBG CACHE] Frame 960: Updating cache with pos=(1.026,0.511,0.075)
[DBG ROS2] Publishing to /drone/odom: pos=(1.026,0.511,0.075)
[DBG CACHE] Frame 1020: Updating cache with pos=(1.026,0.511,0.075)
[DBG ROS2] Publishing to /drone/odom: pos=(1.026,0.511,0.075)
[DBG CACHE] Frame 1080: Updating cache with pos=(1.026,0.511,0.075)
[DBG ROS2] Publishing to /drone/odom: pos=(1.026,0.511,0.075)
[DBG CACHE] Frame 1140: Updating cache with pos=(1.026,0.511,0.075)
[DBG ROS2] Publishing to /drone/odom: pos=(1.026,0.511,0.075)
[DBG CACHE] Frame 1200: Updating cache with pos=(1.026,0.511,0.075)
[DBG ROS2] Publishing to /drone/odom: pos=(1.026,0.511,0.075)
[DBG CACHE] Frame 1260: Updating cache with pos=(1.026,0.511,0.075)
[DBG ROS2] Publishing to /drone/odom: pos=(1.026,0.511,0.075)
[DBG CACHE] Frame 1320: Updating cache with pos=(1.026,0.511,0.075)
[DBG ROS2] Publishing to /drone/odom: pos=(1.026,0.511,0.075)
[DBG CACHE] Frame 1380: Updating cache with pos=(1.026,0.511,0.075)
[DBG ROS2] Publishing to /drone/odom: pos=(1.026,0.511,0.075)
[DBG CACHE] Frame 1440: Updating cache with pos=(1.026,0.511,0.075)
[DBG ROS2] Publishing to /drone/odom: pos=(1.026,0.511,0.075)
[DBG CACHE] Frame 1500: Updating cache with pos=(1.026,0.511,0.075)
[DBG ROS2] Publishing to /drone/odom: pos=(1.026,0.511,0.075)
[DBG CACHE] Frame 1560: Updating cache with pos=(1.026,0.511,0.075)
[DBG ROS2] Publishing to /drone/odom: pos=(1.026,0.511,0.075)
[DBG CACHE] Frame 1620: Updating cache with pos=(1.026,0.511,0.075)
[DBG ROS2] Publishing to /drone/odom: pos=(1.026,0.511,0.075)
[DBG CACHE] Frame 1680: Updating cache with pos=(1.026,0.511,0.075)
[DBG ROS2] Publishing to /drone/odom: pos=(1.026,0.511,0.075)
[DBG CACHE] Frame 1740: Updating cache with pos=(1.026,0.511,0.075)
[DBG ROS2] Publishing to /drone/odom: pos=(1.026,0.511,0.075)
[DBG CACHE] Frame 1800: Updating cache with pos=(1.026,0.511,0.075)
[DBG ROS2] Publishing to /drone/odom: pos=(1.026,0.511,0.075)
[DBG CACHE] Frame 1860: Updating cache with pos=(1.026,0.511,0.075)
[DBG ROS2] Publishing to /drone/odom: pos=(1.026,0.511,0.075)
[DBG CACHE] Frame 1920: Updating cache with pos=(1.026,0.511,0.075)
[DBG ROS2] Publishing to /drone/odom: pos=(1.026,0.511,0.075)
[DBG CACHE] Frame 1980: Updating cache with pos=(1.026,0.511,0.075)
[DBG ROS2] Publishing to /drone/odom: pos=(1.026,0.511,0.075)
[DBG CACHE] Frame 2040: Updating cache with pos=(1.026,0.511,0.075)
[DBG ROS2] Publishing to /drone/odom: pos=(1.026,0.511,0.075)
